[2024-04-02T21:13:03.337+0800] {processor.py:161} INFO - Started process (PID=18752) to work on /Users/kalerbramastha/Library/Mobile Documents/com~apple~CloudDocs/bram/career_assessment/akasia_de/python-env/lib/python3.11/site-packages/airflow/example_dags/plugins/workday.py
[2024-04-02T21:13:03.338+0800] {processor.py:830} INFO - Processing file /Users/kalerbramastha/Library/Mobile Documents/com~apple~CloudDocs/bram/career_assessment/akasia_de/python-env/lib/python3.11/site-packages/airflow/example_dags/plugins/workday.py for tasks to queue
[2024-04-02T21:13:03.338+0800] {logging_mixin.py:188} INFO - [2024-04-02T21:13:03.338+0800] {dagbag.py:540} INFO - Filling up the DagBag from /Users/kalerbramastha/Library/Mobile Documents/com~apple~CloudDocs/bram/career_assessment/akasia_de/python-env/lib/python3.11/site-packages/airflow/example_dags/plugins/workday.py
[2024-04-02T21:13:07.626+0800] {processor.py:842} WARNING - No viable dags retrieved from /Users/kalerbramastha/Library/Mobile Documents/com~apple~CloudDocs/bram/career_assessment/akasia_de/python-env/lib/python3.11/site-packages/airflow/example_dags/plugins/workday.py
[2024-04-02T21:13:07.655+0800] {processor.py:183} INFO - Processing /Users/kalerbramastha/Library/Mobile Documents/com~apple~CloudDocs/bram/career_assessment/akasia_de/python-env/lib/python3.11/site-packages/airflow/example_dags/plugins/workday.py took 4.318 seconds
[2024-04-02T21:14:46.965+0800] {processor.py:161} INFO - Started process (PID=19347) to work on /Users/kalerbramastha/Library/Mobile Documents/com~apple~CloudDocs/bram/career_assessment/akasia_de/python-env/lib/python3.11/site-packages/airflow/example_dags/plugins/workday.py
[2024-04-02T21:14:46.966+0800] {processor.py:830} INFO - Processing file /Users/kalerbramastha/Library/Mobile Documents/com~apple~CloudDocs/bram/career_assessment/akasia_de/python-env/lib/python3.11/site-packages/airflow/example_dags/plugins/workday.py for tasks to queue
[2024-04-02T21:14:46.966+0800] {logging_mixin.py:188} INFO - [2024-04-02T21:14:46.966+0800] {dagbag.py:540} INFO - Filling up the DagBag from /Users/kalerbramastha/Library/Mobile Documents/com~apple~CloudDocs/bram/career_assessment/akasia_de/python-env/lib/python3.11/site-packages/airflow/example_dags/plugins/workday.py
[2024-04-02T21:14:47.634+0800] {processor.py:842} WARNING - No viable dags retrieved from /Users/kalerbramastha/Library/Mobile Documents/com~apple~CloudDocs/bram/career_assessment/akasia_de/python-env/lib/python3.11/site-packages/airflow/example_dags/plugins/workday.py
[2024-04-02T21:14:47.668+0800] {processor.py:183} INFO - Processing /Users/kalerbramastha/Library/Mobile Documents/com~apple~CloudDocs/bram/career_assessment/akasia_de/python-env/lib/python3.11/site-packages/airflow/example_dags/plugins/workday.py took 0.703 seconds
[2024-04-02T21:15:55.536+0800] {processor.py:161} INFO - Started process (PID=19759) to work on /Users/kalerbramastha/Library/Mobile Documents/com~apple~CloudDocs/bram/career_assessment/akasia_de/python-env/lib/python3.11/site-packages/airflow/example_dags/plugins/workday.py
[2024-04-02T21:15:55.537+0800] {processor.py:830} INFO - Processing file /Users/kalerbramastha/Library/Mobile Documents/com~apple~CloudDocs/bram/career_assessment/akasia_de/python-env/lib/python3.11/site-packages/airflow/example_dags/plugins/workday.py for tasks to queue
[2024-04-02T21:15:55.538+0800] {logging_mixin.py:188} INFO - [2024-04-02T21:15:55.537+0800] {dagbag.py:540} INFO - Filling up the DagBag from /Users/kalerbramastha/Library/Mobile Documents/com~apple~CloudDocs/bram/career_assessment/akasia_de/python-env/lib/python3.11/site-packages/airflow/example_dags/plugins/workday.py
[2024-04-02T21:15:56.416+0800] {processor.py:842} WARNING - No viable dags retrieved from /Users/kalerbramastha/Library/Mobile Documents/com~apple~CloudDocs/bram/career_assessment/akasia_de/python-env/lib/python3.11/site-packages/airflow/example_dags/plugins/workday.py
[2024-04-02T21:15:56.449+0800] {processor.py:183} INFO - Processing /Users/kalerbramastha/Library/Mobile Documents/com~apple~CloudDocs/bram/career_assessment/akasia_de/python-env/lib/python3.11/site-packages/airflow/example_dags/plugins/workday.py took 0.913 seconds
[2024-04-02T21:18:26.673+0800] {processor.py:161} INFO - Started process (PID=20246) to work on /Users/kalerbramastha/Library/Mobile Documents/com~apple~CloudDocs/bram/career_assessment/akasia_de/python-env/lib/python3.11/site-packages/airflow/example_dags/plugins/workday.py
[2024-04-02T21:18:26.674+0800] {processor.py:830} INFO - Processing file /Users/kalerbramastha/Library/Mobile Documents/com~apple~CloudDocs/bram/career_assessment/akasia_de/python-env/lib/python3.11/site-packages/airflow/example_dags/plugins/workday.py for tasks to queue
[2024-04-02T21:18:26.674+0800] {logging_mixin.py:188} INFO - [2024-04-02T21:18:26.674+0800] {dagbag.py:540} INFO - Filling up the DagBag from /Users/kalerbramastha/Library/Mobile Documents/com~apple~CloudDocs/bram/career_assessment/akasia_de/python-env/lib/python3.11/site-packages/airflow/example_dags/plugins/workday.py
[2024-04-02T21:18:27.056+0800] {processor.py:842} WARNING - No viable dags retrieved from /Users/kalerbramastha/Library/Mobile Documents/com~apple~CloudDocs/bram/career_assessment/akasia_de/python-env/lib/python3.11/site-packages/airflow/example_dags/plugins/workday.py
[2024-04-02T21:18:27.087+0800] {processor.py:183} INFO - Processing /Users/kalerbramastha/Library/Mobile Documents/com~apple~CloudDocs/bram/career_assessment/akasia_de/python-env/lib/python3.11/site-packages/airflow/example_dags/plugins/workday.py took 0.414 seconds
[2024-04-02T21:20:00.531+0800] {processor.py:161} INFO - Started process (PID=20414) to work on /Users/kalerbramastha/Library/Mobile Documents/com~apple~CloudDocs/bram/career_assessment/akasia_de/python-env/lib/python3.11/site-packages/airflow/example_dags/plugins/workday.py
[2024-04-02T21:20:00.531+0800] {processor.py:830} INFO - Processing file /Users/kalerbramastha/Library/Mobile Documents/com~apple~CloudDocs/bram/career_assessment/akasia_de/python-env/lib/python3.11/site-packages/airflow/example_dags/plugins/workday.py for tasks to queue
[2024-04-02T21:20:00.531+0800] {logging_mixin.py:188} INFO - [2024-04-02T21:20:00.531+0800] {dagbag.py:540} INFO - Filling up the DagBag from /Users/kalerbramastha/Library/Mobile Documents/com~apple~CloudDocs/bram/career_assessment/akasia_de/python-env/lib/python3.11/site-packages/airflow/example_dags/plugins/workday.py
[2024-04-02T21:20:00.839+0800] {processor.py:842} WARNING - No viable dags retrieved from /Users/kalerbramastha/Library/Mobile Documents/com~apple~CloudDocs/bram/career_assessment/akasia_de/python-env/lib/python3.11/site-packages/airflow/example_dags/plugins/workday.py
[2024-04-02T21:20:00.893+0800] {processor.py:183} INFO - Processing /Users/kalerbramastha/Library/Mobile Documents/com~apple~CloudDocs/bram/career_assessment/akasia_de/python-env/lib/python3.11/site-packages/airflow/example_dags/plugins/workday.py took 0.363 seconds
[2024-04-02T21:21:05.116+0800] {processor.py:161} INFO - Started process (PID=20488) to work on /Users/kalerbramastha/Library/Mobile Documents/com~apple~CloudDocs/bram/career_assessment/akasia_de/python-env/lib/python3.11/site-packages/airflow/example_dags/plugins/workday.py
[2024-04-02T21:21:05.117+0800] {processor.py:830} INFO - Processing file /Users/kalerbramastha/Library/Mobile Documents/com~apple~CloudDocs/bram/career_assessment/akasia_de/python-env/lib/python3.11/site-packages/airflow/example_dags/plugins/workday.py for tasks to queue
[2024-04-02T21:21:05.117+0800] {logging_mixin.py:188} INFO - [2024-04-02T21:21:05.117+0800] {dagbag.py:540} INFO - Filling up the DagBag from /Users/kalerbramastha/Library/Mobile Documents/com~apple~CloudDocs/bram/career_assessment/akasia_de/python-env/lib/python3.11/site-packages/airflow/example_dags/plugins/workday.py
[2024-04-02T21:21:05.427+0800] {processor.py:842} WARNING - No viable dags retrieved from /Users/kalerbramastha/Library/Mobile Documents/com~apple~CloudDocs/bram/career_assessment/akasia_de/python-env/lib/python3.11/site-packages/airflow/example_dags/plugins/workday.py
[2024-04-02T21:21:05.460+0800] {processor.py:183} INFO - Processing /Users/kalerbramastha/Library/Mobile Documents/com~apple~CloudDocs/bram/career_assessment/akasia_de/python-env/lib/python3.11/site-packages/airflow/example_dags/plugins/workday.py took 0.345 seconds
[2024-04-02T21:30:13.555+0800] {processor.py:161} INFO - Started process (PID=22150) to work on /Users/kalerbramastha/Library/Mobile Documents/com~apple~CloudDocs/bram/career_assessment/akasia_de/python-env/lib/python3.11/site-packages/airflow/example_dags/plugins/workday.py
[2024-04-02T21:30:13.556+0800] {processor.py:830} INFO - Processing file /Users/kalerbramastha/Library/Mobile Documents/com~apple~CloudDocs/bram/career_assessment/akasia_de/python-env/lib/python3.11/site-packages/airflow/example_dags/plugins/workday.py for tasks to queue
[2024-04-02T21:30:13.556+0800] {logging_mixin.py:188} INFO - [2024-04-02T21:30:13.556+0800] {dagbag.py:540} INFO - Filling up the DagBag from /Users/kalerbramastha/Library/Mobile Documents/com~apple~CloudDocs/bram/career_assessment/akasia_de/python-env/lib/python3.11/site-packages/airflow/example_dags/plugins/workday.py
[2024-04-02T21:30:13.911+0800] {processor.py:842} WARNING - No viable dags retrieved from /Users/kalerbramastha/Library/Mobile Documents/com~apple~CloudDocs/bram/career_assessment/akasia_de/python-env/lib/python3.11/site-packages/airflow/example_dags/plugins/workday.py
[2024-04-02T21:30:13.939+0800] {processor.py:183} INFO - Processing /Users/kalerbramastha/Library/Mobile Documents/com~apple~CloudDocs/bram/career_assessment/akasia_de/python-env/lib/python3.11/site-packages/airflow/example_dags/plugins/workday.py took 0.384 seconds
[2024-04-02T21:31:47.546+0800] {processor.py:161} INFO - Started process (PID=22263) to work on /Users/kalerbramastha/Library/Mobile Documents/com~apple~CloudDocs/bram/career_assessment/akasia_de/python-env/lib/python3.11/site-packages/airflow/example_dags/plugins/workday.py
[2024-04-02T21:31:47.547+0800] {processor.py:830} INFO - Processing file /Users/kalerbramastha/Library/Mobile Documents/com~apple~CloudDocs/bram/career_assessment/akasia_de/python-env/lib/python3.11/site-packages/airflow/example_dags/plugins/workday.py for tasks to queue
[2024-04-02T21:31:47.547+0800] {logging_mixin.py:188} INFO - [2024-04-02T21:31:47.547+0800] {dagbag.py:540} INFO - Filling up the DagBag from /Users/kalerbramastha/Library/Mobile Documents/com~apple~CloudDocs/bram/career_assessment/akasia_de/python-env/lib/python3.11/site-packages/airflow/example_dags/plugins/workday.py
[2024-04-02T21:31:47.899+0800] {processor.py:842} WARNING - No viable dags retrieved from /Users/kalerbramastha/Library/Mobile Documents/com~apple~CloudDocs/bram/career_assessment/akasia_de/python-env/lib/python3.11/site-packages/airflow/example_dags/plugins/workday.py
[2024-04-02T21:31:47.927+0800] {processor.py:183} INFO - Processing /Users/kalerbramastha/Library/Mobile Documents/com~apple~CloudDocs/bram/career_assessment/akasia_de/python-env/lib/python3.11/site-packages/airflow/example_dags/plugins/workday.py took 0.381 seconds
