[2024-04-02T22:48:26.065+0800] {processor.py:161} INFO - Started process (PID=31130) to work on /Users/kalerbramastha/Library/Mobile Documents/com~apple~CloudDocs/bram/career_assessment/akasia_de/DataAssesmentAKASIA/Scripts/ETLDataWarehouseAndAnalytics Task/dags/etl_rawww.py
[2024-04-02T22:48:26.065+0800] {processor.py:830} INFO - Processing file /Users/kalerbramastha/Library/Mobile Documents/com~apple~CloudDocs/bram/career_assessment/akasia_de/DataAssesmentAKASIA/Scripts/ETLDataWarehouseAndAnalytics Task/dags/etl_rawww.py for tasks to queue
[2024-04-02T22:48:26.066+0800] {logging_mixin.py:188} INFO - [2024-04-02T22:48:26.066+0800] {dagbag.py:540} INFO - Filling up the DagBag from /Users/kalerbramastha/Library/Mobile Documents/com~apple~CloudDocs/bram/career_assessment/akasia_de/DataAssesmentAKASIA/Scripts/ETLDataWarehouseAndAnalytics Task/dags/etl_rawww.py
[2024-04-02T22:48:26.069+0800] {logging_mixin.py:188} INFO - [2024-04-02T22:48:26.068+0800] {dagbag.py:350} ERROR - Failed to import: /Users/kalerbramastha/Library/Mobile Documents/com~apple~CloudDocs/bram/career_assessment/akasia_de/DataAssesmentAKASIA/Scripts/ETLDataWarehouseAndAnalytics Task/dags/etl_rawww.py
Traceback (most recent call last):
  File "/Users/kalerbramastha/Library/Mobile Documents/com~apple~CloudDocs/bram/career_assessment/akasia_de/python-env/lib/python3.11/site-packages/airflow/models/dagbag.py", line 346, in parse
    loader.exec_module(new_module)
  File "<frozen importlib._bootstrap_external>", line 936, in exec_module
  File "<frozen importlib._bootstrap_external>", line 1074, in get_code
  File "<frozen importlib._bootstrap_external>", line 1004, in source_to_code
  File "<frozen importlib._bootstrap>", line 241, in _call_with_frames_removed
  File "/Users/kalerbramastha/Library/Mobile Documents/com~apple~CloudDocs/bram/career_assessment/akasia_de/DataAssesmentAKASIA/Scripts/ETLDataWarehouseAndAnalytics Task/dags/etl_rawww.py", line 37
    conn.close()ai
                ^^
SyntaxError: invalid syntax
[2024-04-02T22:48:26.069+0800] {processor.py:842} WARNING - No viable dags retrieved from /Users/kalerbramastha/Library/Mobile Documents/com~apple~CloudDocs/bram/career_assessment/akasia_de/DataAssesmentAKASIA/Scripts/ETLDataWarehouseAndAnalytics Task/dags/etl_rawww.py
[2024-04-02T22:48:26.159+0800] {processor.py:183} INFO - Processing /Users/kalerbramastha/Library/Mobile Documents/com~apple~CloudDocs/bram/career_assessment/akasia_de/DataAssesmentAKASIA/Scripts/ETLDataWarehouseAndAnalytics Task/dags/etl_rawww.py took 0.096 seconds
[2024-04-02T22:48:44.234+0800] {processor.py:161} INFO - Started process (PID=31254) to work on /Users/kalerbramastha/Library/Mobile Documents/com~apple~CloudDocs/bram/career_assessment/akasia_de/DataAssesmentAKASIA/Scripts/ETLDataWarehouseAndAnalytics Task/dags/etl_rawww.py
[2024-04-02T22:48:44.234+0800] {processor.py:830} INFO - Processing file /Users/kalerbramastha/Library/Mobile Documents/com~apple~CloudDocs/bram/career_assessment/akasia_de/DataAssesmentAKASIA/Scripts/ETLDataWarehouseAndAnalytics Task/dags/etl_rawww.py for tasks to queue
[2024-04-02T22:48:44.235+0800] {logging_mixin.py:188} INFO - [2024-04-02T22:48:44.234+0800] {dagbag.py:540} INFO - Filling up the DagBag from /Users/kalerbramastha/Library/Mobile Documents/com~apple~CloudDocs/bram/career_assessment/akasia_de/DataAssesmentAKASIA/Scripts/ETLDataWarehouseAndAnalytics Task/dags/etl_rawww.py
[2024-04-02T22:48:44.962+0800] {processor.py:840} INFO - DAG(s) 'extract_and_load' retrieved from /Users/kalerbramastha/Library/Mobile Documents/com~apple~CloudDocs/bram/career_assessment/akasia_de/DataAssesmentAKASIA/Scripts/ETLDataWarehouseAndAnalytics Task/dags/etl_rawww.py
[2024-04-02T22:48:44.972+0800] {logging_mixin.py:188} INFO - [2024-04-02T22:48:44.971+0800] {dag.py:3047} INFO - Sync 1 DAGs
[2024-04-02T22:48:45.022+0800] {logging_mixin.py:188} INFO - [2024-04-02T22:48:45.022+0800] {dag.py:3834} INFO - Setting next_dagrun for extract_and_load to 2024-04-01 10:00:00+00:00, run_after=2024-04-02 10:00:00+00:00
[2024-04-02T22:48:45.036+0800] {processor.py:183} INFO - Processing /Users/kalerbramastha/Library/Mobile Documents/com~apple~CloudDocs/bram/career_assessment/akasia_de/DataAssesmentAKASIA/Scripts/ETLDataWarehouseAndAnalytics Task/dags/etl_rawww.py took 0.803 seconds
[2024-04-02T22:49:17.307+0800] {processor.py:161} INFO - Started process (PID=31406) to work on /Users/kalerbramastha/Library/Mobile Documents/com~apple~CloudDocs/bram/career_assessment/akasia_de/DataAssesmentAKASIA/Scripts/ETLDataWarehouseAndAnalytics Task/dags/etl_rawww.py
[2024-04-02T22:49:17.308+0800] {processor.py:830} INFO - Processing file /Users/kalerbramastha/Library/Mobile Documents/com~apple~CloudDocs/bram/career_assessment/akasia_de/DataAssesmentAKASIA/Scripts/ETLDataWarehouseAndAnalytics Task/dags/etl_rawww.py for tasks to queue
[2024-04-02T22:49:17.309+0800] {logging_mixin.py:188} INFO - [2024-04-02T22:49:17.309+0800] {dagbag.py:540} INFO - Filling up the DagBag from /Users/kalerbramastha/Library/Mobile Documents/com~apple~CloudDocs/bram/career_assessment/akasia_de/DataAssesmentAKASIA/Scripts/ETLDataWarehouseAndAnalytics Task/dags/etl_rawww.py
[2024-04-02T22:49:17.941+0800] {processor.py:840} INFO - DAG(s) 'extract_and_load' retrieved from /Users/kalerbramastha/Library/Mobile Documents/com~apple~CloudDocs/bram/career_assessment/akasia_de/DataAssesmentAKASIA/Scripts/ETLDataWarehouseAndAnalytics Task/dags/etl_rawww.py
[2024-04-02T22:49:18.047+0800] {logging_mixin.py:188} INFO - [2024-04-02T22:49:18.046+0800] {dag.py:3047} INFO - Sync 1 DAGs
[2024-04-02T22:49:18.057+0800] {logging_mixin.py:188} INFO - [2024-04-02T22:49:18.057+0800] {dag.py:3834} INFO - Setting next_dagrun for extract_and_load to 2024-04-01 10:00:00+00:00, run_after=2024-04-02 10:00:00+00:00
[2024-04-02T22:49:18.071+0800] {processor.py:183} INFO - Processing /Users/kalerbramastha/Library/Mobile Documents/com~apple~CloudDocs/bram/career_assessment/akasia_de/DataAssesmentAKASIA/Scripts/ETLDataWarehouseAndAnalytics Task/dags/etl_rawww.py took 0.764 seconds
[2024-04-02T22:49:51.080+0800] {processor.py:161} INFO - Started process (PID=31535) to work on /Users/kalerbramastha/Library/Mobile Documents/com~apple~CloudDocs/bram/career_assessment/akasia_de/DataAssesmentAKASIA/Scripts/ETLDataWarehouseAndAnalytics Task/dags/etl_rawww.py
[2024-04-02T22:49:51.081+0800] {processor.py:830} INFO - Processing file /Users/kalerbramastha/Library/Mobile Documents/com~apple~CloudDocs/bram/career_assessment/akasia_de/DataAssesmentAKASIA/Scripts/ETLDataWarehouseAndAnalytics Task/dags/etl_rawww.py for tasks to queue
[2024-04-02T22:49:51.088+0800] {logging_mixin.py:188} INFO - [2024-04-02T22:49:51.088+0800] {dagbag.py:540} INFO - Filling up the DagBag from /Users/kalerbramastha/Library/Mobile Documents/com~apple~CloudDocs/bram/career_assessment/akasia_de/DataAssesmentAKASIA/Scripts/ETLDataWarehouseAndAnalytics Task/dags/etl_rawww.py
[2024-04-02T22:49:52.112+0800] {processor.py:840} INFO - DAG(s) 'extract_and_load' retrieved from /Users/kalerbramastha/Library/Mobile Documents/com~apple~CloudDocs/bram/career_assessment/akasia_de/DataAssesmentAKASIA/Scripts/ETLDataWarehouseAndAnalytics Task/dags/etl_rawww.py
[2024-04-02T22:49:52.204+0800] {logging_mixin.py:188} INFO - [2024-04-02T22:49:52.204+0800] {dag.py:3047} INFO - Sync 1 DAGs
[2024-04-02T22:49:52.219+0800] {logging_mixin.py:188} INFO - [2024-04-02T22:49:52.218+0800] {dag.py:3834} INFO - Setting next_dagrun for extract_and_load to 2024-04-02 10:00:00+00:00, run_after=2024-04-03 10:00:00+00:00
[2024-04-02T22:49:52.239+0800] {processor.py:183} INFO - Processing /Users/kalerbramastha/Library/Mobile Documents/com~apple~CloudDocs/bram/career_assessment/akasia_de/DataAssesmentAKASIA/Scripts/ETLDataWarehouseAndAnalytics Task/dags/etl_rawww.py took 1.159 seconds
[2024-04-02T22:50:24.951+0800] {processor.py:161} INFO - Started process (PID=31581) to work on /Users/kalerbramastha/Library/Mobile Documents/com~apple~CloudDocs/bram/career_assessment/akasia_de/DataAssesmentAKASIA/Scripts/ETLDataWarehouseAndAnalytics Task/dags/etl_rawww.py
[2024-04-02T22:50:24.955+0800] {processor.py:830} INFO - Processing file /Users/kalerbramastha/Library/Mobile Documents/com~apple~CloudDocs/bram/career_assessment/akasia_de/DataAssesmentAKASIA/Scripts/ETLDataWarehouseAndAnalytics Task/dags/etl_rawww.py for tasks to queue
[2024-04-02T22:50:24.955+0800] {logging_mixin.py:188} INFO - [2024-04-02T22:50:24.955+0800] {dagbag.py:540} INFO - Filling up the DagBag from /Users/kalerbramastha/Library/Mobile Documents/com~apple~CloudDocs/bram/career_assessment/akasia_de/DataAssesmentAKASIA/Scripts/ETLDataWarehouseAndAnalytics Task/dags/etl_rawww.py
[2024-04-02T22:50:25.805+0800] {processor.py:840} INFO - DAG(s) 'extract_and_load' retrieved from /Users/kalerbramastha/Library/Mobile Documents/com~apple~CloudDocs/bram/career_assessment/akasia_de/DataAssesmentAKASIA/Scripts/ETLDataWarehouseAndAnalytics Task/dags/etl_rawww.py
[2024-04-02T22:50:25.817+0800] {logging_mixin.py:188} INFO - [2024-04-02T22:50:25.816+0800] {dag.py:3047} INFO - Sync 1 DAGs
[2024-04-02T22:50:25.889+0800] {logging_mixin.py:188} INFO - [2024-04-02T22:50:25.888+0800] {dag.py:3834} INFO - Setting next_dagrun for extract_and_load to 2024-04-02 10:00:00+00:00, run_after=2024-04-03 10:00:00+00:00
[2024-04-02T22:50:25.907+0800] {processor.py:183} INFO - Processing /Users/kalerbramastha/Library/Mobile Documents/com~apple~CloudDocs/bram/career_assessment/akasia_de/DataAssesmentAKASIA/Scripts/ETLDataWarehouseAndAnalytics Task/dags/etl_rawww.py took 0.957 seconds
[2024-04-02T22:53:33.093+0800] {processor.py:161} INFO - Started process (PID=31894) to work on /Users/kalerbramastha/Library/Mobile Documents/com~apple~CloudDocs/bram/career_assessment/akasia_de/DataAssesmentAKASIA/Scripts/ETLDataWarehouseAndAnalytics Task/dags/etl_rawww.py
[2024-04-02T22:53:33.094+0800] {processor.py:830} INFO - Processing file /Users/kalerbramastha/Library/Mobile Documents/com~apple~CloudDocs/bram/career_assessment/akasia_de/DataAssesmentAKASIA/Scripts/ETLDataWarehouseAndAnalytics Task/dags/etl_rawww.py for tasks to queue
[2024-04-02T22:53:33.094+0800] {logging_mixin.py:188} INFO - [2024-04-02T22:53:33.094+0800] {dagbag.py:540} INFO - Filling up the DagBag from /Users/kalerbramastha/Library/Mobile Documents/com~apple~CloudDocs/bram/career_assessment/akasia_de/DataAssesmentAKASIA/Scripts/ETLDataWarehouseAndAnalytics Task/dags/etl_rawww.py
[2024-04-02T22:53:34.421+0800] {processor.py:840} INFO - DAG(s) 'extract_and_load' retrieved from /Users/kalerbramastha/Library/Mobile Documents/com~apple~CloudDocs/bram/career_assessment/akasia_de/DataAssesmentAKASIA/Scripts/ETLDataWarehouseAndAnalytics Task/dags/etl_rawww.py
[2024-04-02T22:53:34.426+0800] {logging_mixin.py:188} INFO - [2024-04-02T22:53:34.426+0800] {dag.py:3047} INFO - Sync 1 DAGs
[2024-04-02T22:53:34.483+0800] {logging_mixin.py:188} INFO - [2024-04-02T22:53:34.482+0800] {dag.py:3834} INFO - Setting next_dagrun for extract_and_load to 2024-04-02 10:00:00+00:00, run_after=2024-04-03 10:00:00+00:00
[2024-04-02T22:53:34.496+0800] {processor.py:183} INFO - Processing /Users/kalerbramastha/Library/Mobile Documents/com~apple~CloudDocs/bram/career_assessment/akasia_de/DataAssesmentAKASIA/Scripts/ETLDataWarehouseAndAnalytics Task/dags/etl_rawww.py took 1.403 seconds
[2024-04-02T22:54:07.651+0800] {processor.py:161} INFO - Started process (PID=32022) to work on /Users/kalerbramastha/Library/Mobile Documents/com~apple~CloudDocs/bram/career_assessment/akasia_de/DataAssesmentAKASIA/Scripts/ETLDataWarehouseAndAnalytics Task/dags/etl_rawww.py
[2024-04-02T22:54:07.652+0800] {processor.py:830} INFO - Processing file /Users/kalerbramastha/Library/Mobile Documents/com~apple~CloudDocs/bram/career_assessment/akasia_de/DataAssesmentAKASIA/Scripts/ETLDataWarehouseAndAnalytics Task/dags/etl_rawww.py for tasks to queue
[2024-04-02T22:54:07.653+0800] {logging_mixin.py:188} INFO - [2024-04-02T22:54:07.653+0800] {dagbag.py:540} INFO - Filling up the DagBag from /Users/kalerbramastha/Library/Mobile Documents/com~apple~CloudDocs/bram/career_assessment/akasia_de/DataAssesmentAKASIA/Scripts/ETLDataWarehouseAndAnalytics Task/dags/etl_rawww.py
[2024-04-02T22:54:08.613+0800] {processor.py:840} INFO - DAG(s) 'extract_and_load' retrieved from /Users/kalerbramastha/Library/Mobile Documents/com~apple~CloudDocs/bram/career_assessment/akasia_de/DataAssesmentAKASIA/Scripts/ETLDataWarehouseAndAnalytics Task/dags/etl_rawww.py
[2024-04-02T22:54:08.762+0800] {logging_mixin.py:188} INFO - [2024-04-02T22:54:08.762+0800] {dag.py:3047} INFO - Sync 1 DAGs
[2024-04-02T22:54:08.781+0800] {logging_mixin.py:188} INFO - [2024-04-02T22:54:08.780+0800] {dag.py:3834} INFO - Setting next_dagrun for extract_and_load to 2024-04-02 10:00:00+00:00, run_after=2024-04-03 10:00:00+00:00
[2024-04-02T22:54:08.792+0800] {processor.py:183} INFO - Processing /Users/kalerbramastha/Library/Mobile Documents/com~apple~CloudDocs/bram/career_assessment/akasia_de/DataAssesmentAKASIA/Scripts/ETLDataWarehouseAndAnalytics Task/dags/etl_rawww.py took 1.142 seconds
[2024-04-02T22:54:41.843+0800] {processor.py:161} INFO - Started process (PID=32133) to work on /Users/kalerbramastha/Library/Mobile Documents/com~apple~CloudDocs/bram/career_assessment/akasia_de/DataAssesmentAKASIA/Scripts/ETLDataWarehouseAndAnalytics Task/dags/etl_rawww.py
[2024-04-02T22:54:41.845+0800] {processor.py:830} INFO - Processing file /Users/kalerbramastha/Library/Mobile Documents/com~apple~CloudDocs/bram/career_assessment/akasia_de/DataAssesmentAKASIA/Scripts/ETLDataWarehouseAndAnalytics Task/dags/etl_rawww.py for tasks to queue
[2024-04-02T22:54:41.846+0800] {logging_mixin.py:188} INFO - [2024-04-02T22:54:41.846+0800] {dagbag.py:540} INFO - Filling up the DagBag from /Users/kalerbramastha/Library/Mobile Documents/com~apple~CloudDocs/bram/career_assessment/akasia_de/DataAssesmentAKASIA/Scripts/ETLDataWarehouseAndAnalytics Task/dags/etl_rawww.py
[2024-04-02T22:54:42.323+0800] {processor.py:840} INFO - DAG(s) 'extract_and_load' retrieved from /Users/kalerbramastha/Library/Mobile Documents/com~apple~CloudDocs/bram/career_assessment/akasia_de/DataAssesmentAKASIA/Scripts/ETLDataWarehouseAndAnalytics Task/dags/etl_rawww.py
[2024-04-02T22:54:42.365+0800] {logging_mixin.py:188} INFO - [2024-04-02T22:54:42.365+0800] {dag.py:3047} INFO - Sync 1 DAGs
[2024-04-02T22:54:42.376+0800] {logging_mixin.py:188} INFO - [2024-04-02T22:54:42.376+0800] {dag.py:3834} INFO - Setting next_dagrun for extract_and_load to 2024-04-02 10:00:00+00:00, run_after=2024-04-03 10:00:00+00:00
[2024-04-02T22:54:42.387+0800] {processor.py:183} INFO - Processing /Users/kalerbramastha/Library/Mobile Documents/com~apple~CloudDocs/bram/career_assessment/akasia_de/DataAssesmentAKASIA/Scripts/ETLDataWarehouseAndAnalytics Task/dags/etl_rawww.py took 0.545 seconds
[2024-04-02T22:55:14.360+0800] {processor.py:161} INFO - Started process (PID=32199) to work on /Users/kalerbramastha/Library/Mobile Documents/com~apple~CloudDocs/bram/career_assessment/akasia_de/DataAssesmentAKASIA/Scripts/ETLDataWarehouseAndAnalytics Task/dags/etl_rawww.py
[2024-04-02T22:55:14.362+0800] {processor.py:830} INFO - Processing file /Users/kalerbramastha/Library/Mobile Documents/com~apple~CloudDocs/bram/career_assessment/akasia_de/DataAssesmentAKASIA/Scripts/ETLDataWarehouseAndAnalytics Task/dags/etl_rawww.py for tasks to queue
[2024-04-02T22:55:14.362+0800] {logging_mixin.py:188} INFO - [2024-04-02T22:55:14.362+0800] {dagbag.py:540} INFO - Filling up the DagBag from /Users/kalerbramastha/Library/Mobile Documents/com~apple~CloudDocs/bram/career_assessment/akasia_de/DataAssesmentAKASIA/Scripts/ETLDataWarehouseAndAnalytics Task/dags/etl_rawww.py
[2024-04-02T22:55:14.867+0800] {processor.py:840} INFO - DAG(s) 'extract_and_load' retrieved from /Users/kalerbramastha/Library/Mobile Documents/com~apple~CloudDocs/bram/career_assessment/akasia_de/DataAssesmentAKASIA/Scripts/ETLDataWarehouseAndAnalytics Task/dags/etl_rawww.py
[2024-04-02T22:55:14.875+0800] {logging_mixin.py:188} INFO - [2024-04-02T22:55:14.874+0800] {dag.py:3047} INFO - Sync 1 DAGs
[2024-04-02T22:55:14.913+0800] {logging_mixin.py:188} INFO - [2024-04-02T22:55:14.913+0800] {dag.py:3834} INFO - Setting next_dagrun for extract_and_load to 2024-04-02 10:00:00+00:00, run_after=2024-04-03 10:00:00+00:00
[2024-04-02T22:55:14.925+0800] {processor.py:183} INFO - Processing /Users/kalerbramastha/Library/Mobile Documents/com~apple~CloudDocs/bram/career_assessment/akasia_de/DataAssesmentAKASIA/Scripts/ETLDataWarehouseAndAnalytics Task/dags/etl_rawww.py took 0.568 seconds
[2024-04-02T22:55:46.923+0800] {processor.py:161} INFO - Started process (PID=32227) to work on /Users/kalerbramastha/Library/Mobile Documents/com~apple~CloudDocs/bram/career_assessment/akasia_de/DataAssesmentAKASIA/Scripts/ETLDataWarehouseAndAnalytics Task/dags/etl_rawww.py
[2024-04-02T22:55:46.924+0800] {processor.py:830} INFO - Processing file /Users/kalerbramastha/Library/Mobile Documents/com~apple~CloudDocs/bram/career_assessment/akasia_de/DataAssesmentAKASIA/Scripts/ETLDataWarehouseAndAnalytics Task/dags/etl_rawww.py for tasks to queue
[2024-04-02T22:55:46.925+0800] {logging_mixin.py:188} INFO - [2024-04-02T22:55:46.925+0800] {dagbag.py:540} INFO - Filling up the DagBag from /Users/kalerbramastha/Library/Mobile Documents/com~apple~CloudDocs/bram/career_assessment/akasia_de/DataAssesmentAKASIA/Scripts/ETLDataWarehouseAndAnalytics Task/dags/etl_rawww.py
[2024-04-02T22:55:47.380+0800] {processor.py:840} INFO - DAG(s) 'extract_and_load' retrieved from /Users/kalerbramastha/Library/Mobile Documents/com~apple~CloudDocs/bram/career_assessment/akasia_de/DataAssesmentAKASIA/Scripts/ETLDataWarehouseAndAnalytics Task/dags/etl_rawww.py
[2024-04-02T22:55:47.474+0800] {logging_mixin.py:188} INFO - [2024-04-02T22:55:47.474+0800] {dag.py:3047} INFO - Sync 1 DAGs
[2024-04-02T22:55:47.482+0800] {logging_mixin.py:188} INFO - [2024-04-02T22:55:47.482+0800] {dag.py:3834} INFO - Setting next_dagrun for extract_and_load to 2024-04-02 10:00:00+00:00, run_after=2024-04-03 10:00:00+00:00
[2024-04-02T22:55:47.495+0800] {processor.py:183} INFO - Processing /Users/kalerbramastha/Library/Mobile Documents/com~apple~CloudDocs/bram/career_assessment/akasia_de/DataAssesmentAKASIA/Scripts/ETLDataWarehouseAndAnalytics Task/dags/etl_rawww.py took 0.572 seconds
[2024-04-02T22:56:19.590+0800] {processor.py:161} INFO - Started process (PID=32302) to work on /Users/kalerbramastha/Library/Mobile Documents/com~apple~CloudDocs/bram/career_assessment/akasia_de/DataAssesmentAKASIA/Scripts/ETLDataWarehouseAndAnalytics Task/dags/etl_rawww.py
[2024-04-02T22:56:19.591+0800] {processor.py:830} INFO - Processing file /Users/kalerbramastha/Library/Mobile Documents/com~apple~CloudDocs/bram/career_assessment/akasia_de/DataAssesmentAKASIA/Scripts/ETLDataWarehouseAndAnalytics Task/dags/etl_rawww.py for tasks to queue
[2024-04-02T22:56:19.592+0800] {logging_mixin.py:188} INFO - [2024-04-02T22:56:19.591+0800] {dagbag.py:540} INFO - Filling up the DagBag from /Users/kalerbramastha/Library/Mobile Documents/com~apple~CloudDocs/bram/career_assessment/akasia_de/DataAssesmentAKASIA/Scripts/ETLDataWarehouseAndAnalytics Task/dags/etl_rawww.py
[2024-04-02T22:56:20.170+0800] {processor.py:840} INFO - DAG(s) 'extract_and_load' retrieved from /Users/kalerbramastha/Library/Mobile Documents/com~apple~CloudDocs/bram/career_assessment/akasia_de/DataAssesmentAKASIA/Scripts/ETLDataWarehouseAndAnalytics Task/dags/etl_rawww.py
[2024-04-02T22:56:20.233+0800] {logging_mixin.py:188} INFO - [2024-04-02T22:56:20.233+0800] {dag.py:3047} INFO - Sync 1 DAGs
[2024-04-02T22:56:20.250+0800] {logging_mixin.py:188} INFO - [2024-04-02T22:56:20.250+0800] {dag.py:3834} INFO - Setting next_dagrun for extract_and_load to 2024-04-02 10:00:00+00:00, run_after=2024-04-03 10:00:00+00:00
[2024-04-02T22:56:20.265+0800] {processor.py:183} INFO - Processing /Users/kalerbramastha/Library/Mobile Documents/com~apple~CloudDocs/bram/career_assessment/akasia_de/DataAssesmentAKASIA/Scripts/ETLDataWarehouseAndAnalytics Task/dags/etl_rawww.py took 0.676 seconds
[2024-04-02T22:56:51.910+0800] {processor.py:161} INFO - Started process (PID=32510) to work on /Users/kalerbramastha/Library/Mobile Documents/com~apple~CloudDocs/bram/career_assessment/akasia_de/DataAssesmentAKASIA/Scripts/ETLDataWarehouseAndAnalytics Task/dags/etl_rawww.py
[2024-04-02T22:56:51.911+0800] {processor.py:830} INFO - Processing file /Users/kalerbramastha/Library/Mobile Documents/com~apple~CloudDocs/bram/career_assessment/akasia_de/DataAssesmentAKASIA/Scripts/ETLDataWarehouseAndAnalytics Task/dags/etl_rawww.py for tasks to queue
[2024-04-02T22:56:51.911+0800] {logging_mixin.py:188} INFO - [2024-04-02T22:56:51.911+0800] {dagbag.py:540} INFO - Filling up the DagBag from /Users/kalerbramastha/Library/Mobile Documents/com~apple~CloudDocs/bram/career_assessment/akasia_de/DataAssesmentAKASIA/Scripts/ETLDataWarehouseAndAnalytics Task/dags/etl_rawww.py
[2024-04-02T22:56:52.379+0800] {processor.py:840} INFO - DAG(s) 'extract_and_load' retrieved from /Users/kalerbramastha/Library/Mobile Documents/com~apple~CloudDocs/bram/career_assessment/akasia_de/DataAssesmentAKASIA/Scripts/ETLDataWarehouseAndAnalytics Task/dags/etl_rawww.py
[2024-04-02T22:56:52.387+0800] {logging_mixin.py:188} INFO - [2024-04-02T22:56:52.387+0800] {dag.py:3047} INFO - Sync 1 DAGs
[2024-04-02T22:56:52.423+0800] {logging_mixin.py:188} INFO - [2024-04-02T22:56:52.423+0800] {dag.py:3834} INFO - Setting next_dagrun for extract_and_load to 2024-04-02 10:00:00+00:00, run_after=2024-04-03 10:00:00+00:00
[2024-04-02T22:56:52.431+0800] {processor.py:183} INFO - Processing /Users/kalerbramastha/Library/Mobile Documents/com~apple~CloudDocs/bram/career_assessment/akasia_de/DataAssesmentAKASIA/Scripts/ETLDataWarehouseAndAnalytics Task/dags/etl_rawww.py took 0.523 seconds
[2024-04-02T22:57:30.127+0800] {processor.py:161} INFO - Started process (PID=32766) to work on /Users/kalerbramastha/Library/Mobile Documents/com~apple~CloudDocs/bram/career_assessment/akasia_de/DataAssesmentAKASIA/Scripts/ETLDataWarehouseAndAnalytics Task/dags/etl_rawww.py
[2024-04-02T22:57:30.128+0800] {processor.py:830} INFO - Processing file /Users/kalerbramastha/Library/Mobile Documents/com~apple~CloudDocs/bram/career_assessment/akasia_de/DataAssesmentAKASIA/Scripts/ETLDataWarehouseAndAnalytics Task/dags/etl_rawww.py for tasks to queue
[2024-04-02T22:57:30.128+0800] {logging_mixin.py:188} INFO - [2024-04-02T22:57:30.128+0800] {dagbag.py:540} INFO - Filling up the DagBag from /Users/kalerbramastha/Library/Mobile Documents/com~apple~CloudDocs/bram/career_assessment/akasia_de/DataAssesmentAKASIA/Scripts/ETLDataWarehouseAndAnalytics Task/dags/etl_rawww.py
[2024-04-02T22:57:30.591+0800] {processor.py:840} INFO - DAG(s) 'extract_and_load' retrieved from /Users/kalerbramastha/Library/Mobile Documents/com~apple~CloudDocs/bram/career_assessment/akasia_de/DataAssesmentAKASIA/Scripts/ETLDataWarehouseAndAnalytics Task/dags/etl_rawww.py
[2024-04-02T22:57:30.596+0800] {logging_mixin.py:188} INFO - [2024-04-02T22:57:30.596+0800] {dag.py:3047} INFO - Sync 1 DAGs
[2024-04-02T22:57:30.630+0800] {logging_mixin.py:188} INFO - [2024-04-02T22:57:30.630+0800] {dag.py:3834} INFO - Setting next_dagrun for extract_and_load to 2024-04-02 10:00:00+00:00, run_after=2024-04-03 10:00:00+00:00
[2024-04-02T22:57:30.637+0800] {processor.py:183} INFO - Processing /Users/kalerbramastha/Library/Mobile Documents/com~apple~CloudDocs/bram/career_assessment/akasia_de/DataAssesmentAKASIA/Scripts/ETLDataWarehouseAndAnalytics Task/dags/etl_rawww.py took 0.511 seconds
