[2024-04-02T22:31:36.467+0800] {taskinstance.py:1979} INFO - Dependencies all met for dep_context=non-requeueable deps ti=<TaskInstance: product_etl_dag.extract_RawEmployee_load.sql_server_extract manual__2024-04-02T14:30:51.441541+00:00 [queued]>
[2024-04-02T22:31:36.469+0800] {taskinstance.py:1979} INFO - Dependencies all met for dep_context=requeueable deps ti=<TaskInstance: product_etl_dag.extract_RawEmployee_load.sql_server_extract manual__2024-04-02T14:30:51.441541+00:00 [queued]>
[2024-04-02T22:31:36.469+0800] {taskinstance.py:2193} INFO - Starting attempt 1 of 1
[2024-04-02T22:31:36.480+0800] {taskinstance.py:2217} INFO - Executing <Task(_PythonDecoratedOperator): extract_RawEmployee_load.sql_server_extract> on 2024-04-02 14:30:51.441541+00:00
[2024-04-02T22:31:36.485+0800] {standard_task_runner.py:60} INFO - Started process 29328 to run task
[2024-04-02T22:31:36.489+0800] {standard_task_runner.py:87} INFO - Running: ['airflow', 'tasks', 'run', 'product_etl_dag', 'extract_RawEmployee_load.sql_server_extract', 'manual__2024-04-02T14:30:51.441541+00:00', '--job-id', '34', '--raw', '--subdir', 'DAGS_FOLDER/etl.py', '--cfg-path', '/var/folders/9z/pmblcfnj66jbv4s_wjl_bmx80000gn/T/tmpwntf3ger']
[2024-04-02T22:31:36.491+0800] {standard_task_runner.py:88} INFO - Job 34: Subtask extract_RawEmployee_load.sql_server_extract
[2024-04-02T22:31:36.517+0800] {task_command.py:423} INFO - Running <TaskInstance: product_etl_dag.extract_RawEmployee_load.sql_server_extract manual__2024-04-02T14:30:51.441541+00:00 [running]> on host kalers-mbp
[2024-04-02T22:31:36.547+0800] {taskinstance.py:2513} INFO - Exporting env vars: AIRFLOW_CTX_DAG_OWNER='airflow' AIRFLOW_CTX_DAG_ID='product_etl_dag' AIRFLOW_CTX_TASK_ID='extract_RawEmployee_load.sql_server_extract' AIRFLOW_CTX_EXECUTION_DATE='2024-04-02T14:30:51.441541+00:00' AIRFLOW_CTX_TRY_NUMBER='1' AIRFLOW_CTX_DAG_RUN_ID='manual__2024-04-02T14:30:51.441541+00:00'
[2024-04-02T22:31:36.755+0800] {logging_mixin.py:188} WARNING - /Users/kalerbramastha/Library/Mobile Documents/com~apple~CloudDocs/bram/career_assessment/akasia_de/DataAssesmentAKASIA/Scripts/ETLDataWarehouseAndAnalytics Task/dags/etl.py:22 UserWarning: pandas only supports SQLAlchemy connectable (engine/connection) or database string URI or sqlite3 DBAPI2 connection. Other DBAPI2 objects are not tested. Please consider using SQLAlchemy.
[2024-04-02T22:31:36.766+0800] {logging_mixin.py:188} INFO -    Id EmployeeId   FullName   BirthDate        Address
0   1   10105001  Ali Anton  1982-08-19  Jakarta Utara
1   2   10105002  Rara Siva  1982-01-01      Mandalika
2   3   10105003  Rini Aini  1982-02-20  Sumbawa Besar
3   4   10105004       Budi  1982-02-22   Mataram Kota
[2024-04-02T22:31:36.766+0800] {python.py:202} INFO - Done. Returned value was:    Id EmployeeId   FullName   BirthDate        Address
0   1   10105001  Ali Anton  1982-08-19  Jakarta Utara
1   2   10105002  Rara Siva  1982-01-01      Mandalika
2   3   10105003  Rini Aini  1982-02-20  Sumbawa Besar
3   4   10105004       Budi  1982-02-22   Mataram Kota
[2024-04-02T22:31:36.793+0800] {taskinstance.py:1149} INFO - Marking task as SUCCESS. dag_id=product_etl_dag, task_id=extract_RawEmployee_load.sql_server_extract, execution_date=20240402T143051, start_date=20240402T143136, end_date=20240402T143136
[2024-04-02T22:31:36.829+0800] {local_task_job_runner.py:234} INFO - Task exited with return code 0
[2024-04-02T22:31:36.838+0800] {taskinstance.py:3312} INFO - 1 downstream tasks scheduled from follow-on schedule check
