[2024-04-02T21:59:08.261+0800] {taskinstance.py:1979} INFO - Dependencies all met for dep_context=non-requeueable deps ti=<TaskInstance: product_etl_dag.extract_RawEmployee_load.sql_server_extract scheduled__2024-04-01T09:00:00+00:00 [queued]>
[2024-04-02T21:59:08.264+0800] {taskinstance.py:1979} INFO - Dependencies all met for dep_context=requeueable deps ti=<TaskInstance: product_etl_dag.extract_RawEmployee_load.sql_server_extract scheduled__2024-04-01T09:00:00+00:00 [queued]>
[2024-04-02T21:59:08.264+0800] {taskinstance.py:2193} INFO - Starting attempt 1 of 1
[2024-04-02T21:59:08.272+0800] {taskinstance.py:2217} INFO - Executing <Task(_PythonDecoratedOperator): extract_RawEmployee_load.sql_server_extract> on 2024-04-01 09:00:00+00:00
[2024-04-02T21:59:08.278+0800] {standard_task_runner.py:60} INFO - Started process 24177 to run task
[2024-04-02T21:59:08.283+0800] {standard_task_runner.py:87} INFO - Running: ['airflow', 'tasks', 'run', 'product_etl_dag', 'extract_RawEmployee_load.sql_server_extract', 'scheduled__2024-04-01T09:00:00+00:00', '--job-id', '15', '--raw', '--subdir', 'DAGS_FOLDER/etl.py', '--cfg-path', '/var/folders/9z/pmblcfnj66jbv4s_wjl_bmx80000gn/T/tmp9jj791hb']
[2024-04-02T21:59:08.285+0800] {standard_task_runner.py:88} INFO - Job 15: Subtask extract_RawEmployee_load.sql_server_extract
[2024-04-02T21:59:08.308+0800] {task_command.py:423} INFO - Running <TaskInstance: product_etl_dag.extract_RawEmployee_load.sql_server_extract scheduled__2024-04-01T09:00:00+00:00 [running]> on host kalers-mbp
[2024-04-02T21:59:08.334+0800] {taskinstance.py:2513} INFO - Exporting env vars: AIRFLOW_CTX_DAG_OWNER='airflow' AIRFLOW_CTX_DAG_ID='product_etl_dag' AIRFLOW_CTX_TASK_ID='extract_RawEmployee_load.sql_server_extract' AIRFLOW_CTX_EXECUTION_DATE='2024-04-01T09:00:00+00:00' AIRFLOW_CTX_TRY_NUMBER='1' AIRFLOW_CTX_DAG_RUN_ID='scheduled__2024-04-01T09:00:00+00:00'
[2024-04-02T21:59:08.455+0800] {logging_mixin.py:188} WARNING - /Users/kalerbramastha/Library/Mobile Documents/com~apple~CloudDocs/bram/career_assessment/akasia_de/DataAssesmentAKASIA/Scripts/ETLDataWarehouseAndAnalytics Task/dags/etl.py:22 UserWarning: pandas only supports SQLAlchemy connectable (engine/connection) or database string URI or sqlite3 DBAPI2 connection. Other DBAPI2 objects are not tested. Please consider using SQLAlchemy.
[2024-04-02T21:59:08.469+0800] {logging_mixin.py:188} INFO -    Id EmployeeId   FullName   BirthDate        Address
0   1   10105001  Ali Anton  1982-08-19  Jakarta Utara
1   2   10105002  Rara Siva  1982-01-01      Mandalika
2   3   10105003  Rini Aini  1982-02-20  Sumbawa Besar
3   4   10105004       Budi  1982-02-22   Mataram Kota
[2024-04-02T21:59:08.469+0800] {python.py:202} INFO - Done. Returned value was:    Id EmployeeId   FullName   BirthDate        Address
0   1   10105001  Ali Anton  1982-08-19  Jakarta Utara
1   2   10105002  Rara Siva  1982-01-01      Mandalika
2   3   10105003  Rini Aini  1982-02-20  Sumbawa Besar
3   4   10105004       Budi  1982-02-22   Mataram Kota
[2024-04-02T21:59:10.129+0800] {taskinstance.py:1149} INFO - Marking task as SUCCESS. dag_id=product_etl_dag, task_id=extract_RawEmployee_load.sql_server_extract, execution_date=20240401T090000, start_date=20240402T135908, end_date=20240402T135910
[2024-04-02T21:59:10.180+0800] {local_task_job_runner.py:234} INFO - Task exited with return code 0
[2024-04-02T21:59:10.202+0800] {taskinstance.py:3312} INFO - 1 downstream tasks scheduled from follow-on schedule check
