[2024-04-02T21:14:24.375+0800] {processor.py:161} INFO - Started process (PID=19322) to work on /Users/kalerbramastha/Library/Mobile Documents/com~apple~CloudDocs/bram/career_assessment/akasia_de/python-env/lib/python3.11/site-packages/airflow/example_dags/example_datasets.py
[2024-04-02T21:14:24.375+0800] {processor.py:830} INFO - Processing file /Users/kalerbramastha/Library/Mobile Documents/com~apple~CloudDocs/bram/career_assessment/akasia_de/python-env/lib/python3.11/site-packages/airflow/example_dags/example_datasets.py for tasks to queue
[2024-04-02T21:14:24.376+0800] {logging_mixin.py:188} INFO - [2024-04-02T21:14:24.376+0800] {dagbag.py:540} INFO - Filling up the DagBag from /Users/kalerbramastha/Library/Mobile Documents/com~apple~CloudDocs/bram/career_assessment/akasia_de/python-env/lib/python3.11/site-packages/airflow/example_dags/example_datasets.py
[2024-04-02T21:14:24.381+0800] {processor.py:840} INFO - DAG(s) 'dataset_consumes_1_never_scheduled', 'dataset_consumes_1_and_2', 'dataset_produces_1', 'dataset_produces_2', 'dataset_consumes_unknown_never_scheduled', 'dataset_consumes_1' retrieved from /Users/kalerbramastha/Library/Mobile Documents/com~apple~CloudDocs/bram/career_assessment/akasia_de/python-env/lib/python3.11/site-packages/airflow/example_dags/example_datasets.py
[2024-04-02T21:14:24.454+0800] {logging_mixin.py:188} INFO - [2024-04-02T21:14:24.453+0800] {override.py:1769} INFO - Created Permission View: can edit on DAG:dataset_consumes_1_never_scheduled
[2024-04-02T21:14:24.457+0800] {logging_mixin.py:188} INFO - [2024-04-02T21:14:24.457+0800] {override.py:1769} INFO - Created Permission View: can delete on DAG:dataset_consumes_1_never_scheduled
[2024-04-02T21:14:24.460+0800] {logging_mixin.py:188} INFO - [2024-04-02T21:14:24.460+0800] {override.py:1769} INFO - Created Permission View: can read on DAG:dataset_consumes_1_never_scheduled
[2024-04-02T21:14:24.465+0800] {logging_mixin.py:188} INFO - [2024-04-02T21:14:24.465+0800] {override.py:1769} INFO - Created Permission View: can edit on DAG:dataset_consumes_1_and_2
[2024-04-02T21:14:24.468+0800] {logging_mixin.py:188} INFO - [2024-04-02T21:14:24.468+0800] {override.py:1769} INFO - Created Permission View: can delete on DAG:dataset_consumes_1_and_2
[2024-04-02T21:14:24.470+0800] {logging_mixin.py:188} INFO - [2024-04-02T21:14:24.470+0800] {override.py:1769} INFO - Created Permission View: can read on DAG:dataset_consumes_1_and_2
[2024-04-02T21:14:24.475+0800] {logging_mixin.py:188} INFO - [2024-04-02T21:14:24.475+0800] {override.py:1769} INFO - Created Permission View: can edit on DAG:dataset_produces_1
[2024-04-02T21:14:24.478+0800] {logging_mixin.py:188} INFO - [2024-04-02T21:14:24.478+0800] {override.py:1769} INFO - Created Permission View: can delete on DAG:dataset_produces_1
[2024-04-02T21:14:24.481+0800] {logging_mixin.py:188} INFO - [2024-04-02T21:14:24.481+0800] {override.py:1769} INFO - Created Permission View: can read on DAG:dataset_produces_1
[2024-04-02T21:14:24.486+0800] {logging_mixin.py:188} INFO - [2024-04-02T21:14:24.485+0800] {override.py:1769} INFO - Created Permission View: can edit on DAG:dataset_produces_2
[2024-04-02T21:14:24.488+0800] {logging_mixin.py:188} INFO - [2024-04-02T21:14:24.488+0800] {override.py:1769} INFO - Created Permission View: can delete on DAG:dataset_produces_2
[2024-04-02T21:14:24.490+0800] {logging_mixin.py:188} INFO - [2024-04-02T21:14:24.490+0800] {override.py:1769} INFO - Created Permission View: can read on DAG:dataset_produces_2
[2024-04-02T21:14:24.495+0800] {logging_mixin.py:188} INFO - [2024-04-02T21:14:24.495+0800] {override.py:1769} INFO - Created Permission View: can edit on DAG:dataset_consumes_unknown_never_scheduled
[2024-04-02T21:14:24.497+0800] {logging_mixin.py:188} INFO - [2024-04-02T21:14:24.497+0800] {override.py:1769} INFO - Created Permission View: can delete on DAG:dataset_consumes_unknown_never_scheduled
[2024-04-02T21:14:24.500+0800] {logging_mixin.py:188} INFO - [2024-04-02T21:14:24.500+0800] {override.py:1769} INFO - Created Permission View: can read on DAG:dataset_consumes_unknown_never_scheduled
[2024-04-02T21:14:24.505+0800] {logging_mixin.py:188} INFO - [2024-04-02T21:14:24.505+0800] {override.py:1769} INFO - Created Permission View: can edit on DAG:dataset_consumes_1
[2024-04-02T21:14:24.507+0800] {logging_mixin.py:188} INFO - [2024-04-02T21:14:24.507+0800] {override.py:1769} INFO - Created Permission View: can delete on DAG:dataset_consumes_1
[2024-04-02T21:14:24.509+0800] {logging_mixin.py:188} INFO - [2024-04-02T21:14:24.509+0800] {override.py:1769} INFO - Created Permission View: can read on DAG:dataset_consumes_1
[2024-04-02T21:14:24.509+0800] {logging_mixin.py:188} INFO - [2024-04-02T21:14:24.509+0800] {dag.py:3047} INFO - Sync 6 DAGs
[2024-04-02T21:14:24.513+0800] {logging_mixin.py:188} INFO - [2024-04-02T21:14:24.513+0800] {dag.py:3069} INFO - Creating ORM DAG for dataset_consumes_1_never_scheduled
[2024-04-02T21:14:24.513+0800] {logging_mixin.py:188} INFO - [2024-04-02T21:14:24.513+0800] {dag.py:3069} INFO - Creating ORM DAG for dataset_consumes_1
[2024-04-02T21:14:24.513+0800] {logging_mixin.py:188} INFO - [2024-04-02T21:14:24.513+0800] {dag.py:3069} INFO - Creating ORM DAG for dataset_produces_1
[2024-04-02T21:14:24.514+0800] {logging_mixin.py:188} INFO - [2024-04-02T21:14:24.513+0800] {dag.py:3069} INFO - Creating ORM DAG for dataset_produces_2
[2024-04-02T21:14:24.514+0800] {logging_mixin.py:188} INFO - [2024-04-02T21:14:24.514+0800] {dag.py:3069} INFO - Creating ORM DAG for dataset_consumes_1_and_2
[2024-04-02T21:14:24.514+0800] {logging_mixin.py:188} INFO - [2024-04-02T21:14:24.514+0800] {dag.py:3069} INFO - Creating ORM DAG for dataset_consumes_unknown_never_scheduled
[2024-04-02T21:14:24.517+0800] {logging_mixin.py:188} INFO - [2024-04-02T21:14:24.517+0800] {dag.py:3834} INFO - Setting next_dagrun for dataset_consumes_1 to None, run_after=None
[2024-04-02T21:14:24.517+0800] {logging_mixin.py:188} INFO - [2024-04-02T21:14:24.517+0800] {dag.py:3834} INFO - Setting next_dagrun for dataset_consumes_1_and_2 to None, run_after=None
[2024-04-02T21:14:24.517+0800] {logging_mixin.py:188} INFO - [2024-04-02T21:14:24.517+0800] {dag.py:3834} INFO - Setting next_dagrun for dataset_consumes_1_never_scheduled to None, run_after=None
[2024-04-02T21:14:24.517+0800] {logging_mixin.py:188} INFO - [2024-04-02T21:14:24.517+0800] {dag.py:3834} INFO - Setting next_dagrun for dataset_consumes_unknown_never_scheduled to None, run_after=None
[2024-04-02T21:14:24.518+0800] {logging_mixin.py:188} INFO - [2024-04-02T21:14:24.518+0800] {dag.py:3834} INFO - Setting next_dagrun for dataset_produces_1 to 2024-04-01 00:00:00+00:00, run_after=2024-04-02 00:00:00+00:00
[2024-04-02T21:14:24.518+0800] {logging_mixin.py:188} INFO - [2024-04-02T21:14:24.518+0800] {dag.py:3834} INFO - Setting next_dagrun for dataset_produces_2 to None, run_after=None
[2024-04-02T21:14:24.537+0800] {processor.py:183} INFO - Processing /Users/kalerbramastha/Library/Mobile Documents/com~apple~CloudDocs/bram/career_assessment/akasia_de/python-env/lib/python3.11/site-packages/airflow/example_dags/example_datasets.py took 0.163 seconds
[2024-04-02T21:16:40.506+0800] {processor.py:161} INFO - Started process (PID=19968) to work on /Users/kalerbramastha/Library/Mobile Documents/com~apple~CloudDocs/bram/career_assessment/akasia_de/python-env/lib/python3.11/site-packages/airflow/example_dags/example_datasets.py
[2024-04-02T21:16:40.507+0800] {processor.py:830} INFO - Processing file /Users/kalerbramastha/Library/Mobile Documents/com~apple~CloudDocs/bram/career_assessment/akasia_de/python-env/lib/python3.11/site-packages/airflow/example_dags/example_datasets.py for tasks to queue
[2024-04-02T21:16:40.507+0800] {logging_mixin.py:188} INFO - [2024-04-02T21:16:40.507+0800] {dagbag.py:540} INFO - Filling up the DagBag from /Users/kalerbramastha/Library/Mobile Documents/com~apple~CloudDocs/bram/career_assessment/akasia_de/python-env/lib/python3.11/site-packages/airflow/example_dags/example_datasets.py
[2024-04-02T21:16:40.514+0800] {processor.py:840} INFO - DAG(s) 'dataset_consumes_unknown_never_scheduled', 'dataset_consumes_1_never_scheduled', 'dataset_consumes_1', 'dataset_produces_2', 'dataset_consumes_1_and_2', 'dataset_produces_1' retrieved from /Users/kalerbramastha/Library/Mobile Documents/com~apple~CloudDocs/bram/career_assessment/akasia_de/python-env/lib/python3.11/site-packages/airflow/example_dags/example_datasets.py
[2024-04-02T21:16:40.561+0800] {logging_mixin.py:188} INFO - [2024-04-02T21:16:40.561+0800] {dag.py:3047} INFO - Sync 6 DAGs
[2024-04-02T21:16:40.568+0800] {logging_mixin.py:188} INFO - [2024-04-02T21:16:40.568+0800] {dag.py:3834} INFO - Setting next_dagrun for dataset_consumes_1 to None, run_after=None
[2024-04-02T21:16:40.569+0800] {logging_mixin.py:188} INFO - [2024-04-02T21:16:40.569+0800] {dag.py:3834} INFO - Setting next_dagrun for dataset_consumes_1_and_2 to None, run_after=None
[2024-04-02T21:16:40.569+0800] {logging_mixin.py:188} INFO - [2024-04-02T21:16:40.569+0800] {dag.py:3834} INFO - Setting next_dagrun for dataset_consumes_1_never_scheduled to None, run_after=None
[2024-04-02T21:16:40.570+0800] {logging_mixin.py:188} INFO - [2024-04-02T21:16:40.570+0800] {dag.py:3834} INFO - Setting next_dagrun for dataset_consumes_unknown_never_scheduled to None, run_after=None
[2024-04-02T21:16:40.570+0800] {logging_mixin.py:188} INFO - [2024-04-02T21:16:40.570+0800] {dag.py:3834} INFO - Setting next_dagrun for dataset_produces_1 to 2024-04-01 00:00:00+00:00, run_after=2024-04-02 00:00:00+00:00
[2024-04-02T21:16:40.571+0800] {logging_mixin.py:188} INFO - [2024-04-02T21:16:40.571+0800] {dag.py:3834} INFO - Setting next_dagrun for dataset_produces_2 to None, run_after=None
[2024-04-02T21:16:40.580+0800] {processor.py:183} INFO - Processing /Users/kalerbramastha/Library/Mobile Documents/com~apple~CloudDocs/bram/career_assessment/akasia_de/python-env/lib/python3.11/site-packages/airflow/example_dags/example_datasets.py took 0.076 seconds
[2024-04-02T21:19:38.498+0800] {processor.py:161} INFO - Started process (PID=20386) to work on /Users/kalerbramastha/Library/Mobile Documents/com~apple~CloudDocs/bram/career_assessment/akasia_de/python-env/lib/python3.11/site-packages/airflow/example_dags/example_datasets.py
[2024-04-02T21:19:38.499+0800] {processor.py:830} INFO - Processing file /Users/kalerbramastha/Library/Mobile Documents/com~apple~CloudDocs/bram/career_assessment/akasia_de/python-env/lib/python3.11/site-packages/airflow/example_dags/example_datasets.py for tasks to queue
[2024-04-02T21:19:38.500+0800] {logging_mixin.py:188} INFO - [2024-04-02T21:19:38.499+0800] {dagbag.py:540} INFO - Filling up the DagBag from /Users/kalerbramastha/Library/Mobile Documents/com~apple~CloudDocs/bram/career_assessment/akasia_de/python-env/lib/python3.11/site-packages/airflow/example_dags/example_datasets.py
[2024-04-02T21:19:38.504+0800] {processor.py:840} INFO - DAG(s) 'dataset_consumes_1', 'dataset_consumes_1_and_2', 'dataset_consumes_unknown_never_scheduled', 'dataset_consumes_1_never_scheduled', 'dataset_produces_1', 'dataset_produces_2' retrieved from /Users/kalerbramastha/Library/Mobile Documents/com~apple~CloudDocs/bram/career_assessment/akasia_de/python-env/lib/python3.11/site-packages/airflow/example_dags/example_datasets.py
[2024-04-02T21:19:38.575+0800] {logging_mixin.py:188} INFO - [2024-04-02T21:19:38.575+0800] {dag.py:3047} INFO - Sync 6 DAGs
[2024-04-02T21:19:38.581+0800] {logging_mixin.py:188} INFO - [2024-04-02T21:19:38.580+0800] {dag.py:3834} INFO - Setting next_dagrun for dataset_consumes_1 to None, run_after=None
[2024-04-02T21:19:38.581+0800] {logging_mixin.py:188} INFO - [2024-04-02T21:19:38.581+0800] {dag.py:3834} INFO - Setting next_dagrun for dataset_consumes_1_and_2 to None, run_after=None
[2024-04-02T21:19:38.582+0800] {logging_mixin.py:188} INFO - [2024-04-02T21:19:38.582+0800] {dag.py:3834} INFO - Setting next_dagrun for dataset_consumes_1_never_scheduled to None, run_after=None
[2024-04-02T21:19:38.582+0800] {logging_mixin.py:188} INFO - [2024-04-02T21:19:38.582+0800] {dag.py:3834} INFO - Setting next_dagrun for dataset_consumes_unknown_never_scheduled to None, run_after=None
[2024-04-02T21:19:38.583+0800] {logging_mixin.py:188} INFO - [2024-04-02T21:19:38.583+0800] {dag.py:3834} INFO - Setting next_dagrun for dataset_produces_1 to 2024-04-01 00:00:00+00:00, run_after=2024-04-02 00:00:00+00:00
[2024-04-02T21:19:38.583+0800] {logging_mixin.py:188} INFO - [2024-04-02T21:19:38.583+0800] {dag.py:3834} INFO - Setting next_dagrun for dataset_produces_2 to None, run_after=None
[2024-04-02T21:19:38.593+0800] {processor.py:183} INFO - Processing /Users/kalerbramastha/Library/Mobile Documents/com~apple~CloudDocs/bram/career_assessment/akasia_de/python-env/lib/python3.11/site-packages/airflow/example_dags/example_datasets.py took 0.096 seconds
[2024-04-02T21:31:25.145+0800] {processor.py:161} INFO - Started process (PID=22245) to work on /Users/kalerbramastha/Library/Mobile Documents/com~apple~CloudDocs/bram/career_assessment/akasia_de/python-env/lib/python3.11/site-packages/airflow/example_dags/example_datasets.py
[2024-04-02T21:31:25.146+0800] {processor.py:830} INFO - Processing file /Users/kalerbramastha/Library/Mobile Documents/com~apple~CloudDocs/bram/career_assessment/akasia_de/python-env/lib/python3.11/site-packages/airflow/example_dags/example_datasets.py for tasks to queue
[2024-04-02T21:31:25.147+0800] {logging_mixin.py:188} INFO - [2024-04-02T21:31:25.146+0800] {dagbag.py:540} INFO - Filling up the DagBag from /Users/kalerbramastha/Library/Mobile Documents/com~apple~CloudDocs/bram/career_assessment/akasia_de/python-env/lib/python3.11/site-packages/airflow/example_dags/example_datasets.py
[2024-04-02T21:31:25.152+0800] {processor.py:840} INFO - DAG(s) 'dataset_consumes_1_never_scheduled', 'dataset_produces_1', 'dataset_consumes_1', 'dataset_consumes_1_and_2', 'dataset_produces_2', 'dataset_consumes_unknown_never_scheduled' retrieved from /Users/kalerbramastha/Library/Mobile Documents/com~apple~CloudDocs/bram/career_assessment/akasia_de/python-env/lib/python3.11/site-packages/airflow/example_dags/example_datasets.py
[2024-04-02T21:31:25.236+0800] {logging_mixin.py:188} INFO - [2024-04-02T21:31:25.236+0800] {dag.py:3047} INFO - Sync 6 DAGs
[2024-04-02T21:31:25.242+0800] {logging_mixin.py:188} INFO - [2024-04-02T21:31:25.242+0800] {dag.py:3834} INFO - Setting next_dagrun for dataset_consumes_1 to None, run_after=None
[2024-04-02T21:31:25.243+0800] {logging_mixin.py:188} INFO - [2024-04-02T21:31:25.243+0800] {dag.py:3834} INFO - Setting next_dagrun for dataset_consumes_1_and_2 to None, run_after=None
[2024-04-02T21:31:25.243+0800] {logging_mixin.py:188} INFO - [2024-04-02T21:31:25.243+0800] {dag.py:3834} INFO - Setting next_dagrun for dataset_consumes_1_never_scheduled to None, run_after=None
[2024-04-02T21:31:25.244+0800] {logging_mixin.py:188} INFO - [2024-04-02T21:31:25.244+0800] {dag.py:3834} INFO - Setting next_dagrun for dataset_consumes_unknown_never_scheduled to None, run_after=None
[2024-04-02T21:31:25.244+0800] {logging_mixin.py:188} INFO - [2024-04-02T21:31:25.244+0800] {dag.py:3834} INFO - Setting next_dagrun for dataset_produces_1 to 2024-04-01 00:00:00+00:00, run_after=2024-04-02 00:00:00+00:00
[2024-04-02T21:31:25.245+0800] {logging_mixin.py:188} INFO - [2024-04-02T21:31:25.245+0800] {dag.py:3834} INFO - Setting next_dagrun for dataset_produces_2 to None, run_after=None
[2024-04-02T21:31:25.256+0800] {processor.py:183} INFO - Processing /Users/kalerbramastha/Library/Mobile Documents/com~apple~CloudDocs/bram/career_assessment/akasia_de/python-env/lib/python3.11/site-packages/airflow/example_dags/example_datasets.py took 0.111 seconds
