[2024-04-02T21:14:32.271+0800] {processor.py:161} INFO - Started process (PID=19328) to work on /Users/kalerbramastha/Library/Mobile Documents/com~apple~CloudDocs/bram/career_assessment/akasia_de/python-env/lib/python3.11/site-packages/airflow/example_dags/example_branch_operator_decorator.py
[2024-04-02T21:14:32.272+0800] {processor.py:830} INFO - Processing file /Users/kalerbramastha/Library/Mobile Documents/com~apple~CloudDocs/bram/career_assessment/akasia_de/python-env/lib/python3.11/site-packages/airflow/example_dags/example_branch_operator_decorator.py for tasks to queue
[2024-04-02T21:14:32.272+0800] {logging_mixin.py:188} INFO - [2024-04-02T21:14:32.272+0800] {dagbag.py:540} INFO - Filling up the DagBag from /Users/kalerbramastha/Library/Mobile Documents/com~apple~CloudDocs/bram/career_assessment/akasia_de/python-env/lib/python3.11/site-packages/airflow/example_dags/example_branch_operator_decorator.py
[2024-04-02T21:14:32.293+0800] {processor.py:840} INFO - DAG(s) 'example_branch_python_operator_decorator' retrieved from /Users/kalerbramastha/Library/Mobile Documents/com~apple~CloudDocs/bram/career_assessment/akasia_de/python-env/lib/python3.11/site-packages/airflow/example_dags/example_branch_operator_decorator.py
[2024-04-02T21:14:32.366+0800] {logging_mixin.py:188} INFO - [2024-04-02T21:14:32.366+0800] {override.py:1769} INFO - Created Permission View: can delete on DAG:example_branch_python_operator_decorator
[2024-04-02T21:14:32.371+0800] {logging_mixin.py:188} INFO - [2024-04-02T21:14:32.371+0800] {override.py:1769} INFO - Created Permission View: can read on DAG:example_branch_python_operator_decorator
[2024-04-02T21:14:32.374+0800] {logging_mixin.py:188} INFO - [2024-04-02T21:14:32.373+0800] {override.py:1769} INFO - Created Permission View: can edit on DAG:example_branch_python_operator_decorator
[2024-04-02T21:14:32.374+0800] {logging_mixin.py:188} INFO - [2024-04-02T21:14:32.374+0800] {dag.py:3047} INFO - Sync 1 DAGs
[2024-04-02T21:14:32.378+0800] {logging_mixin.py:188} INFO - [2024-04-02T21:14:32.378+0800] {dag.py:3069} INFO - Creating ORM DAG for example_branch_python_operator_decorator
[2024-04-02T21:14:32.382+0800] {logging_mixin.py:188} INFO - [2024-04-02T21:14:32.381+0800] {dag.py:3834} INFO - Setting next_dagrun for example_branch_python_operator_decorator to 2024-04-01 00:00:00+00:00, run_after=2024-04-02 00:00:00+00:00
[2024-04-02T21:14:32.389+0800] {processor.py:183} INFO - Processing /Users/kalerbramastha/Library/Mobile Documents/com~apple~CloudDocs/bram/career_assessment/akasia_de/python-env/lib/python3.11/site-packages/airflow/example_dags/example_branch_operator_decorator.py took 0.118 seconds
[2024-04-02T21:19:46.544+0800] {processor.py:161} INFO - Started process (PID=20396) to work on /Users/kalerbramastha/Library/Mobile Documents/com~apple~CloudDocs/bram/career_assessment/akasia_de/python-env/lib/python3.11/site-packages/airflow/example_dags/example_branch_operator_decorator.py
[2024-04-02T21:19:46.545+0800] {processor.py:830} INFO - Processing file /Users/kalerbramastha/Library/Mobile Documents/com~apple~CloudDocs/bram/career_assessment/akasia_de/python-env/lib/python3.11/site-packages/airflow/example_dags/example_branch_operator_decorator.py for tasks to queue
[2024-04-02T21:19:46.545+0800] {logging_mixin.py:188} INFO - [2024-04-02T21:19:46.545+0800] {dagbag.py:540} INFO - Filling up the DagBag from /Users/kalerbramastha/Library/Mobile Documents/com~apple~CloudDocs/bram/career_assessment/akasia_de/python-env/lib/python3.11/site-packages/airflow/example_dags/example_branch_operator_decorator.py
[2024-04-02T21:19:46.563+0800] {processor.py:840} INFO - DAG(s) 'example_branch_python_operator_decorator' retrieved from /Users/kalerbramastha/Library/Mobile Documents/com~apple~CloudDocs/bram/career_assessment/akasia_de/python-env/lib/python3.11/site-packages/airflow/example_dags/example_branch_operator_decorator.py
[2024-04-02T21:19:46.628+0800] {logging_mixin.py:188} INFO - [2024-04-02T21:19:46.628+0800] {dag.py:3047} INFO - Sync 1 DAGs
[2024-04-02T21:19:46.634+0800] {logging_mixin.py:188} INFO - [2024-04-02T21:19:46.634+0800] {dag.py:3834} INFO - Setting next_dagrun for example_branch_python_operator_decorator to 2024-04-01 00:00:00+00:00, run_after=2024-04-02 00:00:00+00:00
[2024-04-02T21:19:46.642+0800] {processor.py:183} INFO - Processing /Users/kalerbramastha/Library/Mobile Documents/com~apple~CloudDocs/bram/career_assessment/akasia_de/python-env/lib/python3.11/site-packages/airflow/example_dags/example_branch_operator_decorator.py took 0.098 seconds
[2024-04-02T21:31:33.454+0800] {processor.py:161} INFO - Started process (PID=22251) to work on /Users/kalerbramastha/Library/Mobile Documents/com~apple~CloudDocs/bram/career_assessment/akasia_de/python-env/lib/python3.11/site-packages/airflow/example_dags/example_branch_operator_decorator.py
[2024-04-02T21:31:33.455+0800] {processor.py:830} INFO - Processing file /Users/kalerbramastha/Library/Mobile Documents/com~apple~CloudDocs/bram/career_assessment/akasia_de/python-env/lib/python3.11/site-packages/airflow/example_dags/example_branch_operator_decorator.py for tasks to queue
[2024-04-02T21:31:33.455+0800] {logging_mixin.py:188} INFO - [2024-04-02T21:31:33.455+0800] {dagbag.py:540} INFO - Filling up the DagBag from /Users/kalerbramastha/Library/Mobile Documents/com~apple~CloudDocs/bram/career_assessment/akasia_de/python-env/lib/python3.11/site-packages/airflow/example_dags/example_branch_operator_decorator.py
[2024-04-02T21:31:33.475+0800] {processor.py:840} INFO - DAG(s) 'example_branch_python_operator_decorator' retrieved from /Users/kalerbramastha/Library/Mobile Documents/com~apple~CloudDocs/bram/career_assessment/akasia_de/python-env/lib/python3.11/site-packages/airflow/example_dags/example_branch_operator_decorator.py
[2024-04-02T21:31:33.547+0800] {logging_mixin.py:188} INFO - [2024-04-02T21:31:33.547+0800] {dag.py:3047} INFO - Sync 1 DAGs
[2024-04-02T21:31:33.553+0800] {logging_mixin.py:188} INFO - [2024-04-02T21:31:33.553+0800] {dag.py:3834} INFO - Setting next_dagrun for example_branch_python_operator_decorator to 2024-04-01 00:00:00+00:00, run_after=2024-04-02 00:00:00+00:00
[2024-04-02T21:31:33.561+0800] {processor.py:183} INFO - Processing /Users/kalerbramastha/Library/Mobile Documents/com~apple~CloudDocs/bram/career_assessment/akasia_de/python-env/lib/python3.11/site-packages/airflow/example_dags/example_branch_operator_decorator.py took 0.108 seconds
