[2024-04-02T21:13:44.004+0800] {processor.py:161} INFO - Started process (PID=19119) to work on /Users/kalerbramastha/Library/Mobile Documents/com~apple~CloudDocs/bram/career_assessment/akasia_de/python-env/lib/python3.11/site-packages/airflow/example_dags/example_short_circuit_operator.py
[2024-04-02T21:13:44.005+0800] {processor.py:830} INFO - Processing file /Users/kalerbramastha/Library/Mobile Documents/com~apple~CloudDocs/bram/career_assessment/akasia_de/python-env/lib/python3.11/site-packages/airflow/example_dags/example_short_circuit_operator.py for tasks to queue
[2024-04-02T21:13:44.005+0800] {logging_mixin.py:188} INFO - [2024-04-02T21:13:44.005+0800] {dagbag.py:540} INFO - Filling up the DagBag from /Users/kalerbramastha/Library/Mobile Documents/com~apple~CloudDocs/bram/career_assessment/akasia_de/python-env/lib/python3.11/site-packages/airflow/example_dags/example_short_circuit_operator.py
[2024-04-02T21:13:44.017+0800] {processor.py:840} INFO - DAG(s) 'example_short_circuit_operator' retrieved from /Users/kalerbramastha/Library/Mobile Documents/com~apple~CloudDocs/bram/career_assessment/akasia_de/python-env/lib/python3.11/site-packages/airflow/example_dags/example_short_circuit_operator.py
[2024-04-02T21:13:44.090+0800] {logging_mixin.py:188} INFO - [2024-04-02T21:13:44.090+0800] {override.py:1769} INFO - Created Permission View: can delete on DAG:example_short_circuit_operator
[2024-04-02T21:13:44.094+0800] {logging_mixin.py:188} INFO - [2024-04-02T21:13:44.094+0800] {override.py:1769} INFO - Created Permission View: can read on DAG:example_short_circuit_operator
[2024-04-02T21:13:44.097+0800] {logging_mixin.py:188} INFO - [2024-04-02T21:13:44.097+0800] {override.py:1769} INFO - Created Permission View: can edit on DAG:example_short_circuit_operator
[2024-04-02T21:13:44.097+0800] {logging_mixin.py:188} INFO - [2024-04-02T21:13:44.097+0800] {dag.py:3047} INFO - Sync 1 DAGs
[2024-04-02T21:13:44.101+0800] {logging_mixin.py:188} INFO - [2024-04-02T21:13:44.101+0800] {dag.py:3069} INFO - Creating ORM DAG for example_short_circuit_operator
[2024-04-02T21:13:44.105+0800] {logging_mixin.py:188} INFO - [2024-04-02T21:13:44.105+0800] {dag.py:3834} INFO - Setting next_dagrun for example_short_circuit_operator to 2024-04-01 00:00:00+00:00, run_after=2024-04-02 00:00:00+00:00
[2024-04-02T21:13:44.113+0800] {processor.py:183} INFO - Processing /Users/kalerbramastha/Library/Mobile Documents/com~apple~CloudDocs/bram/career_assessment/akasia_de/python-env/lib/python3.11/site-packages/airflow/example_dags/example_short_circuit_operator.py took 0.109 seconds
[2024-04-02T21:15:23.218+0800] {processor.py:161} INFO - Started process (PID=19517) to work on /Users/kalerbramastha/Library/Mobile Documents/com~apple~CloudDocs/bram/career_assessment/akasia_de/python-env/lib/python3.11/site-packages/airflow/example_dags/example_short_circuit_operator.py
[2024-04-02T21:15:23.218+0800] {processor.py:830} INFO - Processing file /Users/kalerbramastha/Library/Mobile Documents/com~apple~CloudDocs/bram/career_assessment/akasia_de/python-env/lib/python3.11/site-packages/airflow/example_dags/example_short_circuit_operator.py for tasks to queue
[2024-04-02T21:15:23.219+0800] {logging_mixin.py:188} INFO - [2024-04-02T21:15:23.219+0800] {dagbag.py:540} INFO - Filling up the DagBag from /Users/kalerbramastha/Library/Mobile Documents/com~apple~CloudDocs/bram/career_assessment/akasia_de/python-env/lib/python3.11/site-packages/airflow/example_dags/example_short_circuit_operator.py
[2024-04-02T21:15:23.230+0800] {processor.py:840} INFO - DAG(s) 'example_short_circuit_operator' retrieved from /Users/kalerbramastha/Library/Mobile Documents/com~apple~CloudDocs/bram/career_assessment/akasia_de/python-env/lib/python3.11/site-packages/airflow/example_dags/example_short_circuit_operator.py
[2024-04-02T21:15:23.267+0800] {logging_mixin.py:188} INFO - [2024-04-02T21:15:23.267+0800] {dag.py:3047} INFO - Sync 1 DAGs
[2024-04-02T21:15:23.274+0800] {logging_mixin.py:188} INFO - [2024-04-02T21:15:23.274+0800] {dag.py:3834} INFO - Setting next_dagrun for example_short_circuit_operator to 2024-04-01 00:00:00+00:00, run_after=2024-04-02 00:00:00+00:00
[2024-04-02T21:15:23.282+0800] {processor.py:183} INFO - Processing /Users/kalerbramastha/Library/Mobile Documents/com~apple~CloudDocs/bram/career_assessment/akasia_de/python-env/lib/python3.11/site-packages/airflow/example_dags/example_short_circuit_operator.py took 0.065 seconds
[2024-04-02T21:19:01.340+0800] {processor.py:161} INFO - Started process (PID=20346) to work on /Users/kalerbramastha/Library/Mobile Documents/com~apple~CloudDocs/bram/career_assessment/akasia_de/python-env/lib/python3.11/site-packages/airflow/example_dags/example_short_circuit_operator.py
[2024-04-02T21:19:01.341+0800] {processor.py:830} INFO - Processing file /Users/kalerbramastha/Library/Mobile Documents/com~apple~CloudDocs/bram/career_assessment/akasia_de/python-env/lib/python3.11/site-packages/airflow/example_dags/example_short_circuit_operator.py for tasks to queue
[2024-04-02T21:19:01.341+0800] {logging_mixin.py:188} INFO - [2024-04-02T21:19:01.341+0800] {dagbag.py:540} INFO - Filling up the DagBag from /Users/kalerbramastha/Library/Mobile Documents/com~apple~CloudDocs/bram/career_assessment/akasia_de/python-env/lib/python3.11/site-packages/airflow/example_dags/example_short_circuit_operator.py
[2024-04-02T21:19:01.353+0800] {processor.py:840} INFO - DAG(s) 'example_short_circuit_operator' retrieved from /Users/kalerbramastha/Library/Mobile Documents/com~apple~CloudDocs/bram/career_assessment/akasia_de/python-env/lib/python3.11/site-packages/airflow/example_dags/example_short_circuit_operator.py
[2024-04-02T21:19:01.415+0800] {logging_mixin.py:188} INFO - [2024-04-02T21:19:01.415+0800] {dag.py:3047} INFO - Sync 1 DAGs
[2024-04-02T21:19:01.421+0800] {logging_mixin.py:188} INFO - [2024-04-02T21:19:01.421+0800] {dag.py:3834} INFO - Setting next_dagrun for example_short_circuit_operator to 2024-04-01 00:00:00+00:00, run_after=2024-04-02 00:00:00+00:00
[2024-04-02T21:19:01.429+0800] {processor.py:183} INFO - Processing /Users/kalerbramastha/Library/Mobile Documents/com~apple~CloudDocs/bram/career_assessment/akasia_de/python-env/lib/python3.11/site-packages/airflow/example_dags/example_short_circuit_operator.py took 0.090 seconds
[2024-04-02T21:20:38.256+0800] {processor.py:161} INFO - Started process (PID=20468) to work on /Users/kalerbramastha/Library/Mobile Documents/com~apple~CloudDocs/bram/career_assessment/akasia_de/python-env/lib/python3.11/site-packages/airflow/example_dags/example_short_circuit_operator.py
[2024-04-02T21:20:38.257+0800] {processor.py:830} INFO - Processing file /Users/kalerbramastha/Library/Mobile Documents/com~apple~CloudDocs/bram/career_assessment/akasia_de/python-env/lib/python3.11/site-packages/airflow/example_dags/example_short_circuit_operator.py for tasks to queue
[2024-04-02T21:20:38.257+0800] {logging_mixin.py:188} INFO - [2024-04-02T21:20:38.257+0800] {dagbag.py:540} INFO - Filling up the DagBag from /Users/kalerbramastha/Library/Mobile Documents/com~apple~CloudDocs/bram/career_assessment/akasia_de/python-env/lib/python3.11/site-packages/airflow/example_dags/example_short_circuit_operator.py
[2024-04-02T21:20:38.268+0800] {processor.py:840} INFO - DAG(s) 'example_short_circuit_operator' retrieved from /Users/kalerbramastha/Library/Mobile Documents/com~apple~CloudDocs/bram/career_assessment/akasia_de/python-env/lib/python3.11/site-packages/airflow/example_dags/example_short_circuit_operator.py
[2024-04-02T21:20:38.300+0800] {logging_mixin.py:188} INFO - [2024-04-02T21:20:38.299+0800] {dag.py:3047} INFO - Sync 1 DAGs
[2024-04-02T21:20:38.305+0800] {logging_mixin.py:188} INFO - [2024-04-02T21:20:38.305+0800] {dag.py:3834} INFO - Setting next_dagrun for example_short_circuit_operator to 2024-04-01 00:00:00+00:00, run_after=2024-04-02 00:00:00+00:00
[2024-04-02T21:20:38.312+0800] {processor.py:183} INFO - Processing /Users/kalerbramastha/Library/Mobile Documents/com~apple~CloudDocs/bram/career_assessment/akasia_de/python-env/lib/python3.11/site-packages/airflow/example_dags/example_short_circuit_operator.py took 0.057 seconds
[2024-04-02T21:30:49.792+0800] {processor.py:161} INFO - Started process (PID=22207) to work on /Users/kalerbramastha/Library/Mobile Documents/com~apple~CloudDocs/bram/career_assessment/akasia_de/python-env/lib/python3.11/site-packages/airflow/example_dags/example_short_circuit_operator.py
[2024-04-02T21:30:49.792+0800] {processor.py:830} INFO - Processing file /Users/kalerbramastha/Library/Mobile Documents/com~apple~CloudDocs/bram/career_assessment/akasia_de/python-env/lib/python3.11/site-packages/airflow/example_dags/example_short_circuit_operator.py for tasks to queue
[2024-04-02T21:30:49.793+0800] {logging_mixin.py:188} INFO - [2024-04-02T21:30:49.793+0800] {dagbag.py:540} INFO - Filling up the DagBag from /Users/kalerbramastha/Library/Mobile Documents/com~apple~CloudDocs/bram/career_assessment/akasia_de/python-env/lib/python3.11/site-packages/airflow/example_dags/example_short_circuit_operator.py
[2024-04-02T21:30:49.804+0800] {processor.py:840} INFO - DAG(s) 'example_short_circuit_operator' retrieved from /Users/kalerbramastha/Library/Mobile Documents/com~apple~CloudDocs/bram/career_assessment/akasia_de/python-env/lib/python3.11/site-packages/airflow/example_dags/example_short_circuit_operator.py
[2024-04-02T21:30:49.871+0800] {logging_mixin.py:188} INFO - [2024-04-02T21:30:49.871+0800] {dag.py:3047} INFO - Sync 1 DAGs
[2024-04-02T21:30:49.877+0800] {logging_mixin.py:188} INFO - [2024-04-02T21:30:49.877+0800] {dag.py:3834} INFO - Setting next_dagrun for example_short_circuit_operator to 2024-04-01 00:00:00+00:00, run_after=2024-04-02 00:00:00+00:00
[2024-04-02T21:30:49.885+0800] {processor.py:183} INFO - Processing /Users/kalerbramastha/Library/Mobile Documents/com~apple~CloudDocs/bram/career_assessment/akasia_de/python-env/lib/python3.11/site-packages/airflow/example_dags/example_short_circuit_operator.py took 0.094 seconds
[2024-04-02T21:32:20.068+0800] {processor.py:161} INFO - Started process (PID=22297) to work on /Users/kalerbramastha/Library/Mobile Documents/com~apple~CloudDocs/bram/career_assessment/akasia_de/python-env/lib/python3.11/site-packages/airflow/example_dags/example_short_circuit_operator.py
[2024-04-02T21:32:20.069+0800] {processor.py:830} INFO - Processing file /Users/kalerbramastha/Library/Mobile Documents/com~apple~CloudDocs/bram/career_assessment/akasia_de/python-env/lib/python3.11/site-packages/airflow/example_dags/example_short_circuit_operator.py for tasks to queue
[2024-04-02T21:32:20.069+0800] {logging_mixin.py:188} INFO - [2024-04-02T21:32:20.069+0800] {dagbag.py:540} INFO - Filling up the DagBag from /Users/kalerbramastha/Library/Mobile Documents/com~apple~CloudDocs/bram/career_assessment/akasia_de/python-env/lib/python3.11/site-packages/airflow/example_dags/example_short_circuit_operator.py
[2024-04-02T21:32:20.080+0800] {processor.py:840} INFO - DAG(s) 'example_short_circuit_operator' retrieved from /Users/kalerbramastha/Library/Mobile Documents/com~apple~CloudDocs/bram/career_assessment/akasia_de/python-env/lib/python3.11/site-packages/airflow/example_dags/example_short_circuit_operator.py
[2024-04-02T21:32:20.114+0800] {logging_mixin.py:188} INFO - [2024-04-02T21:32:20.114+0800] {dag.py:3047} INFO - Sync 1 DAGs
[2024-04-02T21:32:20.120+0800] {logging_mixin.py:188} INFO - [2024-04-02T21:32:20.120+0800] {dag.py:3834} INFO - Setting next_dagrun for example_short_circuit_operator to 2024-04-01 00:00:00+00:00, run_after=2024-04-02 00:00:00+00:00
[2024-04-02T21:32:20.128+0800] {processor.py:183} INFO - Processing /Users/kalerbramastha/Library/Mobile Documents/com~apple~CloudDocs/bram/career_assessment/akasia_de/python-env/lib/python3.11/site-packages/airflow/example_dags/example_short_circuit_operator.py took 0.060 seconds
