[2024-04-02T21:14:34.364+0800] {processor.py:161} INFO - Started process (PID=19330) to work on /Users/kalerbramastha/Library/Mobile Documents/com~apple~CloudDocs/bram/career_assessment/akasia_de/python-env/lib/python3.11/site-packages/airflow/example_dags/example_branch_operator.py
[2024-04-02T21:14:34.365+0800] {processor.py:830} INFO - Processing file /Users/kalerbramastha/Library/Mobile Documents/com~apple~CloudDocs/bram/career_assessment/akasia_de/python-env/lib/python3.11/site-packages/airflow/example_dags/example_branch_operator.py for tasks to queue
[2024-04-02T21:14:34.365+0800] {logging_mixin.py:188} INFO - [2024-04-02T21:14:34.365+0800] {dagbag.py:540} INFO - Filling up the DagBag from /Users/kalerbramastha/Library/Mobile Documents/com~apple~CloudDocs/bram/career_assessment/akasia_de/python-env/lib/python3.11/site-packages/airflow/example_dags/example_branch_operator.py
[2024-04-02T21:14:34.381+0800] {processor.py:840} INFO - DAG(s) 'example_branch_operator' retrieved from /Users/kalerbramastha/Library/Mobile Documents/com~apple~CloudDocs/bram/career_assessment/akasia_de/python-env/lib/python3.11/site-packages/airflow/example_dags/example_branch_operator.py
[2024-04-02T21:14:34.456+0800] {logging_mixin.py:188} INFO - [2024-04-02T21:14:34.456+0800] {override.py:1769} INFO - Created Permission View: can delete on DAG:example_branch_operator
[2024-04-02T21:14:34.460+0800] {logging_mixin.py:188} INFO - [2024-04-02T21:14:34.460+0800] {override.py:1769} INFO - Created Permission View: can edit on DAG:example_branch_operator
[2024-04-02T21:14:34.463+0800] {logging_mixin.py:188} INFO - [2024-04-02T21:14:34.463+0800] {override.py:1769} INFO - Created Permission View: can read on DAG:example_branch_operator
[2024-04-02T21:14:34.463+0800] {logging_mixin.py:188} INFO - [2024-04-02T21:14:34.463+0800] {dag.py:3047} INFO - Sync 1 DAGs
[2024-04-02T21:14:34.468+0800] {logging_mixin.py:188} INFO - [2024-04-02T21:14:34.468+0800] {dag.py:3069} INFO - Creating ORM DAG for example_branch_operator
[2024-04-02T21:14:34.471+0800] {logging_mixin.py:188} INFO - [2024-04-02T21:14:34.471+0800] {dag.py:3834} INFO - Setting next_dagrun for example_branch_operator to 2024-04-01 00:00:00+00:00, run_after=2024-04-02 00:00:00+00:00
[2024-04-02T21:14:34.479+0800] {processor.py:183} INFO - Processing /Users/kalerbramastha/Library/Mobile Documents/com~apple~CloudDocs/bram/career_assessment/akasia_de/python-env/lib/python3.11/site-packages/airflow/example_dags/example_branch_operator.py took 0.115 seconds
[2024-04-02T21:19:48.650+0800] {processor.py:161} INFO - Started process (PID=20397) to work on /Users/kalerbramastha/Library/Mobile Documents/com~apple~CloudDocs/bram/career_assessment/akasia_de/python-env/lib/python3.11/site-packages/airflow/example_dags/example_branch_operator.py
[2024-04-02T21:19:48.651+0800] {processor.py:830} INFO - Processing file /Users/kalerbramastha/Library/Mobile Documents/com~apple~CloudDocs/bram/career_assessment/akasia_de/python-env/lib/python3.11/site-packages/airflow/example_dags/example_branch_operator.py for tasks to queue
[2024-04-02T21:19:48.651+0800] {logging_mixin.py:188} INFO - [2024-04-02T21:19:48.651+0800] {dagbag.py:540} INFO - Filling up the DagBag from /Users/kalerbramastha/Library/Mobile Documents/com~apple~CloudDocs/bram/career_assessment/akasia_de/python-env/lib/python3.11/site-packages/airflow/example_dags/example_branch_operator.py
[2024-04-02T21:19:48.664+0800] {processor.py:840} INFO - DAG(s) 'example_branch_operator' retrieved from /Users/kalerbramastha/Library/Mobile Documents/com~apple~CloudDocs/bram/career_assessment/akasia_de/python-env/lib/python3.11/site-packages/airflow/example_dags/example_branch_operator.py
[2024-04-02T21:19:48.727+0800] {logging_mixin.py:188} INFO - [2024-04-02T21:19:48.727+0800] {dag.py:3047} INFO - Sync 1 DAGs
[2024-04-02T21:19:48.733+0800] {logging_mixin.py:188} INFO - [2024-04-02T21:19:48.733+0800] {dag.py:3834} INFO - Setting next_dagrun for example_branch_operator to 2024-04-01 00:00:00+00:00, run_after=2024-04-02 00:00:00+00:00
[2024-04-02T21:19:48.741+0800] {processor.py:183} INFO - Processing /Users/kalerbramastha/Library/Mobile Documents/com~apple~CloudDocs/bram/career_assessment/akasia_de/python-env/lib/python3.11/site-packages/airflow/example_dags/example_branch_operator.py took 0.092 seconds
[2024-04-02T21:31:35.558+0800] {processor.py:161} INFO - Started process (PID=22253) to work on /Users/kalerbramastha/Library/Mobile Documents/com~apple~CloudDocs/bram/career_assessment/akasia_de/python-env/lib/python3.11/site-packages/airflow/example_dags/example_branch_operator.py
[2024-04-02T21:31:35.559+0800] {processor.py:830} INFO - Processing file /Users/kalerbramastha/Library/Mobile Documents/com~apple~CloudDocs/bram/career_assessment/akasia_de/python-env/lib/python3.11/site-packages/airflow/example_dags/example_branch_operator.py for tasks to queue
[2024-04-02T21:31:35.559+0800] {logging_mixin.py:188} INFO - [2024-04-02T21:31:35.559+0800] {dagbag.py:540} INFO - Filling up the DagBag from /Users/kalerbramastha/Library/Mobile Documents/com~apple~CloudDocs/bram/career_assessment/akasia_de/python-env/lib/python3.11/site-packages/airflow/example_dags/example_branch_operator.py
[2024-04-02T21:31:35.576+0800] {processor.py:840} INFO - DAG(s) 'example_branch_operator' retrieved from /Users/kalerbramastha/Library/Mobile Documents/com~apple~CloudDocs/bram/career_assessment/akasia_de/python-env/lib/python3.11/site-packages/airflow/example_dags/example_branch_operator.py
[2024-04-02T21:31:35.657+0800] {logging_mixin.py:188} INFO - [2024-04-02T21:31:35.657+0800] {dag.py:3047} INFO - Sync 1 DAGs
[2024-04-02T21:31:35.664+0800] {logging_mixin.py:188} INFO - [2024-04-02T21:31:35.664+0800] {dag.py:3834} INFO - Setting next_dagrun for example_branch_operator to 2024-04-01 00:00:00+00:00, run_after=2024-04-02 00:00:00+00:00
[2024-04-02T21:31:35.671+0800] {processor.py:183} INFO - Processing /Users/kalerbramastha/Library/Mobile Documents/com~apple~CloudDocs/bram/career_assessment/akasia_de/python-env/lib/python3.11/site-packages/airflow/example_dags/example_branch_operator.py took 0.114 seconds
