[2024-04-02T21:14:26.130+0800] {processor.py:161} INFO - Started process (PID=19325) to work on /Users/kalerbramastha/Library/Mobile Documents/com~apple~CloudDocs/bram/career_assessment/akasia_de/python-env/lib/python3.11/site-packages/airflow/example_dags/example_dag_decorator.py
[2024-04-02T21:14:26.131+0800] {processor.py:830} INFO - Processing file /Users/kalerbramastha/Library/Mobile Documents/com~apple~CloudDocs/bram/career_assessment/akasia_de/python-env/lib/python3.11/site-packages/airflow/example_dags/example_dag_decorator.py for tasks to queue
[2024-04-02T21:14:26.131+0800] {logging_mixin.py:188} INFO - [2024-04-02T21:14:26.131+0800] {dagbag.py:540} INFO - Filling up the DagBag from /Users/kalerbramastha/Library/Mobile Documents/com~apple~CloudDocs/bram/career_assessment/akasia_de/python-env/lib/python3.11/site-packages/airflow/example_dags/example_dag_decorator.py
[2024-04-02T21:14:26.217+0800] {processor.py:840} INFO - DAG(s) 'example_dag_decorator' retrieved from /Users/kalerbramastha/Library/Mobile Documents/com~apple~CloudDocs/bram/career_assessment/akasia_de/python-env/lib/python3.11/site-packages/airflow/example_dags/example_dag_decorator.py
[2024-04-02T21:14:26.285+0800] {logging_mixin.py:188} INFO - [2024-04-02T21:14:26.285+0800] {override.py:1769} INFO - Created Permission View: can delete on DAG:example_dag_decorator
[2024-04-02T21:14:26.289+0800] {logging_mixin.py:188} INFO - [2024-04-02T21:14:26.289+0800] {override.py:1769} INFO - Created Permission View: can edit on DAG:example_dag_decorator
[2024-04-02T21:14:26.292+0800] {logging_mixin.py:188} INFO - [2024-04-02T21:14:26.292+0800] {override.py:1769} INFO - Created Permission View: can read on DAG:example_dag_decorator
[2024-04-02T21:14:26.292+0800] {logging_mixin.py:188} INFO - [2024-04-02T21:14:26.292+0800] {dag.py:3047} INFO - Sync 1 DAGs
[2024-04-02T21:14:26.296+0800] {logging_mixin.py:188} INFO - [2024-04-02T21:14:26.296+0800] {dag.py:3069} INFO - Creating ORM DAG for example_dag_decorator
[2024-04-02T21:14:26.296+0800] {logging_mixin.py:188} INFO - [2024-04-02T21:14:26.296+0800] {dag.py:3834} INFO - Setting next_dagrun for example_dag_decorator to None, run_after=None
[2024-04-02T21:14:26.304+0800] {processor.py:183} INFO - Processing /Users/kalerbramastha/Library/Mobile Documents/com~apple~CloudDocs/bram/career_assessment/akasia_de/python-env/lib/python3.11/site-packages/airflow/example_dags/example_dag_decorator.py took 0.174 seconds
[2024-04-02T21:16:42.631+0800] {processor.py:161} INFO - Started process (PID=19969) to work on /Users/kalerbramastha/Library/Mobile Documents/com~apple~CloudDocs/bram/career_assessment/akasia_de/python-env/lib/python3.11/site-packages/airflow/example_dags/example_dag_decorator.py
[2024-04-02T21:16:42.631+0800] {processor.py:830} INFO - Processing file /Users/kalerbramastha/Library/Mobile Documents/com~apple~CloudDocs/bram/career_assessment/akasia_de/python-env/lib/python3.11/site-packages/airflow/example_dags/example_dag_decorator.py for tasks to queue
[2024-04-02T21:16:42.631+0800] {logging_mixin.py:188} INFO - [2024-04-02T21:16:42.631+0800] {dagbag.py:540} INFO - Filling up the DagBag from /Users/kalerbramastha/Library/Mobile Documents/com~apple~CloudDocs/bram/career_assessment/akasia_de/python-env/lib/python3.11/site-packages/airflow/example_dags/example_dag_decorator.py
[2024-04-02T21:16:42.722+0800] {processor.py:840} INFO - DAG(s) 'example_dag_decorator' retrieved from /Users/kalerbramastha/Library/Mobile Documents/com~apple~CloudDocs/bram/career_assessment/akasia_de/python-env/lib/python3.11/site-packages/airflow/example_dags/example_dag_decorator.py
[2024-04-02T21:16:42.791+0800] {logging_mixin.py:188} INFO - [2024-04-02T21:16:42.791+0800] {dag.py:3047} INFO - Sync 1 DAGs
[2024-04-02T21:16:42.794+0800] {logging_mixin.py:188} INFO - [2024-04-02T21:16:42.794+0800] {dag.py:3834} INFO - Setting next_dagrun for example_dag_decorator to None, run_after=None
[2024-04-02T21:16:42.802+0800] {processor.py:183} INFO - Processing /Users/kalerbramastha/Library/Mobile Documents/com~apple~CloudDocs/bram/career_assessment/akasia_de/python-env/lib/python3.11/site-packages/airflow/example_dags/example_dag_decorator.py took 0.172 seconds
[2024-04-02T21:19:40.494+0800] {processor.py:161} INFO - Started process (PID=20389) to work on /Users/kalerbramastha/Library/Mobile Documents/com~apple~CloudDocs/bram/career_assessment/akasia_de/python-env/lib/python3.11/site-packages/airflow/example_dags/example_dag_decorator.py
[2024-04-02T21:19:40.495+0800] {processor.py:830} INFO - Processing file /Users/kalerbramastha/Library/Mobile Documents/com~apple~CloudDocs/bram/career_assessment/akasia_de/python-env/lib/python3.11/site-packages/airflow/example_dags/example_dag_decorator.py for tasks to queue
[2024-04-02T21:19:40.495+0800] {logging_mixin.py:188} INFO - [2024-04-02T21:19:40.495+0800] {dagbag.py:540} INFO - Filling up the DagBag from /Users/kalerbramastha/Library/Mobile Documents/com~apple~CloudDocs/bram/career_assessment/akasia_de/python-env/lib/python3.11/site-packages/airflow/example_dags/example_dag_decorator.py
[2024-04-02T21:19:40.573+0800] {processor.py:840} INFO - DAG(s) 'example_dag_decorator' retrieved from /Users/kalerbramastha/Library/Mobile Documents/com~apple~CloudDocs/bram/career_assessment/akasia_de/python-env/lib/python3.11/site-packages/airflow/example_dags/example_dag_decorator.py
[2024-04-02T21:19:40.633+0800] {logging_mixin.py:188} INFO - [2024-04-02T21:19:40.632+0800] {dag.py:3047} INFO - Sync 1 DAGs
[2024-04-02T21:19:40.636+0800] {logging_mixin.py:188} INFO - [2024-04-02T21:19:40.635+0800] {dag.py:3834} INFO - Setting next_dagrun for example_dag_decorator to None, run_after=None
[2024-04-02T21:19:40.642+0800] {processor.py:183} INFO - Processing /Users/kalerbramastha/Library/Mobile Documents/com~apple~CloudDocs/bram/career_assessment/akasia_de/python-env/lib/python3.11/site-packages/airflow/example_dags/example_dag_decorator.py took 0.149 seconds
[2024-04-02T21:31:27.289+0800] {processor.py:161} INFO - Started process (PID=22248) to work on /Users/kalerbramastha/Library/Mobile Documents/com~apple~CloudDocs/bram/career_assessment/akasia_de/python-env/lib/python3.11/site-packages/airflow/example_dags/example_dag_decorator.py
[2024-04-02T21:31:27.290+0800] {processor.py:830} INFO - Processing file /Users/kalerbramastha/Library/Mobile Documents/com~apple~CloudDocs/bram/career_assessment/akasia_de/python-env/lib/python3.11/site-packages/airflow/example_dags/example_dag_decorator.py for tasks to queue
[2024-04-02T21:31:27.290+0800] {logging_mixin.py:188} INFO - [2024-04-02T21:31:27.290+0800] {dagbag.py:540} INFO - Filling up the DagBag from /Users/kalerbramastha/Library/Mobile Documents/com~apple~CloudDocs/bram/career_assessment/akasia_de/python-env/lib/python3.11/site-packages/airflow/example_dags/example_dag_decorator.py
[2024-04-02T21:31:27.373+0800] {processor.py:840} INFO - DAG(s) 'example_dag_decorator' retrieved from /Users/kalerbramastha/Library/Mobile Documents/com~apple~CloudDocs/bram/career_assessment/akasia_de/python-env/lib/python3.11/site-packages/airflow/example_dags/example_dag_decorator.py
[2024-04-02T21:31:27.438+0800] {logging_mixin.py:188} INFO - [2024-04-02T21:31:27.438+0800] {dag.py:3047} INFO - Sync 1 DAGs
[2024-04-02T21:31:27.441+0800] {logging_mixin.py:188} INFO - [2024-04-02T21:31:27.441+0800] {dag.py:3834} INFO - Setting next_dagrun for example_dag_decorator to None, run_after=None
[2024-04-02T21:31:27.449+0800] {processor.py:183} INFO - Processing /Users/kalerbramastha/Library/Mobile Documents/com~apple~CloudDocs/bram/career_assessment/akasia_de/python-env/lib/python3.11/site-packages/airflow/example_dags/example_dag_decorator.py took 0.161 seconds
