[2024-04-02T21:14:42.825+0800] {processor.py:161} INFO - Started process (PID=19342) to work on /Users/kalerbramastha/Library/Mobile Documents/com~apple~CloudDocs/bram/career_assessment/akasia_de/python-env/lib/python3.11/site-packages/airflow/example_dags/example_bash_operator.py
[2024-04-02T21:14:42.826+0800] {processor.py:830} INFO - Processing file /Users/kalerbramastha/Library/Mobile Documents/com~apple~CloudDocs/bram/career_assessment/akasia_de/python-env/lib/python3.11/site-packages/airflow/example_dags/example_bash_operator.py for tasks to queue
[2024-04-02T21:14:42.827+0800] {logging_mixin.py:188} INFO - [2024-04-02T21:14:42.826+0800] {dagbag.py:540} INFO - Filling up the DagBag from /Users/kalerbramastha/Library/Mobile Documents/com~apple~CloudDocs/bram/career_assessment/akasia_de/python-env/lib/python3.11/site-packages/airflow/example_dags/example_bash_operator.py
[2024-04-02T21:14:42.837+0800] {processor.py:840} INFO - DAG(s) 'example_bash_operator' retrieved from /Users/kalerbramastha/Library/Mobile Documents/com~apple~CloudDocs/bram/career_assessment/akasia_de/python-env/lib/python3.11/site-packages/airflow/example_dags/example_bash_operator.py
[2024-04-02T21:14:42.915+0800] {logging_mixin.py:188} INFO - [2024-04-02T21:14:42.915+0800] {override.py:1769} INFO - Created Permission View: can edit on DAG:example_bash_operator
[2024-04-02T21:14:42.920+0800] {logging_mixin.py:188} INFO - [2024-04-02T21:14:42.920+0800] {override.py:1769} INFO - Created Permission View: can read on DAG:example_bash_operator
[2024-04-02T21:14:42.923+0800] {logging_mixin.py:188} INFO - [2024-04-02T21:14:42.923+0800] {override.py:1769} INFO - Created Permission View: can delete on DAG:example_bash_operator
[2024-04-02T21:14:42.923+0800] {logging_mixin.py:188} INFO - [2024-04-02T21:14:42.923+0800] {dag.py:3047} INFO - Sync 1 DAGs
[2024-04-02T21:14:42.927+0800] {logging_mixin.py:188} INFO - [2024-04-02T21:14:42.927+0800] {dag.py:3069} INFO - Creating ORM DAG for example_bash_operator
[2024-04-02T21:14:42.930+0800] {logging_mixin.py:188} INFO - [2024-04-02T21:14:42.930+0800] {dag.py:3834} INFO - Setting next_dagrun for example_bash_operator to 2024-04-01 00:00:00+00:00, run_after=2024-04-02 00:00:00+00:00
[2024-04-02T21:14:42.938+0800] {processor.py:183} INFO - Processing /Users/kalerbramastha/Library/Mobile Documents/com~apple~CloudDocs/bram/career_assessment/akasia_de/python-env/lib/python3.11/site-packages/airflow/example_dags/example_bash_operator.py took 0.114 seconds
[2024-04-02T21:19:56.582+0800] {processor.py:161} INFO - Started process (PID=20412) to work on /Users/kalerbramastha/Library/Mobile Documents/com~apple~CloudDocs/bram/career_assessment/akasia_de/python-env/lib/python3.11/site-packages/airflow/example_dags/example_bash_operator.py
[2024-04-02T21:19:56.582+0800] {processor.py:830} INFO - Processing file /Users/kalerbramastha/Library/Mobile Documents/com~apple~CloudDocs/bram/career_assessment/akasia_de/python-env/lib/python3.11/site-packages/airflow/example_dags/example_bash_operator.py for tasks to queue
[2024-04-02T21:19:56.583+0800] {logging_mixin.py:188} INFO - [2024-04-02T21:19:56.583+0800] {dagbag.py:540} INFO - Filling up the DagBag from /Users/kalerbramastha/Library/Mobile Documents/com~apple~CloudDocs/bram/career_assessment/akasia_de/python-env/lib/python3.11/site-packages/airflow/example_dags/example_bash_operator.py
[2024-04-02T21:19:56.588+0800] {processor.py:840} INFO - DAG(s) 'example_bash_operator' retrieved from /Users/kalerbramastha/Library/Mobile Documents/com~apple~CloudDocs/bram/career_assessment/akasia_de/python-env/lib/python3.11/site-packages/airflow/example_dags/example_bash_operator.py
[2024-04-02T21:19:56.650+0800] {logging_mixin.py:188} INFO - [2024-04-02T21:19:56.650+0800] {dag.py:3047} INFO - Sync 1 DAGs
[2024-04-02T21:19:56.656+0800] {logging_mixin.py:188} INFO - [2024-04-02T21:19:56.656+0800] {dag.py:3834} INFO - Setting next_dagrun for example_bash_operator to 2024-04-01 00:00:00+00:00, run_after=2024-04-02 00:00:00+00:00
[2024-04-02T21:19:56.663+0800] {processor.py:183} INFO - Processing /Users/kalerbramastha/Library/Mobile Documents/com~apple~CloudDocs/bram/career_assessment/akasia_de/python-env/lib/python3.11/site-packages/airflow/example_dags/example_bash_operator.py took 0.082 seconds
[2024-04-02T21:31:43.713+0800] {processor.py:161} INFO - Started process (PID=22259) to work on /Users/kalerbramastha/Library/Mobile Documents/com~apple~CloudDocs/bram/career_assessment/akasia_de/python-env/lib/python3.11/site-packages/airflow/example_dags/example_bash_operator.py
[2024-04-02T21:31:43.715+0800] {processor.py:830} INFO - Processing file /Users/kalerbramastha/Library/Mobile Documents/com~apple~CloudDocs/bram/career_assessment/akasia_de/python-env/lib/python3.11/site-packages/airflow/example_dags/example_bash_operator.py for tasks to queue
[2024-04-02T21:31:43.716+0800] {logging_mixin.py:188} INFO - [2024-04-02T21:31:43.716+0800] {dagbag.py:540} INFO - Filling up the DagBag from /Users/kalerbramastha/Library/Mobile Documents/com~apple~CloudDocs/bram/career_assessment/akasia_de/python-env/lib/python3.11/site-packages/airflow/example_dags/example_bash_operator.py
[2024-04-02T21:31:43.722+0800] {processor.py:840} INFO - DAG(s) 'example_bash_operator' retrieved from /Users/kalerbramastha/Library/Mobile Documents/com~apple~CloudDocs/bram/career_assessment/akasia_de/python-env/lib/python3.11/site-packages/airflow/example_dags/example_bash_operator.py
[2024-04-02T21:31:43.793+0800] {logging_mixin.py:188} INFO - [2024-04-02T21:31:43.793+0800] {dag.py:3047} INFO - Sync 1 DAGs
[2024-04-02T21:31:43.799+0800] {logging_mixin.py:188} INFO - [2024-04-02T21:31:43.799+0800] {dag.py:3834} INFO - Setting next_dagrun for example_bash_operator to 2024-04-01 00:00:00+00:00, run_after=2024-04-02 00:00:00+00:00
[2024-04-02T21:31:43.806+0800] {processor.py:183} INFO - Processing /Users/kalerbramastha/Library/Mobile Documents/com~apple~CloudDocs/bram/career_assessment/akasia_de/python-env/lib/python3.11/site-packages/airflow/example_dags/example_bash_operator.py took 0.094 seconds
