[2024-04-02T21:14:06.482+0800] {processor.py:161} INFO - Started process (PID=19286) to work on /Users/kalerbramastha/Library/Mobile Documents/com~apple~CloudDocs/bram/career_assessment/akasia_de/python-env/lib/python3.11/site-packages/airflow/example_dags/example_params_trigger_ui.py
[2024-04-02T21:14:06.483+0800] {processor.py:830} INFO - Processing file /Users/kalerbramastha/Library/Mobile Documents/com~apple~CloudDocs/bram/career_assessment/akasia_de/python-env/lib/python3.11/site-packages/airflow/example_dags/example_params_trigger_ui.py for tasks to queue
[2024-04-02T21:14:06.484+0800] {logging_mixin.py:188} INFO - [2024-04-02T21:14:06.484+0800] {dagbag.py:540} INFO - Filling up the DagBag from /Users/kalerbramastha/Library/Mobile Documents/com~apple~CloudDocs/bram/career_assessment/akasia_de/python-env/lib/python3.11/site-packages/airflow/example_dags/example_params_trigger_ui.py
[2024-04-02T21:14:06.504+0800] {processor.py:840} INFO - DAG(s) 'example_params_trigger_ui' retrieved from /Users/kalerbramastha/Library/Mobile Documents/com~apple~CloudDocs/bram/career_assessment/akasia_de/python-env/lib/python3.11/site-packages/airflow/example_dags/example_params_trigger_ui.py
[2024-04-02T21:14:06.596+0800] {logging_mixin.py:188} INFO - [2024-04-02T21:14:06.595+0800] {override.py:1769} INFO - Created Permission View: can read on DAG:example_params_trigger_ui
[2024-04-02T21:14:06.601+0800] {logging_mixin.py:188} INFO - [2024-04-02T21:14:06.601+0800] {override.py:1769} INFO - Created Permission View: can delete on DAG:example_params_trigger_ui
[2024-04-02T21:14:06.605+0800] {logging_mixin.py:188} INFO - [2024-04-02T21:14:06.605+0800] {override.py:1769} INFO - Created Permission View: can edit on DAG:example_params_trigger_ui
[2024-04-02T21:14:06.605+0800] {logging_mixin.py:188} INFO - [2024-04-02T21:14:06.605+0800] {dag.py:3047} INFO - Sync 1 DAGs
[2024-04-02T21:14:06.610+0800] {logging_mixin.py:188} INFO - [2024-04-02T21:14:06.610+0800] {dag.py:3069} INFO - Creating ORM DAG for example_params_trigger_ui
[2024-04-02T21:14:06.610+0800] {logging_mixin.py:188} INFO - [2024-04-02T21:14:06.610+0800] {dag.py:3834} INFO - Setting next_dagrun for example_params_trigger_ui to None, run_after=None
[2024-04-02T21:14:06.619+0800] {processor.py:183} INFO - Processing /Users/kalerbramastha/Library/Mobile Documents/com~apple~CloudDocs/bram/career_assessment/akasia_de/python-env/lib/python3.11/site-packages/airflow/example_dags/example_params_trigger_ui.py took 0.137 seconds
[2024-04-02T21:15:43.192+0800] {processor.py:161} INFO - Started process (PID=19727) to work on /Users/kalerbramastha/Library/Mobile Documents/com~apple~CloudDocs/bram/career_assessment/akasia_de/python-env/lib/python3.11/site-packages/airflow/example_dags/example_params_trigger_ui.py
[2024-04-02T21:15:43.193+0800] {processor.py:830} INFO - Processing file /Users/kalerbramastha/Library/Mobile Documents/com~apple~CloudDocs/bram/career_assessment/akasia_de/python-env/lib/python3.11/site-packages/airflow/example_dags/example_params_trigger_ui.py for tasks to queue
[2024-04-02T21:15:43.193+0800] {logging_mixin.py:188} INFO - [2024-04-02T21:15:43.193+0800] {dagbag.py:540} INFO - Filling up the DagBag from /Users/kalerbramastha/Library/Mobile Documents/com~apple~CloudDocs/bram/career_assessment/akasia_de/python-env/lib/python3.11/site-packages/airflow/example_dags/example_params_trigger_ui.py
[2024-04-02T21:15:43.210+0800] {processor.py:840} INFO - DAG(s) 'example_params_trigger_ui' retrieved from /Users/kalerbramastha/Library/Mobile Documents/com~apple~CloudDocs/bram/career_assessment/akasia_de/python-env/lib/python3.11/site-packages/airflow/example_dags/example_params_trigger_ui.py
[2024-04-02T21:15:43.250+0800] {logging_mixin.py:188} INFO - [2024-04-02T21:15:43.250+0800] {dag.py:3047} INFO - Sync 1 DAGs
[2024-04-02T21:15:43.254+0800] {logging_mixin.py:188} INFO - [2024-04-02T21:15:43.253+0800] {dag.py:3834} INFO - Setting next_dagrun for example_params_trigger_ui to None, run_after=None
[2024-04-02T21:15:43.261+0800] {processor.py:183} INFO - Processing /Users/kalerbramastha/Library/Mobile Documents/com~apple~CloudDocs/bram/career_assessment/akasia_de/python-env/lib/python3.11/site-packages/airflow/example_dags/example_params_trigger_ui.py took 0.069 seconds
[2024-04-02T21:19:20.444+0800] {processor.py:161} INFO - Started process (PID=20368) to work on /Users/kalerbramastha/Library/Mobile Documents/com~apple~CloudDocs/bram/career_assessment/akasia_de/python-env/lib/python3.11/site-packages/airflow/example_dags/example_params_trigger_ui.py
[2024-04-02T21:19:20.445+0800] {processor.py:830} INFO - Processing file /Users/kalerbramastha/Library/Mobile Documents/com~apple~CloudDocs/bram/career_assessment/akasia_de/python-env/lib/python3.11/site-packages/airflow/example_dags/example_params_trigger_ui.py for tasks to queue
[2024-04-02T21:19:20.445+0800] {logging_mixin.py:188} INFO - [2024-04-02T21:19:20.445+0800] {dagbag.py:540} INFO - Filling up the DagBag from /Users/kalerbramastha/Library/Mobile Documents/com~apple~CloudDocs/bram/career_assessment/akasia_de/python-env/lib/python3.11/site-packages/airflow/example_dags/example_params_trigger_ui.py
[2024-04-02T21:19:20.460+0800] {processor.py:840} INFO - DAG(s) 'example_params_trigger_ui' retrieved from /Users/kalerbramastha/Library/Mobile Documents/com~apple~CloudDocs/bram/career_assessment/akasia_de/python-env/lib/python3.11/site-packages/airflow/example_dags/example_params_trigger_ui.py
[2024-04-02T21:19:20.528+0800] {logging_mixin.py:188} INFO - [2024-04-02T21:19:20.527+0800] {dag.py:3047} INFO - Sync 1 DAGs
[2024-04-02T21:19:20.531+0800] {logging_mixin.py:188} INFO - [2024-04-02T21:19:20.531+0800] {dag.py:3834} INFO - Setting next_dagrun for example_params_trigger_ui to None, run_after=None
[2024-04-02T21:19:20.538+0800] {processor.py:183} INFO - Processing /Users/kalerbramastha/Library/Mobile Documents/com~apple~CloudDocs/bram/career_assessment/akasia_de/python-env/lib/python3.11/site-packages/airflow/example_dags/example_params_trigger_ui.py took 0.094 seconds
[2024-04-02T21:20:57.247+0800] {processor.py:161} INFO - Started process (PID=20483) to work on /Users/kalerbramastha/Library/Mobile Documents/com~apple~CloudDocs/bram/career_assessment/akasia_de/python-env/lib/python3.11/site-packages/airflow/example_dags/example_params_trigger_ui.py
[2024-04-02T21:20:57.247+0800] {processor.py:830} INFO - Processing file /Users/kalerbramastha/Library/Mobile Documents/com~apple~CloudDocs/bram/career_assessment/akasia_de/python-env/lib/python3.11/site-packages/airflow/example_dags/example_params_trigger_ui.py for tasks to queue
[2024-04-02T21:20:57.247+0800] {logging_mixin.py:188} INFO - [2024-04-02T21:20:57.247+0800] {dagbag.py:540} INFO - Filling up the DagBag from /Users/kalerbramastha/Library/Mobile Documents/com~apple~CloudDocs/bram/career_assessment/akasia_de/python-env/lib/python3.11/site-packages/airflow/example_dags/example_params_trigger_ui.py
[2024-04-02T21:20:57.262+0800] {processor.py:840} INFO - DAG(s) 'example_params_trigger_ui' retrieved from /Users/kalerbramastha/Library/Mobile Documents/com~apple~CloudDocs/bram/career_assessment/akasia_de/python-env/lib/python3.11/site-packages/airflow/example_dags/example_params_trigger_ui.py
[2024-04-02T21:20:57.300+0800] {logging_mixin.py:188} INFO - [2024-04-02T21:20:57.300+0800] {dag.py:3047} INFO - Sync 1 DAGs
[2024-04-02T21:20:57.304+0800] {logging_mixin.py:188} INFO - [2024-04-02T21:20:57.304+0800] {dag.py:3834} INFO - Setting next_dagrun for example_params_trigger_ui to None, run_after=None
[2024-04-02T21:20:57.311+0800] {processor.py:183} INFO - Processing /Users/kalerbramastha/Library/Mobile Documents/com~apple~CloudDocs/bram/career_assessment/akasia_de/python-env/lib/python3.11/site-packages/airflow/example_dags/example_params_trigger_ui.py took 0.065 seconds
[2024-04-02T21:31:09.044+0800] {processor.py:161} INFO - Started process (PID=22226) to work on /Users/kalerbramastha/Library/Mobile Documents/com~apple~CloudDocs/bram/career_assessment/akasia_de/python-env/lib/python3.11/site-packages/airflow/example_dags/example_params_trigger_ui.py
[2024-04-02T21:31:09.044+0800] {processor.py:830} INFO - Processing file /Users/kalerbramastha/Library/Mobile Documents/com~apple~CloudDocs/bram/career_assessment/akasia_de/python-env/lib/python3.11/site-packages/airflow/example_dags/example_params_trigger_ui.py for tasks to queue
[2024-04-02T21:31:09.045+0800] {logging_mixin.py:188} INFO - [2024-04-02T21:31:09.045+0800] {dagbag.py:540} INFO - Filling up the DagBag from /Users/kalerbramastha/Library/Mobile Documents/com~apple~CloudDocs/bram/career_assessment/akasia_de/python-env/lib/python3.11/site-packages/airflow/example_dags/example_params_trigger_ui.py
[2024-04-02T21:31:09.061+0800] {processor.py:840} INFO - DAG(s) 'example_params_trigger_ui' retrieved from /Users/kalerbramastha/Library/Mobile Documents/com~apple~CloudDocs/bram/career_assessment/akasia_de/python-env/lib/python3.11/site-packages/airflow/example_dags/example_params_trigger_ui.py
[2024-04-02T21:31:09.138+0800] {logging_mixin.py:188} INFO - [2024-04-02T21:31:09.138+0800] {dag.py:3047} INFO - Sync 1 DAGs
[2024-04-02T21:31:09.142+0800] {logging_mixin.py:188} INFO - [2024-04-02T21:31:09.142+0800] {dag.py:3834} INFO - Setting next_dagrun for example_params_trigger_ui to None, run_after=None
[2024-04-02T21:31:09.154+0800] {processor.py:183} INFO - Processing /Users/kalerbramastha/Library/Mobile Documents/com~apple~CloudDocs/bram/career_assessment/akasia_de/python-env/lib/python3.11/site-packages/airflow/example_dags/example_params_trigger_ui.py took 0.111 seconds
