[2024-04-02T21:13:23.732+0800] {processor.py:161} INFO - Started process (PID=18930) to work on /Users/kalerbramastha/Library/Mobile Documents/com~apple~CloudDocs/bram/career_assessment/akasia_de/python-env/lib/python3.11/site-packages/airflow/example_dags/example_xcomargs.py
[2024-04-02T21:13:23.733+0800] {processor.py:830} INFO - Processing file /Users/kalerbramastha/Library/Mobile Documents/com~apple~CloudDocs/bram/career_assessment/akasia_de/python-env/lib/python3.11/site-packages/airflow/example_dags/example_xcomargs.py for tasks to queue
[2024-04-02T21:13:23.733+0800] {logging_mixin.py:188} INFO - [2024-04-02T21:13:23.733+0800] {dagbag.py:540} INFO - Filling up the DagBag from /Users/kalerbramastha/Library/Mobile Documents/com~apple~CloudDocs/bram/career_assessment/akasia_de/python-env/lib/python3.11/site-packages/airflow/example_dags/example_xcomargs.py
[2024-04-02T21:13:23.749+0800] {processor.py:840} INFO - DAG(s) 'example_xcom_args_with_operators', 'example_xcom_args' retrieved from /Users/kalerbramastha/Library/Mobile Documents/com~apple~CloudDocs/bram/career_assessment/akasia_de/python-env/lib/python3.11/site-packages/airflow/example_dags/example_xcomargs.py
[2024-04-02T21:13:23.817+0800] {logging_mixin.py:188} INFO - [2024-04-02T21:13:23.817+0800] {override.py:1769} INFO - Created Permission View: can read on DAG:example_xcom_args_with_operators
[2024-04-02T21:13:23.821+0800] {logging_mixin.py:188} INFO - [2024-04-02T21:13:23.820+0800] {override.py:1769} INFO - Created Permission View: can delete on DAG:example_xcom_args_with_operators
[2024-04-02T21:13:23.823+0800] {logging_mixin.py:188} INFO - [2024-04-02T21:13:23.823+0800] {override.py:1769} INFO - Created Permission View: can edit on DAG:example_xcom_args_with_operators
[2024-04-02T21:13:23.828+0800] {logging_mixin.py:188} INFO - [2024-04-02T21:13:23.828+0800] {override.py:1769} INFO - Created Permission View: can read on DAG:example_xcom_args
[2024-04-02T21:13:23.830+0800] {logging_mixin.py:188} INFO - [2024-04-02T21:13:23.830+0800] {override.py:1769} INFO - Created Permission View: can delete on DAG:example_xcom_args
[2024-04-02T21:13:23.833+0800] {logging_mixin.py:188} INFO - [2024-04-02T21:13:23.833+0800] {override.py:1769} INFO - Created Permission View: can edit on DAG:example_xcom_args
[2024-04-02T21:13:23.833+0800] {logging_mixin.py:188} INFO - [2024-04-02T21:13:23.833+0800] {dag.py:3047} INFO - Sync 2 DAGs
[2024-04-02T21:13:23.837+0800] {logging_mixin.py:188} INFO - [2024-04-02T21:13:23.837+0800] {dag.py:3069} INFO - Creating ORM DAG for example_xcom_args
[2024-04-02T21:13:23.837+0800] {logging_mixin.py:188} INFO - [2024-04-02T21:13:23.837+0800] {dag.py:3069} INFO - Creating ORM DAG for example_xcom_args_with_operators
[2024-04-02T21:13:23.838+0800] {logging_mixin.py:188} INFO - [2024-04-02T21:13:23.837+0800] {dag.py:3834} INFO - Setting next_dagrun for example_xcom_args to None, run_after=None
[2024-04-02T21:13:23.838+0800] {logging_mixin.py:188} INFO - [2024-04-02T21:13:23.838+0800] {dag.py:3834} INFO - Setting next_dagrun for example_xcom_args_with_operators to None, run_after=None
[2024-04-02T21:13:23.844+0800] {processor.py:183} INFO - Processing /Users/kalerbramastha/Library/Mobile Documents/com~apple~CloudDocs/bram/career_assessment/akasia_de/python-env/lib/python3.11/site-packages/airflow/example_dags/example_xcomargs.py took 0.113 seconds
[2024-04-02T21:15:03.296+0800] {processor.py:161} INFO - Started process (PID=19379) to work on /Users/kalerbramastha/Library/Mobile Documents/com~apple~CloudDocs/bram/career_assessment/akasia_de/python-env/lib/python3.11/site-packages/airflow/example_dags/example_xcomargs.py
[2024-04-02T21:15:03.297+0800] {processor.py:830} INFO - Processing file /Users/kalerbramastha/Library/Mobile Documents/com~apple~CloudDocs/bram/career_assessment/akasia_de/python-env/lib/python3.11/site-packages/airflow/example_dags/example_xcomargs.py for tasks to queue
[2024-04-02T21:15:03.297+0800] {logging_mixin.py:188} INFO - [2024-04-02T21:15:03.297+0800] {dagbag.py:540} INFO - Filling up the DagBag from /Users/kalerbramastha/Library/Mobile Documents/com~apple~CloudDocs/bram/career_assessment/akasia_de/python-env/lib/python3.11/site-packages/airflow/example_dags/example_xcomargs.py
[2024-04-02T21:15:03.312+0800] {processor.py:840} INFO - DAG(s) 'example_xcom_args', 'example_xcom_args_with_operators' retrieved from /Users/kalerbramastha/Library/Mobile Documents/com~apple~CloudDocs/bram/career_assessment/akasia_de/python-env/lib/python3.11/site-packages/airflow/example_dags/example_xcomargs.py
[2024-04-02T21:15:03.348+0800] {logging_mixin.py:188} INFO - [2024-04-02T21:15:03.348+0800] {dag.py:3047} INFO - Sync 2 DAGs
[2024-04-02T21:15:03.351+0800] {logging_mixin.py:188} INFO - [2024-04-02T21:15:03.351+0800] {dag.py:3834} INFO - Setting next_dagrun for example_xcom_args to None, run_after=None
[2024-04-02T21:15:03.352+0800] {logging_mixin.py:188} INFO - [2024-04-02T21:15:03.352+0800] {dag.py:3834} INFO - Setting next_dagrun for example_xcom_args_with_operators to None, run_after=None
[2024-04-02T21:15:03.359+0800] {processor.py:183} INFO - Processing /Users/kalerbramastha/Library/Mobile Documents/com~apple~CloudDocs/bram/career_assessment/akasia_de/python-env/lib/python3.11/site-packages/airflow/example_dags/example_xcomargs.py took 0.064 seconds
[2024-04-02T21:16:11.785+0800] {processor.py:161} INFO - Started process (PID=19816) to work on /Users/kalerbramastha/Library/Mobile Documents/com~apple~CloudDocs/bram/career_assessment/akasia_de/python-env/lib/python3.11/site-packages/airflow/example_dags/example_xcomargs.py
[2024-04-02T21:16:11.785+0800] {processor.py:830} INFO - Processing file /Users/kalerbramastha/Library/Mobile Documents/com~apple~CloudDocs/bram/career_assessment/akasia_de/python-env/lib/python3.11/site-packages/airflow/example_dags/example_xcomargs.py for tasks to queue
[2024-04-02T21:16:11.786+0800] {logging_mixin.py:188} INFO - [2024-04-02T21:16:11.786+0800] {dagbag.py:540} INFO - Filling up the DagBag from /Users/kalerbramastha/Library/Mobile Documents/com~apple~CloudDocs/bram/career_assessment/akasia_de/python-env/lib/python3.11/site-packages/airflow/example_dags/example_xcomargs.py
[2024-04-02T21:16:11.804+0800] {processor.py:840} INFO - DAG(s) 'example_xcom_args_with_operators', 'example_xcom_args' retrieved from /Users/kalerbramastha/Library/Mobile Documents/com~apple~CloudDocs/bram/career_assessment/akasia_de/python-env/lib/python3.11/site-packages/airflow/example_dags/example_xcomargs.py
[2024-04-02T21:16:11.842+0800] {logging_mixin.py:188} INFO - [2024-04-02T21:16:11.842+0800] {dag.py:3047} INFO - Sync 2 DAGs
[2024-04-02T21:16:11.845+0800] {logging_mixin.py:188} INFO - [2024-04-02T21:16:11.845+0800] {dag.py:3834} INFO - Setting next_dagrun for example_xcom_args to None, run_after=None
[2024-04-02T21:16:11.846+0800] {logging_mixin.py:188} INFO - [2024-04-02T21:16:11.846+0800] {dag.py:3834} INFO - Setting next_dagrun for example_xcom_args_with_operators to None, run_after=None
[2024-04-02T21:16:11.854+0800] {processor.py:183} INFO - Processing /Users/kalerbramastha/Library/Mobile Documents/com~apple~CloudDocs/bram/career_assessment/akasia_de/python-env/lib/python3.11/site-packages/airflow/example_dags/example_xcomargs.py took 0.071 seconds
[2024-04-02T21:18:41.730+0800] {processor.py:161} INFO - Started process (PID=20299) to work on /Users/kalerbramastha/Library/Mobile Documents/com~apple~CloudDocs/bram/career_assessment/akasia_de/python-env/lib/python3.11/site-packages/airflow/example_dags/example_xcomargs.py
[2024-04-02T21:18:41.731+0800] {processor.py:830} INFO - Processing file /Users/kalerbramastha/Library/Mobile Documents/com~apple~CloudDocs/bram/career_assessment/akasia_de/python-env/lib/python3.11/site-packages/airflow/example_dags/example_xcomargs.py for tasks to queue
[2024-04-02T21:18:41.731+0800] {logging_mixin.py:188} INFO - [2024-04-02T21:18:41.731+0800] {dagbag.py:540} INFO - Filling up the DagBag from /Users/kalerbramastha/Library/Mobile Documents/com~apple~CloudDocs/bram/career_assessment/akasia_de/python-env/lib/python3.11/site-packages/airflow/example_dags/example_xcomargs.py
[2024-04-02T21:18:41.746+0800] {processor.py:840} INFO - DAG(s) 'example_xcom_args', 'example_xcom_args_with_operators' retrieved from /Users/kalerbramastha/Library/Mobile Documents/com~apple~CloudDocs/bram/career_assessment/akasia_de/python-env/lib/python3.11/site-packages/airflow/example_dags/example_xcomargs.py
[2024-04-02T21:18:41.809+0800] {logging_mixin.py:188} INFO - [2024-04-02T21:18:41.809+0800] {dag.py:3047} INFO - Sync 2 DAGs
[2024-04-02T21:18:41.813+0800] {logging_mixin.py:188} INFO - [2024-04-02T21:18:41.813+0800] {dag.py:3834} INFO - Setting next_dagrun for example_xcom_args to None, run_after=None
[2024-04-02T21:18:41.814+0800] {logging_mixin.py:188} INFO - [2024-04-02T21:18:41.813+0800] {dag.py:3834} INFO - Setting next_dagrun for example_xcom_args_with_operators to None, run_after=None
[2024-04-02T21:18:41.820+0800] {processor.py:183} INFO - Processing /Users/kalerbramastha/Library/Mobile Documents/com~apple~CloudDocs/bram/career_assessment/akasia_de/python-env/lib/python3.11/site-packages/airflow/example_dags/example_xcomargs.py took 0.090 seconds
[2024-04-02T21:20:16.793+0800] {processor.py:161} INFO - Started process (PID=20436) to work on /Users/kalerbramastha/Library/Mobile Documents/com~apple~CloudDocs/bram/career_assessment/akasia_de/python-env/lib/python3.11/site-packages/airflow/example_dags/example_xcomargs.py
[2024-04-02T21:20:16.794+0800] {processor.py:830} INFO - Processing file /Users/kalerbramastha/Library/Mobile Documents/com~apple~CloudDocs/bram/career_assessment/akasia_de/python-env/lib/python3.11/site-packages/airflow/example_dags/example_xcomargs.py for tasks to queue
[2024-04-02T21:20:16.794+0800] {logging_mixin.py:188} INFO - [2024-04-02T21:20:16.794+0800] {dagbag.py:540} INFO - Filling up the DagBag from /Users/kalerbramastha/Library/Mobile Documents/com~apple~CloudDocs/bram/career_assessment/akasia_de/python-env/lib/python3.11/site-packages/airflow/example_dags/example_xcomargs.py
[2024-04-02T21:20:16.816+0800] {processor.py:840} INFO - DAG(s) 'example_xcom_args', 'example_xcom_args_with_operators' retrieved from /Users/kalerbramastha/Library/Mobile Documents/com~apple~CloudDocs/bram/career_assessment/akasia_de/python-env/lib/python3.11/site-packages/airflow/example_dags/example_xcomargs.py
[2024-04-02T21:20:16.874+0800] {logging_mixin.py:188} INFO - [2024-04-02T21:20:16.873+0800] {dag.py:3047} INFO - Sync 2 DAGs
[2024-04-02T21:20:16.879+0800] {logging_mixin.py:188} INFO - [2024-04-02T21:20:16.879+0800] {dag.py:3834} INFO - Setting next_dagrun for example_xcom_args to None, run_after=None
[2024-04-02T21:20:16.882+0800] {logging_mixin.py:188} INFO - [2024-04-02T21:20:16.882+0800] {dag.py:3834} INFO - Setting next_dagrun for example_xcom_args_with_operators to None, run_after=None
[2024-04-02T21:20:16.898+0800] {processor.py:183} INFO - Processing /Users/kalerbramastha/Library/Mobile Documents/com~apple~CloudDocs/bram/career_assessment/akasia_de/python-env/lib/python3.11/site-packages/airflow/example_dags/example_xcomargs.py took 0.105 seconds
[2024-04-02T21:21:21.193+0800] {processor.py:161} INFO - Started process (PID=20509) to work on /Users/kalerbramastha/Library/Mobile Documents/com~apple~CloudDocs/bram/career_assessment/akasia_de/python-env/lib/python3.11/site-packages/airflow/example_dags/example_xcomargs.py
[2024-04-02T21:21:21.193+0800] {processor.py:830} INFO - Processing file /Users/kalerbramastha/Library/Mobile Documents/com~apple~CloudDocs/bram/career_assessment/akasia_de/python-env/lib/python3.11/site-packages/airflow/example_dags/example_xcomargs.py for tasks to queue
[2024-04-02T21:21:21.194+0800] {logging_mixin.py:188} INFO - [2024-04-02T21:21:21.194+0800] {dagbag.py:540} INFO - Filling up the DagBag from /Users/kalerbramastha/Library/Mobile Documents/com~apple~CloudDocs/bram/career_assessment/akasia_de/python-env/lib/python3.11/site-packages/airflow/example_dags/example_xcomargs.py
[2024-04-02T21:21:21.208+0800] {processor.py:840} INFO - DAG(s) 'example_xcom_args', 'example_xcom_args_with_operators' retrieved from /Users/kalerbramastha/Library/Mobile Documents/com~apple~CloudDocs/bram/career_assessment/akasia_de/python-env/lib/python3.11/site-packages/airflow/example_dags/example_xcomargs.py
[2024-04-02T21:21:21.242+0800] {logging_mixin.py:188} INFO - [2024-04-02T21:21:21.242+0800] {dag.py:3047} INFO - Sync 2 DAGs
[2024-04-02T21:21:21.245+0800] {logging_mixin.py:188} INFO - [2024-04-02T21:21:21.245+0800] {dag.py:3834} INFO - Setting next_dagrun for example_xcom_args to None, run_after=None
[2024-04-02T21:21:21.246+0800] {logging_mixin.py:188} INFO - [2024-04-02T21:21:21.246+0800] {dag.py:3834} INFO - Setting next_dagrun for example_xcom_args_with_operators to None, run_after=None
[2024-04-02T21:21:21.253+0800] {processor.py:183} INFO - Processing /Users/kalerbramastha/Library/Mobile Documents/com~apple~CloudDocs/bram/career_assessment/akasia_de/python-env/lib/python3.11/site-packages/airflow/example_dags/example_xcomargs.py took 0.060 seconds
[2024-04-02T21:30:29.453+0800] {processor.py:161} INFO - Started process (PID=22186) to work on /Users/kalerbramastha/Library/Mobile Documents/com~apple~CloudDocs/bram/career_assessment/akasia_de/python-env/lib/python3.11/site-packages/airflow/example_dags/example_xcomargs.py
[2024-04-02T21:30:29.453+0800] {processor.py:830} INFO - Processing file /Users/kalerbramastha/Library/Mobile Documents/com~apple~CloudDocs/bram/career_assessment/akasia_de/python-env/lib/python3.11/site-packages/airflow/example_dags/example_xcomargs.py for tasks to queue
[2024-04-02T21:30:29.454+0800] {logging_mixin.py:188} INFO - [2024-04-02T21:30:29.454+0800] {dagbag.py:540} INFO - Filling up the DagBag from /Users/kalerbramastha/Library/Mobile Documents/com~apple~CloudDocs/bram/career_assessment/akasia_de/python-env/lib/python3.11/site-packages/airflow/example_dags/example_xcomargs.py
[2024-04-02T21:30:29.468+0800] {processor.py:840} INFO - DAG(s) 'example_xcom_args', 'example_xcom_args_with_operators' retrieved from /Users/kalerbramastha/Library/Mobile Documents/com~apple~CloudDocs/bram/career_assessment/akasia_de/python-env/lib/python3.11/site-packages/airflow/example_dags/example_xcomargs.py
[2024-04-02T21:30:29.535+0800] {logging_mixin.py:188} INFO - [2024-04-02T21:30:29.535+0800] {dag.py:3047} INFO - Sync 2 DAGs
[2024-04-02T21:30:29.540+0800] {logging_mixin.py:188} INFO - [2024-04-02T21:30:29.540+0800] {dag.py:3834} INFO - Setting next_dagrun for example_xcom_args to None, run_after=None
[2024-04-02T21:30:29.541+0800] {logging_mixin.py:188} INFO - [2024-04-02T21:30:29.540+0800] {dag.py:3834} INFO - Setting next_dagrun for example_xcom_args_with_operators to None, run_after=None
[2024-04-02T21:30:29.548+0800] {processor.py:183} INFO - Processing /Users/kalerbramastha/Library/Mobile Documents/com~apple~CloudDocs/bram/career_assessment/akasia_de/python-env/lib/python3.11/site-packages/airflow/example_dags/example_xcomargs.py took 0.096 seconds
[2024-04-02T21:32:02.823+0800] {processor.py:161} INFO - Started process (PID=22273) to work on /Users/kalerbramastha/Library/Mobile Documents/com~apple~CloudDocs/bram/career_assessment/akasia_de/python-env/lib/python3.11/site-packages/airflow/example_dags/example_xcomargs.py
[2024-04-02T21:32:02.825+0800] {processor.py:830} INFO - Processing file /Users/kalerbramastha/Library/Mobile Documents/com~apple~CloudDocs/bram/career_assessment/akasia_de/python-env/lib/python3.11/site-packages/airflow/example_dags/example_xcomargs.py for tasks to queue
[2024-04-02T21:32:02.825+0800] {logging_mixin.py:188} INFO - [2024-04-02T21:32:02.825+0800] {dagbag.py:540} INFO - Filling up the DagBag from /Users/kalerbramastha/Library/Mobile Documents/com~apple~CloudDocs/bram/career_assessment/akasia_de/python-env/lib/python3.11/site-packages/airflow/example_dags/example_xcomargs.py
[2024-04-02T21:32:02.841+0800] {processor.py:840} INFO - DAG(s) 'example_xcom_args', 'example_xcom_args_with_operators' retrieved from /Users/kalerbramastha/Library/Mobile Documents/com~apple~CloudDocs/bram/career_assessment/akasia_de/python-env/lib/python3.11/site-packages/airflow/example_dags/example_xcomargs.py
[2024-04-02T21:32:02.880+0800] {logging_mixin.py:188} INFO - [2024-04-02T21:32:02.880+0800] {dag.py:3047} INFO - Sync 2 DAGs
[2024-04-02T21:32:02.883+0800] {logging_mixin.py:188} INFO - [2024-04-02T21:32:02.883+0800] {dag.py:3834} INFO - Setting next_dagrun for example_xcom_args to None, run_after=None
[2024-04-02T21:32:02.884+0800] {logging_mixin.py:188} INFO - [2024-04-02T21:32:02.884+0800] {dag.py:3834} INFO - Setting next_dagrun for example_xcom_args_with_operators to None, run_after=None
[2024-04-02T21:32:02.891+0800] {processor.py:183} INFO - Processing /Users/kalerbramastha/Library/Mobile Documents/com~apple~CloudDocs/bram/career_assessment/akasia_de/python-env/lib/python3.11/site-packages/airflow/example_dags/example_xcomargs.py took 0.069 seconds
