[2024-04-02T21:13:45.710+0800] {processor.py:161} INFO - Started process (PID=19128) to work on /Users/kalerbramastha/Library/Mobile Documents/com~apple~CloudDocs/bram/career_assessment/akasia_de/python-env/lib/python3.11/site-packages/airflow/example_dags/example_short_circuit_decorator.py
[2024-04-02T21:13:45.711+0800] {processor.py:830} INFO - Processing file /Users/kalerbramastha/Library/Mobile Documents/com~apple~CloudDocs/bram/career_assessment/akasia_de/python-env/lib/python3.11/site-packages/airflow/example_dags/example_short_circuit_decorator.py for tasks to queue
[2024-04-02T21:13:45.711+0800] {logging_mixin.py:188} INFO - [2024-04-02T21:13:45.711+0800] {dagbag.py:540} INFO - Filling up the DagBag from /Users/kalerbramastha/Library/Mobile Documents/com~apple~CloudDocs/bram/career_assessment/akasia_de/python-env/lib/python3.11/site-packages/airflow/example_dags/example_short_circuit_decorator.py
[2024-04-02T21:13:45.727+0800] {processor.py:840} INFO - DAG(s) 'example_short_circuit_decorator' retrieved from /Users/kalerbramastha/Library/Mobile Documents/com~apple~CloudDocs/bram/career_assessment/akasia_de/python-env/lib/python3.11/site-packages/airflow/example_dags/example_short_circuit_decorator.py
[2024-04-02T21:13:45.800+0800] {logging_mixin.py:188} INFO - [2024-04-02T21:13:45.799+0800] {override.py:1769} INFO - Created Permission View: can read on DAG:example_short_circuit_decorator
[2024-04-02T21:13:45.804+0800] {logging_mixin.py:188} INFO - [2024-04-02T21:13:45.804+0800] {override.py:1769} INFO - Created Permission View: can delete on DAG:example_short_circuit_decorator
[2024-04-02T21:13:45.806+0800] {logging_mixin.py:188} INFO - [2024-04-02T21:13:45.806+0800] {override.py:1769} INFO - Created Permission View: can edit on DAG:example_short_circuit_decorator
[2024-04-02T21:13:45.807+0800] {logging_mixin.py:188} INFO - [2024-04-02T21:13:45.806+0800] {dag.py:3047} INFO - Sync 1 DAGs
[2024-04-02T21:13:45.811+0800] {logging_mixin.py:188} INFO - [2024-04-02T21:13:45.811+0800] {dag.py:3069} INFO - Creating ORM DAG for example_short_circuit_decorator
[2024-04-02T21:13:45.814+0800] {logging_mixin.py:188} INFO - [2024-04-02T21:13:45.814+0800] {dag.py:3834} INFO - Setting next_dagrun for example_short_circuit_decorator to 2024-04-01 00:00:00+00:00, run_after=2024-04-02 00:00:00+00:00
[2024-04-02T21:13:45.821+0800] {processor.py:183} INFO - Processing /Users/kalerbramastha/Library/Mobile Documents/com~apple~CloudDocs/bram/career_assessment/akasia_de/python-env/lib/python3.11/site-packages/airflow/example_dags/example_short_circuit_decorator.py took 0.111 seconds
[2024-04-02T21:15:25.311+0800] {processor.py:161} INFO - Started process (PID=19541) to work on /Users/kalerbramastha/Library/Mobile Documents/com~apple~CloudDocs/bram/career_assessment/akasia_de/python-env/lib/python3.11/site-packages/airflow/example_dags/example_short_circuit_decorator.py
[2024-04-02T21:15:25.312+0800] {processor.py:830} INFO - Processing file /Users/kalerbramastha/Library/Mobile Documents/com~apple~CloudDocs/bram/career_assessment/akasia_de/python-env/lib/python3.11/site-packages/airflow/example_dags/example_short_circuit_decorator.py for tasks to queue
[2024-04-02T21:15:25.312+0800] {logging_mixin.py:188} INFO - [2024-04-02T21:15:25.312+0800] {dagbag.py:540} INFO - Filling up the DagBag from /Users/kalerbramastha/Library/Mobile Documents/com~apple~CloudDocs/bram/career_assessment/akasia_de/python-env/lib/python3.11/site-packages/airflow/example_dags/example_short_circuit_decorator.py
[2024-04-02T21:15:25.332+0800] {processor.py:840} INFO - DAG(s) 'example_short_circuit_decorator' retrieved from /Users/kalerbramastha/Library/Mobile Documents/com~apple~CloudDocs/bram/career_assessment/akasia_de/python-env/lib/python3.11/site-packages/airflow/example_dags/example_short_circuit_decorator.py
[2024-04-02T21:15:25.371+0800] {logging_mixin.py:188} INFO - [2024-04-02T21:15:25.371+0800] {dag.py:3047} INFO - Sync 1 DAGs
[2024-04-02T21:15:25.378+0800] {logging_mixin.py:188} INFO - [2024-04-02T21:15:25.378+0800] {dag.py:3834} INFO - Setting next_dagrun for example_short_circuit_decorator to 2024-04-01 00:00:00+00:00, run_after=2024-04-02 00:00:00+00:00
[2024-04-02T21:15:25.389+0800] {processor.py:183} INFO - Processing /Users/kalerbramastha/Library/Mobile Documents/com~apple~CloudDocs/bram/career_assessment/akasia_de/python-env/lib/python3.11/site-packages/airflow/example_dags/example_short_circuit_decorator.py took 0.080 seconds
[2024-04-02T21:19:03.026+0800] {processor.py:161} INFO - Started process (PID=20348) to work on /Users/kalerbramastha/Library/Mobile Documents/com~apple~CloudDocs/bram/career_assessment/akasia_de/python-env/lib/python3.11/site-packages/airflow/example_dags/example_short_circuit_decorator.py
[2024-04-02T21:19:03.027+0800] {processor.py:830} INFO - Processing file /Users/kalerbramastha/Library/Mobile Documents/com~apple~CloudDocs/bram/career_assessment/akasia_de/python-env/lib/python3.11/site-packages/airflow/example_dags/example_short_circuit_decorator.py for tasks to queue
[2024-04-02T21:19:03.027+0800] {logging_mixin.py:188} INFO - [2024-04-02T21:19:03.027+0800] {dagbag.py:540} INFO - Filling up the DagBag from /Users/kalerbramastha/Library/Mobile Documents/com~apple~CloudDocs/bram/career_assessment/akasia_de/python-env/lib/python3.11/site-packages/airflow/example_dags/example_short_circuit_decorator.py
[2024-04-02T21:19:03.044+0800] {processor.py:840} INFO - DAG(s) 'example_short_circuit_decorator' retrieved from /Users/kalerbramastha/Library/Mobile Documents/com~apple~CloudDocs/bram/career_assessment/akasia_de/python-env/lib/python3.11/site-packages/airflow/example_dags/example_short_circuit_decorator.py
[2024-04-02T21:19:03.115+0800] {logging_mixin.py:188} INFO - [2024-04-02T21:19:03.115+0800] {dag.py:3047} INFO - Sync 1 DAGs
[2024-04-02T21:19:03.121+0800] {logging_mixin.py:188} INFO - [2024-04-02T21:19:03.121+0800] {dag.py:3834} INFO - Setting next_dagrun for example_short_circuit_decorator to 2024-04-01 00:00:00+00:00, run_after=2024-04-02 00:00:00+00:00
[2024-04-02T21:19:03.128+0800] {processor.py:183} INFO - Processing /Users/kalerbramastha/Library/Mobile Documents/com~apple~CloudDocs/bram/career_assessment/akasia_de/python-env/lib/python3.11/site-packages/airflow/example_dags/example_short_circuit_decorator.py took 0.103 seconds
[2024-04-02T21:20:40.032+0800] {processor.py:161} INFO - Started process (PID=20469) to work on /Users/kalerbramastha/Library/Mobile Documents/com~apple~CloudDocs/bram/career_assessment/akasia_de/python-env/lib/python3.11/site-packages/airflow/example_dags/example_short_circuit_decorator.py
[2024-04-02T21:20:40.032+0800] {processor.py:830} INFO - Processing file /Users/kalerbramastha/Library/Mobile Documents/com~apple~CloudDocs/bram/career_assessment/akasia_de/python-env/lib/python3.11/site-packages/airflow/example_dags/example_short_circuit_decorator.py for tasks to queue
[2024-04-02T21:20:40.033+0800] {logging_mixin.py:188} INFO - [2024-04-02T21:20:40.033+0800] {dagbag.py:540} INFO - Filling up the DagBag from /Users/kalerbramastha/Library/Mobile Documents/com~apple~CloudDocs/bram/career_assessment/akasia_de/python-env/lib/python3.11/site-packages/airflow/example_dags/example_short_circuit_decorator.py
[2024-04-02T21:20:40.047+0800] {processor.py:840} INFO - DAG(s) 'example_short_circuit_decorator' retrieved from /Users/kalerbramastha/Library/Mobile Documents/com~apple~CloudDocs/bram/career_assessment/akasia_de/python-env/lib/python3.11/site-packages/airflow/example_dags/example_short_circuit_decorator.py
[2024-04-02T21:20:40.081+0800] {logging_mixin.py:188} INFO - [2024-04-02T21:20:40.080+0800] {dag.py:3047} INFO - Sync 1 DAGs
[2024-04-02T21:20:40.086+0800] {logging_mixin.py:188} INFO - [2024-04-02T21:20:40.086+0800] {dag.py:3834} INFO - Setting next_dagrun for example_short_circuit_decorator to 2024-04-01 00:00:00+00:00, run_after=2024-04-02 00:00:00+00:00
[2024-04-02T21:20:40.093+0800] {processor.py:183} INFO - Processing /Users/kalerbramastha/Library/Mobile Documents/com~apple~CloudDocs/bram/career_assessment/akasia_de/python-env/lib/python3.11/site-packages/airflow/example_dags/example_short_circuit_decorator.py took 0.062 seconds
[2024-04-02T21:30:51.613+0800] {processor.py:161} INFO - Started process (PID=22213) to work on /Users/kalerbramastha/Library/Mobile Documents/com~apple~CloudDocs/bram/career_assessment/akasia_de/python-env/lib/python3.11/site-packages/airflow/example_dags/example_short_circuit_decorator.py
[2024-04-02T21:30:51.614+0800] {processor.py:830} INFO - Processing file /Users/kalerbramastha/Library/Mobile Documents/com~apple~CloudDocs/bram/career_assessment/akasia_de/python-env/lib/python3.11/site-packages/airflow/example_dags/example_short_circuit_decorator.py for tasks to queue
[2024-04-02T21:30:51.615+0800] {logging_mixin.py:188} INFO - [2024-04-02T21:30:51.614+0800] {dagbag.py:540} INFO - Filling up the DagBag from /Users/kalerbramastha/Library/Mobile Documents/com~apple~CloudDocs/bram/career_assessment/akasia_de/python-env/lib/python3.11/site-packages/airflow/example_dags/example_short_circuit_decorator.py
[2024-04-02T21:30:51.631+0800] {processor.py:840} INFO - DAG(s) 'example_short_circuit_decorator' retrieved from /Users/kalerbramastha/Library/Mobile Documents/com~apple~CloudDocs/bram/career_assessment/akasia_de/python-env/lib/python3.11/site-packages/airflow/example_dags/example_short_circuit_decorator.py
[2024-04-02T21:30:51.699+0800] {logging_mixin.py:188} INFO - [2024-04-02T21:30:51.699+0800] {dag.py:3047} INFO - Sync 1 DAGs
[2024-04-02T21:30:51.706+0800] {logging_mixin.py:188} INFO - [2024-04-02T21:30:51.705+0800] {dag.py:3834} INFO - Setting next_dagrun for example_short_circuit_decorator to 2024-04-01 00:00:00+00:00, run_after=2024-04-02 00:00:00+00:00
[2024-04-02T21:30:51.714+0800] {processor.py:183} INFO - Processing /Users/kalerbramastha/Library/Mobile Documents/com~apple~CloudDocs/bram/career_assessment/akasia_de/python-env/lib/python3.11/site-packages/airflow/example_dags/example_short_circuit_decorator.py took 0.101 seconds
