[2024-04-02T21:13:50.204+0800] {processor.py:161} INFO - Started process (PID=19178) to work on /Users/kalerbramastha/Library/Mobile Documents/com~apple~CloudDocs/bram/career_assessment/akasia_de/python-env/lib/python3.11/site-packages/airflow/example_dags/example_setup_teardown.py
[2024-04-02T21:13:50.205+0800] {processor.py:830} INFO - Processing file /Users/kalerbramastha/Library/Mobile Documents/com~apple~CloudDocs/bram/career_assessment/akasia_de/python-env/lib/python3.11/site-packages/airflow/example_dags/example_setup_teardown.py for tasks to queue
[2024-04-02T21:13:50.206+0800] {logging_mixin.py:188} INFO - [2024-04-02T21:13:50.205+0800] {dagbag.py:540} INFO - Filling up the DagBag from /Users/kalerbramastha/Library/Mobile Documents/com~apple~CloudDocs/bram/career_assessment/akasia_de/python-env/lib/python3.11/site-packages/airflow/example_dags/example_setup_teardown.py
[2024-04-02T21:13:50.210+0800] {processor.py:840} INFO - DAG(s) 'example_setup_teardown' retrieved from /Users/kalerbramastha/Library/Mobile Documents/com~apple~CloudDocs/bram/career_assessment/akasia_de/python-env/lib/python3.11/site-packages/airflow/example_dags/example_setup_teardown.py
[2024-04-02T21:13:50.287+0800] {logging_mixin.py:188} INFO - [2024-04-02T21:13:50.286+0800] {override.py:1769} INFO - Created Permission View: can read on DAG:example_setup_teardown
[2024-04-02T21:13:50.290+0800] {logging_mixin.py:188} INFO - [2024-04-02T21:13:50.290+0800] {override.py:1769} INFO - Created Permission View: can delete on DAG:example_setup_teardown
[2024-04-02T21:13:50.293+0800] {logging_mixin.py:188} INFO - [2024-04-02T21:13:50.293+0800] {override.py:1769} INFO - Created Permission View: can edit on DAG:example_setup_teardown
[2024-04-02T21:13:50.293+0800] {logging_mixin.py:188} INFO - [2024-04-02T21:13:50.293+0800] {dag.py:3047} INFO - Sync 1 DAGs
[2024-04-02T21:13:50.298+0800] {logging_mixin.py:188} INFO - [2024-04-02T21:13:50.297+0800] {dag.py:3069} INFO - Creating ORM DAG for example_setup_teardown
[2024-04-02T21:13:50.301+0800] {logging_mixin.py:188} INFO - [2024-04-02T21:13:50.301+0800] {dag.py:3834} INFO - Setting next_dagrun for example_setup_teardown to 2024-04-01 00:00:00+00:00, run_after=2024-04-02 00:00:00+00:00
[2024-04-02T21:13:50.307+0800] {processor.py:183} INFO - Processing /Users/kalerbramastha/Library/Mobile Documents/com~apple~CloudDocs/bram/career_assessment/akasia_de/python-env/lib/python3.11/site-packages/airflow/example_dags/example_setup_teardown.py took 0.104 seconds
[2024-04-02T21:15:28.869+0800] {processor.py:161} INFO - Started process (PID=19569) to work on /Users/kalerbramastha/Library/Mobile Documents/com~apple~CloudDocs/bram/career_assessment/akasia_de/python-env/lib/python3.11/site-packages/airflow/example_dags/example_setup_teardown.py
[2024-04-02T21:15:28.870+0800] {processor.py:830} INFO - Processing file /Users/kalerbramastha/Library/Mobile Documents/com~apple~CloudDocs/bram/career_assessment/akasia_de/python-env/lib/python3.11/site-packages/airflow/example_dags/example_setup_teardown.py for tasks to queue
[2024-04-02T21:15:28.870+0800] {logging_mixin.py:188} INFO - [2024-04-02T21:15:28.870+0800] {dagbag.py:540} INFO - Filling up the DagBag from /Users/kalerbramastha/Library/Mobile Documents/com~apple~CloudDocs/bram/career_assessment/akasia_de/python-env/lib/python3.11/site-packages/airflow/example_dags/example_setup_teardown.py
[2024-04-02T21:15:28.874+0800] {processor.py:840} INFO - DAG(s) 'example_setup_teardown' retrieved from /Users/kalerbramastha/Library/Mobile Documents/com~apple~CloudDocs/bram/career_assessment/akasia_de/python-env/lib/python3.11/site-packages/airflow/example_dags/example_setup_teardown.py
[2024-04-02T21:15:28.913+0800] {logging_mixin.py:188} INFO - [2024-04-02T21:15:28.913+0800] {dag.py:3047} INFO - Sync 1 DAGs
[2024-04-02T21:15:28.920+0800] {logging_mixin.py:188} INFO - [2024-04-02T21:15:28.920+0800] {dag.py:3834} INFO - Setting next_dagrun for example_setup_teardown to 2024-04-01 00:00:00+00:00, run_after=2024-04-02 00:00:00+00:00
[2024-04-02T21:15:28.929+0800] {processor.py:183} INFO - Processing /Users/kalerbramastha/Library/Mobile Documents/com~apple~CloudDocs/bram/career_assessment/akasia_de/python-env/lib/python3.11/site-packages/airflow/example_dags/example_setup_teardown.py took 0.061 seconds
[2024-04-02T21:19:07.454+0800] {processor.py:161} INFO - Started process (PID=20358) to work on /Users/kalerbramastha/Library/Mobile Documents/com~apple~CloudDocs/bram/career_assessment/akasia_de/python-env/lib/python3.11/site-packages/airflow/example_dags/example_setup_teardown.py
[2024-04-02T21:19:07.454+0800] {processor.py:830} INFO - Processing file /Users/kalerbramastha/Library/Mobile Documents/com~apple~CloudDocs/bram/career_assessment/akasia_de/python-env/lib/python3.11/site-packages/airflow/example_dags/example_setup_teardown.py for tasks to queue
[2024-04-02T21:19:07.455+0800] {logging_mixin.py:188} INFO - [2024-04-02T21:19:07.455+0800] {dagbag.py:540} INFO - Filling up the DagBag from /Users/kalerbramastha/Library/Mobile Documents/com~apple~CloudDocs/bram/career_assessment/akasia_de/python-env/lib/python3.11/site-packages/airflow/example_dags/example_setup_teardown.py
[2024-04-02T21:19:07.458+0800] {processor.py:840} INFO - DAG(s) 'example_setup_teardown' retrieved from /Users/kalerbramastha/Library/Mobile Documents/com~apple~CloudDocs/bram/career_assessment/akasia_de/python-env/lib/python3.11/site-packages/airflow/example_dags/example_setup_teardown.py
[2024-04-02T21:19:07.539+0800] {logging_mixin.py:188} INFO - [2024-04-02T21:19:07.539+0800] {dag.py:3047} INFO - Sync 1 DAGs
[2024-04-02T21:19:07.545+0800] {logging_mixin.py:188} INFO - [2024-04-02T21:19:07.545+0800] {dag.py:3834} INFO - Setting next_dagrun for example_setup_teardown to 2024-04-01 00:00:00+00:00, run_after=2024-04-02 00:00:00+00:00
[2024-04-02T21:19:07.552+0800] {processor.py:183} INFO - Processing /Users/kalerbramastha/Library/Mobile Documents/com~apple~CloudDocs/bram/career_assessment/akasia_de/python-env/lib/python3.11/site-packages/airflow/example_dags/example_setup_teardown.py took 0.099 seconds
[2024-04-02T21:20:43.975+0800] {processor.py:161} INFO - Started process (PID=20471) to work on /Users/kalerbramastha/Library/Mobile Documents/com~apple~CloudDocs/bram/career_assessment/akasia_de/python-env/lib/python3.11/site-packages/airflow/example_dags/example_setup_teardown.py
[2024-04-02T21:20:43.976+0800] {processor.py:830} INFO - Processing file /Users/kalerbramastha/Library/Mobile Documents/com~apple~CloudDocs/bram/career_assessment/akasia_de/python-env/lib/python3.11/site-packages/airflow/example_dags/example_setup_teardown.py for tasks to queue
[2024-04-02T21:20:43.976+0800] {logging_mixin.py:188} INFO - [2024-04-02T21:20:43.976+0800] {dagbag.py:540} INFO - Filling up the DagBag from /Users/kalerbramastha/Library/Mobile Documents/com~apple~CloudDocs/bram/career_assessment/akasia_de/python-env/lib/python3.11/site-packages/airflow/example_dags/example_setup_teardown.py
[2024-04-02T21:20:43.980+0800] {processor.py:840} INFO - DAG(s) 'example_setup_teardown' retrieved from /Users/kalerbramastha/Library/Mobile Documents/com~apple~CloudDocs/bram/career_assessment/akasia_de/python-env/lib/python3.11/site-packages/airflow/example_dags/example_setup_teardown.py
[2024-04-02T21:20:44.012+0800] {logging_mixin.py:188} INFO - [2024-04-02T21:20:44.012+0800] {dag.py:3047} INFO - Sync 1 DAGs
[2024-04-02T21:20:44.019+0800] {logging_mixin.py:188} INFO - [2024-04-02T21:20:44.018+0800] {dag.py:3834} INFO - Setting next_dagrun for example_setup_teardown to 2024-04-01 00:00:00+00:00, run_after=2024-04-02 00:00:00+00:00
[2024-04-02T21:20:44.025+0800] {processor.py:183} INFO - Processing /Users/kalerbramastha/Library/Mobile Documents/com~apple~CloudDocs/bram/career_assessment/akasia_de/python-env/lib/python3.11/site-packages/airflow/example_dags/example_setup_teardown.py took 0.051 seconds
[2024-04-02T21:30:55.768+0800] {processor.py:161} INFO - Started process (PID=22215) to work on /Users/kalerbramastha/Library/Mobile Documents/com~apple~CloudDocs/bram/career_assessment/akasia_de/python-env/lib/python3.11/site-packages/airflow/example_dags/example_setup_teardown.py
[2024-04-02T21:30:55.769+0800] {processor.py:830} INFO - Processing file /Users/kalerbramastha/Library/Mobile Documents/com~apple~CloudDocs/bram/career_assessment/akasia_de/python-env/lib/python3.11/site-packages/airflow/example_dags/example_setup_teardown.py for tasks to queue
[2024-04-02T21:30:55.769+0800] {logging_mixin.py:188} INFO - [2024-04-02T21:30:55.769+0800] {dagbag.py:540} INFO - Filling up the DagBag from /Users/kalerbramastha/Library/Mobile Documents/com~apple~CloudDocs/bram/career_assessment/akasia_de/python-env/lib/python3.11/site-packages/airflow/example_dags/example_setup_teardown.py
[2024-04-02T21:30:55.773+0800] {processor.py:840} INFO - DAG(s) 'example_setup_teardown' retrieved from /Users/kalerbramastha/Library/Mobile Documents/com~apple~CloudDocs/bram/career_assessment/akasia_de/python-env/lib/python3.11/site-packages/airflow/example_dags/example_setup_teardown.py
[2024-04-02T21:30:55.843+0800] {logging_mixin.py:188} INFO - [2024-04-02T21:30:55.843+0800] {dag.py:3047} INFO - Sync 1 DAGs
[2024-04-02T21:30:55.850+0800] {logging_mixin.py:188} INFO - [2024-04-02T21:30:55.850+0800] {dag.py:3834} INFO - Setting next_dagrun for example_setup_teardown to 2024-04-01 00:00:00+00:00, run_after=2024-04-02 00:00:00+00:00
[2024-04-02T21:30:55.858+0800] {processor.py:183} INFO - Processing /Users/kalerbramastha/Library/Mobile Documents/com~apple~CloudDocs/bram/career_assessment/akasia_de/python-env/lib/python3.11/site-packages/airflow/example_dags/example_setup_teardown.py took 0.091 seconds
