[2024-04-02T21:14:04.268+0800] {processor.py:161} INFO - Started process (PID=19267) to work on /Users/kalerbramastha/Library/Mobile Documents/com~apple~CloudDocs/bram/career_assessment/akasia_de/python-env/lib/python3.11/site-packages/airflow/example_dags/example_params_ui_tutorial.py
[2024-04-02T21:14:04.269+0800] {processor.py:830} INFO - Processing file /Users/kalerbramastha/Library/Mobile Documents/com~apple~CloudDocs/bram/career_assessment/akasia_de/python-env/lib/python3.11/site-packages/airflow/example_dags/example_params_ui_tutorial.py for tasks to queue
[2024-04-02T21:14:04.269+0800] {logging_mixin.py:188} INFO - [2024-04-02T21:14:04.269+0800] {dagbag.py:540} INFO - Filling up the DagBag from /Users/kalerbramastha/Library/Mobile Documents/com~apple~CloudDocs/bram/career_assessment/akasia_de/python-env/lib/python3.11/site-packages/airflow/example_dags/example_params_ui_tutorial.py
[2024-04-02T21:14:04.289+0800] {processor.py:840} INFO - DAG(s) 'example_params_ui_tutorial' retrieved from /Users/kalerbramastha/Library/Mobile Documents/com~apple~CloudDocs/bram/career_assessment/akasia_de/python-env/lib/python3.11/site-packages/airflow/example_dags/example_params_ui_tutorial.py
[2024-04-02T21:14:04.374+0800] {logging_mixin.py:188} INFO - [2024-04-02T21:14:04.374+0800] {override.py:1769} INFO - Created Permission View: can delete on DAG:example_params_ui_tutorial
[2024-04-02T21:14:04.378+0800] {logging_mixin.py:188} INFO - [2024-04-02T21:14:04.377+0800] {override.py:1769} INFO - Created Permission View: can edit on DAG:example_params_ui_tutorial
[2024-04-02T21:14:04.381+0800] {logging_mixin.py:188} INFO - [2024-04-02T21:14:04.381+0800] {override.py:1769} INFO - Created Permission View: can read on DAG:example_params_ui_tutorial
[2024-04-02T21:14:04.381+0800] {logging_mixin.py:188} INFO - [2024-04-02T21:14:04.381+0800] {dag.py:3047} INFO - Sync 1 DAGs
[2024-04-02T21:14:04.385+0800] {logging_mixin.py:188} INFO - [2024-04-02T21:14:04.385+0800] {dag.py:3069} INFO - Creating ORM DAG for example_params_ui_tutorial
[2024-04-02T21:14:04.385+0800] {logging_mixin.py:188} INFO - [2024-04-02T21:14:04.385+0800] {dag.py:3834} INFO - Setting next_dagrun for example_params_ui_tutorial to None, run_after=None
[2024-04-02T21:14:04.392+0800] {processor.py:183} INFO - Processing /Users/kalerbramastha/Library/Mobile Documents/com~apple~CloudDocs/bram/career_assessment/akasia_de/python-env/lib/python3.11/site-packages/airflow/example_dags/example_params_ui_tutorial.py took 0.124 seconds
[2024-04-02T21:15:41.360+0800] {processor.py:161} INFO - Started process (PID=19711) to work on /Users/kalerbramastha/Library/Mobile Documents/com~apple~CloudDocs/bram/career_assessment/akasia_de/python-env/lib/python3.11/site-packages/airflow/example_dags/example_params_ui_tutorial.py
[2024-04-02T21:15:41.361+0800] {processor.py:830} INFO - Processing file /Users/kalerbramastha/Library/Mobile Documents/com~apple~CloudDocs/bram/career_assessment/akasia_de/python-env/lib/python3.11/site-packages/airflow/example_dags/example_params_ui_tutorial.py for tasks to queue
[2024-04-02T21:15:41.361+0800] {logging_mixin.py:188} INFO - [2024-04-02T21:15:41.361+0800] {dagbag.py:540} INFO - Filling up the DagBag from /Users/kalerbramastha/Library/Mobile Documents/com~apple~CloudDocs/bram/career_assessment/akasia_de/python-env/lib/python3.11/site-packages/airflow/example_dags/example_params_ui_tutorial.py
[2024-04-02T21:15:41.377+0800] {processor.py:840} INFO - DAG(s) 'example_params_ui_tutorial' retrieved from /Users/kalerbramastha/Library/Mobile Documents/com~apple~CloudDocs/bram/career_assessment/akasia_de/python-env/lib/python3.11/site-packages/airflow/example_dags/example_params_ui_tutorial.py
[2024-04-02T21:15:41.420+0800] {logging_mixin.py:188} INFO - [2024-04-02T21:15:41.420+0800] {dag.py:3047} INFO - Sync 1 DAGs
[2024-04-02T21:15:41.424+0800] {logging_mixin.py:188} INFO - [2024-04-02T21:15:41.424+0800] {dag.py:3834} INFO - Setting next_dagrun for example_params_ui_tutorial to None, run_after=None
[2024-04-02T21:15:41.432+0800] {processor.py:183} INFO - Processing /Users/kalerbramastha/Library/Mobile Documents/com~apple~CloudDocs/bram/career_assessment/akasia_de/python-env/lib/python3.11/site-packages/airflow/example_dags/example_params_ui_tutorial.py took 0.073 seconds
[2024-04-02T21:19:18.396+0800] {processor.py:161} INFO - Started process (PID=20367) to work on /Users/kalerbramastha/Library/Mobile Documents/com~apple~CloudDocs/bram/career_assessment/akasia_de/python-env/lib/python3.11/site-packages/airflow/example_dags/example_params_ui_tutorial.py
[2024-04-02T21:19:18.396+0800] {processor.py:830} INFO - Processing file /Users/kalerbramastha/Library/Mobile Documents/com~apple~CloudDocs/bram/career_assessment/akasia_de/python-env/lib/python3.11/site-packages/airflow/example_dags/example_params_ui_tutorial.py for tasks to queue
[2024-04-02T21:19:18.397+0800] {logging_mixin.py:188} INFO - [2024-04-02T21:19:18.396+0800] {dagbag.py:540} INFO - Filling up the DagBag from /Users/kalerbramastha/Library/Mobile Documents/com~apple~CloudDocs/bram/career_assessment/akasia_de/python-env/lib/python3.11/site-packages/airflow/example_dags/example_params_ui_tutorial.py
[2024-04-02T21:19:18.411+0800] {processor.py:840} INFO - DAG(s) 'example_params_ui_tutorial' retrieved from /Users/kalerbramastha/Library/Mobile Documents/com~apple~CloudDocs/bram/career_assessment/akasia_de/python-env/lib/python3.11/site-packages/airflow/example_dags/example_params_ui_tutorial.py
[2024-04-02T21:19:18.478+0800] {logging_mixin.py:188} INFO - [2024-04-02T21:19:18.478+0800] {dag.py:3047} INFO - Sync 1 DAGs
[2024-04-02T21:19:18.481+0800] {logging_mixin.py:188} INFO - [2024-04-02T21:19:18.481+0800] {dag.py:3834} INFO - Setting next_dagrun for example_params_ui_tutorial to None, run_after=None
[2024-04-02T21:19:18.489+0800] {processor.py:183} INFO - Processing /Users/kalerbramastha/Library/Mobile Documents/com~apple~CloudDocs/bram/career_assessment/akasia_de/python-env/lib/python3.11/site-packages/airflow/example_dags/example_params_ui_tutorial.py took 0.093 seconds
[2024-04-02T21:20:55.248+0800] {processor.py:161} INFO - Started process (PID=20480) to work on /Users/kalerbramastha/Library/Mobile Documents/com~apple~CloudDocs/bram/career_assessment/akasia_de/python-env/lib/python3.11/site-packages/airflow/example_dags/example_params_ui_tutorial.py
[2024-04-02T21:20:55.249+0800] {processor.py:830} INFO - Processing file /Users/kalerbramastha/Library/Mobile Documents/com~apple~CloudDocs/bram/career_assessment/akasia_de/python-env/lib/python3.11/site-packages/airflow/example_dags/example_params_ui_tutorial.py for tasks to queue
[2024-04-02T21:20:55.249+0800] {logging_mixin.py:188} INFO - [2024-04-02T21:20:55.249+0800] {dagbag.py:540} INFO - Filling up the DagBag from /Users/kalerbramastha/Library/Mobile Documents/com~apple~CloudDocs/bram/career_assessment/akasia_de/python-env/lib/python3.11/site-packages/airflow/example_dags/example_params_ui_tutorial.py
[2024-04-02T21:20:55.264+0800] {processor.py:840} INFO - DAG(s) 'example_params_ui_tutorial' retrieved from /Users/kalerbramastha/Library/Mobile Documents/com~apple~CloudDocs/bram/career_assessment/akasia_de/python-env/lib/python3.11/site-packages/airflow/example_dags/example_params_ui_tutorial.py
[2024-04-02T21:20:55.303+0800] {logging_mixin.py:188} INFO - [2024-04-02T21:20:55.303+0800] {dag.py:3047} INFO - Sync 1 DAGs
[2024-04-02T21:20:55.306+0800] {logging_mixin.py:188} INFO - [2024-04-02T21:20:55.306+0800] {dag.py:3834} INFO - Setting next_dagrun for example_params_ui_tutorial to None, run_after=None
[2024-04-02T21:20:55.313+0800] {processor.py:183} INFO - Processing /Users/kalerbramastha/Library/Mobile Documents/com~apple~CloudDocs/bram/career_assessment/akasia_de/python-env/lib/python3.11/site-packages/airflow/example_dags/example_params_ui_tutorial.py took 0.065 seconds
[2024-04-02T21:31:07.103+0800] {processor.py:161} INFO - Started process (PID=22225) to work on /Users/kalerbramastha/Library/Mobile Documents/com~apple~CloudDocs/bram/career_assessment/akasia_de/python-env/lib/python3.11/site-packages/airflow/example_dags/example_params_ui_tutorial.py
[2024-04-02T21:31:07.104+0800] {processor.py:830} INFO - Processing file /Users/kalerbramastha/Library/Mobile Documents/com~apple~CloudDocs/bram/career_assessment/akasia_de/python-env/lib/python3.11/site-packages/airflow/example_dags/example_params_ui_tutorial.py for tasks to queue
[2024-04-02T21:31:07.104+0800] {logging_mixin.py:188} INFO - [2024-04-02T21:31:07.104+0800] {dagbag.py:540} INFO - Filling up the DagBag from /Users/kalerbramastha/Library/Mobile Documents/com~apple~CloudDocs/bram/career_assessment/akasia_de/python-env/lib/python3.11/site-packages/airflow/example_dags/example_params_ui_tutorial.py
[2024-04-02T21:31:07.120+0800] {processor.py:840} INFO - DAG(s) 'example_params_ui_tutorial' retrieved from /Users/kalerbramastha/Library/Mobile Documents/com~apple~CloudDocs/bram/career_assessment/akasia_de/python-env/lib/python3.11/site-packages/airflow/example_dags/example_params_ui_tutorial.py
[2024-04-02T21:31:07.196+0800] {logging_mixin.py:188} INFO - [2024-04-02T21:31:07.196+0800] {dag.py:3047} INFO - Sync 1 DAGs
[2024-04-02T21:31:07.201+0800] {logging_mixin.py:188} INFO - [2024-04-02T21:31:07.200+0800] {dag.py:3834} INFO - Setting next_dagrun for example_params_ui_tutorial to None, run_after=None
[2024-04-02T21:31:07.209+0800] {processor.py:183} INFO - Processing /Users/kalerbramastha/Library/Mobile Documents/com~apple~CloudDocs/bram/career_assessment/akasia_de/python-env/lib/python3.11/site-packages/airflow/example_dags/example_params_ui_tutorial.py took 0.107 seconds
