[2024-04-02T21:13:56.388+0800] {processor.py:161} INFO - Started process (PID=19209) to work on /Users/kalerbramastha/Library/Mobile Documents/com~apple~CloudDocs/bram/career_assessment/akasia_de/python-env/lib/python3.11/site-packages/airflow/example_dags/example_sensor_decorator.py
[2024-04-02T21:13:56.389+0800] {processor.py:830} INFO - Processing file /Users/kalerbramastha/Library/Mobile Documents/com~apple~CloudDocs/bram/career_assessment/akasia_de/python-env/lib/python3.11/site-packages/airflow/example_dags/example_sensor_decorator.py for tasks to queue
[2024-04-02T21:13:56.389+0800] {logging_mixin.py:188} INFO - [2024-04-02T21:13:56.389+0800] {dagbag.py:540} INFO - Filling up the DagBag from /Users/kalerbramastha/Library/Mobile Documents/com~apple~CloudDocs/bram/career_assessment/akasia_de/python-env/lib/python3.11/site-packages/airflow/example_dags/example_sensor_decorator.py
[2024-04-02T21:13:56.406+0800] {processor.py:840} INFO - DAG(s) 'example_sensor_decorator' retrieved from /Users/kalerbramastha/Library/Mobile Documents/com~apple~CloudDocs/bram/career_assessment/akasia_de/python-env/lib/python3.11/site-packages/airflow/example_dags/example_sensor_decorator.py
[2024-04-02T21:13:56.482+0800] {logging_mixin.py:188} INFO - [2024-04-02T21:13:56.482+0800] {override.py:1769} INFO - Created Permission View: can edit on DAG:example_sensor_decorator
[2024-04-02T21:13:56.485+0800] {logging_mixin.py:188} INFO - [2024-04-02T21:13:56.485+0800] {override.py:1769} INFO - Created Permission View: can delete on DAG:example_sensor_decorator
[2024-04-02T21:13:56.488+0800] {logging_mixin.py:188} INFO - [2024-04-02T21:13:56.488+0800] {override.py:1769} INFO - Created Permission View: can read on DAG:example_sensor_decorator
[2024-04-02T21:13:56.488+0800] {logging_mixin.py:188} INFO - [2024-04-02T21:13:56.488+0800] {dag.py:3047} INFO - Sync 1 DAGs
[2024-04-02T21:13:56.492+0800] {logging_mixin.py:188} INFO - [2024-04-02T21:13:56.492+0800] {dag.py:3069} INFO - Creating ORM DAG for example_sensor_decorator
[2024-04-02T21:13:56.493+0800] {logging_mixin.py:188} INFO - [2024-04-02T21:13:56.493+0800] {dag.py:3834} INFO - Setting next_dagrun for example_sensor_decorator to None, run_after=None
[2024-04-02T21:13:56.499+0800] {processor.py:183} INFO - Processing /Users/kalerbramastha/Library/Mobile Documents/com~apple~CloudDocs/bram/career_assessment/akasia_de/python-env/lib/python3.11/site-packages/airflow/example_dags/example_sensor_decorator.py took 0.114 seconds
[2024-04-02T21:15:33.137+0800] {processor.py:161} INFO - Started process (PID=19609) to work on /Users/kalerbramastha/Library/Mobile Documents/com~apple~CloudDocs/bram/career_assessment/akasia_de/python-env/lib/python3.11/site-packages/airflow/example_dags/example_sensor_decorator.py
[2024-04-02T21:15:33.138+0800] {processor.py:830} INFO - Processing file /Users/kalerbramastha/Library/Mobile Documents/com~apple~CloudDocs/bram/career_assessment/akasia_de/python-env/lib/python3.11/site-packages/airflow/example_dags/example_sensor_decorator.py for tasks to queue
[2024-04-02T21:15:33.139+0800] {logging_mixin.py:188} INFO - [2024-04-02T21:15:33.139+0800] {dagbag.py:540} INFO - Filling up the DagBag from /Users/kalerbramastha/Library/Mobile Documents/com~apple~CloudDocs/bram/career_assessment/akasia_de/python-env/lib/python3.11/site-packages/airflow/example_dags/example_sensor_decorator.py
[2024-04-02T21:15:33.154+0800] {processor.py:840} INFO - DAG(s) 'example_sensor_decorator' retrieved from /Users/kalerbramastha/Library/Mobile Documents/com~apple~CloudDocs/bram/career_assessment/akasia_de/python-env/lib/python3.11/site-packages/airflow/example_dags/example_sensor_decorator.py
[2024-04-02T21:15:33.194+0800] {logging_mixin.py:188} INFO - [2024-04-02T21:15:33.194+0800] {dag.py:3047} INFO - Sync 1 DAGs
[2024-04-02T21:15:33.198+0800] {logging_mixin.py:188} INFO - [2024-04-02T21:15:33.198+0800] {dag.py:3834} INFO - Setting next_dagrun for example_sensor_decorator to None, run_after=None
[2024-04-02T21:15:33.206+0800] {processor.py:183} INFO - Processing /Users/kalerbramastha/Library/Mobile Documents/com~apple~CloudDocs/bram/career_assessment/akasia_de/python-env/lib/python3.11/site-packages/airflow/example_dags/example_sensor_decorator.py took 0.069 seconds
[2024-04-02T21:19:11.231+0800] {processor.py:161} INFO - Started process (PID=20360) to work on /Users/kalerbramastha/Library/Mobile Documents/com~apple~CloudDocs/bram/career_assessment/akasia_de/python-env/lib/python3.11/site-packages/airflow/example_dags/example_sensor_decorator.py
[2024-04-02T21:19:11.231+0800] {processor.py:830} INFO - Processing file /Users/kalerbramastha/Library/Mobile Documents/com~apple~CloudDocs/bram/career_assessment/akasia_de/python-env/lib/python3.11/site-packages/airflow/example_dags/example_sensor_decorator.py for tasks to queue
[2024-04-02T21:19:11.231+0800] {logging_mixin.py:188} INFO - [2024-04-02T21:19:11.231+0800] {dagbag.py:540} INFO - Filling up the DagBag from /Users/kalerbramastha/Library/Mobile Documents/com~apple~CloudDocs/bram/career_assessment/akasia_de/python-env/lib/python3.11/site-packages/airflow/example_dags/example_sensor_decorator.py
[2024-04-02T21:19:11.245+0800] {processor.py:840} INFO - DAG(s) 'example_sensor_decorator' retrieved from /Users/kalerbramastha/Library/Mobile Documents/com~apple~CloudDocs/bram/career_assessment/akasia_de/python-env/lib/python3.11/site-packages/airflow/example_dags/example_sensor_decorator.py
[2024-04-02T21:19:11.314+0800] {logging_mixin.py:188} INFO - [2024-04-02T21:19:11.313+0800] {dag.py:3047} INFO - Sync 1 DAGs
[2024-04-02T21:19:11.318+0800] {logging_mixin.py:188} INFO - [2024-04-02T21:19:11.318+0800] {dag.py:3834} INFO - Setting next_dagrun for example_sensor_decorator to None, run_after=None
[2024-04-02T21:19:11.325+0800] {processor.py:183} INFO - Processing /Users/kalerbramastha/Library/Mobile Documents/com~apple~CloudDocs/bram/career_assessment/akasia_de/python-env/lib/python3.11/site-packages/airflow/example_dags/example_sensor_decorator.py took 0.095 seconds
[2024-04-02T21:20:47.964+0800] {processor.py:161} INFO - Started process (PID=20475) to work on /Users/kalerbramastha/Library/Mobile Documents/com~apple~CloudDocs/bram/career_assessment/akasia_de/python-env/lib/python3.11/site-packages/airflow/example_dags/example_sensor_decorator.py
[2024-04-02T21:20:47.965+0800] {processor.py:830} INFO - Processing file /Users/kalerbramastha/Library/Mobile Documents/com~apple~CloudDocs/bram/career_assessment/akasia_de/python-env/lib/python3.11/site-packages/airflow/example_dags/example_sensor_decorator.py for tasks to queue
[2024-04-02T21:20:47.965+0800] {logging_mixin.py:188} INFO - [2024-04-02T21:20:47.965+0800] {dagbag.py:540} INFO - Filling up the DagBag from /Users/kalerbramastha/Library/Mobile Documents/com~apple~CloudDocs/bram/career_assessment/akasia_de/python-env/lib/python3.11/site-packages/airflow/example_dags/example_sensor_decorator.py
[2024-04-02T21:20:47.979+0800] {processor.py:840} INFO - DAG(s) 'example_sensor_decorator' retrieved from /Users/kalerbramastha/Library/Mobile Documents/com~apple~CloudDocs/bram/career_assessment/akasia_de/python-env/lib/python3.11/site-packages/airflow/example_dags/example_sensor_decorator.py
[2024-04-02T21:20:48.014+0800] {logging_mixin.py:188} INFO - [2024-04-02T21:20:48.014+0800] {dag.py:3047} INFO - Sync 1 DAGs
[2024-04-02T21:20:48.017+0800] {logging_mixin.py:188} INFO - [2024-04-02T21:20:48.017+0800] {dag.py:3834} INFO - Setting next_dagrun for example_sensor_decorator to None, run_after=None
[2024-04-02T21:20:48.024+0800] {processor.py:183} INFO - Processing /Users/kalerbramastha/Library/Mobile Documents/com~apple~CloudDocs/bram/career_assessment/akasia_de/python-env/lib/python3.11/site-packages/airflow/example_dags/example_sensor_decorator.py took 0.061 seconds
[2024-04-02T21:30:59.566+0800] {processor.py:161} INFO - Started process (PID=22219) to work on /Users/kalerbramastha/Library/Mobile Documents/com~apple~CloudDocs/bram/career_assessment/akasia_de/python-env/lib/python3.11/site-packages/airflow/example_dags/example_sensor_decorator.py
[2024-04-02T21:30:59.566+0800] {processor.py:830} INFO - Processing file /Users/kalerbramastha/Library/Mobile Documents/com~apple~CloudDocs/bram/career_assessment/akasia_de/python-env/lib/python3.11/site-packages/airflow/example_dags/example_sensor_decorator.py for tasks to queue
[2024-04-02T21:30:59.567+0800] {logging_mixin.py:188} INFO - [2024-04-02T21:30:59.566+0800] {dagbag.py:540} INFO - Filling up the DagBag from /Users/kalerbramastha/Library/Mobile Documents/com~apple~CloudDocs/bram/career_assessment/akasia_de/python-env/lib/python3.11/site-packages/airflow/example_dags/example_sensor_decorator.py
[2024-04-02T21:30:59.581+0800] {processor.py:840} INFO - DAG(s) 'example_sensor_decorator' retrieved from /Users/kalerbramastha/Library/Mobile Documents/com~apple~CloudDocs/bram/career_assessment/akasia_de/python-env/lib/python3.11/site-packages/airflow/example_dags/example_sensor_decorator.py
[2024-04-02T21:30:59.653+0800] {logging_mixin.py:188} INFO - [2024-04-02T21:30:59.653+0800] {dag.py:3047} INFO - Sync 1 DAGs
[2024-04-02T21:30:59.657+0800] {logging_mixin.py:188} INFO - [2024-04-02T21:30:59.657+0800] {dag.py:3834} INFO - Setting next_dagrun for example_sensor_decorator to None, run_after=None
[2024-04-02T21:30:59.665+0800] {processor.py:183} INFO - Processing /Users/kalerbramastha/Library/Mobile Documents/com~apple~CloudDocs/bram/career_assessment/akasia_de/python-env/lib/python3.11/site-packages/airflow/example_dags/example_sensor_decorator.py took 0.100 seconds
