[2024-04-02T21:13:54.734+0800] {processor.py:161} INFO - Started process (PID=19193) to work on /Users/kalerbramastha/Library/Mobile Documents/com~apple~CloudDocs/bram/career_assessment/akasia_de/python-env/lib/python3.11/site-packages/airflow/example_dags/example_sensors.py
[2024-04-02T21:13:54.735+0800] {processor.py:830} INFO - Processing file /Users/kalerbramastha/Library/Mobile Documents/com~apple~CloudDocs/bram/career_assessment/akasia_de/python-env/lib/python3.11/site-packages/airflow/example_dags/example_sensors.py for tasks to queue
[2024-04-02T21:13:54.735+0800] {logging_mixin.py:188} INFO - [2024-04-02T21:13:54.735+0800] {dagbag.py:540} INFO - Filling up the DagBag from /Users/kalerbramastha/Library/Mobile Documents/com~apple~CloudDocs/bram/career_assessment/akasia_de/python-env/lib/python3.11/site-packages/airflow/example_dags/example_sensors.py
[2024-04-02T21:13:54.743+0800] {processor.py:840} INFO - DAG(s) 'example_sensors' retrieved from /Users/kalerbramastha/Library/Mobile Documents/com~apple~CloudDocs/bram/career_assessment/akasia_de/python-env/lib/python3.11/site-packages/airflow/example_dags/example_sensors.py
[2024-04-02T21:13:54.832+0800] {logging_mixin.py:188} INFO - [2024-04-02T21:13:54.832+0800] {override.py:1769} INFO - Created Permission View: can delete on DAG:example_sensors
[2024-04-02T21:13:54.843+0800] {logging_mixin.py:188} INFO - [2024-04-02T21:13:54.843+0800] {override.py:1769} INFO - Created Permission View: can edit on DAG:example_sensors
[2024-04-02T21:13:54.848+0800] {logging_mixin.py:188} INFO - [2024-04-02T21:13:54.848+0800] {override.py:1769} INFO - Created Permission View: can read on DAG:example_sensors
[2024-04-02T21:13:54.848+0800] {logging_mixin.py:188} INFO - [2024-04-02T21:13:54.848+0800] {dag.py:3047} INFO - Sync 1 DAGs
[2024-04-02T21:13:54.853+0800] {logging_mixin.py:188} INFO - [2024-04-02T21:13:54.853+0800] {dag.py:3069} INFO - Creating ORM DAG for example_sensors
[2024-04-02T21:13:54.853+0800] {logging_mixin.py:188} INFO - [2024-04-02T21:13:54.853+0800] {dag.py:3834} INFO - Setting next_dagrun for example_sensors to None, run_after=None
[2024-04-02T21:13:54.861+0800] {processor.py:183} INFO - Processing /Users/kalerbramastha/Library/Mobile Documents/com~apple~CloudDocs/bram/career_assessment/akasia_de/python-env/lib/python3.11/site-packages/airflow/example_dags/example_sensors.py took 0.128 seconds
[2024-04-02T21:15:30.966+0800] {processor.py:161} INFO - Started process (PID=19590) to work on /Users/kalerbramastha/Library/Mobile Documents/com~apple~CloudDocs/bram/career_assessment/akasia_de/python-env/lib/python3.11/site-packages/airflow/example_dags/example_sensors.py
[2024-04-02T21:15:30.966+0800] {processor.py:830} INFO - Processing file /Users/kalerbramastha/Library/Mobile Documents/com~apple~CloudDocs/bram/career_assessment/akasia_de/python-env/lib/python3.11/site-packages/airflow/example_dags/example_sensors.py for tasks to queue
[2024-04-02T21:15:30.967+0800] {logging_mixin.py:188} INFO - [2024-04-02T21:15:30.966+0800] {dagbag.py:540} INFO - Filling up the DagBag from /Users/kalerbramastha/Library/Mobile Documents/com~apple~CloudDocs/bram/career_assessment/akasia_de/python-env/lib/python3.11/site-packages/airflow/example_dags/example_sensors.py
[2024-04-02T21:15:30.973+0800] {processor.py:840} INFO - DAG(s) 'example_sensors' retrieved from /Users/kalerbramastha/Library/Mobile Documents/com~apple~CloudDocs/bram/career_assessment/akasia_de/python-env/lib/python3.11/site-packages/airflow/example_dags/example_sensors.py
[2024-04-02T21:15:31.015+0800] {logging_mixin.py:188} INFO - [2024-04-02T21:15:31.015+0800] {dag.py:3047} INFO - Sync 1 DAGs
[2024-04-02T21:15:31.019+0800] {logging_mixin.py:188} INFO - [2024-04-02T21:15:31.019+0800] {dag.py:3834} INFO - Setting next_dagrun for example_sensors to None, run_after=None
[2024-04-02T21:15:31.027+0800] {processor.py:183} INFO - Processing /Users/kalerbramastha/Library/Mobile Documents/com~apple~CloudDocs/bram/career_assessment/akasia_de/python-env/lib/python3.11/site-packages/airflow/example_dags/example_sensors.py took 0.062 seconds
[2024-04-02T21:19:09.225+0800] {processor.py:161} INFO - Started process (PID=20359) to work on /Users/kalerbramastha/Library/Mobile Documents/com~apple~CloudDocs/bram/career_assessment/akasia_de/python-env/lib/python3.11/site-packages/airflow/example_dags/example_sensors.py
[2024-04-02T21:19:09.225+0800] {processor.py:830} INFO - Processing file /Users/kalerbramastha/Library/Mobile Documents/com~apple~CloudDocs/bram/career_assessment/akasia_de/python-env/lib/python3.11/site-packages/airflow/example_dags/example_sensors.py for tasks to queue
[2024-04-02T21:19:09.226+0800] {logging_mixin.py:188} INFO - [2024-04-02T21:19:09.226+0800] {dagbag.py:540} INFO - Filling up the DagBag from /Users/kalerbramastha/Library/Mobile Documents/com~apple~CloudDocs/bram/career_assessment/akasia_de/python-env/lib/python3.11/site-packages/airflow/example_dags/example_sensors.py
[2024-04-02T21:19:09.232+0800] {processor.py:840} INFO - DAG(s) 'example_sensors' retrieved from /Users/kalerbramastha/Library/Mobile Documents/com~apple~CloudDocs/bram/career_assessment/akasia_de/python-env/lib/python3.11/site-packages/airflow/example_dags/example_sensors.py
[2024-04-02T21:19:09.302+0800] {logging_mixin.py:188} INFO - [2024-04-02T21:19:09.301+0800] {dag.py:3047} INFO - Sync 1 DAGs
[2024-04-02T21:19:09.305+0800] {logging_mixin.py:188} INFO - [2024-04-02T21:19:09.305+0800] {dag.py:3834} INFO - Setting next_dagrun for example_sensors to None, run_after=None
[2024-04-02T21:19:09.312+0800] {processor.py:183} INFO - Processing /Users/kalerbramastha/Library/Mobile Documents/com~apple~CloudDocs/bram/career_assessment/akasia_de/python-env/lib/python3.11/site-packages/airflow/example_dags/example_sensors.py took 0.089 seconds
[2024-04-02T21:20:45.946+0800] {processor.py:161} INFO - Started process (PID=20472) to work on /Users/kalerbramastha/Library/Mobile Documents/com~apple~CloudDocs/bram/career_assessment/akasia_de/python-env/lib/python3.11/site-packages/airflow/example_dags/example_sensors.py
[2024-04-02T21:20:45.947+0800] {processor.py:830} INFO - Processing file /Users/kalerbramastha/Library/Mobile Documents/com~apple~CloudDocs/bram/career_assessment/akasia_de/python-env/lib/python3.11/site-packages/airflow/example_dags/example_sensors.py for tasks to queue
[2024-04-02T21:20:45.947+0800] {logging_mixin.py:188} INFO - [2024-04-02T21:20:45.947+0800] {dagbag.py:540} INFO - Filling up the DagBag from /Users/kalerbramastha/Library/Mobile Documents/com~apple~CloudDocs/bram/career_assessment/akasia_de/python-env/lib/python3.11/site-packages/airflow/example_dags/example_sensors.py
[2024-04-02T21:20:45.955+0800] {processor.py:840} INFO - DAG(s) 'example_sensors' retrieved from /Users/kalerbramastha/Library/Mobile Documents/com~apple~CloudDocs/bram/career_assessment/akasia_de/python-env/lib/python3.11/site-packages/airflow/example_dags/example_sensors.py
[2024-04-02T21:20:46.008+0800] {logging_mixin.py:188} INFO - [2024-04-02T21:20:46.008+0800] {dag.py:3047} INFO - Sync 1 DAGs
[2024-04-02T21:20:46.012+0800] {logging_mixin.py:188} INFO - [2024-04-02T21:20:46.012+0800] {dag.py:3834} INFO - Setting next_dagrun for example_sensors to None, run_after=None
[2024-04-02T21:20:46.018+0800] {processor.py:183} INFO - Processing /Users/kalerbramastha/Library/Mobile Documents/com~apple~CloudDocs/bram/career_assessment/akasia_de/python-env/lib/python3.11/site-packages/airflow/example_dags/example_sensors.py took 0.072 seconds
[2024-04-02T21:30:57.517+0800] {processor.py:161} INFO - Started process (PID=22218) to work on /Users/kalerbramastha/Library/Mobile Documents/com~apple~CloudDocs/bram/career_assessment/akasia_de/python-env/lib/python3.11/site-packages/airflow/example_dags/example_sensors.py
[2024-04-02T21:30:57.518+0800] {processor.py:830} INFO - Processing file /Users/kalerbramastha/Library/Mobile Documents/com~apple~CloudDocs/bram/career_assessment/akasia_de/python-env/lib/python3.11/site-packages/airflow/example_dags/example_sensors.py for tasks to queue
[2024-04-02T21:30:57.518+0800] {logging_mixin.py:188} INFO - [2024-04-02T21:30:57.518+0800] {dagbag.py:540} INFO - Filling up the DagBag from /Users/kalerbramastha/Library/Mobile Documents/com~apple~CloudDocs/bram/career_assessment/akasia_de/python-env/lib/python3.11/site-packages/airflow/example_dags/example_sensors.py
[2024-04-02T21:30:57.525+0800] {processor.py:840} INFO - DAG(s) 'example_sensors' retrieved from /Users/kalerbramastha/Library/Mobile Documents/com~apple~CloudDocs/bram/career_assessment/akasia_de/python-env/lib/python3.11/site-packages/airflow/example_dags/example_sensors.py
[2024-04-02T21:30:57.598+0800] {logging_mixin.py:188} INFO - [2024-04-02T21:30:57.598+0800] {dag.py:3047} INFO - Sync 1 DAGs
[2024-04-02T21:30:57.601+0800] {logging_mixin.py:188} INFO - [2024-04-02T21:30:57.601+0800] {dag.py:3834} INFO - Setting next_dagrun for example_sensors to None, run_after=None
[2024-04-02T21:30:57.610+0800] {processor.py:183} INFO - Processing /Users/kalerbramastha/Library/Mobile Documents/com~apple~CloudDocs/bram/career_assessment/akasia_de/python-env/lib/python3.11/site-packages/airflow/example_dags/example_sensors.py took 0.093 seconds
