[2024-04-02T21:13:29.546+0800] {processor.py:161} INFO - Started process (PID=18976) to work on /Users/kalerbramastha/Library/Mobile Documents/com~apple~CloudDocs/bram/career_assessment/akasia_de/python-env/lib/python3.11/site-packages/airflow/example_dags/example_trigger_controller_dag.py
[2024-04-02T21:13:29.547+0800] {processor.py:830} INFO - Processing file /Users/kalerbramastha/Library/Mobile Documents/com~apple~CloudDocs/bram/career_assessment/akasia_de/python-env/lib/python3.11/site-packages/airflow/example_dags/example_trigger_controller_dag.py for tasks to queue
[2024-04-02T21:13:29.547+0800] {logging_mixin.py:188} INFO - [2024-04-02T21:13:29.547+0800] {dagbag.py:540} INFO - Filling up the DagBag from /Users/kalerbramastha/Library/Mobile Documents/com~apple~CloudDocs/bram/career_assessment/akasia_de/python-env/lib/python3.11/site-packages/airflow/example_dags/example_trigger_controller_dag.py
[2024-04-02T21:13:29.552+0800] {processor.py:840} INFO - DAG(s) 'example_trigger_controller_dag' retrieved from /Users/kalerbramastha/Library/Mobile Documents/com~apple~CloudDocs/bram/career_assessment/akasia_de/python-env/lib/python3.11/site-packages/airflow/example_dags/example_trigger_controller_dag.py
[2024-04-02T21:13:29.618+0800] {logging_mixin.py:188} INFO - [2024-04-02T21:13:29.618+0800] {override.py:1769} INFO - Created Permission View: can read on DAG:example_trigger_controller_dag
[2024-04-02T21:13:29.622+0800] {logging_mixin.py:188} INFO - [2024-04-02T21:13:29.622+0800] {override.py:1769} INFO - Created Permission View: can delete on DAG:example_trigger_controller_dag
[2024-04-02T21:13:29.625+0800] {logging_mixin.py:188} INFO - [2024-04-02T21:13:29.624+0800] {override.py:1769} INFO - Created Permission View: can edit on DAG:example_trigger_controller_dag
[2024-04-02T21:13:29.625+0800] {logging_mixin.py:188} INFO - [2024-04-02T21:13:29.625+0800] {dag.py:3047} INFO - Sync 1 DAGs
[2024-04-02T21:13:29.629+0800] {logging_mixin.py:188} INFO - [2024-04-02T21:13:29.628+0800] {dag.py:3069} INFO - Creating ORM DAG for example_trigger_controller_dag
[2024-04-02T21:13:29.631+0800] {logging_mixin.py:188} INFO - [2024-04-02T21:13:29.631+0800] {dag.py:3834} INFO - Setting next_dagrun for example_trigger_controller_dag to 2021-01-01 00:00:00+00:00, run_after=2021-01-01 00:00:00+00:00
[2024-04-02T21:13:29.638+0800] {processor.py:183} INFO - Processing /Users/kalerbramastha/Library/Mobile Documents/com~apple~CloudDocs/bram/career_assessment/akasia_de/python-env/lib/python3.11/site-packages/airflow/example_dags/example_trigger_controller_dag.py took 0.093 seconds
[2024-04-02T21:15:09.141+0800] {processor.py:161} INFO - Started process (PID=19394) to work on /Users/kalerbramastha/Library/Mobile Documents/com~apple~CloudDocs/bram/career_assessment/akasia_de/python-env/lib/python3.11/site-packages/airflow/example_dags/example_trigger_controller_dag.py
[2024-04-02T21:15:09.142+0800] {processor.py:830} INFO - Processing file /Users/kalerbramastha/Library/Mobile Documents/com~apple~CloudDocs/bram/career_assessment/akasia_de/python-env/lib/python3.11/site-packages/airflow/example_dags/example_trigger_controller_dag.py for tasks to queue
[2024-04-02T21:15:09.142+0800] {logging_mixin.py:188} INFO - [2024-04-02T21:15:09.142+0800] {dagbag.py:540} INFO - Filling up the DagBag from /Users/kalerbramastha/Library/Mobile Documents/com~apple~CloudDocs/bram/career_assessment/akasia_de/python-env/lib/python3.11/site-packages/airflow/example_dags/example_trigger_controller_dag.py
[2024-04-02T21:15:09.148+0800] {processor.py:840} INFO - DAG(s) 'example_trigger_controller_dag' retrieved from /Users/kalerbramastha/Library/Mobile Documents/com~apple~CloudDocs/bram/career_assessment/akasia_de/python-env/lib/python3.11/site-packages/airflow/example_dags/example_trigger_controller_dag.py
[2024-04-02T21:15:09.181+0800] {logging_mixin.py:188} INFO - [2024-04-02T21:15:09.180+0800] {dag.py:3047} INFO - Sync 1 DAGs
[2024-04-02T21:15:09.187+0800] {logging_mixin.py:188} INFO - [2024-04-02T21:15:09.186+0800] {dag.py:3834} INFO - Setting next_dagrun for example_trigger_controller_dag to 2021-01-01 00:00:00+00:00, run_after=2021-01-01 00:00:00+00:00
[2024-04-02T21:15:09.193+0800] {processor.py:183} INFO - Processing /Users/kalerbramastha/Library/Mobile Documents/com~apple~CloudDocs/bram/career_assessment/akasia_de/python-env/lib/python3.11/site-packages/airflow/example_dags/example_trigger_controller_dag.py took 0.053 seconds
[2024-04-02T21:16:18.071+0800] {processor.py:161} INFO - Started process (PID=19872) to work on /Users/kalerbramastha/Library/Mobile Documents/com~apple~CloudDocs/bram/career_assessment/akasia_de/python-env/lib/python3.11/site-packages/airflow/example_dags/example_trigger_controller_dag.py
[2024-04-02T21:16:18.072+0800] {processor.py:830} INFO - Processing file /Users/kalerbramastha/Library/Mobile Documents/com~apple~CloudDocs/bram/career_assessment/akasia_de/python-env/lib/python3.11/site-packages/airflow/example_dags/example_trigger_controller_dag.py for tasks to queue
[2024-04-02T21:16:18.072+0800] {logging_mixin.py:188} INFO - [2024-04-02T21:16:18.072+0800] {dagbag.py:540} INFO - Filling up the DagBag from /Users/kalerbramastha/Library/Mobile Documents/com~apple~CloudDocs/bram/career_assessment/akasia_de/python-env/lib/python3.11/site-packages/airflow/example_dags/example_trigger_controller_dag.py
[2024-04-02T21:16:18.077+0800] {processor.py:840} INFO - DAG(s) 'example_trigger_controller_dag' retrieved from /Users/kalerbramastha/Library/Mobile Documents/com~apple~CloudDocs/bram/career_assessment/akasia_de/python-env/lib/python3.11/site-packages/airflow/example_dags/example_trigger_controller_dag.py
[2024-04-02T21:16:18.109+0800] {logging_mixin.py:188} INFO - [2024-04-02T21:16:18.109+0800] {dag.py:3047} INFO - Sync 1 DAGs
[2024-04-02T21:16:18.116+0800] {logging_mixin.py:188} INFO - [2024-04-02T21:16:18.116+0800] {dag.py:3834} INFO - Setting next_dagrun for example_trigger_controller_dag to 2021-01-01 00:00:00+00:00, run_after=2021-01-01 00:00:00+00:00
[2024-04-02T21:16:18.123+0800] {processor.py:183} INFO - Processing /Users/kalerbramastha/Library/Mobile Documents/com~apple~CloudDocs/bram/career_assessment/akasia_de/python-env/lib/python3.11/site-packages/airflow/example_dags/example_trigger_controller_dag.py took 0.052 seconds
[2024-04-02T21:18:47.740+0800] {processor.py:161} INFO - Started process (PID=20312) to work on /Users/kalerbramastha/Library/Mobile Documents/com~apple~CloudDocs/bram/career_assessment/akasia_de/python-env/lib/python3.11/site-packages/airflow/example_dags/example_trigger_controller_dag.py
[2024-04-02T21:18:47.741+0800] {processor.py:830} INFO - Processing file /Users/kalerbramastha/Library/Mobile Documents/com~apple~CloudDocs/bram/career_assessment/akasia_de/python-env/lib/python3.11/site-packages/airflow/example_dags/example_trigger_controller_dag.py for tasks to queue
[2024-04-02T21:18:47.741+0800] {logging_mixin.py:188} INFO - [2024-04-02T21:18:47.741+0800] {dagbag.py:540} INFO - Filling up the DagBag from /Users/kalerbramastha/Library/Mobile Documents/com~apple~CloudDocs/bram/career_assessment/akasia_de/python-env/lib/python3.11/site-packages/airflow/example_dags/example_trigger_controller_dag.py
[2024-04-02T21:18:47.747+0800] {processor.py:840} INFO - DAG(s) 'example_trigger_controller_dag' retrieved from /Users/kalerbramastha/Library/Mobile Documents/com~apple~CloudDocs/bram/career_assessment/akasia_de/python-env/lib/python3.11/site-packages/airflow/example_dags/example_trigger_controller_dag.py
[2024-04-02T21:18:47.845+0800] {logging_mixin.py:188} INFO - [2024-04-02T21:18:47.845+0800] {dag.py:3047} INFO - Sync 1 DAGs
[2024-04-02T21:18:47.851+0800] {logging_mixin.py:188} INFO - [2024-04-02T21:18:47.850+0800] {dag.py:3834} INFO - Setting next_dagrun for example_trigger_controller_dag to 2021-01-01 00:00:00+00:00, run_after=2021-01-01 00:00:00+00:00
[2024-04-02T21:18:47.858+0800] {processor.py:183} INFO - Processing /Users/kalerbramastha/Library/Mobile Documents/com~apple~CloudDocs/bram/career_assessment/akasia_de/python-env/lib/python3.11/site-packages/airflow/example_dags/example_trigger_controller_dag.py took 0.118 seconds
[2024-04-02T21:20:23.515+0800] {processor.py:161} INFO - Started process (PID=20451) to work on /Users/kalerbramastha/Library/Mobile Documents/com~apple~CloudDocs/bram/career_assessment/akasia_de/python-env/lib/python3.11/site-packages/airflow/example_dags/example_trigger_controller_dag.py
[2024-04-02T21:20:23.516+0800] {processor.py:830} INFO - Processing file /Users/kalerbramastha/Library/Mobile Documents/com~apple~CloudDocs/bram/career_assessment/akasia_de/python-env/lib/python3.11/site-packages/airflow/example_dags/example_trigger_controller_dag.py for tasks to queue
[2024-04-02T21:20:23.516+0800] {logging_mixin.py:188} INFO - [2024-04-02T21:20:23.516+0800] {dagbag.py:540} INFO - Filling up the DagBag from /Users/kalerbramastha/Library/Mobile Documents/com~apple~CloudDocs/bram/career_assessment/akasia_de/python-env/lib/python3.11/site-packages/airflow/example_dags/example_trigger_controller_dag.py
[2024-04-02T21:20:23.520+0800] {processor.py:840} INFO - DAG(s) 'example_trigger_controller_dag' retrieved from /Users/kalerbramastha/Library/Mobile Documents/com~apple~CloudDocs/bram/career_assessment/akasia_de/python-env/lib/python3.11/site-packages/airflow/example_dags/example_trigger_controller_dag.py
[2024-04-02T21:20:23.550+0800] {logging_mixin.py:188} INFO - [2024-04-02T21:20:23.550+0800] {dag.py:3047} INFO - Sync 1 DAGs
[2024-04-02T21:20:23.556+0800] {logging_mixin.py:188} INFO - [2024-04-02T21:20:23.556+0800] {dag.py:3834} INFO - Setting next_dagrun for example_trigger_controller_dag to 2021-01-01 00:00:00+00:00, run_after=2021-01-01 00:00:00+00:00
[2024-04-02T21:20:23.563+0800] {processor.py:183} INFO - Processing /Users/kalerbramastha/Library/Mobile Documents/com~apple~CloudDocs/bram/career_assessment/akasia_de/python-env/lib/python3.11/site-packages/airflow/example_dags/example_trigger_controller_dag.py took 0.048 seconds
[2024-04-02T21:21:26.707+0800] {processor.py:161} INFO - Started process (PID=20524) to work on /Users/kalerbramastha/Library/Mobile Documents/com~apple~CloudDocs/bram/career_assessment/akasia_de/python-env/lib/python3.11/site-packages/airflow/example_dags/example_trigger_controller_dag.py
[2024-04-02T21:21:26.708+0800] {processor.py:830} INFO - Processing file /Users/kalerbramastha/Library/Mobile Documents/com~apple~CloudDocs/bram/career_assessment/akasia_de/python-env/lib/python3.11/site-packages/airflow/example_dags/example_trigger_controller_dag.py for tasks to queue
[2024-04-02T21:21:26.708+0800] {logging_mixin.py:188} INFO - [2024-04-02T21:21:26.708+0800] {dagbag.py:540} INFO - Filling up the DagBag from /Users/kalerbramastha/Library/Mobile Documents/com~apple~CloudDocs/bram/career_assessment/akasia_de/python-env/lib/python3.11/site-packages/airflow/example_dags/example_trigger_controller_dag.py
[2024-04-02T21:21:26.712+0800] {processor.py:840} INFO - DAG(s) 'example_trigger_controller_dag' retrieved from /Users/kalerbramastha/Library/Mobile Documents/com~apple~CloudDocs/bram/career_assessment/akasia_de/python-env/lib/python3.11/site-packages/airflow/example_dags/example_trigger_controller_dag.py
[2024-04-02T21:21:26.743+0800] {logging_mixin.py:188} INFO - [2024-04-02T21:21:26.743+0800] {dag.py:3047} INFO - Sync 1 DAGs
[2024-04-02T21:21:26.749+0800] {logging_mixin.py:188} INFO - [2024-04-02T21:21:26.749+0800] {dag.py:3834} INFO - Setting next_dagrun for example_trigger_controller_dag to 2021-01-01 00:00:00+00:00, run_after=2021-01-01 00:00:00+00:00
[2024-04-02T21:21:26.756+0800] {processor.py:183} INFO - Processing /Users/kalerbramastha/Library/Mobile Documents/com~apple~CloudDocs/bram/career_assessment/akasia_de/python-env/lib/python3.11/site-packages/airflow/example_dags/example_trigger_controller_dag.py took 0.050 seconds
[2024-04-02T21:30:35.554+0800] {processor.py:161} INFO - Started process (PID=22190) to work on /Users/kalerbramastha/Library/Mobile Documents/com~apple~CloudDocs/bram/career_assessment/akasia_de/python-env/lib/python3.11/site-packages/airflow/example_dags/example_trigger_controller_dag.py
[2024-04-02T21:30:35.555+0800] {processor.py:830} INFO - Processing file /Users/kalerbramastha/Library/Mobile Documents/com~apple~CloudDocs/bram/career_assessment/akasia_de/python-env/lib/python3.11/site-packages/airflow/example_dags/example_trigger_controller_dag.py for tasks to queue
[2024-04-02T21:30:35.555+0800] {logging_mixin.py:188} INFO - [2024-04-02T21:30:35.555+0800] {dagbag.py:540} INFO - Filling up the DagBag from /Users/kalerbramastha/Library/Mobile Documents/com~apple~CloudDocs/bram/career_assessment/akasia_de/python-env/lib/python3.11/site-packages/airflow/example_dags/example_trigger_controller_dag.py
[2024-04-02T21:30:35.560+0800] {processor.py:840} INFO - DAG(s) 'example_trigger_controller_dag' retrieved from /Users/kalerbramastha/Library/Mobile Documents/com~apple~CloudDocs/bram/career_assessment/akasia_de/python-env/lib/python3.11/site-packages/airflow/example_dags/example_trigger_controller_dag.py
[2024-04-02T21:30:35.636+0800] {logging_mixin.py:188} INFO - [2024-04-02T21:30:35.636+0800] {dag.py:3047} INFO - Sync 1 DAGs
[2024-04-02T21:30:35.644+0800] {logging_mixin.py:188} INFO - [2024-04-02T21:30:35.644+0800] {dag.py:3834} INFO - Setting next_dagrun for example_trigger_controller_dag to 2021-01-01 00:00:00+00:00, run_after=2021-01-01 00:00:00+00:00
[2024-04-02T21:30:35.651+0800] {processor.py:183} INFO - Processing /Users/kalerbramastha/Library/Mobile Documents/com~apple~CloudDocs/bram/career_assessment/akasia_de/python-env/lib/python3.11/site-packages/airflow/example_dags/example_trigger_controller_dag.py took 0.098 seconds
[2024-04-02T21:32:08.868+0800] {processor.py:161} INFO - Started process (PID=22278) to work on /Users/kalerbramastha/Library/Mobile Documents/com~apple~CloudDocs/bram/career_assessment/akasia_de/python-env/lib/python3.11/site-packages/airflow/example_dags/example_trigger_controller_dag.py
[2024-04-02T21:32:08.868+0800] {processor.py:830} INFO - Processing file /Users/kalerbramastha/Library/Mobile Documents/com~apple~CloudDocs/bram/career_assessment/akasia_de/python-env/lib/python3.11/site-packages/airflow/example_dags/example_trigger_controller_dag.py for tasks to queue
[2024-04-02T21:32:08.869+0800] {logging_mixin.py:188} INFO - [2024-04-02T21:32:08.868+0800] {dagbag.py:540} INFO - Filling up the DagBag from /Users/kalerbramastha/Library/Mobile Documents/com~apple~CloudDocs/bram/career_assessment/akasia_de/python-env/lib/python3.11/site-packages/airflow/example_dags/example_trigger_controller_dag.py
[2024-04-02T21:32:08.873+0800] {processor.py:840} INFO - DAG(s) 'example_trigger_controller_dag' retrieved from /Users/kalerbramastha/Library/Mobile Documents/com~apple~CloudDocs/bram/career_assessment/akasia_de/python-env/lib/python3.11/site-packages/airflow/example_dags/example_trigger_controller_dag.py
[2024-04-02T21:32:08.906+0800] {logging_mixin.py:188} INFO - [2024-04-02T21:32:08.905+0800] {dag.py:3047} INFO - Sync 1 DAGs
[2024-04-02T21:32:08.912+0800] {logging_mixin.py:188} INFO - [2024-04-02T21:32:08.912+0800] {dag.py:3834} INFO - Setting next_dagrun for example_trigger_controller_dag to 2021-01-01 00:00:00+00:00, run_after=2021-01-01 00:00:00+00:00
[2024-04-02T21:32:08.920+0800] {processor.py:183} INFO - Processing /Users/kalerbramastha/Library/Mobile Documents/com~apple~CloudDocs/bram/career_assessment/akasia_de/python-env/lib/python3.11/site-packages/airflow/example_dags/example_trigger_controller_dag.py took 0.052 seconds
