[2024-04-02T21:14:36.846+0800] {processor.py:161} INFO - Started process (PID=19335) to work on /Users/kalerbramastha/Library/Mobile Documents/com~apple~CloudDocs/bram/career_assessment/akasia_de/python-env/lib/python3.11/site-packages/airflow/example_dags/example_branch_labels.py
[2024-04-02T21:14:36.847+0800] {processor.py:830} INFO - Processing file /Users/kalerbramastha/Library/Mobile Documents/com~apple~CloudDocs/bram/career_assessment/akasia_de/python-env/lib/python3.11/site-packages/airflow/example_dags/example_branch_labels.py for tasks to queue
[2024-04-02T21:14:36.847+0800] {logging_mixin.py:188} INFO - [2024-04-02T21:14:36.847+0800] {dagbag.py:540} INFO - Filling up the DagBag from /Users/kalerbramastha/Library/Mobile Documents/com~apple~CloudDocs/bram/career_assessment/akasia_de/python-env/lib/python3.11/site-packages/airflow/example_dags/example_branch_labels.py
[2024-04-02T21:14:36.851+0800] {processor.py:840} INFO - DAG(s) 'example_branch_labels' retrieved from /Users/kalerbramastha/Library/Mobile Documents/com~apple~CloudDocs/bram/career_assessment/akasia_de/python-env/lib/python3.11/site-packages/airflow/example_dags/example_branch_labels.py
[2024-04-02T21:14:36.948+0800] {logging_mixin.py:188} INFO - [2024-04-02T21:14:36.947+0800] {override.py:1769} INFO - Created Permission View: can read on DAG:example_branch_labels
[2024-04-02T21:14:36.952+0800] {logging_mixin.py:188} INFO - [2024-04-02T21:14:36.952+0800] {override.py:1769} INFO - Created Permission View: can delete on DAG:example_branch_labels
[2024-04-02T21:14:36.956+0800] {logging_mixin.py:188} INFO - [2024-04-02T21:14:36.956+0800] {override.py:1769} INFO - Created Permission View: can edit on DAG:example_branch_labels
[2024-04-02T21:14:36.956+0800] {logging_mixin.py:188} INFO - [2024-04-02T21:14:36.956+0800] {dag.py:3047} INFO - Sync 1 DAGs
[2024-04-02T21:14:36.960+0800] {logging_mixin.py:188} INFO - [2024-04-02T21:14:36.960+0800] {dag.py:3069} INFO - Creating ORM DAG for example_branch_labels
[2024-04-02T21:14:36.963+0800] {logging_mixin.py:188} INFO - [2024-04-02T21:14:36.963+0800] {dag.py:3834} INFO - Setting next_dagrun for example_branch_labels to 2024-04-01 00:00:00+00:00, run_after=2024-04-02 00:00:00+00:00
[2024-04-02T21:14:36.970+0800] {processor.py:183} INFO - Processing /Users/kalerbramastha/Library/Mobile Documents/com~apple~CloudDocs/bram/career_assessment/akasia_de/python-env/lib/python3.11/site-packages/airflow/example_dags/example_branch_labels.py took 0.125 seconds
[2024-04-02T21:19:50.569+0800] {processor.py:161} INFO - Started process (PID=20398) to work on /Users/kalerbramastha/Library/Mobile Documents/com~apple~CloudDocs/bram/career_assessment/akasia_de/python-env/lib/python3.11/site-packages/airflow/example_dags/example_branch_labels.py
[2024-04-02T21:19:50.570+0800] {processor.py:830} INFO - Processing file /Users/kalerbramastha/Library/Mobile Documents/com~apple~CloudDocs/bram/career_assessment/akasia_de/python-env/lib/python3.11/site-packages/airflow/example_dags/example_branch_labels.py for tasks to queue
[2024-04-02T21:19:50.571+0800] {logging_mixin.py:188} INFO - [2024-04-02T21:19:50.571+0800] {dagbag.py:540} INFO - Filling up the DagBag from /Users/kalerbramastha/Library/Mobile Documents/com~apple~CloudDocs/bram/career_assessment/akasia_de/python-env/lib/python3.11/site-packages/airflow/example_dags/example_branch_labels.py
[2024-04-02T21:19:50.575+0800] {processor.py:840} INFO - DAG(s) 'example_branch_labels' retrieved from /Users/kalerbramastha/Library/Mobile Documents/com~apple~CloudDocs/bram/career_assessment/akasia_de/python-env/lib/python3.11/site-packages/airflow/example_dags/example_branch_labels.py
[2024-04-02T21:19:50.643+0800] {logging_mixin.py:188} INFO - [2024-04-02T21:19:50.643+0800] {dag.py:3047} INFO - Sync 1 DAGs
[2024-04-02T21:19:50.648+0800] {logging_mixin.py:188} INFO - [2024-04-02T21:19:50.648+0800] {dag.py:3834} INFO - Setting next_dagrun for example_branch_labels to 2024-04-01 00:00:00+00:00, run_after=2024-04-02 00:00:00+00:00
[2024-04-02T21:19:50.656+0800] {processor.py:183} INFO - Processing /Users/kalerbramastha/Library/Mobile Documents/com~apple~CloudDocs/bram/career_assessment/akasia_de/python-env/lib/python3.11/site-packages/airflow/example_dags/example_branch_labels.py took 0.089 seconds
[2024-04-02T21:31:37.833+0800] {processor.py:161} INFO - Started process (PID=22256) to work on /Users/kalerbramastha/Library/Mobile Documents/com~apple~CloudDocs/bram/career_assessment/akasia_de/python-env/lib/python3.11/site-packages/airflow/example_dags/example_branch_labels.py
[2024-04-02T21:31:37.834+0800] {processor.py:830} INFO - Processing file /Users/kalerbramastha/Library/Mobile Documents/com~apple~CloudDocs/bram/career_assessment/akasia_de/python-env/lib/python3.11/site-packages/airflow/example_dags/example_branch_labels.py for tasks to queue
[2024-04-02T21:31:37.834+0800] {logging_mixin.py:188} INFO - [2024-04-02T21:31:37.834+0800] {dagbag.py:540} INFO - Filling up the DagBag from /Users/kalerbramastha/Library/Mobile Documents/com~apple~CloudDocs/bram/career_assessment/akasia_de/python-env/lib/python3.11/site-packages/airflow/example_dags/example_branch_labels.py
[2024-04-02T21:31:37.838+0800] {processor.py:840} INFO - DAG(s) 'example_branch_labels' retrieved from /Users/kalerbramastha/Library/Mobile Documents/com~apple~CloudDocs/bram/career_assessment/akasia_de/python-env/lib/python3.11/site-packages/airflow/example_dags/example_branch_labels.py
[2024-04-02T21:31:37.907+0800] {logging_mixin.py:188} INFO - [2024-04-02T21:31:37.907+0800] {dag.py:3047} INFO - Sync 1 DAGs
[2024-04-02T21:31:37.913+0800] {logging_mixin.py:188} INFO - [2024-04-02T21:31:37.913+0800] {dag.py:3834} INFO - Setting next_dagrun for example_branch_labels to 2024-04-01 00:00:00+00:00, run_after=2024-04-02 00:00:00+00:00
[2024-04-02T21:31:37.921+0800] {processor.py:183} INFO - Processing /Users/kalerbramastha/Library/Mobile Documents/com~apple~CloudDocs/bram/career_assessment/akasia_de/python-env/lib/python3.11/site-packages/airflow/example_dags/example_branch_labels.py took 0.088 seconds
