[2024-04-02T21:14:40.584+0800] {processor.py:161} INFO - Started process (PID=19341) to work on /Users/kalerbramastha/Library/Mobile Documents/com~apple~CloudDocs/bram/career_assessment/akasia_de/python-env/lib/python3.11/site-packages/airflow/example_dags/example_branch_datetime_operator.py
[2024-04-02T21:14:40.585+0800] {processor.py:830} INFO - Processing file /Users/kalerbramastha/Library/Mobile Documents/com~apple~CloudDocs/bram/career_assessment/akasia_de/python-env/lib/python3.11/site-packages/airflow/example_dags/example_branch_datetime_operator.py for tasks to queue
[2024-04-02T21:14:40.585+0800] {logging_mixin.py:188} INFO - [2024-04-02T21:14:40.585+0800] {dagbag.py:540} INFO - Filling up the DagBag from /Users/kalerbramastha/Library/Mobile Documents/com~apple~CloudDocs/bram/career_assessment/akasia_de/python-env/lib/python3.11/site-packages/airflow/example_dags/example_branch_datetime_operator.py
[2024-04-02T21:14:40.590+0800] {processor.py:840} INFO - DAG(s) 'example_branch_datetime_operator_2', 'example_branch_datetime_operator_3', 'example_branch_datetime_operator' retrieved from /Users/kalerbramastha/Library/Mobile Documents/com~apple~CloudDocs/bram/career_assessment/akasia_de/python-env/lib/python3.11/site-packages/airflow/example_dags/example_branch_datetime_operator.py
[2024-04-02T21:14:40.661+0800] {logging_mixin.py:188} INFO - [2024-04-02T21:14:40.661+0800] {override.py:1769} INFO - Created Permission View: can edit on DAG:example_branch_datetime_operator_2
[2024-04-02T21:14:40.665+0800] {logging_mixin.py:188} INFO - [2024-04-02T21:14:40.664+0800] {override.py:1769} INFO - Created Permission View: can read on DAG:example_branch_datetime_operator_2
[2024-04-02T21:14:40.667+0800] {logging_mixin.py:188} INFO - [2024-04-02T21:14:40.667+0800] {override.py:1769} INFO - Created Permission View: can delete on DAG:example_branch_datetime_operator_2
[2024-04-02T21:14:40.673+0800] {logging_mixin.py:188} INFO - [2024-04-02T21:14:40.673+0800] {override.py:1769} INFO - Created Permission View: can edit on DAG:example_branch_datetime_operator_3
[2024-04-02T21:14:40.676+0800] {logging_mixin.py:188} INFO - [2024-04-02T21:14:40.676+0800] {override.py:1769} INFO - Created Permission View: can read on DAG:example_branch_datetime_operator_3
[2024-04-02T21:14:40.678+0800] {logging_mixin.py:188} INFO - [2024-04-02T21:14:40.678+0800] {override.py:1769} INFO - Created Permission View: can delete on DAG:example_branch_datetime_operator_3
[2024-04-02T21:14:40.684+0800] {logging_mixin.py:188} INFO - [2024-04-02T21:14:40.684+0800] {override.py:1769} INFO - Created Permission View: can edit on DAG:example_branch_datetime_operator
[2024-04-02T21:14:40.686+0800] {logging_mixin.py:188} INFO - [2024-04-02T21:14:40.686+0800] {override.py:1769} INFO - Created Permission View: can read on DAG:example_branch_datetime_operator
[2024-04-02T21:14:40.689+0800] {logging_mixin.py:188} INFO - [2024-04-02T21:14:40.689+0800] {override.py:1769} INFO - Created Permission View: can delete on DAG:example_branch_datetime_operator
[2024-04-02T21:14:40.689+0800] {logging_mixin.py:188} INFO - [2024-04-02T21:14:40.689+0800] {dag.py:3047} INFO - Sync 3 DAGs
[2024-04-02T21:14:40.693+0800] {logging_mixin.py:188} INFO - [2024-04-02T21:14:40.693+0800] {dag.py:3069} INFO - Creating ORM DAG for example_branch_datetime_operator_2
[2024-04-02T21:14:40.693+0800] {logging_mixin.py:188} INFO - [2024-04-02T21:14:40.693+0800] {dag.py:3069} INFO - Creating ORM DAG for example_branch_datetime_operator_3
[2024-04-02T21:14:40.693+0800] {logging_mixin.py:188} INFO - [2024-04-02T21:14:40.693+0800] {dag.py:3069} INFO - Creating ORM DAG for example_branch_datetime_operator
[2024-04-02T21:14:40.696+0800] {logging_mixin.py:188} INFO - [2024-04-02T21:14:40.696+0800] {dag.py:3834} INFO - Setting next_dagrun for example_branch_datetime_operator to 2024-04-01 00:00:00+00:00, run_after=2024-04-02 00:00:00+00:00
[2024-04-02T21:14:40.697+0800] {logging_mixin.py:188} INFO - [2024-04-02T21:14:40.697+0800] {dag.py:3834} INFO - Setting next_dagrun for example_branch_datetime_operator_2 to 2024-04-01 00:00:00+00:00, run_after=2024-04-02 00:00:00+00:00
[2024-04-02T21:14:40.698+0800] {logging_mixin.py:188} INFO - [2024-04-02T21:14:40.698+0800] {dag.py:3834} INFO - Setting next_dagrun for example_branch_datetime_operator_3 to 2024-04-01 00:00:00+00:00, run_after=2024-04-02 00:00:00+00:00
[2024-04-02T21:14:40.705+0800] {processor.py:183} INFO - Processing /Users/kalerbramastha/Library/Mobile Documents/com~apple~CloudDocs/bram/career_assessment/akasia_de/python-env/lib/python3.11/site-packages/airflow/example_dags/example_branch_datetime_operator.py took 0.121 seconds
[2024-04-02T21:19:54.625+0800] {processor.py:161} INFO - Started process (PID=20406) to work on /Users/kalerbramastha/Library/Mobile Documents/com~apple~CloudDocs/bram/career_assessment/akasia_de/python-env/lib/python3.11/site-packages/airflow/example_dags/example_branch_datetime_operator.py
[2024-04-02T21:19:54.626+0800] {processor.py:830} INFO - Processing file /Users/kalerbramastha/Library/Mobile Documents/com~apple~CloudDocs/bram/career_assessment/akasia_de/python-env/lib/python3.11/site-packages/airflow/example_dags/example_branch_datetime_operator.py for tasks to queue
[2024-04-02T21:19:54.626+0800] {logging_mixin.py:188} INFO - [2024-04-02T21:19:54.626+0800] {dagbag.py:540} INFO - Filling up the DagBag from /Users/kalerbramastha/Library/Mobile Documents/com~apple~CloudDocs/bram/career_assessment/akasia_de/python-env/lib/python3.11/site-packages/airflow/example_dags/example_branch_datetime_operator.py
[2024-04-02T21:19:54.635+0800] {processor.py:840} INFO - DAG(s) 'example_branch_datetime_operator_3', 'example_branch_datetime_operator', 'example_branch_datetime_operator_2' retrieved from /Users/kalerbramastha/Library/Mobile Documents/com~apple~CloudDocs/bram/career_assessment/akasia_de/python-env/lib/python3.11/site-packages/airflow/example_dags/example_branch_datetime_operator.py
[2024-04-02T21:19:54.708+0800] {logging_mixin.py:188} INFO - [2024-04-02T21:19:54.708+0800] {dag.py:3047} INFO - Sync 3 DAGs
[2024-04-02T21:19:54.714+0800] {logging_mixin.py:188} INFO - [2024-04-02T21:19:54.714+0800] {dag.py:3834} INFO - Setting next_dagrun for example_branch_datetime_operator to 2024-04-01 00:00:00+00:00, run_after=2024-04-02 00:00:00+00:00
[2024-04-02T21:19:54.715+0800] {logging_mixin.py:188} INFO - [2024-04-02T21:19:54.715+0800] {dag.py:3834} INFO - Setting next_dagrun for example_branch_datetime_operator_2 to 2024-04-01 00:00:00+00:00, run_after=2024-04-02 00:00:00+00:00
[2024-04-02T21:19:54.716+0800] {logging_mixin.py:188} INFO - [2024-04-02T21:19:54.716+0800] {dag.py:3834} INFO - Setting next_dagrun for example_branch_datetime_operator_3 to 2024-04-01 00:00:00+00:00, run_after=2024-04-02 00:00:00+00:00
[2024-04-02T21:19:54.722+0800] {processor.py:183} INFO - Processing /Users/kalerbramastha/Library/Mobile Documents/com~apple~CloudDocs/bram/career_assessment/akasia_de/python-env/lib/python3.11/site-packages/airflow/example_dags/example_branch_datetime_operator.py took 0.099 seconds
[2024-04-02T21:31:41.643+0800] {processor.py:161} INFO - Started process (PID=22258) to work on /Users/kalerbramastha/Library/Mobile Documents/com~apple~CloudDocs/bram/career_assessment/akasia_de/python-env/lib/python3.11/site-packages/airflow/example_dags/example_branch_datetime_operator.py
[2024-04-02T21:31:41.643+0800] {processor.py:830} INFO - Processing file /Users/kalerbramastha/Library/Mobile Documents/com~apple~CloudDocs/bram/career_assessment/akasia_de/python-env/lib/python3.11/site-packages/airflow/example_dags/example_branch_datetime_operator.py for tasks to queue
[2024-04-02T21:31:41.643+0800] {logging_mixin.py:188} INFO - [2024-04-02T21:31:41.643+0800] {dagbag.py:540} INFO - Filling up the DagBag from /Users/kalerbramastha/Library/Mobile Documents/com~apple~CloudDocs/bram/career_assessment/akasia_de/python-env/lib/python3.11/site-packages/airflow/example_dags/example_branch_datetime_operator.py
[2024-04-02T21:31:41.649+0800] {processor.py:840} INFO - DAG(s) 'example_branch_datetime_operator_2', 'example_branch_datetime_operator', 'example_branch_datetime_operator_3' retrieved from /Users/kalerbramastha/Library/Mobile Documents/com~apple~CloudDocs/bram/career_assessment/akasia_de/python-env/lib/python3.11/site-packages/airflow/example_dags/example_branch_datetime_operator.py
[2024-04-02T21:31:41.722+0800] {logging_mixin.py:188} INFO - [2024-04-02T21:31:41.721+0800] {dag.py:3047} INFO - Sync 3 DAGs
[2024-04-02T21:31:41.727+0800] {logging_mixin.py:188} INFO - [2024-04-02T21:31:41.727+0800] {dag.py:3834} INFO - Setting next_dagrun for example_branch_datetime_operator to 2024-04-01 00:00:00+00:00, run_after=2024-04-02 00:00:00+00:00
[2024-04-02T21:31:41.729+0800] {logging_mixin.py:188} INFO - [2024-04-02T21:31:41.729+0800] {dag.py:3834} INFO - Setting next_dagrun for example_branch_datetime_operator_2 to 2024-04-01 00:00:00+00:00, run_after=2024-04-02 00:00:00+00:00
[2024-04-02T21:31:41.729+0800] {logging_mixin.py:188} INFO - [2024-04-02T21:31:41.729+0800] {dag.py:3834} INFO - Setting next_dagrun for example_branch_datetime_operator_3 to 2024-04-01 00:00:00+00:00, run_after=2024-04-02 00:00:00+00:00
[2024-04-02T21:31:41.736+0800] {processor.py:183} INFO - Processing /Users/kalerbramastha/Library/Mobile Documents/com~apple~CloudDocs/bram/career_assessment/akasia_de/python-env/lib/python3.11/site-packages/airflow/example_dags/example_branch_datetime_operator.py took 0.095 seconds
