[2024-04-02T21:13:39.975+0800] {processor.py:161} INFO - Started process (PID=19077) to work on /Users/kalerbramastha/Library/Mobile Documents/com~apple~CloudDocs/bram/career_assessment/akasia_de/python-env/lib/python3.11/site-packages/airflow/example_dags/example_sla_dag.py
[2024-04-02T21:13:39.976+0800] {processor.py:830} INFO - Processing file /Users/kalerbramastha/Library/Mobile Documents/com~apple~CloudDocs/bram/career_assessment/akasia_de/python-env/lib/python3.11/site-packages/airflow/example_dags/example_sla_dag.py for tasks to queue
[2024-04-02T21:13:39.976+0800] {logging_mixin.py:188} INFO - [2024-04-02T21:13:39.976+0800] {dagbag.py:540} INFO - Filling up the DagBag from /Users/kalerbramastha/Library/Mobile Documents/com~apple~CloudDocs/bram/career_assessment/akasia_de/python-env/lib/python3.11/site-packages/airflow/example_dags/example_sla_dag.py
[2024-04-02T21:13:39.992+0800] {processor.py:840} INFO - DAG(s) 'example_sla_dag' retrieved from /Users/kalerbramastha/Library/Mobile Documents/com~apple~CloudDocs/bram/career_assessment/akasia_de/python-env/lib/python3.11/site-packages/airflow/example_dags/example_sla_dag.py
[2024-04-02T21:13:40.062+0800] {logging_mixin.py:188} INFO - [2024-04-02T21:13:40.062+0800] {override.py:1769} INFO - Created Permission View: can edit on DAG:example_sla_dag
[2024-04-02T21:13:40.066+0800] {logging_mixin.py:188} INFO - [2024-04-02T21:13:40.066+0800] {override.py:1769} INFO - Created Permission View: can delete on DAG:example_sla_dag
[2024-04-02T21:13:40.068+0800] {logging_mixin.py:188} INFO - [2024-04-02T21:13:40.068+0800] {override.py:1769} INFO - Created Permission View: can read on DAG:example_sla_dag
[2024-04-02T21:13:40.069+0800] {logging_mixin.py:188} INFO - [2024-04-02T21:13:40.069+0800] {dag.py:3047} INFO - Sync 1 DAGs
[2024-04-02T21:13:40.073+0800] {logging_mixin.py:188} INFO - [2024-04-02T21:13:40.073+0800] {dag.py:3069} INFO - Creating ORM DAG for example_sla_dag
[2024-04-02T21:13:40.077+0800] {logging_mixin.py:188} INFO - [2024-04-02T21:13:40.077+0800] {dag.py:3834} INFO - Setting next_dagrun for example_sla_dag to 2024-04-02 13:10:00+00:00, run_after=2024-04-02 13:12:00+00:00
[2024-04-02T21:13:40.084+0800] {processor.py:183} INFO - Processing /Users/kalerbramastha/Library/Mobile Documents/com~apple~CloudDocs/bram/career_assessment/akasia_de/python-env/lib/python3.11/site-packages/airflow/example_dags/example_sla_dag.py took 0.109 seconds
[2024-04-02T21:15:19.371+0800] {processor.py:161} INFO - Started process (PID=19489) to work on /Users/kalerbramastha/Library/Mobile Documents/com~apple~CloudDocs/bram/career_assessment/akasia_de/python-env/lib/python3.11/site-packages/airflow/example_dags/example_sla_dag.py
[2024-04-02T21:15:19.371+0800] {processor.py:830} INFO - Processing file /Users/kalerbramastha/Library/Mobile Documents/com~apple~CloudDocs/bram/career_assessment/akasia_de/python-env/lib/python3.11/site-packages/airflow/example_dags/example_sla_dag.py for tasks to queue
[2024-04-02T21:15:19.372+0800] {logging_mixin.py:188} INFO - [2024-04-02T21:15:19.372+0800] {dagbag.py:540} INFO - Filling up the DagBag from /Users/kalerbramastha/Library/Mobile Documents/com~apple~CloudDocs/bram/career_assessment/akasia_de/python-env/lib/python3.11/site-packages/airflow/example_dags/example_sla_dag.py
[2024-04-02T21:15:19.389+0800] {processor.py:840} INFO - DAG(s) 'example_sla_dag' retrieved from /Users/kalerbramastha/Library/Mobile Documents/com~apple~CloudDocs/bram/career_assessment/akasia_de/python-env/lib/python3.11/site-packages/airflow/example_dags/example_sla_dag.py
[2024-04-02T21:15:19.422+0800] {logging_mixin.py:188} INFO - [2024-04-02T21:15:19.422+0800] {dag.py:3047} INFO - Sync 1 DAGs
[2024-04-02T21:15:19.429+0800] {logging_mixin.py:188} INFO - [2024-04-02T21:15:19.429+0800] {dag.py:3834} INFO - Setting next_dagrun for example_sla_dag to 2024-04-02 13:12:00+00:00, run_after=2024-04-02 13:14:00+00:00
[2024-04-02T21:15:19.436+0800] {processor.py:183} INFO - Processing /Users/kalerbramastha/Library/Mobile Documents/com~apple~CloudDocs/bram/career_assessment/akasia_de/python-env/lib/python3.11/site-packages/airflow/example_dags/example_sla_dag.py took 0.066 seconds
[2024-04-02T21:16:27.873+0800] {processor.py:161} INFO - Started process (PID=19910) to work on /Users/kalerbramastha/Library/Mobile Documents/com~apple~CloudDocs/bram/career_assessment/akasia_de/python-env/lib/python3.11/site-packages/airflow/example_dags/example_sla_dag.py
[2024-04-02T21:16:27.874+0800] {processor.py:830} INFO - Processing file /Users/kalerbramastha/Library/Mobile Documents/com~apple~CloudDocs/bram/career_assessment/akasia_de/python-env/lib/python3.11/site-packages/airflow/example_dags/example_sla_dag.py for tasks to queue
[2024-04-02T21:16:27.875+0800] {logging_mixin.py:188} INFO - [2024-04-02T21:16:27.875+0800] {dagbag.py:540} INFO - Filling up the DagBag from /Users/kalerbramastha/Library/Mobile Documents/com~apple~CloudDocs/bram/career_assessment/akasia_de/python-env/lib/python3.11/site-packages/airflow/example_dags/example_sla_dag.py
[2024-04-02T21:16:27.892+0800] {processor.py:840} INFO - DAG(s) 'example_sla_dag' retrieved from /Users/kalerbramastha/Library/Mobile Documents/com~apple~CloudDocs/bram/career_assessment/akasia_de/python-env/lib/python3.11/site-packages/airflow/example_dags/example_sla_dag.py
[2024-04-02T21:16:27.925+0800] {logging_mixin.py:188} INFO - [2024-04-02T21:16:27.925+0800] {dag.py:3047} INFO - Sync 1 DAGs
[2024-04-02T21:16:27.933+0800] {logging_mixin.py:188} INFO - [2024-04-02T21:16:27.933+0800] {dag.py:3834} INFO - Setting next_dagrun for example_sla_dag to 2024-04-02 13:14:00+00:00, run_after=2024-04-02 13:16:00+00:00
[2024-04-02T21:16:27.940+0800] {processor.py:183} INFO - Processing /Users/kalerbramastha/Library/Mobile Documents/com~apple~CloudDocs/bram/career_assessment/akasia_de/python-env/lib/python3.11/site-packages/airflow/example_dags/example_sla_dag.py took 0.067 seconds
[2024-04-02T21:18:56.897+0800] {processor.py:161} INFO - Started process (PID=20339) to work on /Users/kalerbramastha/Library/Mobile Documents/com~apple~CloudDocs/bram/career_assessment/akasia_de/python-env/lib/python3.11/site-packages/airflow/example_dags/example_sla_dag.py
[2024-04-02T21:18:56.898+0800] {processor.py:830} INFO - Processing file /Users/kalerbramastha/Library/Mobile Documents/com~apple~CloudDocs/bram/career_assessment/akasia_de/python-env/lib/python3.11/site-packages/airflow/example_dags/example_sla_dag.py for tasks to queue
[2024-04-02T21:18:56.898+0800] {logging_mixin.py:188} INFO - [2024-04-02T21:18:56.898+0800] {dagbag.py:540} INFO - Filling up the DagBag from /Users/kalerbramastha/Library/Mobile Documents/com~apple~CloudDocs/bram/career_assessment/akasia_de/python-env/lib/python3.11/site-packages/airflow/example_dags/example_sla_dag.py
[2024-04-02T21:18:56.945+0800] {processor.py:840} INFO - DAG(s) 'example_sla_dag' retrieved from /Users/kalerbramastha/Library/Mobile Documents/com~apple~CloudDocs/bram/career_assessment/akasia_de/python-env/lib/python3.11/site-packages/airflow/example_dags/example_sla_dag.py
[2024-04-02T21:18:57.043+0800] {logging_mixin.py:188} INFO - [2024-04-02T21:18:57.042+0800] {dag.py:3047} INFO - Sync 1 DAGs
[2024-04-02T21:18:57.052+0800] {logging_mixin.py:188} INFO - [2024-04-02T21:18:57.052+0800] {dag.py:3834} INFO - Setting next_dagrun for example_sla_dag to 2024-04-02 13:16:00+00:00, run_after=2024-04-02 13:18:00+00:00
[2024-04-02T21:18:57.062+0800] {processor.py:183} INFO - Processing /Users/kalerbramastha/Library/Mobile Documents/com~apple~CloudDocs/bram/career_assessment/akasia_de/python-env/lib/python3.11/site-packages/airflow/example_dags/example_sla_dag.py took 0.165 seconds
[2024-04-02T21:20:34.034+0800] {processor.py:161} INFO - Started process (PID=20464) to work on /Users/kalerbramastha/Library/Mobile Documents/com~apple~CloudDocs/bram/career_assessment/akasia_de/python-env/lib/python3.11/site-packages/airflow/example_dags/example_sla_dag.py
[2024-04-02T21:20:34.035+0800] {processor.py:830} INFO - Processing file /Users/kalerbramastha/Library/Mobile Documents/com~apple~CloudDocs/bram/career_assessment/akasia_de/python-env/lib/python3.11/site-packages/airflow/example_dags/example_sla_dag.py for tasks to queue
[2024-04-02T21:20:34.035+0800] {logging_mixin.py:188} INFO - [2024-04-02T21:20:34.035+0800] {dagbag.py:540} INFO - Filling up the DagBag from /Users/kalerbramastha/Library/Mobile Documents/com~apple~CloudDocs/bram/career_assessment/akasia_de/python-env/lib/python3.11/site-packages/airflow/example_dags/example_sla_dag.py
[2024-04-02T21:20:34.050+0800] {processor.py:840} INFO - DAG(s) 'example_sla_dag' retrieved from /Users/kalerbramastha/Library/Mobile Documents/com~apple~CloudDocs/bram/career_assessment/akasia_de/python-env/lib/python3.11/site-packages/airflow/example_dags/example_sla_dag.py
[2024-04-02T21:20:34.082+0800] {logging_mixin.py:188} INFO - [2024-04-02T21:20:34.082+0800] {dag.py:3047} INFO - Sync 1 DAGs
[2024-04-02T21:20:34.089+0800] {logging_mixin.py:188} INFO - [2024-04-02T21:20:34.089+0800] {dag.py:3834} INFO - Setting next_dagrun for example_sla_dag to 2024-04-02 13:18:00+00:00, run_after=2024-04-02 13:20:00+00:00
[2024-04-02T21:20:34.096+0800] {processor.py:183} INFO - Processing /Users/kalerbramastha/Library/Mobile Documents/com~apple~CloudDocs/bram/career_assessment/akasia_de/python-env/lib/python3.11/site-packages/airflow/example_dags/example_sla_dag.py took 0.062 seconds
[2024-04-02T21:30:45.542+0800] {processor.py:161} INFO - Started process (PID=22199) to work on /Users/kalerbramastha/Library/Mobile Documents/com~apple~CloudDocs/bram/career_assessment/akasia_de/python-env/lib/python3.11/site-packages/airflow/example_dags/example_sla_dag.py
[2024-04-02T21:30:45.542+0800] {processor.py:830} INFO - Processing file /Users/kalerbramastha/Library/Mobile Documents/com~apple~CloudDocs/bram/career_assessment/akasia_de/python-env/lib/python3.11/site-packages/airflow/example_dags/example_sla_dag.py for tasks to queue
[2024-04-02T21:30:45.543+0800] {logging_mixin.py:188} INFO - [2024-04-02T21:30:45.543+0800] {dagbag.py:540} INFO - Filling up the DagBag from /Users/kalerbramastha/Library/Mobile Documents/com~apple~CloudDocs/bram/career_assessment/akasia_de/python-env/lib/python3.11/site-packages/airflow/example_dags/example_sla_dag.py
[2024-04-02T21:30:45.559+0800] {processor.py:840} INFO - DAG(s) 'example_sla_dag' retrieved from /Users/kalerbramastha/Library/Mobile Documents/com~apple~CloudDocs/bram/career_assessment/akasia_de/python-env/lib/python3.11/site-packages/airflow/example_dags/example_sla_dag.py
[2024-04-02T21:30:45.632+0800] {logging_mixin.py:188} INFO - [2024-04-02T21:30:45.632+0800] {dag.py:3047} INFO - Sync 1 DAGs
[2024-04-02T21:30:45.640+0800] {logging_mixin.py:188} INFO - [2024-04-02T21:30:45.640+0800] {dag.py:3834} INFO - Setting next_dagrun for example_sla_dag to 2024-04-02 13:28:00+00:00, run_after=2024-04-02 13:30:00+00:00
[2024-04-02T21:30:45.648+0800] {processor.py:183} INFO - Processing /Users/kalerbramastha/Library/Mobile Documents/com~apple~CloudDocs/bram/career_assessment/akasia_de/python-env/lib/python3.11/site-packages/airflow/example_dags/example_sla_dag.py took 0.107 seconds
[2024-04-02T21:32:15.972+0800] {processor.py:161} INFO - Started process (PID=22285) to work on /Users/kalerbramastha/Library/Mobile Documents/com~apple~CloudDocs/bram/career_assessment/akasia_de/python-env/lib/python3.11/site-packages/airflow/example_dags/example_sla_dag.py
[2024-04-02T21:32:15.973+0800] {processor.py:830} INFO - Processing file /Users/kalerbramastha/Library/Mobile Documents/com~apple~CloudDocs/bram/career_assessment/akasia_de/python-env/lib/python3.11/site-packages/airflow/example_dags/example_sla_dag.py for tasks to queue
[2024-04-02T21:32:15.973+0800] {logging_mixin.py:188} INFO - [2024-04-02T21:32:15.973+0800] {dagbag.py:540} INFO - Filling up the DagBag from /Users/kalerbramastha/Library/Mobile Documents/com~apple~CloudDocs/bram/career_assessment/akasia_de/python-env/lib/python3.11/site-packages/airflow/example_dags/example_sla_dag.py
[2024-04-02T21:32:15.989+0800] {processor.py:840} INFO - DAG(s) 'example_sla_dag' retrieved from /Users/kalerbramastha/Library/Mobile Documents/com~apple~CloudDocs/bram/career_assessment/akasia_de/python-env/lib/python3.11/site-packages/airflow/example_dags/example_sla_dag.py
[2024-04-02T21:32:16.024+0800] {logging_mixin.py:188} INFO - [2024-04-02T21:32:16.024+0800] {dag.py:3047} INFO - Sync 1 DAGs
[2024-04-02T21:32:16.031+0800] {logging_mixin.py:188} INFO - [2024-04-02T21:32:16.031+0800] {dag.py:3834} INFO - Setting next_dagrun for example_sla_dag to 2024-04-02 13:30:00+00:00, run_after=2024-04-02 13:32:00+00:00
[2024-04-02T21:32:16.038+0800] {processor.py:183} INFO - Processing /Users/kalerbramastha/Library/Mobile Documents/com~apple~CloudDocs/bram/career_assessment/akasia_de/python-env/lib/python3.11/site-packages/airflow/example_dags/example_sla_dag.py took 0.067 seconds
