[2024-04-02T21:13:58.546+0800] {processor.py:161} INFO - Started process (PID=19219) to work on /Users/kalerbramastha/Library/Mobile Documents/com~apple~CloudDocs/bram/career_assessment/akasia_de/python-env/lib/python3.11/site-packages/airflow/example_dags/example_python_operator.py
[2024-04-02T21:13:58.547+0800] {processor.py:830} INFO - Processing file /Users/kalerbramastha/Library/Mobile Documents/com~apple~CloudDocs/bram/career_assessment/akasia_de/python-env/lib/python3.11/site-packages/airflow/example_dags/example_python_operator.py for tasks to queue
[2024-04-02T21:13:58.547+0800] {logging_mixin.py:188} INFO - [2024-04-02T21:13:58.547+0800] {dagbag.py:540} INFO - Filling up the DagBag from /Users/kalerbramastha/Library/Mobile Documents/com~apple~CloudDocs/bram/career_assessment/akasia_de/python-env/lib/python3.11/site-packages/airflow/example_dags/example_python_operator.py
[2024-04-02T21:13:58.562+0800] {processor.py:840} INFO - DAG(s) 'example_python_operator' retrieved from /Users/kalerbramastha/Library/Mobile Documents/com~apple~CloudDocs/bram/career_assessment/akasia_de/python-env/lib/python3.11/site-packages/airflow/example_dags/example_python_operator.py
[2024-04-02T21:13:58.636+0800] {logging_mixin.py:188} INFO - [2024-04-02T21:13:58.635+0800] {override.py:1769} INFO - Created Permission View: can edit on DAG:example_python_operator
[2024-04-02T21:13:58.642+0800] {logging_mixin.py:188} INFO - [2024-04-02T21:13:58.641+0800] {override.py:1769} INFO - Created Permission View: can read on DAG:example_python_operator
[2024-04-02T21:13:58.645+0800] {logging_mixin.py:188} INFO - [2024-04-02T21:13:58.644+0800] {override.py:1769} INFO - Created Permission View: can delete on DAG:example_python_operator
[2024-04-02T21:13:58.645+0800] {logging_mixin.py:188} INFO - [2024-04-02T21:13:58.645+0800] {dag.py:3047} INFO - Sync 1 DAGs
[2024-04-02T21:13:58.649+0800] {logging_mixin.py:188} INFO - [2024-04-02T21:13:58.649+0800] {dag.py:3069} INFO - Creating ORM DAG for example_python_operator
[2024-04-02T21:13:58.650+0800] {logging_mixin.py:188} INFO - [2024-04-02T21:13:58.649+0800] {dag.py:3834} INFO - Setting next_dagrun for example_python_operator to None, run_after=None
[2024-04-02T21:13:58.657+0800] {processor.py:183} INFO - Processing /Users/kalerbramastha/Library/Mobile Documents/com~apple~CloudDocs/bram/career_assessment/akasia_de/python-env/lib/python3.11/site-packages/airflow/example_dags/example_python_operator.py took 0.111 seconds
[2024-04-02T21:15:35.252+0800] {processor.py:161} INFO - Started process (PID=19644) to work on /Users/kalerbramastha/Library/Mobile Documents/com~apple~CloudDocs/bram/career_assessment/akasia_de/python-env/lib/python3.11/site-packages/airflow/example_dags/example_python_operator.py
[2024-04-02T21:15:35.253+0800] {processor.py:830} INFO - Processing file /Users/kalerbramastha/Library/Mobile Documents/com~apple~CloudDocs/bram/career_assessment/akasia_de/python-env/lib/python3.11/site-packages/airflow/example_dags/example_python_operator.py for tasks to queue
[2024-04-02T21:15:35.253+0800] {logging_mixin.py:188} INFO - [2024-04-02T21:15:35.253+0800] {dagbag.py:540} INFO - Filling up the DagBag from /Users/kalerbramastha/Library/Mobile Documents/com~apple~CloudDocs/bram/career_assessment/akasia_de/python-env/lib/python3.11/site-packages/airflow/example_dags/example_python_operator.py
[2024-04-02T21:15:35.268+0800] {processor.py:840} INFO - DAG(s) 'example_python_operator' retrieved from /Users/kalerbramastha/Library/Mobile Documents/com~apple~CloudDocs/bram/career_assessment/akasia_de/python-env/lib/python3.11/site-packages/airflow/example_dags/example_python_operator.py
[2024-04-02T21:15:35.354+0800] {logging_mixin.py:188} INFO - [2024-04-02T21:15:35.353+0800] {dag.py:3047} INFO - Sync 1 DAGs
[2024-04-02T21:15:35.358+0800] {logging_mixin.py:188} INFO - [2024-04-02T21:15:35.358+0800] {dag.py:3834} INFO - Setting next_dagrun for example_python_operator to None, run_after=None
[2024-04-02T21:15:35.366+0800] {processor.py:183} INFO - Processing /Users/kalerbramastha/Library/Mobile Documents/com~apple~CloudDocs/bram/career_assessment/akasia_de/python-env/lib/python3.11/site-packages/airflow/example_dags/example_python_operator.py took 0.115 seconds
[2024-04-02T21:19:13.354+0800] {processor.py:161} INFO - Started process (PID=20361) to work on /Users/kalerbramastha/Library/Mobile Documents/com~apple~CloudDocs/bram/career_assessment/akasia_de/python-env/lib/python3.11/site-packages/airflow/example_dags/example_python_operator.py
[2024-04-02T21:19:13.355+0800] {processor.py:830} INFO - Processing file /Users/kalerbramastha/Library/Mobile Documents/com~apple~CloudDocs/bram/career_assessment/akasia_de/python-env/lib/python3.11/site-packages/airflow/example_dags/example_python_operator.py for tasks to queue
[2024-04-02T21:19:13.355+0800] {logging_mixin.py:188} INFO - [2024-04-02T21:19:13.355+0800] {dagbag.py:540} INFO - Filling up the DagBag from /Users/kalerbramastha/Library/Mobile Documents/com~apple~CloudDocs/bram/career_assessment/akasia_de/python-env/lib/python3.11/site-packages/airflow/example_dags/example_python_operator.py
[2024-04-02T21:19:13.367+0800] {processor.py:840} INFO - DAG(s) 'example_python_operator' retrieved from /Users/kalerbramastha/Library/Mobile Documents/com~apple~CloudDocs/bram/career_assessment/akasia_de/python-env/lib/python3.11/site-packages/airflow/example_dags/example_python_operator.py
[2024-04-02T21:19:13.431+0800] {logging_mixin.py:188} INFO - [2024-04-02T21:19:13.431+0800] {dag.py:3047} INFO - Sync 1 DAGs
[2024-04-02T21:19:13.435+0800] {logging_mixin.py:188} INFO - [2024-04-02T21:19:13.435+0800] {dag.py:3834} INFO - Setting next_dagrun for example_python_operator to None, run_after=None
[2024-04-02T21:19:13.442+0800] {processor.py:183} INFO - Processing /Users/kalerbramastha/Library/Mobile Documents/com~apple~CloudDocs/bram/career_assessment/akasia_de/python-env/lib/python3.11/site-packages/airflow/example_dags/example_python_operator.py took 0.089 seconds
[2024-04-02T21:20:49.244+0800] {processor.py:161} INFO - Started process (PID=20477) to work on /Users/kalerbramastha/Library/Mobile Documents/com~apple~CloudDocs/bram/career_assessment/akasia_de/python-env/lib/python3.11/site-packages/airflow/example_dags/example_python_operator.py
[2024-04-02T21:20:49.245+0800] {processor.py:830} INFO - Processing file /Users/kalerbramastha/Library/Mobile Documents/com~apple~CloudDocs/bram/career_assessment/akasia_de/python-env/lib/python3.11/site-packages/airflow/example_dags/example_python_operator.py for tasks to queue
[2024-04-02T21:20:49.245+0800] {logging_mixin.py:188} INFO - [2024-04-02T21:20:49.245+0800] {dagbag.py:540} INFO - Filling up the DagBag from /Users/kalerbramastha/Library/Mobile Documents/com~apple~CloudDocs/bram/career_assessment/akasia_de/python-env/lib/python3.11/site-packages/airflow/example_dags/example_python_operator.py
[2024-04-02T21:20:49.256+0800] {processor.py:840} INFO - DAG(s) 'example_python_operator' retrieved from /Users/kalerbramastha/Library/Mobile Documents/com~apple~CloudDocs/bram/career_assessment/akasia_de/python-env/lib/python3.11/site-packages/airflow/example_dags/example_python_operator.py
[2024-04-02T21:20:49.326+0800] {logging_mixin.py:188} INFO - [2024-04-02T21:20:49.326+0800] {dag.py:3047} INFO - Sync 1 DAGs
[2024-04-02T21:20:49.329+0800] {logging_mixin.py:188} INFO - [2024-04-02T21:20:49.329+0800] {dag.py:3834} INFO - Setting next_dagrun for example_python_operator to None, run_after=None
[2024-04-02T21:20:49.336+0800] {processor.py:183} INFO - Processing /Users/kalerbramastha/Library/Mobile Documents/com~apple~CloudDocs/bram/career_assessment/akasia_de/python-env/lib/python3.11/site-packages/airflow/example_dags/example_python_operator.py took 0.092 seconds
[2024-04-02T21:31:00.851+0800] {processor.py:161} INFO - Started process (PID=22220) to work on /Users/kalerbramastha/Library/Mobile Documents/com~apple~CloudDocs/bram/career_assessment/akasia_de/python-env/lib/python3.11/site-packages/airflow/example_dags/example_python_operator.py
[2024-04-02T21:31:00.852+0800] {processor.py:830} INFO - Processing file /Users/kalerbramastha/Library/Mobile Documents/com~apple~CloudDocs/bram/career_assessment/akasia_de/python-env/lib/python3.11/site-packages/airflow/example_dags/example_python_operator.py for tasks to queue
[2024-04-02T21:31:00.852+0800] {logging_mixin.py:188} INFO - [2024-04-02T21:31:00.852+0800] {dagbag.py:540} INFO - Filling up the DagBag from /Users/kalerbramastha/Library/Mobile Documents/com~apple~CloudDocs/bram/career_assessment/akasia_de/python-env/lib/python3.11/site-packages/airflow/example_dags/example_python_operator.py
[2024-04-02T21:31:00.864+0800] {processor.py:840} INFO - DAG(s) 'example_python_operator' retrieved from /Users/kalerbramastha/Library/Mobile Documents/com~apple~CloudDocs/bram/career_assessment/akasia_de/python-env/lib/python3.11/site-packages/airflow/example_dags/example_python_operator.py
[2024-04-02T21:31:00.929+0800] {logging_mixin.py:188} INFO - [2024-04-02T21:31:00.929+0800] {dag.py:3047} INFO - Sync 1 DAGs
[2024-04-02T21:31:00.933+0800] {logging_mixin.py:188} INFO - [2024-04-02T21:31:00.933+0800] {dag.py:3834} INFO - Setting next_dagrun for example_python_operator to None, run_after=None
[2024-04-02T21:31:00.941+0800] {processor.py:183} INFO - Processing /Users/kalerbramastha/Library/Mobile Documents/com~apple~CloudDocs/bram/career_assessment/akasia_de/python-env/lib/python3.11/site-packages/airflow/example_dags/example_python_operator.py took 0.091 seconds
