[2024-04-02T21:13:27.753+0800] {processor.py:161} INFO - Started process (PID=18973) to work on /Users/kalerbramastha/Library/Mobile Documents/com~apple~CloudDocs/bram/career_assessment/akasia_de/python-env/lib/python3.11/site-packages/airflow/example_dags/example_trigger_target_dag.py
[2024-04-02T21:13:27.754+0800] {processor.py:830} INFO - Processing file /Users/kalerbramastha/Library/Mobile Documents/com~apple~CloudDocs/bram/career_assessment/akasia_de/python-env/lib/python3.11/site-packages/airflow/example_dags/example_trigger_target_dag.py for tasks to queue
[2024-04-02T21:13:27.754+0800] {logging_mixin.py:188} INFO - [2024-04-02T21:13:27.754+0800] {dagbag.py:540} INFO - Filling up the DagBag from /Users/kalerbramastha/Library/Mobile Documents/com~apple~CloudDocs/bram/career_assessment/akasia_de/python-env/lib/python3.11/site-packages/airflow/example_dags/example_trigger_target_dag.py
[2024-04-02T21:13:27.769+0800] {processor.py:840} INFO - DAG(s) 'example_trigger_target_dag' retrieved from /Users/kalerbramastha/Library/Mobile Documents/com~apple~CloudDocs/bram/career_assessment/akasia_de/python-env/lib/python3.11/site-packages/airflow/example_dags/example_trigger_target_dag.py
[2024-04-02T21:13:27.842+0800] {logging_mixin.py:188} INFO - [2024-04-02T21:13:27.842+0800] {override.py:1769} INFO - Created Permission View: can delete on DAG:example_trigger_target_dag
[2024-04-02T21:13:27.846+0800] {logging_mixin.py:188} INFO - [2024-04-02T21:13:27.845+0800] {override.py:1769} INFO - Created Permission View: can edit on DAG:example_trigger_target_dag
[2024-04-02T21:13:27.848+0800] {logging_mixin.py:188} INFO - [2024-04-02T21:13:27.848+0800] {override.py:1769} INFO - Created Permission View: can read on DAG:example_trigger_target_dag
[2024-04-02T21:13:27.848+0800] {logging_mixin.py:188} INFO - [2024-04-02T21:13:27.848+0800] {dag.py:3047} INFO - Sync 1 DAGs
[2024-04-02T21:13:27.853+0800] {logging_mixin.py:188} INFO - [2024-04-02T21:13:27.853+0800] {dag.py:3069} INFO - Creating ORM DAG for example_trigger_target_dag
[2024-04-02T21:13:27.853+0800] {logging_mixin.py:188} INFO - [2024-04-02T21:13:27.853+0800] {dag.py:3834} INFO - Setting next_dagrun for example_trigger_target_dag to None, run_after=None
[2024-04-02T21:13:27.860+0800] {processor.py:183} INFO - Processing /Users/kalerbramastha/Library/Mobile Documents/com~apple~CloudDocs/bram/career_assessment/akasia_de/python-env/lib/python3.11/site-packages/airflow/example_dags/example_trigger_target_dag.py took 0.107 seconds
[2024-04-02T21:15:07.117+0800] {processor.py:161} INFO - Started process (PID=19383) to work on /Users/kalerbramastha/Library/Mobile Documents/com~apple~CloudDocs/bram/career_assessment/akasia_de/python-env/lib/python3.11/site-packages/airflow/example_dags/example_trigger_target_dag.py
[2024-04-02T21:15:07.117+0800] {processor.py:830} INFO - Processing file /Users/kalerbramastha/Library/Mobile Documents/com~apple~CloudDocs/bram/career_assessment/akasia_de/python-env/lib/python3.11/site-packages/airflow/example_dags/example_trigger_target_dag.py for tasks to queue
[2024-04-02T21:15:07.118+0800] {logging_mixin.py:188} INFO - [2024-04-02T21:15:07.118+0800] {dagbag.py:540} INFO - Filling up the DagBag from /Users/kalerbramastha/Library/Mobile Documents/com~apple~CloudDocs/bram/career_assessment/akasia_de/python-env/lib/python3.11/site-packages/airflow/example_dags/example_trigger_target_dag.py
[2024-04-02T21:15:07.135+0800] {processor.py:840} INFO - DAG(s) 'example_trigger_target_dag' retrieved from /Users/kalerbramastha/Library/Mobile Documents/com~apple~CloudDocs/bram/career_assessment/akasia_de/python-env/lib/python3.11/site-packages/airflow/example_dags/example_trigger_target_dag.py
[2024-04-02T21:15:07.168+0800] {logging_mixin.py:188} INFO - [2024-04-02T21:15:07.168+0800] {dag.py:3047} INFO - Sync 1 DAGs
[2024-04-02T21:15:07.171+0800] {logging_mixin.py:188} INFO - [2024-04-02T21:15:07.171+0800] {dag.py:3834} INFO - Setting next_dagrun for example_trigger_target_dag to None, run_after=None
[2024-04-02T21:15:07.179+0800] {processor.py:183} INFO - Processing /Users/kalerbramastha/Library/Mobile Documents/com~apple~CloudDocs/bram/career_assessment/akasia_de/python-env/lib/python3.11/site-packages/airflow/example_dags/example_trigger_target_dag.py took 0.062 seconds
[2024-04-02T21:16:16.030+0800] {processor.py:161} INFO - Started process (PID=19857) to work on /Users/kalerbramastha/Library/Mobile Documents/com~apple~CloudDocs/bram/career_assessment/akasia_de/python-env/lib/python3.11/site-packages/airflow/example_dags/example_trigger_target_dag.py
[2024-04-02T21:16:16.031+0800] {processor.py:830} INFO - Processing file /Users/kalerbramastha/Library/Mobile Documents/com~apple~CloudDocs/bram/career_assessment/akasia_de/python-env/lib/python3.11/site-packages/airflow/example_dags/example_trigger_target_dag.py for tasks to queue
[2024-04-02T21:16:16.031+0800] {logging_mixin.py:188} INFO - [2024-04-02T21:16:16.031+0800] {dagbag.py:540} INFO - Filling up the DagBag from /Users/kalerbramastha/Library/Mobile Documents/com~apple~CloudDocs/bram/career_assessment/akasia_de/python-env/lib/python3.11/site-packages/airflow/example_dags/example_trigger_target_dag.py
[2024-04-02T21:16:16.046+0800] {processor.py:840} INFO - DAG(s) 'example_trigger_target_dag' retrieved from /Users/kalerbramastha/Library/Mobile Documents/com~apple~CloudDocs/bram/career_assessment/akasia_de/python-env/lib/python3.11/site-packages/airflow/example_dags/example_trigger_target_dag.py
[2024-04-02T21:16:16.081+0800] {logging_mixin.py:188} INFO - [2024-04-02T21:16:16.081+0800] {dag.py:3047} INFO - Sync 1 DAGs
[2024-04-02T21:16:16.084+0800] {logging_mixin.py:188} INFO - [2024-04-02T21:16:16.084+0800] {dag.py:3834} INFO - Setting next_dagrun for example_trigger_target_dag to None, run_after=None
[2024-04-02T21:16:16.092+0800] {processor.py:183} INFO - Processing /Users/kalerbramastha/Library/Mobile Documents/com~apple~CloudDocs/bram/career_assessment/akasia_de/python-env/lib/python3.11/site-packages/airflow/example_dags/example_trigger_target_dag.py took 0.062 seconds
[2024-04-02T21:18:45.702+0800] {processor.py:161} INFO - Started process (PID=20309) to work on /Users/kalerbramastha/Library/Mobile Documents/com~apple~CloudDocs/bram/career_assessment/akasia_de/python-env/lib/python3.11/site-packages/airflow/example_dags/example_trigger_target_dag.py
[2024-04-02T21:18:45.703+0800] {processor.py:830} INFO - Processing file /Users/kalerbramastha/Library/Mobile Documents/com~apple~CloudDocs/bram/career_assessment/akasia_de/python-env/lib/python3.11/site-packages/airflow/example_dags/example_trigger_target_dag.py for tasks to queue
[2024-04-02T21:18:45.703+0800] {logging_mixin.py:188} INFO - [2024-04-02T21:18:45.703+0800] {dagbag.py:540} INFO - Filling up the DagBag from /Users/kalerbramastha/Library/Mobile Documents/com~apple~CloudDocs/bram/career_assessment/akasia_de/python-env/lib/python3.11/site-packages/airflow/example_dags/example_trigger_target_dag.py
[2024-04-02T21:18:45.723+0800] {processor.py:840} INFO - DAG(s) 'example_trigger_target_dag' retrieved from /Users/kalerbramastha/Library/Mobile Documents/com~apple~CloudDocs/bram/career_assessment/akasia_de/python-env/lib/python3.11/site-packages/airflow/example_dags/example_trigger_target_dag.py
[2024-04-02T21:18:45.787+0800] {logging_mixin.py:188} INFO - [2024-04-02T21:18:45.787+0800] {dag.py:3047} INFO - Sync 1 DAGs
[2024-04-02T21:18:45.790+0800] {logging_mixin.py:188} INFO - [2024-04-02T21:18:45.790+0800] {dag.py:3834} INFO - Setting next_dagrun for example_trigger_target_dag to None, run_after=None
[2024-04-02T21:18:45.797+0800] {processor.py:183} INFO - Processing /Users/kalerbramastha/Library/Mobile Documents/com~apple~CloudDocs/bram/career_assessment/akasia_de/python-env/lib/python3.11/site-packages/airflow/example_dags/example_trigger_target_dag.py took 0.096 seconds
[2024-04-02T21:20:21.961+0800] {processor.py:161} INFO - Started process (PID=20445) to work on /Users/kalerbramastha/Library/Mobile Documents/com~apple~CloudDocs/bram/career_assessment/akasia_de/python-env/lib/python3.11/site-packages/airflow/example_dags/example_trigger_target_dag.py
[2024-04-02T21:20:21.961+0800] {processor.py:830} INFO - Processing file /Users/kalerbramastha/Library/Mobile Documents/com~apple~CloudDocs/bram/career_assessment/akasia_de/python-env/lib/python3.11/site-packages/airflow/example_dags/example_trigger_target_dag.py for tasks to queue
[2024-04-02T21:20:21.962+0800] {logging_mixin.py:188} INFO - [2024-04-02T21:20:21.962+0800] {dagbag.py:540} INFO - Filling up the DagBag from /Users/kalerbramastha/Library/Mobile Documents/com~apple~CloudDocs/bram/career_assessment/akasia_de/python-env/lib/python3.11/site-packages/airflow/example_dags/example_trigger_target_dag.py
[2024-04-02T21:20:21.990+0800] {processor.py:840} INFO - DAG(s) 'example_trigger_target_dag' retrieved from /Users/kalerbramastha/Library/Mobile Documents/com~apple~CloudDocs/bram/career_assessment/akasia_de/python-env/lib/python3.11/site-packages/airflow/example_dags/example_trigger_target_dag.py
[2024-04-02T21:20:22.062+0800] {logging_mixin.py:188} INFO - [2024-04-02T21:20:22.062+0800] {dag.py:3047} INFO - Sync 1 DAGs
[2024-04-02T21:20:22.066+0800] {logging_mixin.py:188} INFO - [2024-04-02T21:20:22.066+0800] {dag.py:3834} INFO - Setting next_dagrun for example_trigger_target_dag to None, run_after=None
[2024-04-02T21:20:22.079+0800] {processor.py:183} INFO - Processing /Users/kalerbramastha/Library/Mobile Documents/com~apple~CloudDocs/bram/career_assessment/akasia_de/python-env/lib/python3.11/site-packages/airflow/example_dags/example_trigger_target_dag.py took 0.119 seconds
[2024-04-02T21:21:24.628+0800] {processor.py:161} INFO - Started process (PID=20519) to work on /Users/kalerbramastha/Library/Mobile Documents/com~apple~CloudDocs/bram/career_assessment/akasia_de/python-env/lib/python3.11/site-packages/airflow/example_dags/example_trigger_target_dag.py
[2024-04-02T21:21:24.629+0800] {processor.py:830} INFO - Processing file /Users/kalerbramastha/Library/Mobile Documents/com~apple~CloudDocs/bram/career_assessment/akasia_de/python-env/lib/python3.11/site-packages/airflow/example_dags/example_trigger_target_dag.py for tasks to queue
[2024-04-02T21:21:24.629+0800] {logging_mixin.py:188} INFO - [2024-04-02T21:21:24.629+0800] {dagbag.py:540} INFO - Filling up the DagBag from /Users/kalerbramastha/Library/Mobile Documents/com~apple~CloudDocs/bram/career_assessment/akasia_de/python-env/lib/python3.11/site-packages/airflow/example_dags/example_trigger_target_dag.py
[2024-04-02T21:21:24.643+0800] {processor.py:840} INFO - DAG(s) 'example_trigger_target_dag' retrieved from /Users/kalerbramastha/Library/Mobile Documents/com~apple~CloudDocs/bram/career_assessment/akasia_de/python-env/lib/python3.11/site-packages/airflow/example_dags/example_trigger_target_dag.py
[2024-04-02T21:21:24.676+0800] {logging_mixin.py:188} INFO - [2024-04-02T21:21:24.675+0800] {dag.py:3047} INFO - Sync 1 DAGs
[2024-04-02T21:21:24.679+0800] {logging_mixin.py:188} INFO - [2024-04-02T21:21:24.679+0800] {dag.py:3834} INFO - Setting next_dagrun for example_trigger_target_dag to None, run_after=None
[2024-04-02T21:21:24.686+0800] {processor.py:183} INFO - Processing /Users/kalerbramastha/Library/Mobile Documents/com~apple~CloudDocs/bram/career_assessment/akasia_de/python-env/lib/python3.11/site-packages/airflow/example_dags/example_trigger_target_dag.py took 0.059 seconds
[2024-04-02T21:30:33.486+0800] {processor.py:161} INFO - Started process (PID=22189) to work on /Users/kalerbramastha/Library/Mobile Documents/com~apple~CloudDocs/bram/career_assessment/akasia_de/python-env/lib/python3.11/site-packages/airflow/example_dags/example_trigger_target_dag.py
[2024-04-02T21:30:33.487+0800] {processor.py:830} INFO - Processing file /Users/kalerbramastha/Library/Mobile Documents/com~apple~CloudDocs/bram/career_assessment/akasia_de/python-env/lib/python3.11/site-packages/airflow/example_dags/example_trigger_target_dag.py for tasks to queue
[2024-04-02T21:30:33.487+0800] {logging_mixin.py:188} INFO - [2024-04-02T21:30:33.487+0800] {dagbag.py:540} INFO - Filling up the DagBag from /Users/kalerbramastha/Library/Mobile Documents/com~apple~CloudDocs/bram/career_assessment/akasia_de/python-env/lib/python3.11/site-packages/airflow/example_dags/example_trigger_target_dag.py
[2024-04-02T21:30:33.502+0800] {processor.py:840} INFO - DAG(s) 'example_trigger_target_dag' retrieved from /Users/kalerbramastha/Library/Mobile Documents/com~apple~CloudDocs/bram/career_assessment/akasia_de/python-env/lib/python3.11/site-packages/airflow/example_dags/example_trigger_target_dag.py
[2024-04-02T21:30:33.566+0800] {logging_mixin.py:188} INFO - [2024-04-02T21:30:33.566+0800] {dag.py:3047} INFO - Sync 1 DAGs
[2024-04-02T21:30:33.570+0800] {logging_mixin.py:188} INFO - [2024-04-02T21:30:33.570+0800] {dag.py:3834} INFO - Setting next_dagrun for example_trigger_target_dag to None, run_after=None
[2024-04-02T21:30:33.578+0800] {processor.py:183} INFO - Processing /Users/kalerbramastha/Library/Mobile Documents/com~apple~CloudDocs/bram/career_assessment/akasia_de/python-env/lib/python3.11/site-packages/airflow/example_dags/example_trigger_target_dag.py took 0.092 seconds
[2024-04-02T21:32:06.955+0800] {processor.py:161} INFO - Started process (PID=22277) to work on /Users/kalerbramastha/Library/Mobile Documents/com~apple~CloudDocs/bram/career_assessment/akasia_de/python-env/lib/python3.11/site-packages/airflow/example_dags/example_trigger_target_dag.py
[2024-04-02T21:32:06.956+0800] {processor.py:830} INFO - Processing file /Users/kalerbramastha/Library/Mobile Documents/com~apple~CloudDocs/bram/career_assessment/akasia_de/python-env/lib/python3.11/site-packages/airflow/example_dags/example_trigger_target_dag.py for tasks to queue
[2024-04-02T21:32:06.956+0800] {logging_mixin.py:188} INFO - [2024-04-02T21:32:06.956+0800] {dagbag.py:540} INFO - Filling up the DagBag from /Users/kalerbramastha/Library/Mobile Documents/com~apple~CloudDocs/bram/career_assessment/akasia_de/python-env/lib/python3.11/site-packages/airflow/example_dags/example_trigger_target_dag.py
[2024-04-02T21:32:06.971+0800] {processor.py:840} INFO - DAG(s) 'example_trigger_target_dag' retrieved from /Users/kalerbramastha/Library/Mobile Documents/com~apple~CloudDocs/bram/career_assessment/akasia_de/python-env/lib/python3.11/site-packages/airflow/example_dags/example_trigger_target_dag.py
[2024-04-02T21:32:07.006+0800] {logging_mixin.py:188} INFO - [2024-04-02T21:32:07.006+0800] {dag.py:3047} INFO - Sync 1 DAGs
[2024-04-02T21:32:07.010+0800] {logging_mixin.py:188} INFO - [2024-04-02T21:32:07.010+0800] {dag.py:3834} INFO - Setting next_dagrun for example_trigger_target_dag to None, run_after=None
[2024-04-02T21:32:07.018+0800] {processor.py:183} INFO - Processing /Users/kalerbramastha/Library/Mobile Documents/com~apple~CloudDocs/bram/career_assessment/akasia_de/python-env/lib/python3.11/site-packages/airflow/example_dags/example_trigger_target_dag.py took 0.063 seconds
