[2024-04-02T21:13:48.131+0800] {processor.py:161} INFO - Started process (PID=19157) to work on /Users/kalerbramastha/Library/Mobile Documents/com~apple~CloudDocs/bram/career_assessment/akasia_de/python-env/lib/python3.11/site-packages/airflow/example_dags/example_setup_teardown_taskflow.py
[2024-04-02T21:13:48.133+0800] {processor.py:830} INFO - Processing file /Users/kalerbramastha/Library/Mobile Documents/com~apple~CloudDocs/bram/career_assessment/akasia_de/python-env/lib/python3.11/site-packages/airflow/example_dags/example_setup_teardown_taskflow.py for tasks to queue
[2024-04-02T21:13:48.134+0800] {logging_mixin.py:188} INFO - [2024-04-02T21:13:48.134+0800] {dagbag.py:540} INFO - Filling up the DagBag from /Users/kalerbramastha/Library/Mobile Documents/com~apple~CloudDocs/bram/career_assessment/akasia_de/python-env/lib/python3.11/site-packages/airflow/example_dags/example_setup_teardown_taskflow.py
[2024-04-02T21:13:48.159+0800] {processor.py:840} INFO - DAG(s) 'example_setup_teardown_taskflow' retrieved from /Users/kalerbramastha/Library/Mobile Documents/com~apple~CloudDocs/bram/career_assessment/akasia_de/python-env/lib/python3.11/site-packages/airflow/example_dags/example_setup_teardown_taskflow.py
[2024-04-02T21:13:48.253+0800] {logging_mixin.py:188} INFO - [2024-04-02T21:13:48.252+0800] {override.py:1769} INFO - Created Permission View: can read on DAG:example_setup_teardown_taskflow
[2024-04-02T21:13:48.259+0800] {logging_mixin.py:188} INFO - [2024-04-02T21:13:48.258+0800] {override.py:1769} INFO - Created Permission View: can delete on DAG:example_setup_teardown_taskflow
[2024-04-02T21:13:48.264+0800] {logging_mixin.py:188} INFO - [2024-04-02T21:13:48.264+0800] {override.py:1769} INFO - Created Permission View: can edit on DAG:example_setup_teardown_taskflow
[2024-04-02T21:13:48.264+0800] {logging_mixin.py:188} INFO - [2024-04-02T21:13:48.264+0800] {dag.py:3047} INFO - Sync 1 DAGs
[2024-04-02T21:13:48.269+0800] {logging_mixin.py:188} INFO - [2024-04-02T21:13:48.269+0800] {dag.py:3069} INFO - Creating ORM DAG for example_setup_teardown_taskflow
[2024-04-02T21:13:48.274+0800] {logging_mixin.py:188} INFO - [2024-04-02T21:13:48.274+0800] {dag.py:3834} INFO - Setting next_dagrun for example_setup_teardown_taskflow to 2024-04-01 00:00:00+00:00, run_after=2024-04-02 00:00:00+00:00
[2024-04-02T21:13:48.294+0800] {processor.py:183} INFO - Processing /Users/kalerbramastha/Library/Mobile Documents/com~apple~CloudDocs/bram/career_assessment/akasia_de/python-env/lib/python3.11/site-packages/airflow/example_dags/example_setup_teardown_taskflow.py took 0.166 seconds
[2024-04-02T21:15:26.745+0800] {processor.py:161} INFO - Started process (PID=19556) to work on /Users/kalerbramastha/Library/Mobile Documents/com~apple~CloudDocs/bram/career_assessment/akasia_de/python-env/lib/python3.11/site-packages/airflow/example_dags/example_setup_teardown_taskflow.py
[2024-04-02T21:15:26.746+0800] {processor.py:830} INFO - Processing file /Users/kalerbramastha/Library/Mobile Documents/com~apple~CloudDocs/bram/career_assessment/akasia_de/python-env/lib/python3.11/site-packages/airflow/example_dags/example_setup_teardown_taskflow.py for tasks to queue
[2024-04-02T21:15:26.747+0800] {logging_mixin.py:188} INFO - [2024-04-02T21:15:26.746+0800] {dagbag.py:540} INFO - Filling up the DagBag from /Users/kalerbramastha/Library/Mobile Documents/com~apple~CloudDocs/bram/career_assessment/akasia_de/python-env/lib/python3.11/site-packages/airflow/example_dags/example_setup_teardown_taskflow.py
[2024-04-02T21:15:26.764+0800] {processor.py:840} INFO - DAG(s) 'example_setup_teardown_taskflow' retrieved from /Users/kalerbramastha/Library/Mobile Documents/com~apple~CloudDocs/bram/career_assessment/akasia_de/python-env/lib/python3.11/site-packages/airflow/example_dags/example_setup_teardown_taskflow.py
[2024-04-02T21:15:26.801+0800] {logging_mixin.py:188} INFO - [2024-04-02T21:15:26.800+0800] {dag.py:3047} INFO - Sync 1 DAGs
[2024-04-02T21:15:26.807+0800] {logging_mixin.py:188} INFO - [2024-04-02T21:15:26.807+0800] {dag.py:3834} INFO - Setting next_dagrun for example_setup_teardown_taskflow to 2024-04-01 00:00:00+00:00, run_after=2024-04-02 00:00:00+00:00
[2024-04-02T21:15:26.814+0800] {processor.py:183} INFO - Processing /Users/kalerbramastha/Library/Mobile Documents/com~apple~CloudDocs/bram/career_assessment/akasia_de/python-env/lib/python3.11/site-packages/airflow/example_dags/example_setup_teardown_taskflow.py took 0.069 seconds
[2024-04-02T21:19:05.364+0800] {processor.py:161} INFO - Started process (PID=20353) to work on /Users/kalerbramastha/Library/Mobile Documents/com~apple~CloudDocs/bram/career_assessment/akasia_de/python-env/lib/python3.11/site-packages/airflow/example_dags/example_setup_teardown_taskflow.py
[2024-04-02T21:19:05.364+0800] {processor.py:830} INFO - Processing file /Users/kalerbramastha/Library/Mobile Documents/com~apple~CloudDocs/bram/career_assessment/akasia_de/python-env/lib/python3.11/site-packages/airflow/example_dags/example_setup_teardown_taskflow.py for tasks to queue
[2024-04-02T21:19:05.365+0800] {logging_mixin.py:188} INFO - [2024-04-02T21:19:05.364+0800] {dagbag.py:540} INFO - Filling up the DagBag from /Users/kalerbramastha/Library/Mobile Documents/com~apple~CloudDocs/bram/career_assessment/akasia_de/python-env/lib/python3.11/site-packages/airflow/example_dags/example_setup_teardown_taskflow.py
[2024-04-02T21:19:05.385+0800] {processor.py:840} INFO - DAG(s) 'example_setup_teardown_taskflow' retrieved from /Users/kalerbramastha/Library/Mobile Documents/com~apple~CloudDocs/bram/career_assessment/akasia_de/python-env/lib/python3.11/site-packages/airflow/example_dags/example_setup_teardown_taskflow.py
[2024-04-02T21:19:05.455+0800] {logging_mixin.py:188} INFO - [2024-04-02T21:19:05.455+0800] {dag.py:3047} INFO - Sync 1 DAGs
[2024-04-02T21:19:05.460+0800] {logging_mixin.py:188} INFO - [2024-04-02T21:19:05.460+0800] {dag.py:3834} INFO - Setting next_dagrun for example_setup_teardown_taskflow to 2024-04-01 00:00:00+00:00, run_after=2024-04-02 00:00:00+00:00
[2024-04-02T21:19:05.467+0800] {processor.py:183} INFO - Processing /Users/kalerbramastha/Library/Mobile Documents/com~apple~CloudDocs/bram/career_assessment/akasia_de/python-env/lib/python3.11/site-packages/airflow/example_dags/example_setup_teardown_taskflow.py took 0.104 seconds
[2024-04-02T21:20:42.020+0800] {processor.py:161} INFO - Started process (PID=20470) to work on /Users/kalerbramastha/Library/Mobile Documents/com~apple~CloudDocs/bram/career_assessment/akasia_de/python-env/lib/python3.11/site-packages/airflow/example_dags/example_setup_teardown_taskflow.py
[2024-04-02T21:20:42.020+0800] {processor.py:830} INFO - Processing file /Users/kalerbramastha/Library/Mobile Documents/com~apple~CloudDocs/bram/career_assessment/akasia_de/python-env/lib/python3.11/site-packages/airflow/example_dags/example_setup_teardown_taskflow.py for tasks to queue
[2024-04-02T21:20:42.021+0800] {logging_mixin.py:188} INFO - [2024-04-02T21:20:42.020+0800] {dagbag.py:540} INFO - Filling up the DagBag from /Users/kalerbramastha/Library/Mobile Documents/com~apple~CloudDocs/bram/career_assessment/akasia_de/python-env/lib/python3.11/site-packages/airflow/example_dags/example_setup_teardown_taskflow.py
[2024-04-02T21:20:42.035+0800] {processor.py:840} INFO - DAG(s) 'example_setup_teardown_taskflow' retrieved from /Users/kalerbramastha/Library/Mobile Documents/com~apple~CloudDocs/bram/career_assessment/akasia_de/python-env/lib/python3.11/site-packages/airflow/example_dags/example_setup_teardown_taskflow.py
[2024-04-02T21:20:42.066+0800] {logging_mixin.py:188} INFO - [2024-04-02T21:20:42.066+0800] {dag.py:3047} INFO - Sync 1 DAGs
[2024-04-02T21:20:42.072+0800] {logging_mixin.py:188} INFO - [2024-04-02T21:20:42.072+0800] {dag.py:3834} INFO - Setting next_dagrun for example_setup_teardown_taskflow to 2024-04-01 00:00:00+00:00, run_after=2024-04-02 00:00:00+00:00
[2024-04-02T21:20:42.078+0800] {processor.py:183} INFO - Processing /Users/kalerbramastha/Library/Mobile Documents/com~apple~CloudDocs/bram/career_assessment/akasia_de/python-env/lib/python3.11/site-packages/airflow/example_dags/example_setup_teardown_taskflow.py took 0.059 seconds
[2024-04-02T21:30:53.681+0800] {processor.py:161} INFO - Started process (PID=22214) to work on /Users/kalerbramastha/Library/Mobile Documents/com~apple~CloudDocs/bram/career_assessment/akasia_de/python-env/lib/python3.11/site-packages/airflow/example_dags/example_setup_teardown_taskflow.py
[2024-04-02T21:30:53.682+0800] {processor.py:830} INFO - Processing file /Users/kalerbramastha/Library/Mobile Documents/com~apple~CloudDocs/bram/career_assessment/akasia_de/python-env/lib/python3.11/site-packages/airflow/example_dags/example_setup_teardown_taskflow.py for tasks to queue
[2024-04-02T21:30:53.682+0800] {logging_mixin.py:188} INFO - [2024-04-02T21:30:53.682+0800] {dagbag.py:540} INFO - Filling up the DagBag from /Users/kalerbramastha/Library/Mobile Documents/com~apple~CloudDocs/bram/career_assessment/akasia_de/python-env/lib/python3.11/site-packages/airflow/example_dags/example_setup_teardown_taskflow.py
[2024-04-02T21:30:53.698+0800] {processor.py:840} INFO - DAG(s) 'example_setup_teardown_taskflow' retrieved from /Users/kalerbramastha/Library/Mobile Documents/com~apple~CloudDocs/bram/career_assessment/akasia_de/python-env/lib/python3.11/site-packages/airflow/example_dags/example_setup_teardown_taskflow.py
[2024-04-02T21:30:53.766+0800] {logging_mixin.py:188} INFO - [2024-04-02T21:30:53.766+0800] {dag.py:3047} INFO - Sync 1 DAGs
[2024-04-02T21:30:53.773+0800] {logging_mixin.py:188} INFO - [2024-04-02T21:30:53.773+0800] {dag.py:3834} INFO - Setting next_dagrun for example_setup_teardown_taskflow to 2024-04-01 00:00:00+00:00, run_after=2024-04-02 00:00:00+00:00
[2024-04-02T21:30:53.781+0800] {processor.py:183} INFO - Processing /Users/kalerbramastha/Library/Mobile Documents/com~apple~CloudDocs/bram/career_assessment/akasia_de/python-env/lib/python3.11/site-packages/airflow/example_dags/example_setup_teardown_taskflow.py took 0.101 seconds
