[2024-04-02T21:13:25.609+0800] {processor.py:161} INFO - Started process (PID=18941) to work on /Users/kalerbramastha/Library/Mobile Documents/com~apple~CloudDocs/bram/career_assessment/akasia_de/python-env/lib/python3.11/site-packages/airflow/example_dags/example_xcom.py
[2024-04-02T21:13:25.610+0800] {processor.py:830} INFO - Processing file /Users/kalerbramastha/Library/Mobile Documents/com~apple~CloudDocs/bram/career_assessment/akasia_de/python-env/lib/python3.11/site-packages/airflow/example_dags/example_xcom.py for tasks to queue
[2024-04-02T21:13:25.610+0800] {logging_mixin.py:188} INFO - [2024-04-02T21:13:25.610+0800] {dagbag.py:540} INFO - Filling up the DagBag from /Users/kalerbramastha/Library/Mobile Documents/com~apple~CloudDocs/bram/career_assessment/akasia_de/python-env/lib/python3.11/site-packages/airflow/example_dags/example_xcom.py
[2024-04-02T21:13:25.629+0800] {processor.py:840} INFO - DAG(s) 'example_xcom' retrieved from /Users/kalerbramastha/Library/Mobile Documents/com~apple~CloudDocs/bram/career_assessment/akasia_de/python-env/lib/python3.11/site-packages/airflow/example_dags/example_xcom.py
[2024-04-02T21:13:25.700+0800] {logging_mixin.py:188} INFO - [2024-04-02T21:13:25.699+0800] {override.py:1769} INFO - Created Permission View: can edit on DAG:example_xcom
[2024-04-02T21:13:25.703+0800] {logging_mixin.py:188} INFO - [2024-04-02T21:13:25.703+0800] {override.py:1769} INFO - Created Permission View: can delete on DAG:example_xcom
[2024-04-02T21:13:25.706+0800] {logging_mixin.py:188} INFO - [2024-04-02T21:13:25.706+0800] {override.py:1769} INFO - Created Permission View: can read on DAG:example_xcom
[2024-04-02T21:13:25.706+0800] {logging_mixin.py:188} INFO - [2024-04-02T21:13:25.706+0800] {dag.py:3047} INFO - Sync 1 DAGs
[2024-04-02T21:13:25.711+0800] {logging_mixin.py:188} INFO - [2024-04-02T21:13:25.710+0800] {dag.py:3069} INFO - Creating ORM DAG for example_xcom
[2024-04-02T21:13:25.714+0800] {logging_mixin.py:188} INFO - [2024-04-02T21:13:25.714+0800] {dag.py:3834} INFO - Setting next_dagrun for example_xcom to 2021-01-01 00:00:00+00:00, run_after=2021-01-01 00:00:00+00:00
[2024-04-02T21:13:25.725+0800] {processor.py:183} INFO - Processing /Users/kalerbramastha/Library/Mobile Documents/com~apple~CloudDocs/bram/career_assessment/akasia_de/python-env/lib/python3.11/site-packages/airflow/example_dags/example_xcom.py took 0.116 seconds
[2024-04-02T21:15:05.028+0800] {processor.py:161} INFO - Started process (PID=19380) to work on /Users/kalerbramastha/Library/Mobile Documents/com~apple~CloudDocs/bram/career_assessment/akasia_de/python-env/lib/python3.11/site-packages/airflow/example_dags/example_xcom.py
[2024-04-02T21:15:05.029+0800] {processor.py:830} INFO - Processing file /Users/kalerbramastha/Library/Mobile Documents/com~apple~CloudDocs/bram/career_assessment/akasia_de/python-env/lib/python3.11/site-packages/airflow/example_dags/example_xcom.py for tasks to queue
[2024-04-02T21:15:05.029+0800] {logging_mixin.py:188} INFO - [2024-04-02T21:15:05.029+0800] {dagbag.py:540} INFO - Filling up the DagBag from /Users/kalerbramastha/Library/Mobile Documents/com~apple~CloudDocs/bram/career_assessment/akasia_de/python-env/lib/python3.11/site-packages/airflow/example_dags/example_xcom.py
[2024-04-02T21:15:05.045+0800] {processor.py:840} INFO - DAG(s) 'example_xcom' retrieved from /Users/kalerbramastha/Library/Mobile Documents/com~apple~CloudDocs/bram/career_assessment/akasia_de/python-env/lib/python3.11/site-packages/airflow/example_dags/example_xcom.py
[2024-04-02T21:15:05.081+0800] {logging_mixin.py:188} INFO - [2024-04-02T21:15:05.081+0800] {dag.py:3047} INFO - Sync 1 DAGs
[2024-04-02T21:15:05.087+0800] {logging_mixin.py:188} INFO - [2024-04-02T21:15:05.087+0800] {dag.py:3834} INFO - Setting next_dagrun for example_xcom to 2021-01-01 00:00:00+00:00, run_after=2021-01-01 00:00:00+00:00
[2024-04-02T21:15:05.094+0800] {processor.py:183} INFO - Processing /Users/kalerbramastha/Library/Mobile Documents/com~apple~CloudDocs/bram/career_assessment/akasia_de/python-env/lib/python3.11/site-packages/airflow/example_dags/example_xcom.py took 0.067 seconds
[2024-04-02T21:16:13.906+0800] {processor.py:161} INFO - Started process (PID=19835) to work on /Users/kalerbramastha/Library/Mobile Documents/com~apple~CloudDocs/bram/career_assessment/akasia_de/python-env/lib/python3.11/site-packages/airflow/example_dags/example_xcom.py
[2024-04-02T21:16:13.906+0800] {processor.py:830} INFO - Processing file /Users/kalerbramastha/Library/Mobile Documents/com~apple~CloudDocs/bram/career_assessment/akasia_de/python-env/lib/python3.11/site-packages/airflow/example_dags/example_xcom.py for tasks to queue
[2024-04-02T21:16:13.907+0800] {logging_mixin.py:188} INFO - [2024-04-02T21:16:13.906+0800] {dagbag.py:540} INFO - Filling up the DagBag from /Users/kalerbramastha/Library/Mobile Documents/com~apple~CloudDocs/bram/career_assessment/akasia_de/python-env/lib/python3.11/site-packages/airflow/example_dags/example_xcom.py
[2024-04-02T21:16:13.922+0800] {processor.py:840} INFO - DAG(s) 'example_xcom' retrieved from /Users/kalerbramastha/Library/Mobile Documents/com~apple~CloudDocs/bram/career_assessment/akasia_de/python-env/lib/python3.11/site-packages/airflow/example_dags/example_xcom.py
[2024-04-02T21:16:13.958+0800] {logging_mixin.py:188} INFO - [2024-04-02T21:16:13.958+0800] {dag.py:3047} INFO - Sync 1 DAGs
[2024-04-02T21:16:13.965+0800] {logging_mixin.py:188} INFO - [2024-04-02T21:16:13.964+0800] {dag.py:3834} INFO - Setting next_dagrun for example_xcom to 2021-01-01 00:00:00+00:00, run_after=2021-01-01 00:00:00+00:00
[2024-04-02T21:16:13.972+0800] {processor.py:183} INFO - Processing /Users/kalerbramastha/Library/Mobile Documents/com~apple~CloudDocs/bram/career_assessment/akasia_de/python-env/lib/python3.11/site-packages/airflow/example_dags/example_xcom.py took 0.067 seconds
[2024-04-02T21:18:43.755+0800] {processor.py:161} INFO - Started process (PID=20300) to work on /Users/kalerbramastha/Library/Mobile Documents/com~apple~CloudDocs/bram/career_assessment/akasia_de/python-env/lib/python3.11/site-packages/airflow/example_dags/example_xcom.py
[2024-04-02T21:18:43.755+0800] {processor.py:830} INFO - Processing file /Users/kalerbramastha/Library/Mobile Documents/com~apple~CloudDocs/bram/career_assessment/akasia_de/python-env/lib/python3.11/site-packages/airflow/example_dags/example_xcom.py for tasks to queue
[2024-04-02T21:18:43.756+0800] {logging_mixin.py:188} INFO - [2024-04-02T21:18:43.756+0800] {dagbag.py:540} INFO - Filling up the DagBag from /Users/kalerbramastha/Library/Mobile Documents/com~apple~CloudDocs/bram/career_assessment/akasia_de/python-env/lib/python3.11/site-packages/airflow/example_dags/example_xcom.py
[2024-04-02T21:18:43.770+0800] {processor.py:840} INFO - DAG(s) 'example_xcom' retrieved from /Users/kalerbramastha/Library/Mobile Documents/com~apple~CloudDocs/bram/career_assessment/akasia_de/python-env/lib/python3.11/site-packages/airflow/example_dags/example_xcom.py
[2024-04-02T21:18:43.831+0800] {logging_mixin.py:188} INFO - [2024-04-02T21:18:43.831+0800] {dag.py:3047} INFO - Sync 1 DAGs
[2024-04-02T21:18:43.837+0800] {logging_mixin.py:188} INFO - [2024-04-02T21:18:43.837+0800] {dag.py:3834} INFO - Setting next_dagrun for example_xcom to 2021-01-01 00:00:00+00:00, run_after=2021-01-01 00:00:00+00:00
[2024-04-02T21:18:43.844+0800] {processor.py:183} INFO - Processing /Users/kalerbramastha/Library/Mobile Documents/com~apple~CloudDocs/bram/career_assessment/akasia_de/python-env/lib/python3.11/site-packages/airflow/example_dags/example_xcom.py took 0.090 seconds
[2024-04-02T21:20:19.348+0800] {processor.py:161} INFO - Started process (PID=20441) to work on /Users/kalerbramastha/Library/Mobile Documents/com~apple~CloudDocs/bram/career_assessment/akasia_de/python-env/lib/python3.11/site-packages/airflow/example_dags/example_xcom.py
[2024-04-02T21:20:19.349+0800] {processor.py:830} INFO - Processing file /Users/kalerbramastha/Library/Mobile Documents/com~apple~CloudDocs/bram/career_assessment/akasia_de/python-env/lib/python3.11/site-packages/airflow/example_dags/example_xcom.py for tasks to queue
[2024-04-02T21:20:19.349+0800] {logging_mixin.py:188} INFO - [2024-04-02T21:20:19.349+0800] {dagbag.py:540} INFO - Filling up the DagBag from /Users/kalerbramastha/Library/Mobile Documents/com~apple~CloudDocs/bram/career_assessment/akasia_de/python-env/lib/python3.11/site-packages/airflow/example_dags/example_xcom.py
[2024-04-02T21:20:19.364+0800] {processor.py:840} INFO - DAG(s) 'example_xcom' retrieved from /Users/kalerbramastha/Library/Mobile Documents/com~apple~CloudDocs/bram/career_assessment/akasia_de/python-env/lib/python3.11/site-packages/airflow/example_dags/example_xcom.py
[2024-04-02T21:20:19.399+0800] {logging_mixin.py:188} INFO - [2024-04-02T21:20:19.399+0800] {dag.py:3047} INFO - Sync 1 DAGs
[2024-04-02T21:20:19.405+0800] {logging_mixin.py:188} INFO - [2024-04-02T21:20:19.405+0800] {dag.py:3834} INFO - Setting next_dagrun for example_xcom to 2021-01-01 00:00:00+00:00, run_after=2021-01-01 00:00:00+00:00
[2024-04-02T21:20:19.414+0800] {processor.py:183} INFO - Processing /Users/kalerbramastha/Library/Mobile Documents/com~apple~CloudDocs/bram/career_assessment/akasia_de/python-env/lib/python3.11/site-packages/airflow/example_dags/example_xcom.py took 0.066 seconds
[2024-04-02T21:21:23.182+0800] {processor.py:161} INFO - Started process (PID=20510) to work on /Users/kalerbramastha/Library/Mobile Documents/com~apple~CloudDocs/bram/career_assessment/akasia_de/python-env/lib/python3.11/site-packages/airflow/example_dags/example_xcom.py
[2024-04-02T21:21:23.182+0800] {processor.py:830} INFO - Processing file /Users/kalerbramastha/Library/Mobile Documents/com~apple~CloudDocs/bram/career_assessment/akasia_de/python-env/lib/python3.11/site-packages/airflow/example_dags/example_xcom.py for tasks to queue
[2024-04-02T21:21:23.183+0800] {logging_mixin.py:188} INFO - [2024-04-02T21:21:23.182+0800] {dagbag.py:540} INFO - Filling up the DagBag from /Users/kalerbramastha/Library/Mobile Documents/com~apple~CloudDocs/bram/career_assessment/akasia_de/python-env/lib/python3.11/site-packages/airflow/example_dags/example_xcom.py
[2024-04-02T21:21:23.197+0800] {processor.py:840} INFO - DAG(s) 'example_xcom' retrieved from /Users/kalerbramastha/Library/Mobile Documents/com~apple~CloudDocs/bram/career_assessment/akasia_de/python-env/lib/python3.11/site-packages/airflow/example_dags/example_xcom.py
[2024-04-02T21:21:23.232+0800] {logging_mixin.py:188} INFO - [2024-04-02T21:21:23.232+0800] {dag.py:3047} INFO - Sync 1 DAGs
[2024-04-02T21:21:23.238+0800] {logging_mixin.py:188} INFO - [2024-04-02T21:21:23.238+0800] {dag.py:3834} INFO - Setting next_dagrun for example_xcom to 2021-01-01 00:00:00+00:00, run_after=2021-01-01 00:00:00+00:00
[2024-04-02T21:21:23.246+0800] {processor.py:183} INFO - Processing /Users/kalerbramastha/Library/Mobile Documents/com~apple~CloudDocs/bram/career_assessment/akasia_de/python-env/lib/python3.11/site-packages/airflow/example_dags/example_xcom.py took 0.067 seconds
[2024-04-02T21:30:31.574+0800] {processor.py:161} INFO - Started process (PID=22187) to work on /Users/kalerbramastha/Library/Mobile Documents/com~apple~CloudDocs/bram/career_assessment/akasia_de/python-env/lib/python3.11/site-packages/airflow/example_dags/example_xcom.py
[2024-04-02T21:30:31.575+0800] {processor.py:830} INFO - Processing file /Users/kalerbramastha/Library/Mobile Documents/com~apple~CloudDocs/bram/career_assessment/akasia_de/python-env/lib/python3.11/site-packages/airflow/example_dags/example_xcom.py for tasks to queue
[2024-04-02T21:30:31.575+0800] {logging_mixin.py:188} INFO - [2024-04-02T21:30:31.575+0800] {dagbag.py:540} INFO - Filling up the DagBag from /Users/kalerbramastha/Library/Mobile Documents/com~apple~CloudDocs/bram/career_assessment/akasia_de/python-env/lib/python3.11/site-packages/airflow/example_dags/example_xcom.py
[2024-04-02T21:30:31.591+0800] {processor.py:840} INFO - DAG(s) 'example_xcom' retrieved from /Users/kalerbramastha/Library/Mobile Documents/com~apple~CloudDocs/bram/career_assessment/akasia_de/python-env/lib/python3.11/site-packages/airflow/example_dags/example_xcom.py
[2024-04-02T21:30:31.656+0800] {logging_mixin.py:188} INFO - [2024-04-02T21:30:31.656+0800] {dag.py:3047} INFO - Sync 1 DAGs
[2024-04-02T21:30:31.662+0800] {logging_mixin.py:188} INFO - [2024-04-02T21:30:31.662+0800] {dag.py:3834} INFO - Setting next_dagrun for example_xcom to 2021-01-01 00:00:00+00:00, run_after=2021-01-01 00:00:00+00:00
[2024-04-02T21:30:31.669+0800] {processor.py:183} INFO - Processing /Users/kalerbramastha/Library/Mobile Documents/com~apple~CloudDocs/bram/career_assessment/akasia_de/python-env/lib/python3.11/site-packages/airflow/example_dags/example_xcom.py took 0.096 seconds
[2024-04-02T21:32:04.923+0800] {processor.py:161} INFO - Started process (PID=22274) to work on /Users/kalerbramastha/Library/Mobile Documents/com~apple~CloudDocs/bram/career_assessment/akasia_de/python-env/lib/python3.11/site-packages/airflow/example_dags/example_xcom.py
[2024-04-02T21:32:04.924+0800] {processor.py:830} INFO - Processing file /Users/kalerbramastha/Library/Mobile Documents/com~apple~CloudDocs/bram/career_assessment/akasia_de/python-env/lib/python3.11/site-packages/airflow/example_dags/example_xcom.py for tasks to queue
[2024-04-02T21:32:04.924+0800] {logging_mixin.py:188} INFO - [2024-04-02T21:32:04.924+0800] {dagbag.py:540} INFO - Filling up the DagBag from /Users/kalerbramastha/Library/Mobile Documents/com~apple~CloudDocs/bram/career_assessment/akasia_de/python-env/lib/python3.11/site-packages/airflow/example_dags/example_xcom.py
[2024-04-02T21:32:04.940+0800] {processor.py:840} INFO - DAG(s) 'example_xcom' retrieved from /Users/kalerbramastha/Library/Mobile Documents/com~apple~CloudDocs/bram/career_assessment/akasia_de/python-env/lib/python3.11/site-packages/airflow/example_dags/example_xcom.py
[2024-04-02T21:32:04.974+0800] {logging_mixin.py:188} INFO - [2024-04-02T21:32:04.974+0800] {dag.py:3047} INFO - Sync 1 DAGs
[2024-04-02T21:32:04.980+0800] {logging_mixin.py:188} INFO - [2024-04-02T21:32:04.980+0800] {dag.py:3834} INFO - Setting next_dagrun for example_xcom to 2021-01-01 00:00:00+00:00, run_after=2021-01-01 00:00:00+00:00
[2024-04-02T21:32:04.988+0800] {processor.py:183} INFO - Processing /Users/kalerbramastha/Library/Mobile Documents/com~apple~CloudDocs/bram/career_assessment/akasia_de/python-env/lib/python3.11/site-packages/airflow/example_dags/example_xcom.py took 0.065 seconds
