[2024-04-02T21:13:31.679+0800] {processor.py:161} INFO - Started process (PID=18993) to work on /Users/kalerbramastha/Library/Mobile Documents/com~apple~CloudDocs/bram/career_assessment/akasia_de/python-env/lib/python3.11/site-packages/airflow/example_dags/example_time_delta_sensor_async.py
[2024-04-02T21:13:31.679+0800] {processor.py:830} INFO - Processing file /Users/kalerbramastha/Library/Mobile Documents/com~apple~CloudDocs/bram/career_assessment/akasia_de/python-env/lib/python3.11/site-packages/airflow/example_dags/example_time_delta_sensor_async.py for tasks to queue
[2024-04-02T21:13:31.680+0800] {logging_mixin.py:188} INFO - [2024-04-02T21:13:31.680+0800] {dagbag.py:540} INFO - Filling up the DagBag from /Users/kalerbramastha/Library/Mobile Documents/com~apple~CloudDocs/bram/career_assessment/akasia_de/python-env/lib/python3.11/site-packages/airflow/example_dags/example_time_delta_sensor_async.py
[2024-04-02T21:13:31.684+0800] {processor.py:840} INFO - DAG(s) 'example_time_delta_sensor_async' retrieved from /Users/kalerbramastha/Library/Mobile Documents/com~apple~CloudDocs/bram/career_assessment/akasia_de/python-env/lib/python3.11/site-packages/airflow/example_dags/example_time_delta_sensor_async.py
[2024-04-02T21:13:31.764+0800] {logging_mixin.py:188} INFO - [2024-04-02T21:13:31.764+0800] {override.py:1769} INFO - Created Permission View: can delete on DAG:example_time_delta_sensor_async
[2024-04-02T21:13:31.768+0800] {logging_mixin.py:188} INFO - [2024-04-02T21:13:31.768+0800] {override.py:1769} INFO - Created Permission View: can read on DAG:example_time_delta_sensor_async
[2024-04-02T21:13:31.771+0800] {logging_mixin.py:188} INFO - [2024-04-02T21:13:31.771+0800] {override.py:1769} INFO - Created Permission View: can edit on DAG:example_time_delta_sensor_async
[2024-04-02T21:13:31.771+0800] {logging_mixin.py:188} INFO - [2024-04-02T21:13:31.771+0800] {dag.py:3047} INFO - Sync 1 DAGs
[2024-04-02T21:13:31.775+0800] {logging_mixin.py:188} INFO - [2024-04-02T21:13:31.775+0800] {dag.py:3069} INFO - Creating ORM DAG for example_time_delta_sensor_async
[2024-04-02T21:13:31.775+0800] {logging_mixin.py:188} INFO - [2024-04-02T21:13:31.775+0800] {dag.py:3834} INFO - Setting next_dagrun for example_time_delta_sensor_async to None, run_after=None
[2024-04-02T21:13:31.783+0800] {processor.py:183} INFO - Processing /Users/kalerbramastha/Library/Mobile Documents/com~apple~CloudDocs/bram/career_assessment/akasia_de/python-env/lib/python3.11/site-packages/airflow/example_dags/example_time_delta_sensor_async.py took 0.104 seconds
[2024-04-02T21:15:11.206+0800] {processor.py:161} INFO - Started process (PID=19411) to work on /Users/kalerbramastha/Library/Mobile Documents/com~apple~CloudDocs/bram/career_assessment/akasia_de/python-env/lib/python3.11/site-packages/airflow/example_dags/example_time_delta_sensor_async.py
[2024-04-02T21:15:11.207+0800] {processor.py:830} INFO - Processing file /Users/kalerbramastha/Library/Mobile Documents/com~apple~CloudDocs/bram/career_assessment/akasia_de/python-env/lib/python3.11/site-packages/airflow/example_dags/example_time_delta_sensor_async.py for tasks to queue
[2024-04-02T21:15:11.207+0800] {logging_mixin.py:188} INFO - [2024-04-02T21:15:11.207+0800] {dagbag.py:540} INFO - Filling up the DagBag from /Users/kalerbramastha/Library/Mobile Documents/com~apple~CloudDocs/bram/career_assessment/akasia_de/python-env/lib/python3.11/site-packages/airflow/example_dags/example_time_delta_sensor_async.py
[2024-04-02T21:15:11.211+0800] {processor.py:840} INFO - DAG(s) 'example_time_delta_sensor_async' retrieved from /Users/kalerbramastha/Library/Mobile Documents/com~apple~CloudDocs/bram/career_assessment/akasia_de/python-env/lib/python3.11/site-packages/airflow/example_dags/example_time_delta_sensor_async.py
[2024-04-02T21:15:11.254+0800] {logging_mixin.py:188} INFO - [2024-04-02T21:15:11.254+0800] {dag.py:3047} INFO - Sync 1 DAGs
[2024-04-02T21:15:11.258+0800] {logging_mixin.py:188} INFO - [2024-04-02T21:15:11.258+0800] {dag.py:3834} INFO - Setting next_dagrun for example_time_delta_sensor_async to None, run_after=None
[2024-04-02T21:15:11.266+0800] {processor.py:183} INFO - Processing /Users/kalerbramastha/Library/Mobile Documents/com~apple~CloudDocs/bram/career_assessment/akasia_de/python-env/lib/python3.11/site-packages/airflow/example_dags/example_time_delta_sensor_async.py took 0.060 seconds
[2024-04-02T21:16:19.983+0800] {processor.py:161} INFO - Started process (PID=19880) to work on /Users/kalerbramastha/Library/Mobile Documents/com~apple~CloudDocs/bram/career_assessment/akasia_de/python-env/lib/python3.11/site-packages/airflow/example_dags/example_time_delta_sensor_async.py
[2024-04-02T21:16:19.983+0800] {processor.py:830} INFO - Processing file /Users/kalerbramastha/Library/Mobile Documents/com~apple~CloudDocs/bram/career_assessment/akasia_de/python-env/lib/python3.11/site-packages/airflow/example_dags/example_time_delta_sensor_async.py for tasks to queue
[2024-04-02T21:16:19.984+0800] {logging_mixin.py:188} INFO - [2024-04-02T21:16:19.984+0800] {dagbag.py:540} INFO - Filling up the DagBag from /Users/kalerbramastha/Library/Mobile Documents/com~apple~CloudDocs/bram/career_assessment/akasia_de/python-env/lib/python3.11/site-packages/airflow/example_dags/example_time_delta_sensor_async.py
[2024-04-02T21:16:19.987+0800] {processor.py:840} INFO - DAG(s) 'example_time_delta_sensor_async' retrieved from /Users/kalerbramastha/Library/Mobile Documents/com~apple~CloudDocs/bram/career_assessment/akasia_de/python-env/lib/python3.11/site-packages/airflow/example_dags/example_time_delta_sensor_async.py
[2024-04-02T21:16:20.026+0800] {logging_mixin.py:188} INFO - [2024-04-02T21:16:20.026+0800] {dag.py:3047} INFO - Sync 1 DAGs
[2024-04-02T21:16:20.030+0800] {logging_mixin.py:188} INFO - [2024-04-02T21:16:20.030+0800] {dag.py:3834} INFO - Setting next_dagrun for example_time_delta_sensor_async to None, run_after=None
[2024-04-02T21:16:20.038+0800] {processor.py:183} INFO - Processing /Users/kalerbramastha/Library/Mobile Documents/com~apple~CloudDocs/bram/career_assessment/akasia_de/python-env/lib/python3.11/site-packages/airflow/example_dags/example_time_delta_sensor_async.py took 0.056 seconds
[2024-04-02T21:18:49.826+0800] {processor.py:161} INFO - Started process (PID=20321) to work on /Users/kalerbramastha/Library/Mobile Documents/com~apple~CloudDocs/bram/career_assessment/akasia_de/python-env/lib/python3.11/site-packages/airflow/example_dags/example_time_delta_sensor_async.py
[2024-04-02T21:18:49.826+0800] {processor.py:830} INFO - Processing file /Users/kalerbramastha/Library/Mobile Documents/com~apple~CloudDocs/bram/career_assessment/akasia_de/python-env/lib/python3.11/site-packages/airflow/example_dags/example_time_delta_sensor_async.py for tasks to queue
[2024-04-02T21:18:49.826+0800] {logging_mixin.py:188} INFO - [2024-04-02T21:18:49.826+0800] {dagbag.py:540} INFO - Filling up the DagBag from /Users/kalerbramastha/Library/Mobile Documents/com~apple~CloudDocs/bram/career_assessment/akasia_de/python-env/lib/python3.11/site-packages/airflow/example_dags/example_time_delta_sensor_async.py
[2024-04-02T21:18:49.830+0800] {processor.py:840} INFO - DAG(s) 'example_time_delta_sensor_async' retrieved from /Users/kalerbramastha/Library/Mobile Documents/com~apple~CloudDocs/bram/career_assessment/akasia_de/python-env/lib/python3.11/site-packages/airflow/example_dags/example_time_delta_sensor_async.py
[2024-04-02T21:18:49.896+0800] {logging_mixin.py:188} INFO - [2024-04-02T21:18:49.895+0800] {dag.py:3047} INFO - Sync 1 DAGs
[2024-04-02T21:18:49.899+0800] {logging_mixin.py:188} INFO - [2024-04-02T21:18:49.899+0800] {dag.py:3834} INFO - Setting next_dagrun for example_time_delta_sensor_async to None, run_after=None
[2024-04-02T21:18:49.906+0800] {processor.py:183} INFO - Processing /Users/kalerbramastha/Library/Mobile Documents/com~apple~CloudDocs/bram/career_assessment/akasia_de/python-env/lib/python3.11/site-packages/airflow/example_dags/example_time_delta_sensor_async.py took 0.081 seconds
[2024-04-02T21:20:25.925+0800] {processor.py:161} INFO - Started process (PID=20455) to work on /Users/kalerbramastha/Library/Mobile Documents/com~apple~CloudDocs/bram/career_assessment/akasia_de/python-env/lib/python3.11/site-packages/airflow/example_dags/example_time_delta_sensor_async.py
[2024-04-02T21:20:25.928+0800] {processor.py:830} INFO - Processing file /Users/kalerbramastha/Library/Mobile Documents/com~apple~CloudDocs/bram/career_assessment/akasia_de/python-env/lib/python3.11/site-packages/airflow/example_dags/example_time_delta_sensor_async.py for tasks to queue
[2024-04-02T21:20:25.929+0800] {logging_mixin.py:188} INFO - [2024-04-02T21:20:25.929+0800] {dagbag.py:540} INFO - Filling up the DagBag from /Users/kalerbramastha/Library/Mobile Documents/com~apple~CloudDocs/bram/career_assessment/akasia_de/python-env/lib/python3.11/site-packages/airflow/example_dags/example_time_delta_sensor_async.py
[2024-04-02T21:20:25.938+0800] {processor.py:840} INFO - DAG(s) 'example_time_delta_sensor_async' retrieved from /Users/kalerbramastha/Library/Mobile Documents/com~apple~CloudDocs/bram/career_assessment/akasia_de/python-env/lib/python3.11/site-packages/airflow/example_dags/example_time_delta_sensor_async.py
[2024-04-02T21:20:25.997+0800] {logging_mixin.py:188} INFO - [2024-04-02T21:20:25.997+0800] {dag.py:3047} INFO - Sync 1 DAGs
[2024-04-02T21:20:26.001+0800] {logging_mixin.py:188} INFO - [2024-04-02T21:20:26.001+0800] {dag.py:3834} INFO - Setting next_dagrun for example_time_delta_sensor_async to None, run_after=None
[2024-04-02T21:20:26.009+0800] {processor.py:183} INFO - Processing /Users/kalerbramastha/Library/Mobile Documents/com~apple~CloudDocs/bram/career_assessment/akasia_de/python-env/lib/python3.11/site-packages/airflow/example_dags/example_time_delta_sensor_async.py took 0.087 seconds
[2024-04-02T21:21:28.698+0800] {processor.py:161} INFO - Started process (PID=20525) to work on /Users/kalerbramastha/Library/Mobile Documents/com~apple~CloudDocs/bram/career_assessment/akasia_de/python-env/lib/python3.11/site-packages/airflow/example_dags/example_time_delta_sensor_async.py
[2024-04-02T21:21:28.699+0800] {processor.py:830} INFO - Processing file /Users/kalerbramastha/Library/Mobile Documents/com~apple~CloudDocs/bram/career_assessment/akasia_de/python-env/lib/python3.11/site-packages/airflow/example_dags/example_time_delta_sensor_async.py for tasks to queue
[2024-04-02T21:21:28.699+0800] {logging_mixin.py:188} INFO - [2024-04-02T21:21:28.699+0800] {dagbag.py:540} INFO - Filling up the DagBag from /Users/kalerbramastha/Library/Mobile Documents/com~apple~CloudDocs/bram/career_assessment/akasia_de/python-env/lib/python3.11/site-packages/airflow/example_dags/example_time_delta_sensor_async.py
[2024-04-02T21:21:28.703+0800] {processor.py:840} INFO - DAG(s) 'example_time_delta_sensor_async' retrieved from /Users/kalerbramastha/Library/Mobile Documents/com~apple~CloudDocs/bram/career_assessment/akasia_de/python-env/lib/python3.11/site-packages/airflow/example_dags/example_time_delta_sensor_async.py
[2024-04-02T21:21:28.786+0800] {logging_mixin.py:188} INFO - [2024-04-02T21:21:28.786+0800] {dag.py:3047} INFO - Sync 1 DAGs
[2024-04-02T21:21:28.790+0800] {logging_mixin.py:188} INFO - [2024-04-02T21:21:28.790+0800] {dag.py:3834} INFO - Setting next_dagrun for example_time_delta_sensor_async to None, run_after=None
[2024-04-02T21:21:28.798+0800] {processor.py:183} INFO - Processing /Users/kalerbramastha/Library/Mobile Documents/com~apple~CloudDocs/bram/career_assessment/akasia_de/python-env/lib/python3.11/site-packages/airflow/example_dags/example_time_delta_sensor_async.py took 0.100 seconds
[2024-04-02T21:30:37.648+0800] {processor.py:161} INFO - Started process (PID=22193) to work on /Users/kalerbramastha/Library/Mobile Documents/com~apple~CloudDocs/bram/career_assessment/akasia_de/python-env/lib/python3.11/site-packages/airflow/example_dags/example_time_delta_sensor_async.py
[2024-04-02T21:30:37.649+0800] {processor.py:830} INFO - Processing file /Users/kalerbramastha/Library/Mobile Documents/com~apple~CloudDocs/bram/career_assessment/akasia_de/python-env/lib/python3.11/site-packages/airflow/example_dags/example_time_delta_sensor_async.py for tasks to queue
[2024-04-02T21:30:37.649+0800] {logging_mixin.py:188} INFO - [2024-04-02T21:30:37.649+0800] {dagbag.py:540} INFO - Filling up the DagBag from /Users/kalerbramastha/Library/Mobile Documents/com~apple~CloudDocs/bram/career_assessment/akasia_de/python-env/lib/python3.11/site-packages/airflow/example_dags/example_time_delta_sensor_async.py
[2024-04-02T21:30:37.653+0800] {processor.py:840} INFO - DAG(s) 'example_time_delta_sensor_async' retrieved from /Users/kalerbramastha/Library/Mobile Documents/com~apple~CloudDocs/bram/career_assessment/akasia_de/python-env/lib/python3.11/site-packages/airflow/example_dags/example_time_delta_sensor_async.py
[2024-04-02T21:30:37.726+0800] {logging_mixin.py:188} INFO - [2024-04-02T21:30:37.726+0800] {dag.py:3047} INFO - Sync 1 DAGs
[2024-04-02T21:30:37.729+0800] {logging_mixin.py:188} INFO - [2024-04-02T21:30:37.729+0800] {dag.py:3834} INFO - Setting next_dagrun for example_time_delta_sensor_async to None, run_after=None
[2024-04-02T21:30:37.737+0800] {processor.py:183} INFO - Processing /Users/kalerbramastha/Library/Mobile Documents/com~apple~CloudDocs/bram/career_assessment/akasia_de/python-env/lib/python3.11/site-packages/airflow/example_dags/example_time_delta_sensor_async.py took 0.089 seconds
[2024-04-02T21:32:10.320+0800] {processor.py:161} INFO - Started process (PID=22279) to work on /Users/kalerbramastha/Library/Mobile Documents/com~apple~CloudDocs/bram/career_assessment/akasia_de/python-env/lib/python3.11/site-packages/airflow/example_dags/example_time_delta_sensor_async.py
[2024-04-02T21:32:10.321+0800] {processor.py:830} INFO - Processing file /Users/kalerbramastha/Library/Mobile Documents/com~apple~CloudDocs/bram/career_assessment/akasia_de/python-env/lib/python3.11/site-packages/airflow/example_dags/example_time_delta_sensor_async.py for tasks to queue
[2024-04-02T21:32:10.321+0800] {logging_mixin.py:188} INFO - [2024-04-02T21:32:10.321+0800] {dagbag.py:540} INFO - Filling up the DagBag from /Users/kalerbramastha/Library/Mobile Documents/com~apple~CloudDocs/bram/career_assessment/akasia_de/python-env/lib/python3.11/site-packages/airflow/example_dags/example_time_delta_sensor_async.py
[2024-04-02T21:32:10.325+0800] {processor.py:840} INFO - DAG(s) 'example_time_delta_sensor_async' retrieved from /Users/kalerbramastha/Library/Mobile Documents/com~apple~CloudDocs/bram/career_assessment/akasia_de/python-env/lib/python3.11/site-packages/airflow/example_dags/example_time_delta_sensor_async.py
[2024-04-02T21:32:10.365+0800] {logging_mixin.py:188} INFO - [2024-04-02T21:32:10.365+0800] {dag.py:3047} INFO - Sync 1 DAGs
[2024-04-02T21:32:10.369+0800] {logging_mixin.py:188} INFO - [2024-04-02T21:32:10.369+0800] {dag.py:3834} INFO - Setting next_dagrun for example_time_delta_sensor_async to None, run_after=None
[2024-04-02T21:32:10.376+0800] {processor.py:183} INFO - Processing /Users/kalerbramastha/Library/Mobile Documents/com~apple~CloudDocs/bram/career_assessment/akasia_de/python-env/lib/python3.11/site-packages/airflow/example_dags/example_time_delta_sensor_async.py took 0.057 seconds
