[2024-04-02T21:13:33.814+0800] {processor.py:161} INFO - Started process (PID=19021) to work on /Users/kalerbramastha/Library/Mobile Documents/com~apple~CloudDocs/bram/career_assessment/akasia_de/python-env/lib/python3.11/site-packages/airflow/example_dags/example_task_group_decorator.py
[2024-04-02T21:13:33.815+0800] {processor.py:830} INFO - Processing file /Users/kalerbramastha/Library/Mobile Documents/com~apple~CloudDocs/bram/career_assessment/akasia_de/python-env/lib/python3.11/site-packages/airflow/example_dags/example_task_group_decorator.py for tasks to queue
[2024-04-02T21:13:33.815+0800] {logging_mixin.py:188} INFO - [2024-04-02T21:13:33.815+0800] {dagbag.py:540} INFO - Filling up the DagBag from /Users/kalerbramastha/Library/Mobile Documents/com~apple~CloudDocs/bram/career_assessment/akasia_de/python-env/lib/python3.11/site-packages/airflow/example_dags/example_task_group_decorator.py
[2024-04-02T21:13:33.837+0800] {processor.py:840} INFO - DAG(s) 'example_task_group_decorator' retrieved from /Users/kalerbramastha/Library/Mobile Documents/com~apple~CloudDocs/bram/career_assessment/akasia_de/python-env/lib/python3.11/site-packages/airflow/example_dags/example_task_group_decorator.py
[2024-04-02T21:13:33.908+0800] {logging_mixin.py:188} INFO - [2024-04-02T21:13:33.908+0800] {override.py:1769} INFO - Created Permission View: can delete on DAG:example_task_group_decorator
[2024-04-02T21:13:33.912+0800] {logging_mixin.py:188} INFO - [2024-04-02T21:13:33.911+0800] {override.py:1769} INFO - Created Permission View: can read on DAG:example_task_group_decorator
[2024-04-02T21:13:33.914+0800] {logging_mixin.py:188} INFO - [2024-04-02T21:13:33.914+0800] {override.py:1769} INFO - Created Permission View: can edit on DAG:example_task_group_decorator
[2024-04-02T21:13:33.914+0800] {logging_mixin.py:188} INFO - [2024-04-02T21:13:33.914+0800] {dag.py:3047} INFO - Sync 1 DAGs
[2024-04-02T21:13:33.918+0800] {logging_mixin.py:188} INFO - [2024-04-02T21:13:33.918+0800] {dag.py:3069} INFO - Creating ORM DAG for example_task_group_decorator
[2024-04-02T21:13:33.923+0800] {logging_mixin.py:188} INFO - [2024-04-02T21:13:33.922+0800] {dag.py:3834} INFO - Setting next_dagrun for example_task_group_decorator to 2024-04-01 00:00:00+00:00, run_after=2024-04-02 00:00:00+00:00
[2024-04-02T21:13:33.929+0800] {processor.py:183} INFO - Processing /Users/kalerbramastha/Library/Mobile Documents/com~apple~CloudDocs/bram/career_assessment/akasia_de/python-env/lib/python3.11/site-packages/airflow/example_dags/example_task_group_decorator.py took 0.116 seconds
[2024-04-02T21:15:13.276+0800] {processor.py:161} INFO - Started process (PID=19423) to work on /Users/kalerbramastha/Library/Mobile Documents/com~apple~CloudDocs/bram/career_assessment/akasia_de/python-env/lib/python3.11/site-packages/airflow/example_dags/example_task_group_decorator.py
[2024-04-02T21:15:13.277+0800] {processor.py:830} INFO - Processing file /Users/kalerbramastha/Library/Mobile Documents/com~apple~CloudDocs/bram/career_assessment/akasia_de/python-env/lib/python3.11/site-packages/airflow/example_dags/example_task_group_decorator.py for tasks to queue
[2024-04-02T21:15:13.277+0800] {logging_mixin.py:188} INFO - [2024-04-02T21:15:13.277+0800] {dagbag.py:540} INFO - Filling up the DagBag from /Users/kalerbramastha/Library/Mobile Documents/com~apple~CloudDocs/bram/career_assessment/akasia_de/python-env/lib/python3.11/site-packages/airflow/example_dags/example_task_group_decorator.py
[2024-04-02T21:15:13.295+0800] {processor.py:840} INFO - DAG(s) 'example_task_group_decorator' retrieved from /Users/kalerbramastha/Library/Mobile Documents/com~apple~CloudDocs/bram/career_assessment/akasia_de/python-env/lib/python3.11/site-packages/airflow/example_dags/example_task_group_decorator.py
[2024-04-02T21:15:13.330+0800] {logging_mixin.py:188} INFO - [2024-04-02T21:15:13.330+0800] {dag.py:3047} INFO - Sync 1 DAGs
[2024-04-02T21:15:13.336+0800] {logging_mixin.py:188} INFO - [2024-04-02T21:15:13.336+0800] {dag.py:3834} INFO - Setting next_dagrun for example_task_group_decorator to 2024-04-01 00:00:00+00:00, run_after=2024-04-02 00:00:00+00:00
[2024-04-02T21:15:13.344+0800] {processor.py:183} INFO - Processing /Users/kalerbramastha/Library/Mobile Documents/com~apple~CloudDocs/bram/career_assessment/akasia_de/python-env/lib/python3.11/site-packages/airflow/example_dags/example_task_group_decorator.py took 0.068 seconds
[2024-04-02T21:16:22.127+0800] {processor.py:161} INFO - Started process (PID=19885) to work on /Users/kalerbramastha/Library/Mobile Documents/com~apple~CloudDocs/bram/career_assessment/akasia_de/python-env/lib/python3.11/site-packages/airflow/example_dags/example_task_group_decorator.py
[2024-04-02T21:16:22.128+0800] {processor.py:830} INFO - Processing file /Users/kalerbramastha/Library/Mobile Documents/com~apple~CloudDocs/bram/career_assessment/akasia_de/python-env/lib/python3.11/site-packages/airflow/example_dags/example_task_group_decorator.py for tasks to queue
[2024-04-02T21:16:22.128+0800] {logging_mixin.py:188} INFO - [2024-04-02T21:16:22.128+0800] {dagbag.py:540} INFO - Filling up the DagBag from /Users/kalerbramastha/Library/Mobile Documents/com~apple~CloudDocs/bram/career_assessment/akasia_de/python-env/lib/python3.11/site-packages/airflow/example_dags/example_task_group_decorator.py
[2024-04-02T21:16:22.146+0800] {processor.py:840} INFO - DAG(s) 'example_task_group_decorator' retrieved from /Users/kalerbramastha/Library/Mobile Documents/com~apple~CloudDocs/bram/career_assessment/akasia_de/python-env/lib/python3.11/site-packages/airflow/example_dags/example_task_group_decorator.py
[2024-04-02T21:16:22.182+0800] {logging_mixin.py:188} INFO - [2024-04-02T21:16:22.182+0800] {dag.py:3047} INFO - Sync 1 DAGs
[2024-04-02T21:16:22.189+0800] {logging_mixin.py:188} INFO - [2024-04-02T21:16:22.189+0800] {dag.py:3834} INFO - Setting next_dagrun for example_task_group_decorator to 2024-04-01 00:00:00+00:00, run_after=2024-04-02 00:00:00+00:00
[2024-04-02T21:16:22.197+0800] {processor.py:183} INFO - Processing /Users/kalerbramastha/Library/Mobile Documents/com~apple~CloudDocs/bram/career_assessment/akasia_de/python-env/lib/python3.11/site-packages/airflow/example_dags/example_task_group_decorator.py took 0.070 seconds
[2024-04-02T21:18:51.851+0800] {processor.py:161} INFO - Started process (PID=20322) to work on /Users/kalerbramastha/Library/Mobile Documents/com~apple~CloudDocs/bram/career_assessment/akasia_de/python-env/lib/python3.11/site-packages/airflow/example_dags/example_task_group_decorator.py
[2024-04-02T21:18:51.851+0800] {processor.py:830} INFO - Processing file /Users/kalerbramastha/Library/Mobile Documents/com~apple~CloudDocs/bram/career_assessment/akasia_de/python-env/lib/python3.11/site-packages/airflow/example_dags/example_task_group_decorator.py for tasks to queue
[2024-04-02T21:18:51.852+0800] {logging_mixin.py:188} INFO - [2024-04-02T21:18:51.851+0800] {dagbag.py:540} INFO - Filling up the DagBag from /Users/kalerbramastha/Library/Mobile Documents/com~apple~CloudDocs/bram/career_assessment/akasia_de/python-env/lib/python3.11/site-packages/airflow/example_dags/example_task_group_decorator.py
[2024-04-02T21:18:51.869+0800] {processor.py:840} INFO - DAG(s) 'example_task_group_decorator' retrieved from /Users/kalerbramastha/Library/Mobile Documents/com~apple~CloudDocs/bram/career_assessment/akasia_de/python-env/lib/python3.11/site-packages/airflow/example_dags/example_task_group_decorator.py
[2024-04-02T21:18:51.938+0800] {logging_mixin.py:188} INFO - [2024-04-02T21:18:51.937+0800] {dag.py:3047} INFO - Sync 1 DAGs
[2024-04-02T21:18:51.945+0800] {logging_mixin.py:188} INFO - [2024-04-02T21:18:51.945+0800] {dag.py:3834} INFO - Setting next_dagrun for example_task_group_decorator to 2024-04-01 00:00:00+00:00, run_after=2024-04-02 00:00:00+00:00
[2024-04-02T21:18:51.955+0800] {processor.py:183} INFO - Processing /Users/kalerbramastha/Library/Mobile Documents/com~apple~CloudDocs/bram/career_assessment/akasia_de/python-env/lib/python3.11/site-packages/airflow/example_dags/example_task_group_decorator.py took 0.105 seconds
[2024-04-02T21:20:28.045+0800] {processor.py:161} INFO - Started process (PID=20460) to work on /Users/kalerbramastha/Library/Mobile Documents/com~apple~CloudDocs/bram/career_assessment/akasia_de/python-env/lib/python3.11/site-packages/airflow/example_dags/example_task_group_decorator.py
[2024-04-02T21:20:28.046+0800] {processor.py:830} INFO - Processing file /Users/kalerbramastha/Library/Mobile Documents/com~apple~CloudDocs/bram/career_assessment/akasia_de/python-env/lib/python3.11/site-packages/airflow/example_dags/example_task_group_decorator.py for tasks to queue
[2024-04-02T21:20:28.046+0800] {logging_mixin.py:188} INFO - [2024-04-02T21:20:28.046+0800] {dagbag.py:540} INFO - Filling up the DagBag from /Users/kalerbramastha/Library/Mobile Documents/com~apple~CloudDocs/bram/career_assessment/akasia_de/python-env/lib/python3.11/site-packages/airflow/example_dags/example_task_group_decorator.py
[2024-04-02T21:20:28.065+0800] {processor.py:840} INFO - DAG(s) 'example_task_group_decorator' retrieved from /Users/kalerbramastha/Library/Mobile Documents/com~apple~CloudDocs/bram/career_assessment/akasia_de/python-env/lib/python3.11/site-packages/airflow/example_dags/example_task_group_decorator.py
[2024-04-02T21:20:28.099+0800] {logging_mixin.py:188} INFO - [2024-04-02T21:20:28.099+0800] {dag.py:3047} INFO - Sync 1 DAGs
[2024-04-02T21:20:28.105+0800] {logging_mixin.py:188} INFO - [2024-04-02T21:20:28.105+0800] {dag.py:3834} INFO - Setting next_dagrun for example_task_group_decorator to 2024-04-01 00:00:00+00:00, run_after=2024-04-02 00:00:00+00:00
[2024-04-02T21:20:28.112+0800] {processor.py:183} INFO - Processing /Users/kalerbramastha/Library/Mobile Documents/com~apple~CloudDocs/bram/career_assessment/akasia_de/python-env/lib/python3.11/site-packages/airflow/example_dags/example_task_group_decorator.py took 0.067 seconds
[2024-04-02T21:21:30.704+0800] {processor.py:161} INFO - Started process (PID=20534) to work on /Users/kalerbramastha/Library/Mobile Documents/com~apple~CloudDocs/bram/career_assessment/akasia_de/python-env/lib/python3.11/site-packages/airflow/example_dags/example_task_group_decorator.py
[2024-04-02T21:21:30.704+0800] {processor.py:830} INFO - Processing file /Users/kalerbramastha/Library/Mobile Documents/com~apple~CloudDocs/bram/career_assessment/akasia_de/python-env/lib/python3.11/site-packages/airflow/example_dags/example_task_group_decorator.py for tasks to queue
[2024-04-02T21:21:30.704+0800] {logging_mixin.py:188} INFO - [2024-04-02T21:21:30.704+0800] {dagbag.py:540} INFO - Filling up the DagBag from /Users/kalerbramastha/Library/Mobile Documents/com~apple~CloudDocs/bram/career_assessment/akasia_de/python-env/lib/python3.11/site-packages/airflow/example_dags/example_task_group_decorator.py
[2024-04-02T21:21:30.720+0800] {processor.py:840} INFO - DAG(s) 'example_task_group_decorator' retrieved from /Users/kalerbramastha/Library/Mobile Documents/com~apple~CloudDocs/bram/career_assessment/akasia_de/python-env/lib/python3.11/site-packages/airflow/example_dags/example_task_group_decorator.py
[2024-04-02T21:21:30.753+0800] {logging_mixin.py:188} INFO - [2024-04-02T21:21:30.753+0800] {dag.py:3047} INFO - Sync 1 DAGs
[2024-04-02T21:21:30.759+0800] {logging_mixin.py:188} INFO - [2024-04-02T21:21:30.759+0800] {dag.py:3834} INFO - Setting next_dagrun for example_task_group_decorator to 2024-04-01 00:00:00+00:00, run_after=2024-04-02 00:00:00+00:00
[2024-04-02T21:21:30.765+0800] {processor.py:183} INFO - Processing /Users/kalerbramastha/Library/Mobile Documents/com~apple~CloudDocs/bram/career_assessment/akasia_de/python-env/lib/python3.11/site-packages/airflow/example_dags/example_task_group_decorator.py took 0.062 seconds
[2024-04-02T21:30:39.535+0800] {processor.py:161} INFO - Started process (PID=22194) to work on /Users/kalerbramastha/Library/Mobile Documents/com~apple~CloudDocs/bram/career_assessment/akasia_de/python-env/lib/python3.11/site-packages/airflow/example_dags/example_task_group_decorator.py
[2024-04-02T21:30:39.536+0800] {processor.py:830} INFO - Processing file /Users/kalerbramastha/Library/Mobile Documents/com~apple~CloudDocs/bram/career_assessment/akasia_de/python-env/lib/python3.11/site-packages/airflow/example_dags/example_task_group_decorator.py for tasks to queue
[2024-04-02T21:30:39.536+0800] {logging_mixin.py:188} INFO - [2024-04-02T21:30:39.536+0800] {dagbag.py:540} INFO - Filling up the DagBag from /Users/kalerbramastha/Library/Mobile Documents/com~apple~CloudDocs/bram/career_assessment/akasia_de/python-env/lib/python3.11/site-packages/airflow/example_dags/example_task_group_decorator.py
[2024-04-02T21:30:39.554+0800] {processor.py:840} INFO - DAG(s) 'example_task_group_decorator' retrieved from /Users/kalerbramastha/Library/Mobile Documents/com~apple~CloudDocs/bram/career_assessment/akasia_de/python-env/lib/python3.11/site-packages/airflow/example_dags/example_task_group_decorator.py
[2024-04-02T21:30:39.624+0800] {logging_mixin.py:188} INFO - [2024-04-02T21:30:39.624+0800] {dag.py:3047} INFO - Sync 1 DAGs
[2024-04-02T21:30:39.630+0800] {logging_mixin.py:188} INFO - [2024-04-02T21:30:39.630+0800] {dag.py:3834} INFO - Setting next_dagrun for example_task_group_decorator to 2024-04-01 00:00:00+00:00, run_after=2024-04-02 00:00:00+00:00
[2024-04-02T21:30:39.639+0800] {processor.py:183} INFO - Processing /Users/kalerbramastha/Library/Mobile Documents/com~apple~CloudDocs/bram/career_assessment/akasia_de/python-env/lib/python3.11/site-packages/airflow/example_dags/example_task_group_decorator.py took 0.104 seconds
[2024-04-02T21:32:11.419+0800] {processor.py:161} INFO - Started process (PID=22280) to work on /Users/kalerbramastha/Library/Mobile Documents/com~apple~CloudDocs/bram/career_assessment/akasia_de/python-env/lib/python3.11/site-packages/airflow/example_dags/example_task_group_decorator.py
[2024-04-02T21:32:11.420+0800] {processor.py:830} INFO - Processing file /Users/kalerbramastha/Library/Mobile Documents/com~apple~CloudDocs/bram/career_assessment/akasia_de/python-env/lib/python3.11/site-packages/airflow/example_dags/example_task_group_decorator.py for tasks to queue
[2024-04-02T21:32:11.420+0800] {logging_mixin.py:188} INFO - [2024-04-02T21:32:11.420+0800] {dagbag.py:540} INFO - Filling up the DagBag from /Users/kalerbramastha/Library/Mobile Documents/com~apple~CloudDocs/bram/career_assessment/akasia_de/python-env/lib/python3.11/site-packages/airflow/example_dags/example_task_group_decorator.py
[2024-04-02T21:32:11.440+0800] {processor.py:840} INFO - DAG(s) 'example_task_group_decorator' retrieved from /Users/kalerbramastha/Library/Mobile Documents/com~apple~CloudDocs/bram/career_assessment/akasia_de/python-env/lib/python3.11/site-packages/airflow/example_dags/example_task_group_decorator.py
[2024-04-02T21:32:11.477+0800] {logging_mixin.py:188} INFO - [2024-04-02T21:32:11.476+0800] {dag.py:3047} INFO - Sync 1 DAGs
[2024-04-02T21:32:11.483+0800] {logging_mixin.py:188} INFO - [2024-04-02T21:32:11.483+0800] {dag.py:3834} INFO - Setting next_dagrun for example_task_group_decorator to 2024-04-01 00:00:00+00:00, run_after=2024-04-02 00:00:00+00:00
[2024-04-02T21:32:11.491+0800] {processor.py:183} INFO - Processing /Users/kalerbramastha/Library/Mobile Documents/com~apple~CloudDocs/bram/career_assessment/akasia_de/python-env/lib/python3.11/site-packages/airflow/example_dags/example_task_group_decorator.py took 0.073 seconds
