[2024-04-02T21:14:22.243+0800] {processor.py:161} INFO - Started process (PID=19321) to work on /Users/kalerbramastha/Library/Mobile Documents/com~apple~CloudDocs/bram/career_assessment/akasia_de/python-env/lib/python3.11/site-packages/airflow/example_dags/example_dynamic_task_mapping.py
[2024-04-02T21:14:22.243+0800] {processor.py:830} INFO - Processing file /Users/kalerbramastha/Library/Mobile Documents/com~apple~CloudDocs/bram/career_assessment/akasia_de/python-env/lib/python3.11/site-packages/airflow/example_dags/example_dynamic_task_mapping.py for tasks to queue
[2024-04-02T21:14:22.244+0800] {logging_mixin.py:188} INFO - [2024-04-02T21:14:22.244+0800] {dagbag.py:540} INFO - Filling up the DagBag from /Users/kalerbramastha/Library/Mobile Documents/com~apple~CloudDocs/bram/career_assessment/akasia_de/python-env/lib/python3.11/site-packages/airflow/example_dags/example_dynamic_task_mapping.py
[2024-04-02T21:14:22.260+0800] {processor.py:840} INFO - DAG(s) 'example_dynamic_task_mapping' retrieved from /Users/kalerbramastha/Library/Mobile Documents/com~apple~CloudDocs/bram/career_assessment/akasia_de/python-env/lib/python3.11/site-packages/airflow/example_dags/example_dynamic_task_mapping.py
[2024-04-02T21:14:22.329+0800] {logging_mixin.py:188} INFO - [2024-04-02T21:14:22.329+0800] {override.py:1769} INFO - Created Permission View: can delete on DAG:example_dynamic_task_mapping
[2024-04-02T21:14:22.333+0800] {logging_mixin.py:188} INFO - [2024-04-02T21:14:22.333+0800] {override.py:1769} INFO - Created Permission View: can read on DAG:example_dynamic_task_mapping
[2024-04-02T21:14:22.335+0800] {logging_mixin.py:188} INFO - [2024-04-02T21:14:22.335+0800] {override.py:1769} INFO - Created Permission View: can edit on DAG:example_dynamic_task_mapping
[2024-04-02T21:14:22.335+0800] {logging_mixin.py:188} INFO - [2024-04-02T21:14:22.335+0800] {dag.py:3047} INFO - Sync 1 DAGs
[2024-04-02T21:14:22.339+0800] {logging_mixin.py:188} INFO - [2024-04-02T21:14:22.339+0800] {dag.py:3069} INFO - Creating ORM DAG for example_dynamic_task_mapping
[2024-04-02T21:14:22.342+0800] {logging_mixin.py:188} INFO - [2024-04-02T21:14:22.342+0800] {dag.py:3834} INFO - Setting next_dagrun for example_dynamic_task_mapping to 2022-03-04 00:00:00+00:00, run_after=2022-03-05 00:00:00+00:00
[2024-04-02T21:14:22.348+0800] {processor.py:183} INFO - Processing /Users/kalerbramastha/Library/Mobile Documents/com~apple~CloudDocs/bram/career_assessment/akasia_de/python-env/lib/python3.11/site-packages/airflow/example_dags/example_dynamic_task_mapping.py took 0.106 seconds
[2024-04-02T21:16:38.246+0800] {processor.py:161} INFO - Started process (PID=19967) to work on /Users/kalerbramastha/Library/Mobile Documents/com~apple~CloudDocs/bram/career_assessment/akasia_de/python-env/lib/python3.11/site-packages/airflow/example_dags/example_dynamic_task_mapping.py
[2024-04-02T21:16:38.246+0800] {processor.py:830} INFO - Processing file /Users/kalerbramastha/Library/Mobile Documents/com~apple~CloudDocs/bram/career_assessment/akasia_de/python-env/lib/python3.11/site-packages/airflow/example_dags/example_dynamic_task_mapping.py for tasks to queue
[2024-04-02T21:16:38.247+0800] {logging_mixin.py:188} INFO - [2024-04-02T21:16:38.247+0800] {dagbag.py:540} INFO - Filling up the DagBag from /Users/kalerbramastha/Library/Mobile Documents/com~apple~CloudDocs/bram/career_assessment/akasia_de/python-env/lib/python3.11/site-packages/airflow/example_dags/example_dynamic_task_mapping.py
[2024-04-02T21:16:38.263+0800] {processor.py:840} INFO - DAG(s) 'example_dynamic_task_mapping' retrieved from /Users/kalerbramastha/Library/Mobile Documents/com~apple~CloudDocs/bram/career_assessment/akasia_de/python-env/lib/python3.11/site-packages/airflow/example_dags/example_dynamic_task_mapping.py
[2024-04-02T21:16:38.297+0800] {logging_mixin.py:188} INFO - [2024-04-02T21:16:38.297+0800] {dag.py:3047} INFO - Sync 1 DAGs
[2024-04-02T21:16:38.303+0800] {logging_mixin.py:188} INFO - [2024-04-02T21:16:38.303+0800] {dag.py:3834} INFO - Setting next_dagrun for example_dynamic_task_mapping to 2022-03-04 00:00:00+00:00, run_after=2022-03-05 00:00:00+00:00
[2024-04-02T21:16:38.311+0800] {processor.py:183} INFO - Processing /Users/kalerbramastha/Library/Mobile Documents/com~apple~CloudDocs/bram/career_assessment/akasia_de/python-env/lib/python3.11/site-packages/airflow/example_dags/example_dynamic_task_mapping.py took 0.066 seconds
[2024-04-02T21:19:36.489+0800] {processor.py:161} INFO - Started process (PID=20385) to work on /Users/kalerbramastha/Library/Mobile Documents/com~apple~CloudDocs/bram/career_assessment/akasia_de/python-env/lib/python3.11/site-packages/airflow/example_dags/example_dynamic_task_mapping.py
[2024-04-02T21:19:36.490+0800] {processor.py:830} INFO - Processing file /Users/kalerbramastha/Library/Mobile Documents/com~apple~CloudDocs/bram/career_assessment/akasia_de/python-env/lib/python3.11/site-packages/airflow/example_dags/example_dynamic_task_mapping.py for tasks to queue
[2024-04-02T21:19:36.490+0800] {logging_mixin.py:188} INFO - [2024-04-02T21:19:36.490+0800] {dagbag.py:540} INFO - Filling up the DagBag from /Users/kalerbramastha/Library/Mobile Documents/com~apple~CloudDocs/bram/career_assessment/akasia_de/python-env/lib/python3.11/site-packages/airflow/example_dags/example_dynamic_task_mapping.py
[2024-04-02T21:19:36.503+0800] {processor.py:840} INFO - DAG(s) 'example_dynamic_task_mapping' retrieved from /Users/kalerbramastha/Library/Mobile Documents/com~apple~CloudDocs/bram/career_assessment/akasia_de/python-env/lib/python3.11/site-packages/airflow/example_dags/example_dynamic_task_mapping.py
[2024-04-02T21:19:36.564+0800] {logging_mixin.py:188} INFO - [2024-04-02T21:19:36.564+0800] {dag.py:3047} INFO - Sync 1 DAGs
[2024-04-02T21:19:36.570+0800] {logging_mixin.py:188} INFO - [2024-04-02T21:19:36.570+0800] {dag.py:3834} INFO - Setting next_dagrun for example_dynamic_task_mapping to 2022-03-04 00:00:00+00:00, run_after=2022-03-05 00:00:00+00:00
[2024-04-02T21:19:36.577+0800] {processor.py:183} INFO - Processing /Users/kalerbramastha/Library/Mobile Documents/com~apple~CloudDocs/bram/career_assessment/akasia_de/python-env/lib/python3.11/site-packages/airflow/example_dags/example_dynamic_task_mapping.py took 0.088 seconds
[2024-04-02T21:21:43.237+0800] {processor.py:161} INFO - Started process (PID=20552) to work on /Users/kalerbramastha/Library/Mobile Documents/com~apple~CloudDocs/bram/career_assessment/akasia_de/python-env/lib/python3.11/site-packages/airflow/example_dags/example_dynamic_task_mapping.py
[2024-04-02T21:21:43.246+0800] {processor.py:830} INFO - Processing file /Users/kalerbramastha/Library/Mobile Documents/com~apple~CloudDocs/bram/career_assessment/akasia_de/python-env/lib/python3.11/site-packages/airflow/example_dags/example_dynamic_task_mapping.py for tasks to queue
[2024-04-02T21:21:43.246+0800] {logging_mixin.py:188} INFO - [2024-04-02T21:21:43.246+0800] {dagbag.py:540} INFO - Filling up the DagBag from /Users/kalerbramastha/Library/Mobile Documents/com~apple~CloudDocs/bram/career_assessment/akasia_de/python-env/lib/python3.11/site-packages/airflow/example_dags/example_dynamic_task_mapping.py
[2024-04-02T21:21:43.289+0800] {processor.py:840} INFO - DAG(s) 'example_dynamic_task_mapping' retrieved from /Users/kalerbramastha/Library/Mobile Documents/com~apple~CloudDocs/bram/career_assessment/akasia_de/python-env/lib/python3.11/site-packages/airflow/example_dags/example_dynamic_task_mapping.py
[2024-04-02T21:21:43.368+0800] {logging_mixin.py:188} INFO - [2024-04-02T21:21:43.367+0800] {dag.py:3047} INFO - Sync 1 DAGs
[2024-04-02T21:21:43.382+0800] {logging_mixin.py:188} INFO - [2024-04-02T21:21:43.382+0800] {dag.py:3834} INFO - Setting next_dagrun for example_dynamic_task_mapping to 2022-03-04 00:00:00+00:00, run_after=2022-03-05 00:00:00+00:00
[2024-04-02T21:21:43.408+0800] {processor.py:183} INFO - Processing /Users/kalerbramastha/Library/Mobile Documents/com~apple~CloudDocs/bram/career_assessment/akasia_de/python-env/lib/python3.11/site-packages/airflow/example_dags/example_dynamic_task_mapping.py took 0.172 seconds
[2024-04-02T21:31:23.035+0800] {processor.py:161} INFO - Started process (PID=22243) to work on /Users/kalerbramastha/Library/Mobile Documents/com~apple~CloudDocs/bram/career_assessment/akasia_de/python-env/lib/python3.11/site-packages/airflow/example_dags/example_dynamic_task_mapping.py
[2024-04-02T21:31:23.035+0800] {processor.py:830} INFO - Processing file /Users/kalerbramastha/Library/Mobile Documents/com~apple~CloudDocs/bram/career_assessment/akasia_de/python-env/lib/python3.11/site-packages/airflow/example_dags/example_dynamic_task_mapping.py for tasks to queue
[2024-04-02T21:31:23.035+0800] {logging_mixin.py:188} INFO - [2024-04-02T21:31:23.035+0800] {dagbag.py:540} INFO - Filling up the DagBag from /Users/kalerbramastha/Library/Mobile Documents/com~apple~CloudDocs/bram/career_assessment/akasia_de/python-env/lib/python3.11/site-packages/airflow/example_dags/example_dynamic_task_mapping.py
[2024-04-02T21:31:23.051+0800] {processor.py:840} INFO - DAG(s) 'example_dynamic_task_mapping' retrieved from /Users/kalerbramastha/Library/Mobile Documents/com~apple~CloudDocs/bram/career_assessment/akasia_de/python-env/lib/python3.11/site-packages/airflow/example_dags/example_dynamic_task_mapping.py
[2024-04-02T21:31:23.117+0800] {logging_mixin.py:188} INFO - [2024-04-02T21:31:23.117+0800] {dag.py:3047} INFO - Sync 1 DAGs
[2024-04-02T21:31:23.123+0800] {logging_mixin.py:188} INFO - [2024-04-02T21:31:23.123+0800] {dag.py:3834} INFO - Setting next_dagrun for example_dynamic_task_mapping to 2022-03-04 00:00:00+00:00, run_after=2022-03-05 00:00:00+00:00
[2024-04-02T21:31:23.131+0800] {processor.py:183} INFO - Processing /Users/kalerbramastha/Library/Mobile Documents/com~apple~CloudDocs/bram/career_assessment/akasia_de/python-env/lib/python3.11/site-packages/airflow/example_dags/example_dynamic_task_mapping.py took 0.097 seconds
