[2024-04-02T21:14:18.087+0800] {processor.py:161} INFO - Started process (PID=19319) to work on /Users/kalerbramastha/Library/Mobile Documents/com~apple~CloudDocs/bram/career_assessment/akasia_de/python-env/lib/python3.11/site-packages/airflow/example_dags/example_external_task_marker_dag.py
[2024-04-02T21:14:18.087+0800] {processor.py:830} INFO - Processing file /Users/kalerbramastha/Library/Mobile Documents/com~apple~CloudDocs/bram/career_assessment/akasia_de/python-env/lib/python3.11/site-packages/airflow/example_dags/example_external_task_marker_dag.py for tasks to queue
[2024-04-02T21:14:18.088+0800] {logging_mixin.py:188} INFO - [2024-04-02T21:14:18.088+0800] {dagbag.py:540} INFO - Filling up the DagBag from /Users/kalerbramastha/Library/Mobile Documents/com~apple~CloudDocs/bram/career_assessment/akasia_de/python-env/lib/python3.11/site-packages/airflow/example_dags/example_external_task_marker_dag.py
[2024-04-02T21:14:18.093+0800] {processor.py:840} INFO - DAG(s) 'example_external_task_marker_parent', 'example_external_task_marker_child' retrieved from /Users/kalerbramastha/Library/Mobile Documents/com~apple~CloudDocs/bram/career_assessment/akasia_de/python-env/lib/python3.11/site-packages/airflow/example_dags/example_external_task_marker_dag.py
[2024-04-02T21:14:18.190+0800] {logging_mixin.py:188} INFO - [2024-04-02T21:14:18.190+0800] {override.py:1769} INFO - Created Permission View: can read on DAG:example_external_task_marker_parent
[2024-04-02T21:14:18.194+0800] {logging_mixin.py:188} INFO - [2024-04-02T21:14:18.194+0800] {override.py:1769} INFO - Created Permission View: can edit on DAG:example_external_task_marker_parent
[2024-04-02T21:14:18.196+0800] {logging_mixin.py:188} INFO - [2024-04-02T21:14:18.196+0800] {override.py:1769} INFO - Created Permission View: can delete on DAG:example_external_task_marker_parent
[2024-04-02T21:14:18.208+0800] {logging_mixin.py:188} INFO - [2024-04-02T21:14:18.207+0800] {override.py:1769} INFO - Created Permission View: can read on DAG:example_external_task_marker_child
[2024-04-02T21:14:18.210+0800] {logging_mixin.py:188} INFO - [2024-04-02T21:14:18.210+0800] {override.py:1769} INFO - Created Permission View: can edit on DAG:example_external_task_marker_child
[2024-04-02T21:14:18.212+0800] {logging_mixin.py:188} INFO - [2024-04-02T21:14:18.212+0800] {override.py:1769} INFO - Created Permission View: can delete on DAG:example_external_task_marker_child
[2024-04-02T21:14:18.213+0800] {logging_mixin.py:188} INFO - [2024-04-02T21:14:18.212+0800] {dag.py:3047} INFO - Sync 2 DAGs
[2024-04-02T21:14:18.217+0800] {logging_mixin.py:188} INFO - [2024-04-02T21:14:18.216+0800] {dag.py:3069} INFO - Creating ORM DAG for example_external_task_marker_parent
[2024-04-02T21:14:18.217+0800] {logging_mixin.py:188} INFO - [2024-04-02T21:14:18.217+0800] {dag.py:3069} INFO - Creating ORM DAG for example_external_task_marker_child
[2024-04-02T21:14:18.217+0800] {logging_mixin.py:188} INFO - [2024-04-02T21:14:18.217+0800] {dag.py:3834} INFO - Setting next_dagrun for example_external_task_marker_child to None, run_after=None
[2024-04-02T21:14:18.217+0800] {logging_mixin.py:188} INFO - [2024-04-02T21:14:18.217+0800] {dag.py:3834} INFO - Setting next_dagrun for example_external_task_marker_parent to None, run_after=None
[2024-04-02T21:14:18.224+0800] {processor.py:183} INFO - Processing /Users/kalerbramastha/Library/Mobile Documents/com~apple~CloudDocs/bram/career_assessment/akasia_de/python-env/lib/python3.11/site-packages/airflow/example_dags/example_external_task_marker_dag.py took 0.138 seconds
[2024-04-02T21:16:34.303+0800] {processor.py:161} INFO - Started process (PID=19955) to work on /Users/kalerbramastha/Library/Mobile Documents/com~apple~CloudDocs/bram/career_assessment/akasia_de/python-env/lib/python3.11/site-packages/airflow/example_dags/example_external_task_marker_dag.py
[2024-04-02T21:16:34.304+0800] {processor.py:830} INFO - Processing file /Users/kalerbramastha/Library/Mobile Documents/com~apple~CloudDocs/bram/career_assessment/akasia_de/python-env/lib/python3.11/site-packages/airflow/example_dags/example_external_task_marker_dag.py for tasks to queue
[2024-04-02T21:16:34.305+0800] {logging_mixin.py:188} INFO - [2024-04-02T21:16:34.305+0800] {dagbag.py:540} INFO - Filling up the DagBag from /Users/kalerbramastha/Library/Mobile Documents/com~apple~CloudDocs/bram/career_assessment/akasia_de/python-env/lib/python3.11/site-packages/airflow/example_dags/example_external_task_marker_dag.py
[2024-04-02T21:16:34.312+0800] {processor.py:840} INFO - DAG(s) 'example_external_task_marker_child', 'example_external_task_marker_parent' retrieved from /Users/kalerbramastha/Library/Mobile Documents/com~apple~CloudDocs/bram/career_assessment/akasia_de/python-env/lib/python3.11/site-packages/airflow/example_dags/example_external_task_marker_dag.py
[2024-04-02T21:16:34.351+0800] {logging_mixin.py:188} INFO - [2024-04-02T21:16:34.351+0800] {dag.py:3047} INFO - Sync 2 DAGs
[2024-04-02T21:16:34.356+0800] {logging_mixin.py:188} INFO - [2024-04-02T21:16:34.356+0800] {dag.py:3834} INFO - Setting next_dagrun for example_external_task_marker_child to None, run_after=None
[2024-04-02T21:16:34.357+0800] {logging_mixin.py:188} INFO - [2024-04-02T21:16:34.357+0800] {dag.py:3834} INFO - Setting next_dagrun for example_external_task_marker_parent to None, run_after=None
[2024-04-02T21:16:34.364+0800] {processor.py:183} INFO - Processing /Users/kalerbramastha/Library/Mobile Documents/com~apple~CloudDocs/bram/career_assessment/akasia_de/python-env/lib/python3.11/site-packages/airflow/example_dags/example_external_task_marker_dag.py took 0.063 seconds
[2024-04-02T21:19:32.462+0800] {processor.py:161} INFO - Started process (PID=20380) to work on /Users/kalerbramastha/Library/Mobile Documents/com~apple~CloudDocs/bram/career_assessment/akasia_de/python-env/lib/python3.11/site-packages/airflow/example_dags/example_external_task_marker_dag.py
[2024-04-02T21:19:32.463+0800] {processor.py:830} INFO - Processing file /Users/kalerbramastha/Library/Mobile Documents/com~apple~CloudDocs/bram/career_assessment/akasia_de/python-env/lib/python3.11/site-packages/airflow/example_dags/example_external_task_marker_dag.py for tasks to queue
[2024-04-02T21:19:32.463+0800] {logging_mixin.py:188} INFO - [2024-04-02T21:19:32.463+0800] {dagbag.py:540} INFO - Filling up the DagBag from /Users/kalerbramastha/Library/Mobile Documents/com~apple~CloudDocs/bram/career_assessment/akasia_de/python-env/lib/python3.11/site-packages/airflow/example_dags/example_external_task_marker_dag.py
[2024-04-02T21:19:32.468+0800] {processor.py:840} INFO - DAG(s) 'example_external_task_marker_child', 'example_external_task_marker_parent' retrieved from /Users/kalerbramastha/Library/Mobile Documents/com~apple~CloudDocs/bram/career_assessment/akasia_de/python-env/lib/python3.11/site-packages/airflow/example_dags/example_external_task_marker_dag.py
[2024-04-02T21:19:32.534+0800] {logging_mixin.py:188} INFO - [2024-04-02T21:19:32.534+0800] {dag.py:3047} INFO - Sync 2 DAGs
[2024-04-02T21:19:32.537+0800] {logging_mixin.py:188} INFO - [2024-04-02T21:19:32.537+0800] {dag.py:3834} INFO - Setting next_dagrun for example_external_task_marker_child to None, run_after=None
[2024-04-02T21:19:32.538+0800] {logging_mixin.py:188} INFO - [2024-04-02T21:19:32.538+0800] {dag.py:3834} INFO - Setting next_dagrun for example_external_task_marker_parent to None, run_after=None
[2024-04-02T21:19:32.545+0800] {processor.py:183} INFO - Processing /Users/kalerbramastha/Library/Mobile Documents/com~apple~CloudDocs/bram/career_assessment/akasia_de/python-env/lib/python3.11/site-packages/airflow/example_dags/example_external_task_marker_dag.py took 0.083 seconds
[2024-04-02T21:21:40.089+0800] {processor.py:161} INFO - Started process (PID=20542) to work on /Users/kalerbramastha/Library/Mobile Documents/com~apple~CloudDocs/bram/career_assessment/akasia_de/python-env/lib/python3.11/site-packages/airflow/example_dags/example_external_task_marker_dag.py
[2024-04-02T21:21:40.089+0800] {processor.py:830} INFO - Processing file /Users/kalerbramastha/Library/Mobile Documents/com~apple~CloudDocs/bram/career_assessment/akasia_de/python-env/lib/python3.11/site-packages/airflow/example_dags/example_external_task_marker_dag.py for tasks to queue
[2024-04-02T21:21:40.090+0800] {logging_mixin.py:188} INFO - [2024-04-02T21:21:40.090+0800] {dagbag.py:540} INFO - Filling up the DagBag from /Users/kalerbramastha/Library/Mobile Documents/com~apple~CloudDocs/bram/career_assessment/akasia_de/python-env/lib/python3.11/site-packages/airflow/example_dags/example_external_task_marker_dag.py
[2024-04-02T21:21:40.095+0800] {processor.py:840} INFO - DAG(s) 'example_external_task_marker_child', 'example_external_task_marker_parent' retrieved from /Users/kalerbramastha/Library/Mobile Documents/com~apple~CloudDocs/bram/career_assessment/akasia_de/python-env/lib/python3.11/site-packages/airflow/example_dags/example_external_task_marker_dag.py
[2024-04-02T21:21:40.129+0800] {logging_mixin.py:188} INFO - [2024-04-02T21:21:40.129+0800] {dag.py:3047} INFO - Sync 2 DAGs
[2024-04-02T21:21:40.133+0800] {logging_mixin.py:188} INFO - [2024-04-02T21:21:40.133+0800] {dag.py:3834} INFO - Setting next_dagrun for example_external_task_marker_child to None, run_after=None
[2024-04-02T21:21:40.134+0800] {logging_mixin.py:188} INFO - [2024-04-02T21:21:40.134+0800] {dag.py:3834} INFO - Setting next_dagrun for example_external_task_marker_parent to None, run_after=None
[2024-04-02T21:21:40.140+0800] {processor.py:183} INFO - Processing /Users/kalerbramastha/Library/Mobile Documents/com~apple~CloudDocs/bram/career_assessment/akasia_de/python-env/lib/python3.11/site-packages/airflow/example_dags/example_external_task_marker_dag.py took 0.052 seconds
[2024-04-02T21:31:19.605+0800] {processor.py:161} INFO - Started process (PID=22236) to work on /Users/kalerbramastha/Library/Mobile Documents/com~apple~CloudDocs/bram/career_assessment/akasia_de/python-env/lib/python3.11/site-packages/airflow/example_dags/example_external_task_marker_dag.py
[2024-04-02T21:31:19.606+0800] {processor.py:830} INFO - Processing file /Users/kalerbramastha/Library/Mobile Documents/com~apple~CloudDocs/bram/career_assessment/akasia_de/python-env/lib/python3.11/site-packages/airflow/example_dags/example_external_task_marker_dag.py for tasks to queue
[2024-04-02T21:31:19.606+0800] {logging_mixin.py:188} INFO - [2024-04-02T21:31:19.606+0800] {dagbag.py:540} INFO - Filling up the DagBag from /Users/kalerbramastha/Library/Mobile Documents/com~apple~CloudDocs/bram/career_assessment/akasia_de/python-env/lib/python3.11/site-packages/airflow/example_dags/example_external_task_marker_dag.py
[2024-04-02T21:31:19.611+0800] {processor.py:840} INFO - DAG(s) 'example_external_task_marker_parent', 'example_external_task_marker_child' retrieved from /Users/kalerbramastha/Library/Mobile Documents/com~apple~CloudDocs/bram/career_assessment/akasia_de/python-env/lib/python3.11/site-packages/airflow/example_dags/example_external_task_marker_dag.py
[2024-04-02T21:31:19.688+0800] {logging_mixin.py:188} INFO - [2024-04-02T21:31:19.688+0800] {dag.py:3047} INFO - Sync 2 DAGs
[2024-04-02T21:31:19.691+0800] {logging_mixin.py:188} INFO - [2024-04-02T21:31:19.691+0800] {dag.py:3834} INFO - Setting next_dagrun for example_external_task_marker_child to None, run_after=None
[2024-04-02T21:31:19.693+0800] {logging_mixin.py:188} INFO - [2024-04-02T21:31:19.692+0800] {dag.py:3834} INFO - Setting next_dagrun for example_external_task_marker_parent to None, run_after=None
[2024-04-02T21:31:19.700+0800] {processor.py:183} INFO - Processing /Users/kalerbramastha/Library/Mobile Documents/com~apple~CloudDocs/bram/career_assessment/akasia_de/python-env/lib/python3.11/site-packages/airflow/example_dags/example_external_task_marker_dag.py took 0.096 seconds
