[2024-04-02T21:14:28.283+0800] {processor.py:161} INFO - Started process (PID=19326) to work on /Users/kalerbramastha/Library/Mobile Documents/com~apple~CloudDocs/bram/career_assessment/akasia_de/python-env/lib/python3.11/site-packages/airflow/example_dags/example_complex.py
[2024-04-02T21:14:28.283+0800] {processor.py:830} INFO - Processing file /Users/kalerbramastha/Library/Mobile Documents/com~apple~CloudDocs/bram/career_assessment/akasia_de/python-env/lib/python3.11/site-packages/airflow/example_dags/example_complex.py for tasks to queue
[2024-04-02T21:14:28.284+0800] {logging_mixin.py:188} INFO - [2024-04-02T21:14:28.284+0800] {dagbag.py:540} INFO - Filling up the DagBag from /Users/kalerbramastha/Library/Mobile Documents/com~apple~CloudDocs/bram/career_assessment/akasia_de/python-env/lib/python3.11/site-packages/airflow/example_dags/example_complex.py
[2024-04-02T21:14:28.289+0800] {processor.py:840} INFO - DAG(s) 'example_complex' retrieved from /Users/kalerbramastha/Library/Mobile Documents/com~apple~CloudDocs/bram/career_assessment/akasia_de/python-env/lib/python3.11/site-packages/airflow/example_dags/example_complex.py
[2024-04-02T21:14:28.359+0800] {logging_mixin.py:188} INFO - [2024-04-02T21:14:28.359+0800] {override.py:1769} INFO - Created Permission View: can edit on DAG:example_complex
[2024-04-02T21:14:28.363+0800] {logging_mixin.py:188} INFO - [2024-04-02T21:14:28.362+0800] {override.py:1769} INFO - Created Permission View: can delete on DAG:example_complex
[2024-04-02T21:14:28.365+0800] {logging_mixin.py:188} INFO - [2024-04-02T21:14:28.365+0800] {override.py:1769} INFO - Created Permission View: can read on DAG:example_complex
[2024-04-02T21:14:28.365+0800] {logging_mixin.py:188} INFO - [2024-04-02T21:14:28.365+0800] {dag.py:3047} INFO - Sync 1 DAGs
[2024-04-02T21:14:28.368+0800] {logging_mixin.py:188} INFO - [2024-04-02T21:14:28.368+0800] {dag.py:3069} INFO - Creating ORM DAG for example_complex
[2024-04-02T21:14:28.368+0800] {logging_mixin.py:188} INFO - [2024-04-02T21:14:28.368+0800] {dag.py:3834} INFO - Setting next_dagrun for example_complex to None, run_after=None
[2024-04-02T21:14:28.375+0800] {processor.py:183} INFO - Processing /Users/kalerbramastha/Library/Mobile Documents/com~apple~CloudDocs/bram/career_assessment/akasia_de/python-env/lib/python3.11/site-packages/airflow/example_dags/example_complex.py took 0.093 seconds
[2024-04-02T21:16:43.891+0800] {processor.py:161} INFO - Started process (PID=19970) to work on /Users/kalerbramastha/Library/Mobile Documents/com~apple~CloudDocs/bram/career_assessment/akasia_de/python-env/lib/python3.11/site-packages/airflow/example_dags/example_complex.py
[2024-04-02T21:16:43.892+0800] {processor.py:830} INFO - Processing file /Users/kalerbramastha/Library/Mobile Documents/com~apple~CloudDocs/bram/career_assessment/akasia_de/python-env/lib/python3.11/site-packages/airflow/example_dags/example_complex.py for tasks to queue
[2024-04-02T21:16:43.892+0800] {logging_mixin.py:188} INFO - [2024-04-02T21:16:43.892+0800] {dagbag.py:540} INFO - Filling up the DagBag from /Users/kalerbramastha/Library/Mobile Documents/com~apple~CloudDocs/bram/career_assessment/akasia_de/python-env/lib/python3.11/site-packages/airflow/example_dags/example_complex.py
[2024-04-02T21:16:43.898+0800] {processor.py:840} INFO - DAG(s) 'example_complex' retrieved from /Users/kalerbramastha/Library/Mobile Documents/com~apple~CloudDocs/bram/career_assessment/akasia_de/python-env/lib/python3.11/site-packages/airflow/example_dags/example_complex.py
[2024-04-02T21:16:43.935+0800] {logging_mixin.py:188} INFO - [2024-04-02T21:16:43.935+0800] {dag.py:3047} INFO - Sync 1 DAGs
[2024-04-02T21:16:43.939+0800] {logging_mixin.py:188} INFO - [2024-04-02T21:16:43.939+0800] {dag.py:3834} INFO - Setting next_dagrun for example_complex to None, run_after=None
[2024-04-02T21:16:43.947+0800] {processor.py:183} INFO - Processing /Users/kalerbramastha/Library/Mobile Documents/com~apple~CloudDocs/bram/career_assessment/akasia_de/python-env/lib/python3.11/site-packages/airflow/example_dags/example_complex.py took 0.057 seconds
[2024-04-02T21:19:42.594+0800] {processor.py:161} INFO - Started process (PID=20392) to work on /Users/kalerbramastha/Library/Mobile Documents/com~apple~CloudDocs/bram/career_assessment/akasia_de/python-env/lib/python3.11/site-packages/airflow/example_dags/example_complex.py
[2024-04-02T21:19:42.595+0800] {processor.py:830} INFO - Processing file /Users/kalerbramastha/Library/Mobile Documents/com~apple~CloudDocs/bram/career_assessment/akasia_de/python-env/lib/python3.11/site-packages/airflow/example_dags/example_complex.py for tasks to queue
[2024-04-02T21:19:42.595+0800] {logging_mixin.py:188} INFO - [2024-04-02T21:19:42.595+0800] {dagbag.py:540} INFO - Filling up the DagBag from /Users/kalerbramastha/Library/Mobile Documents/com~apple~CloudDocs/bram/career_assessment/akasia_de/python-env/lib/python3.11/site-packages/airflow/example_dags/example_complex.py
[2024-04-02T21:19:42.600+0800] {processor.py:840} INFO - DAG(s) 'example_complex' retrieved from /Users/kalerbramastha/Library/Mobile Documents/com~apple~CloudDocs/bram/career_assessment/akasia_de/python-env/lib/python3.11/site-packages/airflow/example_dags/example_complex.py
[2024-04-02T21:19:42.664+0800] {logging_mixin.py:188} INFO - [2024-04-02T21:19:42.664+0800] {dag.py:3047} INFO - Sync 1 DAGs
[2024-04-02T21:19:42.667+0800] {logging_mixin.py:188} INFO - [2024-04-02T21:19:42.667+0800] {dag.py:3834} INFO - Setting next_dagrun for example_complex to None, run_after=None
[2024-04-02T21:19:42.674+0800] {processor.py:183} INFO - Processing /Users/kalerbramastha/Library/Mobile Documents/com~apple~CloudDocs/bram/career_assessment/akasia_de/python-env/lib/python3.11/site-packages/airflow/example_dags/example_complex.py took 0.081 seconds
[2024-04-02T21:31:29.463+0800] {processor.py:161} INFO - Started process (PID=22249) to work on /Users/kalerbramastha/Library/Mobile Documents/com~apple~CloudDocs/bram/career_assessment/akasia_de/python-env/lib/python3.11/site-packages/airflow/example_dags/example_complex.py
[2024-04-02T21:31:29.463+0800] {processor.py:830} INFO - Processing file /Users/kalerbramastha/Library/Mobile Documents/com~apple~CloudDocs/bram/career_assessment/akasia_de/python-env/lib/python3.11/site-packages/airflow/example_dags/example_complex.py for tasks to queue
[2024-04-02T21:31:29.464+0800] {logging_mixin.py:188} INFO - [2024-04-02T21:31:29.464+0800] {dagbag.py:540} INFO - Filling up the DagBag from /Users/kalerbramastha/Library/Mobile Documents/com~apple~CloudDocs/bram/career_assessment/akasia_de/python-env/lib/python3.11/site-packages/airflow/example_dags/example_complex.py
[2024-04-02T21:31:29.469+0800] {processor.py:840} INFO - DAG(s) 'example_complex' retrieved from /Users/kalerbramastha/Library/Mobile Documents/com~apple~CloudDocs/bram/career_assessment/akasia_de/python-env/lib/python3.11/site-packages/airflow/example_dags/example_complex.py
[2024-04-02T21:31:29.541+0800] {logging_mixin.py:188} INFO - [2024-04-02T21:31:29.541+0800] {dag.py:3047} INFO - Sync 1 DAGs
[2024-04-02T21:31:29.544+0800] {logging_mixin.py:188} INFO - [2024-04-02T21:31:29.544+0800] {dag.py:3834} INFO - Setting next_dagrun for example_complex to None, run_after=None
[2024-04-02T21:31:29.552+0800] {processor.py:183} INFO - Processing /Users/kalerbramastha/Library/Mobile Documents/com~apple~CloudDocs/bram/career_assessment/akasia_de/python-env/lib/python3.11/site-packages/airflow/example_dags/example_complex.py took 0.090 seconds
