[2024-04-02T21:13:36.002+0800] {processor.py:161} INFO - Started process (PID=19045) to work on /Users/kalerbramastha/Library/Mobile Documents/com~apple~CloudDocs/bram/career_assessment/akasia_de/python-env/lib/python3.11/site-packages/airflow/example_dags/example_task_group.py
[2024-04-02T21:13:36.002+0800] {processor.py:830} INFO - Processing file /Users/kalerbramastha/Library/Mobile Documents/com~apple~CloudDocs/bram/career_assessment/akasia_de/python-env/lib/python3.11/site-packages/airflow/example_dags/example_task_group.py for tasks to queue
[2024-04-02T21:13:36.002+0800] {logging_mixin.py:188} INFO - [2024-04-02T21:13:36.002+0800] {dagbag.py:540} INFO - Filling up the DagBag from /Users/kalerbramastha/Library/Mobile Documents/com~apple~CloudDocs/bram/career_assessment/akasia_de/python-env/lib/python3.11/site-packages/airflow/example_dags/example_task_group.py
[2024-04-02T21:13:36.006+0800] {processor.py:840} INFO - DAG(s) 'example_task_group' retrieved from /Users/kalerbramastha/Library/Mobile Documents/com~apple~CloudDocs/bram/career_assessment/akasia_de/python-env/lib/python3.11/site-packages/airflow/example_dags/example_task_group.py
[2024-04-02T21:13:36.080+0800] {logging_mixin.py:188} INFO - [2024-04-02T21:13:36.080+0800] {override.py:1769} INFO - Created Permission View: can read on DAG:example_task_group
[2024-04-02T21:13:36.084+0800] {logging_mixin.py:188} INFO - [2024-04-02T21:13:36.084+0800] {override.py:1769} INFO - Created Permission View: can delete on DAG:example_task_group
[2024-04-02T21:13:36.086+0800] {logging_mixin.py:188} INFO - [2024-04-02T21:13:36.086+0800] {override.py:1769} INFO - Created Permission View: can edit on DAG:example_task_group
[2024-04-02T21:13:36.087+0800] {logging_mixin.py:188} INFO - [2024-04-02T21:13:36.087+0800] {dag.py:3047} INFO - Sync 1 DAGs
[2024-04-02T21:13:36.091+0800] {logging_mixin.py:188} INFO - [2024-04-02T21:13:36.091+0800] {dag.py:3069} INFO - Creating ORM DAG for example_task_group
[2024-04-02T21:13:36.094+0800] {logging_mixin.py:188} INFO - [2024-04-02T21:13:36.094+0800] {dag.py:3834} INFO - Setting next_dagrun for example_task_group to 2024-04-01 00:00:00+00:00, run_after=2024-04-02 00:00:00+00:00
[2024-04-02T21:13:36.101+0800] {processor.py:183} INFO - Processing /Users/kalerbramastha/Library/Mobile Documents/com~apple~CloudDocs/bram/career_assessment/akasia_de/python-env/lib/python3.11/site-packages/airflow/example_dags/example_task_group.py took 0.100 seconds
[2024-04-02T21:15:15.626+0800] {processor.py:161} INFO - Started process (PID=19446) to work on /Users/kalerbramastha/Library/Mobile Documents/com~apple~CloudDocs/bram/career_assessment/akasia_de/python-env/lib/python3.11/site-packages/airflow/example_dags/example_task_group.py
[2024-04-02T21:15:15.627+0800] {processor.py:830} INFO - Processing file /Users/kalerbramastha/Library/Mobile Documents/com~apple~CloudDocs/bram/career_assessment/akasia_de/python-env/lib/python3.11/site-packages/airflow/example_dags/example_task_group.py for tasks to queue
[2024-04-02T21:15:15.627+0800] {logging_mixin.py:188} INFO - [2024-04-02T21:15:15.627+0800] {dagbag.py:540} INFO - Filling up the DagBag from /Users/kalerbramastha/Library/Mobile Documents/com~apple~CloudDocs/bram/career_assessment/akasia_de/python-env/lib/python3.11/site-packages/airflow/example_dags/example_task_group.py
[2024-04-02T21:15:15.631+0800] {processor.py:840} INFO - DAG(s) 'example_task_group' retrieved from /Users/kalerbramastha/Library/Mobile Documents/com~apple~CloudDocs/bram/career_assessment/akasia_de/python-env/lib/python3.11/site-packages/airflow/example_dags/example_task_group.py
[2024-04-02T21:15:15.670+0800] {logging_mixin.py:188} INFO - [2024-04-02T21:15:15.670+0800] {dag.py:3047} INFO - Sync 1 DAGs
[2024-04-02T21:15:15.678+0800] {logging_mixin.py:188} INFO - [2024-04-02T21:15:15.678+0800] {dag.py:3834} INFO - Setting next_dagrun for example_task_group to 2024-04-01 00:00:00+00:00, run_after=2024-04-02 00:00:00+00:00
[2024-04-02T21:15:15.687+0800] {processor.py:183} INFO - Processing /Users/kalerbramastha/Library/Mobile Documents/com~apple~CloudDocs/bram/career_assessment/akasia_de/python-env/lib/python3.11/site-packages/airflow/example_dags/example_task_group.py took 0.062 seconds
[2024-04-02T21:16:24.456+0800] {processor.py:161} INFO - Started process (PID=19900) to work on /Users/kalerbramastha/Library/Mobile Documents/com~apple~CloudDocs/bram/career_assessment/akasia_de/python-env/lib/python3.11/site-packages/airflow/example_dags/example_task_group.py
[2024-04-02T21:16:24.457+0800] {processor.py:830} INFO - Processing file /Users/kalerbramastha/Library/Mobile Documents/com~apple~CloudDocs/bram/career_assessment/akasia_de/python-env/lib/python3.11/site-packages/airflow/example_dags/example_task_group.py for tasks to queue
[2024-04-02T21:16:24.458+0800] {logging_mixin.py:188} INFO - [2024-04-02T21:16:24.458+0800] {dagbag.py:540} INFO - Filling up the DagBag from /Users/kalerbramastha/Library/Mobile Documents/com~apple~CloudDocs/bram/career_assessment/akasia_de/python-env/lib/python3.11/site-packages/airflow/example_dags/example_task_group.py
[2024-04-02T21:16:24.462+0800] {processor.py:840} INFO - DAG(s) 'example_task_group' retrieved from /Users/kalerbramastha/Library/Mobile Documents/com~apple~CloudDocs/bram/career_assessment/akasia_de/python-env/lib/python3.11/site-packages/airflow/example_dags/example_task_group.py
[2024-04-02T21:16:24.634+0800] {logging_mixin.py:188} INFO - [2024-04-02T21:16:24.634+0800] {dag.py:3047} INFO - Sync 1 DAGs
[2024-04-02T21:16:24.647+0800] {logging_mixin.py:188} INFO - [2024-04-02T21:16:24.647+0800] {dag.py:3834} INFO - Setting next_dagrun for example_task_group to 2024-04-01 00:00:00+00:00, run_after=2024-04-02 00:00:00+00:00
[2024-04-02T21:16:24.723+0800] {processor.py:183} INFO - Processing /Users/kalerbramastha/Library/Mobile Documents/com~apple~CloudDocs/bram/career_assessment/akasia_de/python-env/lib/python3.11/site-packages/airflow/example_dags/example_task_group.py took 0.267 seconds
[2024-04-02T21:18:53.712+0800] {processor.py:161} INFO - Started process (PID=20323) to work on /Users/kalerbramastha/Library/Mobile Documents/com~apple~CloudDocs/bram/career_assessment/akasia_de/python-env/lib/python3.11/site-packages/airflow/example_dags/example_task_group.py
[2024-04-02T21:18:53.712+0800] {processor.py:830} INFO - Processing file /Users/kalerbramastha/Library/Mobile Documents/com~apple~CloudDocs/bram/career_assessment/akasia_de/python-env/lib/python3.11/site-packages/airflow/example_dags/example_task_group.py for tasks to queue
[2024-04-02T21:18:53.712+0800] {logging_mixin.py:188} INFO - [2024-04-02T21:18:53.712+0800] {dagbag.py:540} INFO - Filling up the DagBag from /Users/kalerbramastha/Library/Mobile Documents/com~apple~CloudDocs/bram/career_assessment/akasia_de/python-env/lib/python3.11/site-packages/airflow/example_dags/example_task_group.py
[2024-04-02T21:18:53.716+0800] {processor.py:840} INFO - DAG(s) 'example_task_group' retrieved from /Users/kalerbramastha/Library/Mobile Documents/com~apple~CloudDocs/bram/career_assessment/akasia_de/python-env/lib/python3.11/site-packages/airflow/example_dags/example_task_group.py
[2024-04-02T21:18:53.778+0800] {logging_mixin.py:188} INFO - [2024-04-02T21:18:53.778+0800] {dag.py:3047} INFO - Sync 1 DAGs
[2024-04-02T21:18:53.784+0800] {logging_mixin.py:188} INFO - [2024-04-02T21:18:53.784+0800] {dag.py:3834} INFO - Setting next_dagrun for example_task_group to 2024-04-01 00:00:00+00:00, run_after=2024-04-02 00:00:00+00:00
[2024-04-02T21:18:53.791+0800] {processor.py:183} INFO - Processing /Users/kalerbramastha/Library/Mobile Documents/com~apple~CloudDocs/bram/career_assessment/akasia_de/python-env/lib/python3.11/site-packages/airflow/example_dags/example_task_group.py took 0.080 seconds
[2024-04-02T21:20:30.218+0800] {processor.py:161} INFO - Started process (PID=20461) to work on /Users/kalerbramastha/Library/Mobile Documents/com~apple~CloudDocs/bram/career_assessment/akasia_de/python-env/lib/python3.11/site-packages/airflow/example_dags/example_task_group.py
[2024-04-02T21:20:30.219+0800] {processor.py:830} INFO - Processing file /Users/kalerbramastha/Library/Mobile Documents/com~apple~CloudDocs/bram/career_assessment/akasia_de/python-env/lib/python3.11/site-packages/airflow/example_dags/example_task_group.py for tasks to queue
[2024-04-02T21:20:30.219+0800] {logging_mixin.py:188} INFO - [2024-04-02T21:20:30.219+0800] {dagbag.py:540} INFO - Filling up the DagBag from /Users/kalerbramastha/Library/Mobile Documents/com~apple~CloudDocs/bram/career_assessment/akasia_de/python-env/lib/python3.11/site-packages/airflow/example_dags/example_task_group.py
[2024-04-02T21:20:30.223+0800] {processor.py:840} INFO - DAG(s) 'example_task_group' retrieved from /Users/kalerbramastha/Library/Mobile Documents/com~apple~CloudDocs/bram/career_assessment/akasia_de/python-env/lib/python3.11/site-packages/airflow/example_dags/example_task_group.py
[2024-04-02T21:20:30.255+0800] {logging_mixin.py:188} INFO - [2024-04-02T21:20:30.255+0800] {dag.py:3047} INFO - Sync 1 DAGs
[2024-04-02T21:20:30.261+0800] {logging_mixin.py:188} INFO - [2024-04-02T21:20:30.261+0800] {dag.py:3834} INFO - Setting next_dagrun for example_task_group to 2024-04-01 00:00:00+00:00, run_after=2024-04-02 00:00:00+00:00
[2024-04-02T21:20:30.268+0800] {processor.py:183} INFO - Processing /Users/kalerbramastha/Library/Mobile Documents/com~apple~CloudDocs/bram/career_assessment/akasia_de/python-env/lib/python3.11/site-packages/airflow/example_dags/example_task_group.py took 0.050 seconds
[2024-04-02T21:21:32.229+0800] {processor.py:161} INFO - Started process (PID=20535) to work on /Users/kalerbramastha/Library/Mobile Documents/com~apple~CloudDocs/bram/career_assessment/akasia_de/python-env/lib/python3.11/site-packages/airflow/example_dags/example_task_group.py
[2024-04-02T21:21:32.230+0800] {processor.py:830} INFO - Processing file /Users/kalerbramastha/Library/Mobile Documents/com~apple~CloudDocs/bram/career_assessment/akasia_de/python-env/lib/python3.11/site-packages/airflow/example_dags/example_task_group.py for tasks to queue
[2024-04-02T21:21:32.230+0800] {logging_mixin.py:188} INFO - [2024-04-02T21:21:32.230+0800] {dagbag.py:540} INFO - Filling up the DagBag from /Users/kalerbramastha/Library/Mobile Documents/com~apple~CloudDocs/bram/career_assessment/akasia_de/python-env/lib/python3.11/site-packages/airflow/example_dags/example_task_group.py
[2024-04-02T21:21:32.233+0800] {processor.py:840} INFO - DAG(s) 'example_task_group' retrieved from /Users/kalerbramastha/Library/Mobile Documents/com~apple~CloudDocs/bram/career_assessment/akasia_de/python-env/lib/python3.11/site-packages/airflow/example_dags/example_task_group.py
[2024-04-02T21:21:32.266+0800] {logging_mixin.py:188} INFO - [2024-04-02T21:21:32.266+0800] {dag.py:3047} INFO - Sync 1 DAGs
[2024-04-02T21:21:32.273+0800] {logging_mixin.py:188} INFO - [2024-04-02T21:21:32.272+0800] {dag.py:3834} INFO - Setting next_dagrun for example_task_group to 2024-04-01 00:00:00+00:00, run_after=2024-04-02 00:00:00+00:00
[2024-04-02T21:21:32.279+0800] {processor.py:183} INFO - Processing /Users/kalerbramastha/Library/Mobile Documents/com~apple~CloudDocs/bram/career_assessment/akasia_de/python-env/lib/python3.11/site-packages/airflow/example_dags/example_task_group.py took 0.051 seconds
[2024-04-02T21:30:41.445+0800] {processor.py:161} INFO - Started process (PID=22195) to work on /Users/kalerbramastha/Library/Mobile Documents/com~apple~CloudDocs/bram/career_assessment/akasia_de/python-env/lib/python3.11/site-packages/airflow/example_dags/example_task_group.py
[2024-04-02T21:30:41.446+0800] {processor.py:830} INFO - Processing file /Users/kalerbramastha/Library/Mobile Documents/com~apple~CloudDocs/bram/career_assessment/akasia_de/python-env/lib/python3.11/site-packages/airflow/example_dags/example_task_group.py for tasks to queue
[2024-04-02T21:30:41.446+0800] {logging_mixin.py:188} INFO - [2024-04-02T21:30:41.446+0800] {dagbag.py:540} INFO - Filling up the DagBag from /Users/kalerbramastha/Library/Mobile Documents/com~apple~CloudDocs/bram/career_assessment/akasia_de/python-env/lib/python3.11/site-packages/airflow/example_dags/example_task_group.py
[2024-04-02T21:30:41.450+0800] {processor.py:840} INFO - DAG(s) 'example_task_group' retrieved from /Users/kalerbramastha/Library/Mobile Documents/com~apple~CloudDocs/bram/career_assessment/akasia_de/python-env/lib/python3.11/site-packages/airflow/example_dags/example_task_group.py
[2024-04-02T21:30:41.520+0800] {logging_mixin.py:188} INFO - [2024-04-02T21:30:41.520+0800] {dag.py:3047} INFO - Sync 1 DAGs
[2024-04-02T21:30:41.527+0800] {logging_mixin.py:188} INFO - [2024-04-02T21:30:41.527+0800] {dag.py:3834} INFO - Setting next_dagrun for example_task_group to 2024-04-01 00:00:00+00:00, run_after=2024-04-02 00:00:00+00:00
[2024-04-02T21:30:41.535+0800] {processor.py:183} INFO - Processing /Users/kalerbramastha/Library/Mobile Documents/com~apple~CloudDocs/bram/career_assessment/akasia_de/python-env/lib/python3.11/site-packages/airflow/example_dags/example_task_group.py took 0.090 seconds
[2024-04-02T21:32:13.486+0800] {processor.py:161} INFO - Started process (PID=22283) to work on /Users/kalerbramastha/Library/Mobile Documents/com~apple~CloudDocs/bram/career_assessment/akasia_de/python-env/lib/python3.11/site-packages/airflow/example_dags/example_task_group.py
[2024-04-02T21:32:13.487+0800] {processor.py:830} INFO - Processing file /Users/kalerbramastha/Library/Mobile Documents/com~apple~CloudDocs/bram/career_assessment/akasia_de/python-env/lib/python3.11/site-packages/airflow/example_dags/example_task_group.py for tasks to queue
[2024-04-02T21:32:13.487+0800] {logging_mixin.py:188} INFO - [2024-04-02T21:32:13.487+0800] {dagbag.py:540} INFO - Filling up the DagBag from /Users/kalerbramastha/Library/Mobile Documents/com~apple~CloudDocs/bram/career_assessment/akasia_de/python-env/lib/python3.11/site-packages/airflow/example_dags/example_task_group.py
[2024-04-02T21:32:13.491+0800] {processor.py:840} INFO - DAG(s) 'example_task_group' retrieved from /Users/kalerbramastha/Library/Mobile Documents/com~apple~CloudDocs/bram/career_assessment/akasia_de/python-env/lib/python3.11/site-packages/airflow/example_dags/example_task_group.py
[2024-04-02T21:32:13.528+0800] {logging_mixin.py:188} INFO - [2024-04-02T21:32:13.527+0800] {dag.py:3047} INFO - Sync 1 DAGs
[2024-04-02T21:32:13.535+0800] {logging_mixin.py:188} INFO - [2024-04-02T21:32:13.535+0800] {dag.py:3834} INFO - Setting next_dagrun for example_task_group to 2024-04-01 00:00:00+00:00, run_after=2024-04-02 00:00:00+00:00
[2024-04-02T21:32:13.543+0800] {processor.py:183} INFO - Processing /Users/kalerbramastha/Library/Mobile Documents/com~apple~CloudDocs/bram/career_assessment/akasia_de/python-env/lib/python3.11/site-packages/airflow/example_dags/example_task_group.py took 0.057 seconds
