[2024-04-02T21:14:08.081+0800] {processor.py:161} INFO - Started process (PID=19293) to work on /Users/kalerbramastha/Library/Mobile Documents/com~apple~CloudDocs/bram/career_assessment/akasia_de/python-env/lib/python3.11/site-packages/airflow/example_dags/example_nested_branch_dag.py
[2024-04-02T21:14:08.082+0800] {processor.py:830} INFO - Processing file /Users/kalerbramastha/Library/Mobile Documents/com~apple~CloudDocs/bram/career_assessment/akasia_de/python-env/lib/python3.11/site-packages/airflow/example_dags/example_nested_branch_dag.py for tasks to queue
[2024-04-02T21:14:08.083+0800] {logging_mixin.py:188} INFO - [2024-04-02T21:14:08.083+0800] {dagbag.py:540} INFO - Filling up the DagBag from /Users/kalerbramastha/Library/Mobile Documents/com~apple~CloudDocs/bram/career_assessment/akasia_de/python-env/lib/python3.11/site-packages/airflow/example_dags/example_nested_branch_dag.py
[2024-04-02T21:14:08.100+0800] {processor.py:840} INFO - DAG(s) 'example_nested_branch_dag' retrieved from /Users/kalerbramastha/Library/Mobile Documents/com~apple~CloudDocs/bram/career_assessment/akasia_de/python-env/lib/python3.11/site-packages/airflow/example_dags/example_nested_branch_dag.py
[2024-04-02T21:14:08.169+0800] {logging_mixin.py:188} INFO - [2024-04-02T21:14:08.169+0800] {override.py:1769} INFO - Created Permission View: can delete on DAG:example_nested_branch_dag
[2024-04-02T21:14:08.172+0800] {logging_mixin.py:188} INFO - [2024-04-02T21:14:08.172+0800] {override.py:1769} INFO - Created Permission View: can edit on DAG:example_nested_branch_dag
[2024-04-02T21:14:08.175+0800] {logging_mixin.py:188} INFO - [2024-04-02T21:14:08.174+0800] {override.py:1769} INFO - Created Permission View: can read on DAG:example_nested_branch_dag
[2024-04-02T21:14:08.175+0800] {logging_mixin.py:188} INFO - [2024-04-02T21:14:08.175+0800] {dag.py:3047} INFO - Sync 1 DAGs
[2024-04-02T21:14:08.179+0800] {logging_mixin.py:188} INFO - [2024-04-02T21:14:08.179+0800] {dag.py:3069} INFO - Creating ORM DAG for example_nested_branch_dag
[2024-04-02T21:14:08.182+0800] {logging_mixin.py:188} INFO - [2024-04-02T21:14:08.182+0800] {dag.py:3834} INFO - Setting next_dagrun for example_nested_branch_dag to 2024-04-01 00:00:00+00:00, run_after=2024-04-02 00:00:00+00:00
[2024-04-02T21:14:08.189+0800] {processor.py:183} INFO - Processing /Users/kalerbramastha/Library/Mobile Documents/com~apple~CloudDocs/bram/career_assessment/akasia_de/python-env/lib/python3.11/site-packages/airflow/example_dags/example_nested_branch_dag.py took 0.108 seconds
[2024-04-02T21:15:45.314+0800] {processor.py:161} INFO - Started process (PID=19746) to work on /Users/kalerbramastha/Library/Mobile Documents/com~apple~CloudDocs/bram/career_assessment/akasia_de/python-env/lib/python3.11/site-packages/airflow/example_dags/example_nested_branch_dag.py
[2024-04-02T21:15:45.315+0800] {processor.py:830} INFO - Processing file /Users/kalerbramastha/Library/Mobile Documents/com~apple~CloudDocs/bram/career_assessment/akasia_de/python-env/lib/python3.11/site-packages/airflow/example_dags/example_nested_branch_dag.py for tasks to queue
[2024-04-02T21:15:45.315+0800] {logging_mixin.py:188} INFO - [2024-04-02T21:15:45.315+0800] {dagbag.py:540} INFO - Filling up the DagBag from /Users/kalerbramastha/Library/Mobile Documents/com~apple~CloudDocs/bram/career_assessment/akasia_de/python-env/lib/python3.11/site-packages/airflow/example_dags/example_nested_branch_dag.py
[2024-04-02T21:15:45.343+0800] {processor.py:840} INFO - DAG(s) 'example_nested_branch_dag' retrieved from /Users/kalerbramastha/Library/Mobile Documents/com~apple~CloudDocs/bram/career_assessment/akasia_de/python-env/lib/python3.11/site-packages/airflow/example_dags/example_nested_branch_dag.py
[2024-04-02T21:15:45.382+0800] {logging_mixin.py:188} INFO - [2024-04-02T21:15:45.382+0800] {dag.py:3047} INFO - Sync 1 DAGs
[2024-04-02T21:15:45.389+0800] {logging_mixin.py:188} INFO - [2024-04-02T21:15:45.389+0800] {dag.py:3834} INFO - Setting next_dagrun for example_nested_branch_dag to 2024-04-01 00:00:00+00:00, run_after=2024-04-02 00:00:00+00:00
[2024-04-02T21:15:45.397+0800] {processor.py:183} INFO - Processing /Users/kalerbramastha/Library/Mobile Documents/com~apple~CloudDocs/bram/career_assessment/akasia_de/python-env/lib/python3.11/site-packages/airflow/example_dags/example_nested_branch_dag.py took 0.084 seconds
[2024-04-02T21:19:22.453+0800] {processor.py:161} INFO - Started process (PID=20371) to work on /Users/kalerbramastha/Library/Mobile Documents/com~apple~CloudDocs/bram/career_assessment/akasia_de/python-env/lib/python3.11/site-packages/airflow/example_dags/example_nested_branch_dag.py
[2024-04-02T21:19:22.453+0800] {processor.py:830} INFO - Processing file /Users/kalerbramastha/Library/Mobile Documents/com~apple~CloudDocs/bram/career_assessment/akasia_de/python-env/lib/python3.11/site-packages/airflow/example_dags/example_nested_branch_dag.py for tasks to queue
[2024-04-02T21:19:22.453+0800] {logging_mixin.py:188} INFO - [2024-04-02T21:19:22.453+0800] {dagbag.py:540} INFO - Filling up the DagBag from /Users/kalerbramastha/Library/Mobile Documents/com~apple~CloudDocs/bram/career_assessment/akasia_de/python-env/lib/python3.11/site-packages/airflow/example_dags/example_nested_branch_dag.py
[2024-04-02T21:19:22.470+0800] {processor.py:840} INFO - DAG(s) 'example_nested_branch_dag' retrieved from /Users/kalerbramastha/Library/Mobile Documents/com~apple~CloudDocs/bram/career_assessment/akasia_de/python-env/lib/python3.11/site-packages/airflow/example_dags/example_nested_branch_dag.py
[2024-04-02T21:19:22.537+0800] {logging_mixin.py:188} INFO - [2024-04-02T21:19:22.537+0800] {dag.py:3047} INFO - Sync 1 DAGs
[2024-04-02T21:19:22.544+0800] {logging_mixin.py:188} INFO - [2024-04-02T21:19:22.544+0800] {dag.py:3834} INFO - Setting next_dagrun for example_nested_branch_dag to 2024-04-01 00:00:00+00:00, run_after=2024-04-02 00:00:00+00:00
[2024-04-02T21:19:22.551+0800] {processor.py:183} INFO - Processing /Users/kalerbramastha/Library/Mobile Documents/com~apple~CloudDocs/bram/career_assessment/akasia_de/python-env/lib/python3.11/site-packages/airflow/example_dags/example_nested_branch_dag.py took 0.099 seconds
[2024-04-02T21:20:59.223+0800] {processor.py:161} INFO - Started process (PID=20484) to work on /Users/kalerbramastha/Library/Mobile Documents/com~apple~CloudDocs/bram/career_assessment/akasia_de/python-env/lib/python3.11/site-packages/airflow/example_dags/example_nested_branch_dag.py
[2024-04-02T21:20:59.224+0800] {processor.py:830} INFO - Processing file /Users/kalerbramastha/Library/Mobile Documents/com~apple~CloudDocs/bram/career_assessment/akasia_de/python-env/lib/python3.11/site-packages/airflow/example_dags/example_nested_branch_dag.py for tasks to queue
[2024-04-02T21:20:59.224+0800] {logging_mixin.py:188} INFO - [2024-04-02T21:20:59.224+0800] {dagbag.py:540} INFO - Filling up the DagBag from /Users/kalerbramastha/Library/Mobile Documents/com~apple~CloudDocs/bram/career_assessment/akasia_de/python-env/lib/python3.11/site-packages/airflow/example_dags/example_nested_branch_dag.py
[2024-04-02T21:20:59.238+0800] {processor.py:840} INFO - DAG(s) 'example_nested_branch_dag' retrieved from /Users/kalerbramastha/Library/Mobile Documents/com~apple~CloudDocs/bram/career_assessment/akasia_de/python-env/lib/python3.11/site-packages/airflow/example_dags/example_nested_branch_dag.py
[2024-04-02T21:20:59.270+0800] {logging_mixin.py:188} INFO - [2024-04-02T21:20:59.270+0800] {dag.py:3047} INFO - Sync 1 DAGs
[2024-04-02T21:20:59.276+0800] {logging_mixin.py:188} INFO - [2024-04-02T21:20:59.276+0800] {dag.py:3834} INFO - Setting next_dagrun for example_nested_branch_dag to 2024-04-01 00:00:00+00:00, run_after=2024-04-02 00:00:00+00:00
[2024-04-02T21:20:59.282+0800] {processor.py:183} INFO - Processing /Users/kalerbramastha/Library/Mobile Documents/com~apple~CloudDocs/bram/career_assessment/akasia_de/python-env/lib/python3.11/site-packages/airflow/example_dags/example_nested_branch_dag.py took 0.060 seconds
[2024-04-02T21:31:10.323+0800] {processor.py:161} INFO - Started process (PID=22227) to work on /Users/kalerbramastha/Library/Mobile Documents/com~apple~CloudDocs/bram/career_assessment/akasia_de/python-env/lib/python3.11/site-packages/airflow/example_dags/example_nested_branch_dag.py
[2024-04-02T21:31:10.324+0800] {processor.py:830} INFO - Processing file /Users/kalerbramastha/Library/Mobile Documents/com~apple~CloudDocs/bram/career_assessment/akasia_de/python-env/lib/python3.11/site-packages/airflow/example_dags/example_nested_branch_dag.py for tasks to queue
[2024-04-02T21:31:10.324+0800] {logging_mixin.py:188} INFO - [2024-04-02T21:31:10.324+0800] {dagbag.py:540} INFO - Filling up the DagBag from /Users/kalerbramastha/Library/Mobile Documents/com~apple~CloudDocs/bram/career_assessment/akasia_de/python-env/lib/python3.11/site-packages/airflow/example_dags/example_nested_branch_dag.py
[2024-04-02T21:31:10.341+0800] {processor.py:840} INFO - DAG(s) 'example_nested_branch_dag' retrieved from /Users/kalerbramastha/Library/Mobile Documents/com~apple~CloudDocs/bram/career_assessment/akasia_de/python-env/lib/python3.11/site-packages/airflow/example_dags/example_nested_branch_dag.py
[2024-04-02T21:31:10.409+0800] {logging_mixin.py:188} INFO - [2024-04-02T21:31:10.409+0800] {dag.py:3047} INFO - Sync 1 DAGs
[2024-04-02T21:31:10.416+0800] {logging_mixin.py:188} INFO - [2024-04-02T21:31:10.416+0800] {dag.py:3834} INFO - Setting next_dagrun for example_nested_branch_dag to 2024-04-01 00:00:00+00:00, run_after=2024-04-02 00:00:00+00:00
[2024-04-02T21:31:10.425+0800] {processor.py:183} INFO - Processing /Users/kalerbramastha/Library/Mobile Documents/com~apple~CloudDocs/bram/career_assessment/akasia_de/python-env/lib/python3.11/site-packages/airflow/example_dags/example_nested_branch_dag.py took 0.104 seconds
