[2024-04-02T21:14:13.926+0800] {processor.py:161} INFO - Started process (PID=19315) to work on /Users/kalerbramastha/Library/Mobile Documents/com~apple~CloudDocs/bram/career_assessment/akasia_de/python-env/lib/python3.11/site-packages/airflow/example_dags/example_latest_only.py
[2024-04-02T21:14:13.927+0800] {processor.py:830} INFO - Processing file /Users/kalerbramastha/Library/Mobile Documents/com~apple~CloudDocs/bram/career_assessment/akasia_de/python-env/lib/python3.11/site-packages/airflow/example_dags/example_latest_only.py for tasks to queue
[2024-04-02T21:14:13.927+0800] {logging_mixin.py:188} INFO - [2024-04-02T21:14:13.927+0800] {dagbag.py:540} INFO - Filling up the DagBag from /Users/kalerbramastha/Library/Mobile Documents/com~apple~CloudDocs/bram/career_assessment/akasia_de/python-env/lib/python3.11/site-packages/airflow/example_dags/example_latest_only.py
[2024-04-02T21:14:13.931+0800] {processor.py:840} INFO - DAG(s) 'latest_only' retrieved from /Users/kalerbramastha/Library/Mobile Documents/com~apple~CloudDocs/bram/career_assessment/akasia_de/python-env/lib/python3.11/site-packages/airflow/example_dags/example_latest_only.py
[2024-04-02T21:14:13.998+0800] {logging_mixin.py:188} INFO - [2024-04-02T21:14:13.998+0800] {override.py:1769} INFO - Created Permission View: can read on DAG:latest_only
[2024-04-02T21:14:14.003+0800] {logging_mixin.py:188} INFO - [2024-04-02T21:14:14.003+0800] {override.py:1769} INFO - Created Permission View: can edit on DAG:latest_only
[2024-04-02T21:14:14.005+0800] {logging_mixin.py:188} INFO - [2024-04-02T21:14:14.005+0800] {override.py:1769} INFO - Created Permission View: can delete on DAG:latest_only
[2024-04-02T21:14:14.005+0800] {logging_mixin.py:188} INFO - [2024-04-02T21:14:14.005+0800] {dag.py:3047} INFO - Sync 1 DAGs
[2024-04-02T21:14:14.009+0800] {logging_mixin.py:188} INFO - [2024-04-02T21:14:14.009+0800] {dag.py:3069} INFO - Creating ORM DAG for latest_only
[2024-04-02T21:14:14.013+0800] {logging_mixin.py:188} INFO - [2024-04-02T21:14:14.012+0800] {dag.py:3834} INFO - Setting next_dagrun for latest_only to 2024-04-02 08:00:00+00:00, run_after=2024-04-02 12:00:00+00:00
[2024-04-02T21:14:14.022+0800] {processor.py:183} INFO - Processing /Users/kalerbramastha/Library/Mobile Documents/com~apple~CloudDocs/bram/career_assessment/akasia_de/python-env/lib/python3.11/site-packages/airflow/example_dags/example_latest_only.py took 0.096 seconds
[2024-04-02T21:16:29.955+0800] {processor.py:161} INFO - Started process (PID=19920) to work on /Users/kalerbramastha/Library/Mobile Documents/com~apple~CloudDocs/bram/career_assessment/akasia_de/python-env/lib/python3.11/site-packages/airflow/example_dags/example_latest_only.py
[2024-04-02T21:16:29.955+0800] {processor.py:830} INFO - Processing file /Users/kalerbramastha/Library/Mobile Documents/com~apple~CloudDocs/bram/career_assessment/akasia_de/python-env/lib/python3.11/site-packages/airflow/example_dags/example_latest_only.py for tasks to queue
[2024-04-02T21:16:29.956+0800] {logging_mixin.py:188} INFO - [2024-04-02T21:16:29.956+0800] {dagbag.py:540} INFO - Filling up the DagBag from /Users/kalerbramastha/Library/Mobile Documents/com~apple~CloudDocs/bram/career_assessment/akasia_de/python-env/lib/python3.11/site-packages/airflow/example_dags/example_latest_only.py
[2024-04-02T21:16:29.960+0800] {processor.py:840} INFO - DAG(s) 'latest_only' retrieved from /Users/kalerbramastha/Library/Mobile Documents/com~apple~CloudDocs/bram/career_assessment/akasia_de/python-env/lib/python3.11/site-packages/airflow/example_dags/example_latest_only.py
[2024-04-02T21:16:30.027+0800] {logging_mixin.py:188} INFO - [2024-04-02T21:16:30.026+0800] {dag.py:3047} INFO - Sync 1 DAGs
[2024-04-02T21:16:30.042+0800] {logging_mixin.py:188} INFO - [2024-04-02T21:16:30.042+0800] {dag.py:3834} INFO - Setting next_dagrun for latest_only to 2024-04-02 08:00:00+00:00, run_after=2024-04-02 12:00:00+00:00
[2024-04-02T21:16:30.056+0800] {processor.py:183} INFO - Processing /Users/kalerbramastha/Library/Mobile Documents/com~apple~CloudDocs/bram/career_assessment/akasia_de/python-env/lib/python3.11/site-packages/airflow/example_dags/example_latest_only.py took 0.102 seconds
[2024-04-02T21:19:28.524+0800] {processor.py:161} INFO - Started process (PID=20378) to work on /Users/kalerbramastha/Library/Mobile Documents/com~apple~CloudDocs/bram/career_assessment/akasia_de/python-env/lib/python3.11/site-packages/airflow/example_dags/example_latest_only.py
[2024-04-02T21:19:28.524+0800] {processor.py:830} INFO - Processing file /Users/kalerbramastha/Library/Mobile Documents/com~apple~CloudDocs/bram/career_assessment/akasia_de/python-env/lib/python3.11/site-packages/airflow/example_dags/example_latest_only.py for tasks to queue
[2024-04-02T21:19:28.525+0800] {logging_mixin.py:188} INFO - [2024-04-02T21:19:28.524+0800] {dagbag.py:540} INFO - Filling up the DagBag from /Users/kalerbramastha/Library/Mobile Documents/com~apple~CloudDocs/bram/career_assessment/akasia_de/python-env/lib/python3.11/site-packages/airflow/example_dags/example_latest_only.py
[2024-04-02T21:19:28.528+0800] {processor.py:840} INFO - DAG(s) 'latest_only' retrieved from /Users/kalerbramastha/Library/Mobile Documents/com~apple~CloudDocs/bram/career_assessment/akasia_de/python-env/lib/python3.11/site-packages/airflow/example_dags/example_latest_only.py
[2024-04-02T21:19:28.588+0800] {logging_mixin.py:188} INFO - [2024-04-02T21:19:28.588+0800] {dag.py:3047} INFO - Sync 1 DAGs
[2024-04-02T21:19:28.594+0800] {logging_mixin.py:188} INFO - [2024-04-02T21:19:28.594+0800] {dag.py:3834} INFO - Setting next_dagrun for latest_only to 2024-04-02 08:00:00+00:00, run_after=2024-04-02 12:00:00+00:00
[2024-04-02T21:19:28.602+0800] {processor.py:183} INFO - Processing /Users/kalerbramastha/Library/Mobile Documents/com~apple~CloudDocs/bram/career_assessment/akasia_de/python-env/lib/python3.11/site-packages/airflow/example_dags/example_latest_only.py took 0.079 seconds
[2024-04-02T21:21:36.171+0800] {processor.py:161} INFO - Started process (PID=20540) to work on /Users/kalerbramastha/Library/Mobile Documents/com~apple~CloudDocs/bram/career_assessment/akasia_de/python-env/lib/python3.11/site-packages/airflow/example_dags/example_latest_only.py
[2024-04-02T21:21:36.172+0800] {processor.py:830} INFO - Processing file /Users/kalerbramastha/Library/Mobile Documents/com~apple~CloudDocs/bram/career_assessment/akasia_de/python-env/lib/python3.11/site-packages/airflow/example_dags/example_latest_only.py for tasks to queue
[2024-04-02T21:21:36.172+0800] {logging_mixin.py:188} INFO - [2024-04-02T21:21:36.172+0800] {dagbag.py:540} INFO - Filling up the DagBag from /Users/kalerbramastha/Library/Mobile Documents/com~apple~CloudDocs/bram/career_assessment/akasia_de/python-env/lib/python3.11/site-packages/airflow/example_dags/example_latest_only.py
[2024-04-02T21:21:36.176+0800] {processor.py:840} INFO - DAG(s) 'latest_only' retrieved from /Users/kalerbramastha/Library/Mobile Documents/com~apple~CloudDocs/bram/career_assessment/akasia_de/python-env/lib/python3.11/site-packages/airflow/example_dags/example_latest_only.py
[2024-04-02T21:21:36.210+0800] {logging_mixin.py:188} INFO - [2024-04-02T21:21:36.210+0800] {dag.py:3047} INFO - Sync 1 DAGs
[2024-04-02T21:21:36.216+0800] {logging_mixin.py:188} INFO - [2024-04-02T21:21:36.216+0800] {dag.py:3834} INFO - Setting next_dagrun for latest_only to 2024-04-02 08:00:00+00:00, run_after=2024-04-02 12:00:00+00:00
[2024-04-02T21:21:36.223+0800] {processor.py:183} INFO - Processing /Users/kalerbramastha/Library/Mobile Documents/com~apple~CloudDocs/bram/career_assessment/akasia_de/python-env/lib/python3.11/site-packages/airflow/example_dags/example_latest_only.py took 0.052 seconds
[2024-04-02T21:31:15.135+0800] {processor.py:161} INFO - Started process (PID=22232) to work on /Users/kalerbramastha/Library/Mobile Documents/com~apple~CloudDocs/bram/career_assessment/akasia_de/python-env/lib/python3.11/site-packages/airflow/example_dags/example_latest_only.py
[2024-04-02T21:31:15.136+0800] {processor.py:830} INFO - Processing file /Users/kalerbramastha/Library/Mobile Documents/com~apple~CloudDocs/bram/career_assessment/akasia_de/python-env/lib/python3.11/site-packages/airflow/example_dags/example_latest_only.py for tasks to queue
[2024-04-02T21:31:15.136+0800] {logging_mixin.py:188} INFO - [2024-04-02T21:31:15.136+0800] {dagbag.py:540} INFO - Filling up the DagBag from /Users/kalerbramastha/Library/Mobile Documents/com~apple~CloudDocs/bram/career_assessment/akasia_de/python-env/lib/python3.11/site-packages/airflow/example_dags/example_latest_only.py
[2024-04-02T21:31:15.140+0800] {processor.py:840} INFO - DAG(s) 'latest_only' retrieved from /Users/kalerbramastha/Library/Mobile Documents/com~apple~CloudDocs/bram/career_assessment/akasia_de/python-env/lib/python3.11/site-packages/airflow/example_dags/example_latest_only.py
[2024-04-02T21:31:15.207+0800] {logging_mixin.py:188} INFO - [2024-04-02T21:31:15.206+0800] {dag.py:3047} INFO - Sync 1 DAGs
[2024-04-02T21:31:15.213+0800] {logging_mixin.py:188} INFO - [2024-04-02T21:31:15.213+0800] {dag.py:3834} INFO - Setting next_dagrun for latest_only to 2024-04-02 08:00:00+00:00, run_after=2024-04-02 12:00:00+00:00
[2024-04-02T21:31:15.221+0800] {processor.py:183} INFO - Processing /Users/kalerbramastha/Library/Mobile Documents/com~apple~CloudDocs/bram/career_assessment/akasia_de/python-env/lib/python3.11/site-packages/airflow/example_dags/example_latest_only.py took 0.087 seconds
