[2024-04-02T21:14:38.485+0800] {processor.py:161} INFO - Started process (PID=19338) to work on /Users/kalerbramastha/Library/Mobile Documents/com~apple~CloudDocs/bram/career_assessment/akasia_de/python-env/lib/python3.11/site-packages/airflow/example_dags/example_branch_day_of_week_operator.py
[2024-04-02T21:14:38.486+0800] {processor.py:830} INFO - Processing file /Users/kalerbramastha/Library/Mobile Documents/com~apple~CloudDocs/bram/career_assessment/akasia_de/python-env/lib/python3.11/site-packages/airflow/example_dags/example_branch_day_of_week_operator.py for tasks to queue
[2024-04-02T21:14:38.486+0800] {logging_mixin.py:188} INFO - [2024-04-02T21:14:38.486+0800] {dagbag.py:540} INFO - Filling up the DagBag from /Users/kalerbramastha/Library/Mobile Documents/com~apple~CloudDocs/bram/career_assessment/akasia_de/python-env/lib/python3.11/site-packages/airflow/example_dags/example_branch_day_of_week_operator.py
[2024-04-02T21:14:38.491+0800] {processor.py:840} INFO - DAG(s) 'example_weekday_branch_operator' retrieved from /Users/kalerbramastha/Library/Mobile Documents/com~apple~CloudDocs/bram/career_assessment/akasia_de/python-env/lib/python3.11/site-packages/airflow/example_dags/example_branch_day_of_week_operator.py
[2024-04-02T21:14:38.560+0800] {logging_mixin.py:188} INFO - [2024-04-02T21:14:38.560+0800] {override.py:1769} INFO - Created Permission View: can edit on DAG:example_weekday_branch_operator
[2024-04-02T21:14:38.564+0800] {logging_mixin.py:188} INFO - [2024-04-02T21:14:38.564+0800] {override.py:1769} INFO - Created Permission View: can read on DAG:example_weekday_branch_operator
[2024-04-02T21:14:38.566+0800] {logging_mixin.py:188} INFO - [2024-04-02T21:14:38.566+0800] {override.py:1769} INFO - Created Permission View: can delete on DAG:example_weekday_branch_operator
[2024-04-02T21:14:38.567+0800] {logging_mixin.py:188} INFO - [2024-04-02T21:14:38.567+0800] {dag.py:3047} INFO - Sync 1 DAGs
[2024-04-02T21:14:38.570+0800] {logging_mixin.py:188} INFO - [2024-04-02T21:14:38.570+0800] {dag.py:3069} INFO - Creating ORM DAG for example_weekday_branch_operator
[2024-04-02T21:14:38.573+0800] {logging_mixin.py:188} INFO - [2024-04-02T21:14:38.573+0800] {dag.py:3834} INFO - Setting next_dagrun for example_weekday_branch_operator to 2024-04-01 00:00:00+00:00, run_after=2024-04-02 00:00:00+00:00
[2024-04-02T21:14:38.580+0800] {processor.py:183} INFO - Processing /Users/kalerbramastha/Library/Mobile Documents/com~apple~CloudDocs/bram/career_assessment/akasia_de/python-env/lib/python3.11/site-packages/airflow/example_dags/example_branch_day_of_week_operator.py took 0.096 seconds
[2024-04-02T21:19:52.624+0800] {processor.py:161} INFO - Started process (PID=20404) to work on /Users/kalerbramastha/Library/Mobile Documents/com~apple~CloudDocs/bram/career_assessment/akasia_de/python-env/lib/python3.11/site-packages/airflow/example_dags/example_branch_day_of_week_operator.py
[2024-04-02T21:19:52.625+0800] {processor.py:830} INFO - Processing file /Users/kalerbramastha/Library/Mobile Documents/com~apple~CloudDocs/bram/career_assessment/akasia_de/python-env/lib/python3.11/site-packages/airflow/example_dags/example_branch_day_of_week_operator.py for tasks to queue
[2024-04-02T21:19:52.625+0800] {logging_mixin.py:188} INFO - [2024-04-02T21:19:52.625+0800] {dagbag.py:540} INFO - Filling up the DagBag from /Users/kalerbramastha/Library/Mobile Documents/com~apple~CloudDocs/bram/career_assessment/akasia_de/python-env/lib/python3.11/site-packages/airflow/example_dags/example_branch_day_of_week_operator.py
[2024-04-02T21:19:52.629+0800] {processor.py:840} INFO - DAG(s) 'example_weekday_branch_operator' retrieved from /Users/kalerbramastha/Library/Mobile Documents/com~apple~CloudDocs/bram/career_assessment/akasia_de/python-env/lib/python3.11/site-packages/airflow/example_dags/example_branch_day_of_week_operator.py
[2024-04-02T21:19:52.692+0800] {logging_mixin.py:188} INFO - [2024-04-02T21:19:52.692+0800] {dag.py:3047} INFO - Sync 1 DAGs
[2024-04-02T21:19:52.699+0800] {logging_mixin.py:188} INFO - [2024-04-02T21:19:52.698+0800] {dag.py:3834} INFO - Setting next_dagrun for example_weekday_branch_operator to 2024-04-01 00:00:00+00:00, run_after=2024-04-02 00:00:00+00:00
[2024-04-02T21:19:52.707+0800] {processor.py:183} INFO - Processing /Users/kalerbramastha/Library/Mobile Documents/com~apple~CloudDocs/bram/career_assessment/akasia_de/python-env/lib/python3.11/site-packages/airflow/example_dags/example_branch_day_of_week_operator.py took 0.084 seconds
[2024-04-02T21:31:39.556+0800] {processor.py:161} INFO - Started process (PID=22257) to work on /Users/kalerbramastha/Library/Mobile Documents/com~apple~CloudDocs/bram/career_assessment/akasia_de/python-env/lib/python3.11/site-packages/airflow/example_dags/example_branch_day_of_week_operator.py
[2024-04-02T21:31:39.557+0800] {processor.py:830} INFO - Processing file /Users/kalerbramastha/Library/Mobile Documents/com~apple~CloudDocs/bram/career_assessment/akasia_de/python-env/lib/python3.11/site-packages/airflow/example_dags/example_branch_day_of_week_operator.py for tasks to queue
[2024-04-02T21:31:39.557+0800] {logging_mixin.py:188} INFO - [2024-04-02T21:31:39.557+0800] {dagbag.py:540} INFO - Filling up the DagBag from /Users/kalerbramastha/Library/Mobile Documents/com~apple~CloudDocs/bram/career_assessment/akasia_de/python-env/lib/python3.11/site-packages/airflow/example_dags/example_branch_day_of_week_operator.py
[2024-04-02T21:31:39.562+0800] {processor.py:840} INFO - DAG(s) 'example_weekday_branch_operator' retrieved from /Users/kalerbramastha/Library/Mobile Documents/com~apple~CloudDocs/bram/career_assessment/akasia_de/python-env/lib/python3.11/site-packages/airflow/example_dags/example_branch_day_of_week_operator.py
[2024-04-02T21:31:39.633+0800] {logging_mixin.py:188} INFO - [2024-04-02T21:31:39.632+0800] {dag.py:3047} INFO - Sync 1 DAGs
[2024-04-02T21:31:39.639+0800] {logging_mixin.py:188} INFO - [2024-04-02T21:31:39.639+0800] {dag.py:3834} INFO - Setting next_dagrun for example_weekday_branch_operator to 2024-04-01 00:00:00+00:00, run_after=2024-04-02 00:00:00+00:00
[2024-04-02T21:31:39.647+0800] {processor.py:183} INFO - Processing /Users/kalerbramastha/Library/Mobile Documents/com~apple~CloudDocs/bram/career_assessment/akasia_de/python-env/lib/python3.11/site-packages/airflow/example_dags/example_branch_day_of_week_operator.py took 0.091 seconds
