[2024-04-02T21:13:42.094+0800] {processor.py:161} INFO - Started process (PID=19093) to work on /Users/kalerbramastha/Library/Mobile Documents/com~apple~CloudDocs/bram/career_assessment/akasia_de/python-env/lib/python3.11/site-packages/airflow/example_dags/example_skip_dag.py
[2024-04-02T21:13:42.094+0800] {processor.py:830} INFO - Processing file /Users/kalerbramastha/Library/Mobile Documents/com~apple~CloudDocs/bram/career_assessment/akasia_de/python-env/lib/python3.11/site-packages/airflow/example_dags/example_skip_dag.py for tasks to queue
[2024-04-02T21:13:42.095+0800] {logging_mixin.py:188} INFO - [2024-04-02T21:13:42.095+0800] {dagbag.py:540} INFO - Filling up the DagBag from /Users/kalerbramastha/Library/Mobile Documents/com~apple~CloudDocs/bram/career_assessment/akasia_de/python-env/lib/python3.11/site-packages/airflow/example_dags/example_skip_dag.py
[2024-04-02T21:13:42.098+0800] {processor.py:840} INFO - DAG(s) 'example_skip_dag' retrieved from /Users/kalerbramastha/Library/Mobile Documents/com~apple~CloudDocs/bram/career_assessment/akasia_de/python-env/lib/python3.11/site-packages/airflow/example_dags/example_skip_dag.py
[2024-04-02T21:13:42.169+0800] {logging_mixin.py:188} INFO - [2024-04-02T21:13:42.169+0800] {override.py:1769} INFO - Created Permission View: can edit on DAG:example_skip_dag
[2024-04-02T21:13:42.173+0800] {logging_mixin.py:188} INFO - [2024-04-02T21:13:42.173+0800] {override.py:1769} INFO - Created Permission View: can delete on DAG:example_skip_dag
[2024-04-02T21:13:42.175+0800] {logging_mixin.py:188} INFO - [2024-04-02T21:13:42.175+0800] {override.py:1769} INFO - Created Permission View: can read on DAG:example_skip_dag
[2024-04-02T21:13:42.175+0800] {logging_mixin.py:188} INFO - [2024-04-02T21:13:42.175+0800] {dag.py:3047} INFO - Sync 1 DAGs
[2024-04-02T21:13:42.179+0800] {logging_mixin.py:188} INFO - [2024-04-02T21:13:42.179+0800] {dag.py:3069} INFO - Creating ORM DAG for example_skip_dag
[2024-04-02T21:13:42.182+0800] {logging_mixin.py:188} INFO - [2024-04-02T21:13:42.182+0800] {dag.py:3834} INFO - Setting next_dagrun for example_skip_dag to 2024-04-01 00:00:00+00:00, run_after=2024-04-02 00:00:00+00:00
[2024-04-02T21:13:42.190+0800] {processor.py:183} INFO - Processing /Users/kalerbramastha/Library/Mobile Documents/com~apple~CloudDocs/bram/career_assessment/akasia_de/python-env/lib/python3.11/site-packages/airflow/example_dags/example_skip_dag.py took 0.097 seconds
[2024-04-02T21:15:21.133+0800] {processor.py:161} INFO - Started process (PID=19503) to work on /Users/kalerbramastha/Library/Mobile Documents/com~apple~CloudDocs/bram/career_assessment/akasia_de/python-env/lib/python3.11/site-packages/airflow/example_dags/example_skip_dag.py
[2024-04-02T21:15:21.133+0800] {processor.py:830} INFO - Processing file /Users/kalerbramastha/Library/Mobile Documents/com~apple~CloudDocs/bram/career_assessment/akasia_de/python-env/lib/python3.11/site-packages/airflow/example_dags/example_skip_dag.py for tasks to queue
[2024-04-02T21:15:21.134+0800] {logging_mixin.py:188} INFO - [2024-04-02T21:15:21.134+0800] {dagbag.py:540} INFO - Filling up the DagBag from /Users/kalerbramastha/Library/Mobile Documents/com~apple~CloudDocs/bram/career_assessment/akasia_de/python-env/lib/python3.11/site-packages/airflow/example_dags/example_skip_dag.py
[2024-04-02T21:15:21.137+0800] {processor.py:840} INFO - DAG(s) 'example_skip_dag' retrieved from /Users/kalerbramastha/Library/Mobile Documents/com~apple~CloudDocs/bram/career_assessment/akasia_de/python-env/lib/python3.11/site-packages/airflow/example_dags/example_skip_dag.py
[2024-04-02T21:15:21.171+0800] {logging_mixin.py:188} INFO - [2024-04-02T21:15:21.171+0800] {dag.py:3047} INFO - Sync 1 DAGs
[2024-04-02T21:15:21.178+0800] {logging_mixin.py:188} INFO - [2024-04-02T21:15:21.178+0800] {dag.py:3834} INFO - Setting next_dagrun for example_skip_dag to 2024-04-01 00:00:00+00:00, run_after=2024-04-02 00:00:00+00:00
[2024-04-02T21:15:21.185+0800] {processor.py:183} INFO - Processing /Users/kalerbramastha/Library/Mobile Documents/com~apple~CloudDocs/bram/career_assessment/akasia_de/python-env/lib/python3.11/site-packages/airflow/example_dags/example_skip_dag.py took 0.053 seconds
[2024-04-02T21:18:59.207+0800] {processor.py:161} INFO - Started process (PID=20344) to work on /Users/kalerbramastha/Library/Mobile Documents/com~apple~CloudDocs/bram/career_assessment/akasia_de/python-env/lib/python3.11/site-packages/airflow/example_dags/example_skip_dag.py
[2024-04-02T21:18:59.208+0800] {processor.py:830} INFO - Processing file /Users/kalerbramastha/Library/Mobile Documents/com~apple~CloudDocs/bram/career_assessment/akasia_de/python-env/lib/python3.11/site-packages/airflow/example_dags/example_skip_dag.py for tasks to queue
[2024-04-02T21:18:59.209+0800] {logging_mixin.py:188} INFO - [2024-04-02T21:18:59.209+0800] {dagbag.py:540} INFO - Filling up the DagBag from /Users/kalerbramastha/Library/Mobile Documents/com~apple~CloudDocs/bram/career_assessment/akasia_de/python-env/lib/python3.11/site-packages/airflow/example_dags/example_skip_dag.py
[2024-04-02T21:18:59.212+0800] {processor.py:840} INFO - DAG(s) 'example_skip_dag' retrieved from /Users/kalerbramastha/Library/Mobile Documents/com~apple~CloudDocs/bram/career_assessment/akasia_de/python-env/lib/python3.11/site-packages/airflow/example_dags/example_skip_dag.py
[2024-04-02T21:18:59.275+0800] {logging_mixin.py:188} INFO - [2024-04-02T21:18:59.275+0800] {dag.py:3047} INFO - Sync 1 DAGs
[2024-04-02T21:18:59.280+0800] {logging_mixin.py:188} INFO - [2024-04-02T21:18:59.280+0800] {dag.py:3834} INFO - Setting next_dagrun for example_skip_dag to 2024-04-01 00:00:00+00:00, run_after=2024-04-02 00:00:00+00:00
[2024-04-02T21:18:59.287+0800] {processor.py:183} INFO - Processing /Users/kalerbramastha/Library/Mobile Documents/com~apple~CloudDocs/bram/career_assessment/akasia_de/python-env/lib/python3.11/site-packages/airflow/example_dags/example_skip_dag.py took 0.080 seconds
[2024-04-02T21:20:36.084+0800] {processor.py:161} INFO - Started process (PID=20465) to work on /Users/kalerbramastha/Library/Mobile Documents/com~apple~CloudDocs/bram/career_assessment/akasia_de/python-env/lib/python3.11/site-packages/airflow/example_dags/example_skip_dag.py
[2024-04-02T21:20:36.084+0800] {processor.py:830} INFO - Processing file /Users/kalerbramastha/Library/Mobile Documents/com~apple~CloudDocs/bram/career_assessment/akasia_de/python-env/lib/python3.11/site-packages/airflow/example_dags/example_skip_dag.py for tasks to queue
[2024-04-02T21:20:36.084+0800] {logging_mixin.py:188} INFO - [2024-04-02T21:20:36.084+0800] {dagbag.py:540} INFO - Filling up the DagBag from /Users/kalerbramastha/Library/Mobile Documents/com~apple~CloudDocs/bram/career_assessment/akasia_de/python-env/lib/python3.11/site-packages/airflow/example_dags/example_skip_dag.py
[2024-04-02T21:20:36.088+0800] {processor.py:840} INFO - DAG(s) 'example_skip_dag' retrieved from /Users/kalerbramastha/Library/Mobile Documents/com~apple~CloudDocs/bram/career_assessment/akasia_de/python-env/lib/python3.11/site-packages/airflow/example_dags/example_skip_dag.py
[2024-04-02T21:20:36.120+0800] {logging_mixin.py:188} INFO - [2024-04-02T21:20:36.120+0800] {dag.py:3047} INFO - Sync 1 DAGs
[2024-04-02T21:20:36.126+0800] {logging_mixin.py:188} INFO - [2024-04-02T21:20:36.126+0800] {dag.py:3834} INFO - Setting next_dagrun for example_skip_dag to 2024-04-01 00:00:00+00:00, run_after=2024-04-02 00:00:00+00:00
[2024-04-02T21:20:36.133+0800] {processor.py:183} INFO - Processing /Users/kalerbramastha/Library/Mobile Documents/com~apple~CloudDocs/bram/career_assessment/akasia_de/python-env/lib/python3.11/site-packages/airflow/example_dags/example_skip_dag.py took 0.050 seconds
[2024-04-02T21:30:47.685+0800] {processor.py:161} INFO - Started process (PID=22203) to work on /Users/kalerbramastha/Library/Mobile Documents/com~apple~CloudDocs/bram/career_assessment/akasia_de/python-env/lib/python3.11/site-packages/airflow/example_dags/example_skip_dag.py
[2024-04-02T21:30:47.687+0800] {processor.py:830} INFO - Processing file /Users/kalerbramastha/Library/Mobile Documents/com~apple~CloudDocs/bram/career_assessment/akasia_de/python-env/lib/python3.11/site-packages/airflow/example_dags/example_skip_dag.py for tasks to queue
[2024-04-02T21:30:47.687+0800] {logging_mixin.py:188} INFO - [2024-04-02T21:30:47.687+0800] {dagbag.py:540} INFO - Filling up the DagBag from /Users/kalerbramastha/Library/Mobile Documents/com~apple~CloudDocs/bram/career_assessment/akasia_de/python-env/lib/python3.11/site-packages/airflow/example_dags/example_skip_dag.py
[2024-04-02T21:30:47.691+0800] {processor.py:840} INFO - DAG(s) 'example_skip_dag' retrieved from /Users/kalerbramastha/Library/Mobile Documents/com~apple~CloudDocs/bram/career_assessment/akasia_de/python-env/lib/python3.11/site-packages/airflow/example_dags/example_skip_dag.py
[2024-04-02T21:30:47.762+0800] {logging_mixin.py:188} INFO - [2024-04-02T21:30:47.762+0800] {dag.py:3047} INFO - Sync 1 DAGs
[2024-04-02T21:30:47.769+0800] {logging_mixin.py:188} INFO - [2024-04-02T21:30:47.769+0800] {dag.py:3834} INFO - Setting next_dagrun for example_skip_dag to 2024-04-01 00:00:00+00:00, run_after=2024-04-02 00:00:00+00:00
[2024-04-02T21:30:47.777+0800] {processor.py:183} INFO - Processing /Users/kalerbramastha/Library/Mobile Documents/com~apple~CloudDocs/bram/career_assessment/akasia_de/python-env/lib/python3.11/site-packages/airflow/example_dags/example_skip_dag.py took 0.092 seconds
[2024-04-02T21:32:18.014+0800] {processor.py:161} INFO - Started process (PID=22288) to work on /Users/kalerbramastha/Library/Mobile Documents/com~apple~CloudDocs/bram/career_assessment/akasia_de/python-env/lib/python3.11/site-packages/airflow/example_dags/example_skip_dag.py
[2024-04-02T21:32:18.014+0800] {processor.py:830} INFO - Processing file /Users/kalerbramastha/Library/Mobile Documents/com~apple~CloudDocs/bram/career_assessment/akasia_de/python-env/lib/python3.11/site-packages/airflow/example_dags/example_skip_dag.py for tasks to queue
[2024-04-02T21:32:18.015+0800] {logging_mixin.py:188} INFO - [2024-04-02T21:32:18.015+0800] {dagbag.py:540} INFO - Filling up the DagBag from /Users/kalerbramastha/Library/Mobile Documents/com~apple~CloudDocs/bram/career_assessment/akasia_de/python-env/lib/python3.11/site-packages/airflow/example_dags/example_skip_dag.py
[2024-04-02T21:32:18.019+0800] {processor.py:840} INFO - DAG(s) 'example_skip_dag' retrieved from /Users/kalerbramastha/Library/Mobile Documents/com~apple~CloudDocs/bram/career_assessment/akasia_de/python-env/lib/python3.11/site-packages/airflow/example_dags/example_skip_dag.py
[2024-04-02T21:32:18.054+0800] {logging_mixin.py:188} INFO - [2024-04-02T21:32:18.054+0800] {dag.py:3047} INFO - Sync 1 DAGs
[2024-04-02T21:32:18.061+0800] {logging_mixin.py:188} INFO - [2024-04-02T21:32:18.061+0800] {dag.py:3834} INFO - Setting next_dagrun for example_skip_dag to 2024-04-01 00:00:00+00:00, run_after=2024-04-02 00:00:00+00:00
[2024-04-02T21:32:18.068+0800] {processor.py:183} INFO - Processing /Users/kalerbramastha/Library/Mobile Documents/com~apple~CloudDocs/bram/career_assessment/akasia_de/python-env/lib/python3.11/site-packages/airflow/example_dags/example_skip_dag.py took 0.055 seconds
