[2024-04-02T21:13:37.852+0800] {processor.py:161} INFO - Started process (PID=19067) to work on /Users/kalerbramastha/Library/Mobile Documents/com~apple~CloudDocs/bram/career_assessment/akasia_de/python-env/lib/python3.11/site-packages/airflow/example_dags/example_subdag_operator.py
[2024-04-02T21:13:37.853+0800] {processor.py:830} INFO - Processing file /Users/kalerbramastha/Library/Mobile Documents/com~apple~CloudDocs/bram/career_assessment/akasia_de/python-env/lib/python3.11/site-packages/airflow/example_dags/example_subdag_operator.py for tasks to queue
[2024-04-02T21:13:37.853+0800] {logging_mixin.py:188} INFO - [2024-04-02T21:13:37.853+0800] {dagbag.py:540} INFO - Filling up the DagBag from /Users/kalerbramastha/Library/Mobile Documents/com~apple~CloudDocs/bram/career_assessment/akasia_de/python-env/lib/python3.11/site-packages/airflow/example_dags/example_subdag_operator.py
[2024-04-02T21:13:37.890+0800] {processor.py:840} INFO - DAG(s) 'example_subdag_operator.section-1', 'example_subdag_operator.section-2', 'example_subdag_operator' retrieved from /Users/kalerbramastha/Library/Mobile Documents/com~apple~CloudDocs/bram/career_assessment/akasia_de/python-env/lib/python3.11/site-packages/airflow/example_dags/example_subdag_operator.py
[2024-04-02T21:13:37.940+0800] {logging_mixin.py:188} INFO - [2024-04-02T21:13:37.940+0800] {override.py:1769} INFO - Created Permission View: can read on DAG:example_subdag_operator
[2024-04-02T21:13:37.944+0800] {logging_mixin.py:188} INFO - [2024-04-02T21:13:37.944+0800] {override.py:1769} INFO - Created Permission View: can edit on DAG:example_subdag_operator
[2024-04-02T21:13:37.946+0800] {logging_mixin.py:188} INFO - [2024-04-02T21:13:37.946+0800] {override.py:1769} INFO - Created Permission View: can delete on DAG:example_subdag_operator
[2024-04-02T21:13:37.946+0800] {logging_mixin.py:188} INFO - [2024-04-02T21:13:37.946+0800] {dag.py:3047} INFO - Sync 3 DAGs
[2024-04-02T21:13:37.950+0800] {logging_mixin.py:188} INFO - [2024-04-02T21:13:37.950+0800] {dag.py:3069} INFO - Creating ORM DAG for example_subdag_operator
[2024-04-02T21:13:37.950+0800] {logging_mixin.py:188} INFO - [2024-04-02T21:13:37.950+0800] {dag.py:3069} INFO - Creating ORM DAG for example_subdag_operator.section-2
[2024-04-02T21:13:37.950+0800] {logging_mixin.py:188} INFO - [2024-04-02T21:13:37.950+0800] {dag.py:3069} INFO - Creating ORM DAG for example_subdag_operator.section-1
[2024-04-02T21:13:37.953+0800] {logging_mixin.py:188} INFO - [2024-04-02T21:13:37.953+0800] {dag.py:3834} INFO - Setting next_dagrun for example_subdag_operator to 2022-01-01 00:00:00+00:00, run_after=2022-01-01 00:00:00+00:00
[2024-04-02T21:13:37.953+0800] {logging_mixin.py:188} INFO - [2024-04-02T21:13:37.953+0800] {dag.py:3834} INFO - Setting next_dagrun for example_subdag_operator.section-1 to None, run_after=None
[2024-04-02T21:13:37.953+0800] {logging_mixin.py:188} INFO - [2024-04-02T21:13:37.953+0800] {dag.py:3834} INFO - Setting next_dagrun for example_subdag_operator.section-2 to None, run_after=None
[2024-04-02T21:13:37.956+0800] {logging_mixin.py:188} INFO - [2024-04-02T21:13:37.956+0800] {dag.py:3047} INFO - Sync 2 DAGs
[2024-04-02T21:13:37.958+0800] {logging_mixin.py:188} INFO - [2024-04-02T21:13:37.958+0800] {dag.py:3834} INFO - Setting next_dagrun for example_subdag_operator.section-1 to None, run_after=None
[2024-04-02T21:13:37.959+0800] {logging_mixin.py:188} INFO - [2024-04-02T21:13:37.959+0800] {dag.py:3834} INFO - Setting next_dagrun for example_subdag_operator.section-2 to None, run_after=None
[2024-04-02T21:13:37.965+0800] {processor.py:183} INFO - Processing /Users/kalerbramastha/Library/Mobile Documents/com~apple~CloudDocs/bram/career_assessment/akasia_de/python-env/lib/python3.11/site-packages/airflow/example_dags/example_subdag_operator.py took 0.113 seconds
[2024-04-02T21:15:17.745+0800] {processor.py:161} INFO - Started process (PID=19471) to work on /Users/kalerbramastha/Library/Mobile Documents/com~apple~CloudDocs/bram/career_assessment/akasia_de/python-env/lib/python3.11/site-packages/airflow/example_dags/example_subdag_operator.py
[2024-04-02T21:15:17.746+0800] {processor.py:830} INFO - Processing file /Users/kalerbramastha/Library/Mobile Documents/com~apple~CloudDocs/bram/career_assessment/akasia_de/python-env/lib/python3.11/site-packages/airflow/example_dags/example_subdag_operator.py for tasks to queue
[2024-04-02T21:15:17.746+0800] {logging_mixin.py:188} INFO - [2024-04-02T21:15:17.746+0800] {dagbag.py:540} INFO - Filling up the DagBag from /Users/kalerbramastha/Library/Mobile Documents/com~apple~CloudDocs/bram/career_assessment/akasia_de/python-env/lib/python3.11/site-packages/airflow/example_dags/example_subdag_operator.py
[2024-04-02T21:15:17.784+0800] {processor.py:840} INFO - DAG(s) 'example_subdag_operator.section-1', 'example_subdag_operator.section-2', 'example_subdag_operator' retrieved from /Users/kalerbramastha/Library/Mobile Documents/com~apple~CloudDocs/bram/career_assessment/akasia_de/python-env/lib/python3.11/site-packages/airflow/example_dags/example_subdag_operator.py
[2024-04-02T21:15:17.801+0800] {logging_mixin.py:188} INFO - [2024-04-02T21:15:17.801+0800] {dag.py:3047} INFO - Sync 3 DAGs
[2024-04-02T21:15:17.808+0800] {logging_mixin.py:188} INFO - [2024-04-02T21:15:17.808+0800] {dag.py:3834} INFO - Setting next_dagrun for example_subdag_operator to 2022-01-01 00:00:00+00:00, run_after=2022-01-01 00:00:00+00:00
[2024-04-02T21:15:17.809+0800] {logging_mixin.py:188} INFO - [2024-04-02T21:15:17.809+0800] {dag.py:3834} INFO - Setting next_dagrun for example_subdag_operator.section-1 to None, run_after=None
[2024-04-02T21:15:17.810+0800] {logging_mixin.py:188} INFO - [2024-04-02T21:15:17.810+0800] {dag.py:3834} INFO - Setting next_dagrun for example_subdag_operator.section-2 to None, run_after=None
[2024-04-02T21:15:17.812+0800] {logging_mixin.py:188} INFO - [2024-04-02T21:15:17.812+0800] {dag.py:3047} INFO - Sync 2 DAGs
[2024-04-02T21:15:17.813+0800] {logging_mixin.py:188} INFO - [2024-04-02T21:15:17.813+0800] {dag.py:3834} INFO - Setting next_dagrun for example_subdag_operator.section-1 to None, run_after=None
[2024-04-02T21:15:17.814+0800] {logging_mixin.py:188} INFO - [2024-04-02T21:15:17.813+0800] {dag.py:3834} INFO - Setting next_dagrun for example_subdag_operator.section-2 to None, run_after=None
[2024-04-02T21:15:17.819+0800] {processor.py:183} INFO - Processing /Users/kalerbramastha/Library/Mobile Documents/com~apple~CloudDocs/bram/career_assessment/akasia_de/python-env/lib/python3.11/site-packages/airflow/example_dags/example_subdag_operator.py took 0.075 seconds
[2024-04-02T21:16:26.236+0800] {processor.py:161} INFO - Started process (PID=19903) to work on /Users/kalerbramastha/Library/Mobile Documents/com~apple~CloudDocs/bram/career_assessment/akasia_de/python-env/lib/python3.11/site-packages/airflow/example_dags/example_subdag_operator.py
[2024-04-02T21:16:26.237+0800] {processor.py:830} INFO - Processing file /Users/kalerbramastha/Library/Mobile Documents/com~apple~CloudDocs/bram/career_assessment/akasia_de/python-env/lib/python3.11/site-packages/airflow/example_dags/example_subdag_operator.py for tasks to queue
[2024-04-02T21:16:26.237+0800] {logging_mixin.py:188} INFO - [2024-04-02T21:16:26.237+0800] {dagbag.py:540} INFO - Filling up the DagBag from /Users/kalerbramastha/Library/Mobile Documents/com~apple~CloudDocs/bram/career_assessment/akasia_de/python-env/lib/python3.11/site-packages/airflow/example_dags/example_subdag_operator.py
[2024-04-02T21:16:26.272+0800] {processor.py:840} INFO - DAG(s) 'example_subdag_operator.section-1', 'example_subdag_operator.section-2', 'example_subdag_operator' retrieved from /Users/kalerbramastha/Library/Mobile Documents/com~apple~CloudDocs/bram/career_assessment/akasia_de/python-env/lib/python3.11/site-packages/airflow/example_dags/example_subdag_operator.py
[2024-04-02T21:16:26.289+0800] {logging_mixin.py:188} INFO - [2024-04-02T21:16:26.289+0800] {dag.py:3047} INFO - Sync 3 DAGs
[2024-04-02T21:16:26.296+0800] {logging_mixin.py:188} INFO - [2024-04-02T21:16:26.296+0800] {dag.py:3834} INFO - Setting next_dagrun for example_subdag_operator to 2022-01-01 00:00:00+00:00, run_after=2022-01-01 00:00:00+00:00
[2024-04-02T21:16:26.297+0800] {logging_mixin.py:188} INFO - [2024-04-02T21:16:26.297+0800] {dag.py:3834} INFO - Setting next_dagrun for example_subdag_operator.section-1 to None, run_after=None
[2024-04-02T21:16:26.297+0800] {logging_mixin.py:188} INFO - [2024-04-02T21:16:26.297+0800] {dag.py:3834} INFO - Setting next_dagrun for example_subdag_operator.section-2 to None, run_after=None
[2024-04-02T21:16:26.300+0800] {logging_mixin.py:188} INFO - [2024-04-02T21:16:26.299+0800] {dag.py:3047} INFO - Sync 2 DAGs
[2024-04-02T21:16:26.301+0800] {logging_mixin.py:188} INFO - [2024-04-02T21:16:26.301+0800] {dag.py:3834} INFO - Setting next_dagrun for example_subdag_operator.section-1 to None, run_after=None
[2024-04-02T21:16:26.301+0800] {logging_mixin.py:188} INFO - [2024-04-02T21:16:26.301+0800] {dag.py:3834} INFO - Setting next_dagrun for example_subdag_operator.section-2 to None, run_after=None
[2024-04-02T21:16:26.306+0800] {processor.py:183} INFO - Processing /Users/kalerbramastha/Library/Mobile Documents/com~apple~CloudDocs/bram/career_assessment/akasia_de/python-env/lib/python3.11/site-packages/airflow/example_dags/example_subdag_operator.py took 0.071 seconds
[2024-04-02T21:18:54.847+0800] {processor.py:161} INFO - Started process (PID=20332) to work on /Users/kalerbramastha/Library/Mobile Documents/com~apple~CloudDocs/bram/career_assessment/akasia_de/python-env/lib/python3.11/site-packages/airflow/example_dags/example_subdag_operator.py
[2024-04-02T21:18:54.847+0800] {processor.py:830} INFO - Processing file /Users/kalerbramastha/Library/Mobile Documents/com~apple~CloudDocs/bram/career_assessment/akasia_de/python-env/lib/python3.11/site-packages/airflow/example_dags/example_subdag_operator.py for tasks to queue
[2024-04-02T21:18:54.848+0800] {logging_mixin.py:188} INFO - [2024-04-02T21:18:54.848+0800] {dagbag.py:540} INFO - Filling up the DagBag from /Users/kalerbramastha/Library/Mobile Documents/com~apple~CloudDocs/bram/career_assessment/akasia_de/python-env/lib/python3.11/site-packages/airflow/example_dags/example_subdag_operator.py
[2024-04-02T21:18:54.880+0800] {processor.py:840} INFO - DAG(s) 'example_subdag_operator.section-1', 'example_subdag_operator.section-2', 'example_subdag_operator' retrieved from /Users/kalerbramastha/Library/Mobile Documents/com~apple~CloudDocs/bram/career_assessment/akasia_de/python-env/lib/python3.11/site-packages/airflow/example_dags/example_subdag_operator.py
[2024-04-02T21:18:54.928+0800] {logging_mixin.py:188} INFO - [2024-04-02T21:18:54.928+0800] {dag.py:3047} INFO - Sync 3 DAGs
[2024-04-02T21:18:54.934+0800] {logging_mixin.py:188} INFO - [2024-04-02T21:18:54.934+0800] {dag.py:3834} INFO - Setting next_dagrun for example_subdag_operator to 2022-01-01 00:00:00+00:00, run_after=2022-01-01 00:00:00+00:00
[2024-04-02T21:18:54.935+0800] {logging_mixin.py:188} INFO - [2024-04-02T21:18:54.935+0800] {dag.py:3834} INFO - Setting next_dagrun for example_subdag_operator.section-1 to None, run_after=None
[2024-04-02T21:18:54.935+0800] {logging_mixin.py:188} INFO - [2024-04-02T21:18:54.935+0800] {dag.py:3834} INFO - Setting next_dagrun for example_subdag_operator.section-2 to None, run_after=None
[2024-04-02T21:18:54.938+0800] {logging_mixin.py:188} INFO - [2024-04-02T21:18:54.938+0800] {dag.py:3047} INFO - Sync 2 DAGs
[2024-04-02T21:18:54.940+0800] {logging_mixin.py:188} INFO - [2024-04-02T21:18:54.940+0800] {dag.py:3834} INFO - Setting next_dagrun for example_subdag_operator.section-1 to None, run_after=None
[2024-04-02T21:18:54.940+0800] {logging_mixin.py:188} INFO - [2024-04-02T21:18:54.940+0800] {dag.py:3834} INFO - Setting next_dagrun for example_subdag_operator.section-2 to None, run_after=None
[2024-04-02T21:18:54.946+0800] {processor.py:183} INFO - Processing /Users/kalerbramastha/Library/Mobile Documents/com~apple~CloudDocs/bram/career_assessment/akasia_de/python-env/lib/python3.11/site-packages/airflow/example_dags/example_subdag_operator.py took 0.100 seconds
[2024-04-02T21:20:32.187+0800] {processor.py:161} INFO - Started process (PID=20462) to work on /Users/kalerbramastha/Library/Mobile Documents/com~apple~CloudDocs/bram/career_assessment/akasia_de/python-env/lib/python3.11/site-packages/airflow/example_dags/example_subdag_operator.py
[2024-04-02T21:20:32.188+0800] {processor.py:830} INFO - Processing file /Users/kalerbramastha/Library/Mobile Documents/com~apple~CloudDocs/bram/career_assessment/akasia_de/python-env/lib/python3.11/site-packages/airflow/example_dags/example_subdag_operator.py for tasks to queue
[2024-04-02T21:20:32.188+0800] {logging_mixin.py:188} INFO - [2024-04-02T21:20:32.188+0800] {dagbag.py:540} INFO - Filling up the DagBag from /Users/kalerbramastha/Library/Mobile Documents/com~apple~CloudDocs/bram/career_assessment/akasia_de/python-env/lib/python3.11/site-packages/airflow/example_dags/example_subdag_operator.py
[2024-04-02T21:20:32.220+0800] {processor.py:840} INFO - DAG(s) 'example_subdag_operator.section-1', 'example_subdag_operator.section-2', 'example_subdag_operator' retrieved from /Users/kalerbramastha/Library/Mobile Documents/com~apple~CloudDocs/bram/career_assessment/akasia_de/python-env/lib/python3.11/site-packages/airflow/example_dags/example_subdag_operator.py
[2024-04-02T21:20:32.233+0800] {logging_mixin.py:188} INFO - [2024-04-02T21:20:32.232+0800] {dag.py:3047} INFO - Sync 3 DAGs
[2024-04-02T21:20:32.239+0800] {logging_mixin.py:188} INFO - [2024-04-02T21:20:32.239+0800] {dag.py:3834} INFO - Setting next_dagrun for example_subdag_operator to 2022-01-01 00:00:00+00:00, run_after=2022-01-01 00:00:00+00:00
[2024-04-02T21:20:32.240+0800] {logging_mixin.py:188} INFO - [2024-04-02T21:20:32.240+0800] {dag.py:3834} INFO - Setting next_dagrun for example_subdag_operator.section-1 to None, run_after=None
[2024-04-02T21:20:32.240+0800] {logging_mixin.py:188} INFO - [2024-04-02T21:20:32.240+0800] {dag.py:3834} INFO - Setting next_dagrun for example_subdag_operator.section-2 to None, run_after=None
[2024-04-02T21:20:32.242+0800] {logging_mixin.py:188} INFO - [2024-04-02T21:20:32.242+0800] {dag.py:3047} INFO - Sync 2 DAGs
[2024-04-02T21:20:32.243+0800] {logging_mixin.py:188} INFO - [2024-04-02T21:20:32.243+0800] {dag.py:3834} INFO - Setting next_dagrun for example_subdag_operator.section-1 to None, run_after=None
[2024-04-02T21:20:32.243+0800] {logging_mixin.py:188} INFO - [2024-04-02T21:20:32.243+0800] {dag.py:3834} INFO - Setting next_dagrun for example_subdag_operator.section-2 to None, run_after=None
[2024-04-02T21:20:32.248+0800] {processor.py:183} INFO - Processing /Users/kalerbramastha/Library/Mobile Documents/com~apple~CloudDocs/bram/career_assessment/akasia_de/python-env/lib/python3.11/site-packages/airflow/example_dags/example_subdag_operator.py took 0.061 seconds
[2024-04-02T21:21:34.188+0800] {processor.py:161} INFO - Started process (PID=20537) to work on /Users/kalerbramastha/Library/Mobile Documents/com~apple~CloudDocs/bram/career_assessment/akasia_de/python-env/lib/python3.11/site-packages/airflow/example_dags/example_subdag_operator.py
[2024-04-02T21:21:34.188+0800] {processor.py:830} INFO - Processing file /Users/kalerbramastha/Library/Mobile Documents/com~apple~CloudDocs/bram/career_assessment/akasia_de/python-env/lib/python3.11/site-packages/airflow/example_dags/example_subdag_operator.py for tasks to queue
[2024-04-02T21:21:34.189+0800] {logging_mixin.py:188} INFO - [2024-04-02T21:21:34.189+0800] {dagbag.py:540} INFO - Filling up the DagBag from /Users/kalerbramastha/Library/Mobile Documents/com~apple~CloudDocs/bram/career_assessment/akasia_de/python-env/lib/python3.11/site-packages/airflow/example_dags/example_subdag_operator.py
[2024-04-02T21:21:34.221+0800] {processor.py:840} INFO - DAG(s) 'example_subdag_operator.section-1', 'example_subdag_operator.section-2', 'example_subdag_operator' retrieved from /Users/kalerbramastha/Library/Mobile Documents/com~apple~CloudDocs/bram/career_assessment/akasia_de/python-env/lib/python3.11/site-packages/airflow/example_dags/example_subdag_operator.py
[2024-04-02T21:21:34.233+0800] {logging_mixin.py:188} INFO - [2024-04-02T21:21:34.233+0800] {dag.py:3047} INFO - Sync 3 DAGs
[2024-04-02T21:21:34.239+0800] {logging_mixin.py:188} INFO - [2024-04-02T21:21:34.239+0800] {dag.py:3834} INFO - Setting next_dagrun for example_subdag_operator to 2022-01-01 00:00:00+00:00, run_after=2022-01-01 00:00:00+00:00
[2024-04-02T21:21:34.240+0800] {logging_mixin.py:188} INFO - [2024-04-02T21:21:34.240+0800] {dag.py:3834} INFO - Setting next_dagrun for example_subdag_operator.section-1 to None, run_after=None
[2024-04-02T21:21:34.241+0800] {logging_mixin.py:188} INFO - [2024-04-02T21:21:34.241+0800] {dag.py:3834} INFO - Setting next_dagrun for example_subdag_operator.section-2 to None, run_after=None
[2024-04-02T21:21:34.243+0800] {logging_mixin.py:188} INFO - [2024-04-02T21:21:34.243+0800] {dag.py:3047} INFO - Sync 2 DAGs
[2024-04-02T21:21:34.244+0800] {logging_mixin.py:188} INFO - [2024-04-02T21:21:34.244+0800] {dag.py:3834} INFO - Setting next_dagrun for example_subdag_operator.section-1 to None, run_after=None
[2024-04-02T21:21:34.244+0800] {logging_mixin.py:188} INFO - [2024-04-02T21:21:34.244+0800] {dag.py:3834} INFO - Setting next_dagrun for example_subdag_operator.section-2 to None, run_after=None
[2024-04-02T21:21:34.248+0800] {processor.py:183} INFO - Processing /Users/kalerbramastha/Library/Mobile Documents/com~apple~CloudDocs/bram/career_assessment/akasia_de/python-env/lib/python3.11/site-packages/airflow/example_dags/example_subdag_operator.py took 0.061 seconds
[2024-04-02T21:30:43.489+0800] {processor.py:161} INFO - Started process (PID=22197) to work on /Users/kalerbramastha/Library/Mobile Documents/com~apple~CloudDocs/bram/career_assessment/akasia_de/python-env/lib/python3.11/site-packages/airflow/example_dags/example_subdag_operator.py
[2024-04-02T21:30:43.490+0800] {processor.py:830} INFO - Processing file /Users/kalerbramastha/Library/Mobile Documents/com~apple~CloudDocs/bram/career_assessment/akasia_de/python-env/lib/python3.11/site-packages/airflow/example_dags/example_subdag_operator.py for tasks to queue
[2024-04-02T21:30:43.490+0800] {logging_mixin.py:188} INFO - [2024-04-02T21:30:43.490+0800] {dagbag.py:540} INFO - Filling up the DagBag from /Users/kalerbramastha/Library/Mobile Documents/com~apple~CloudDocs/bram/career_assessment/akasia_de/python-env/lib/python3.11/site-packages/airflow/example_dags/example_subdag_operator.py
[2024-04-02T21:30:43.526+0800] {processor.py:840} INFO - DAG(s) 'example_subdag_operator.section-1', 'example_subdag_operator.section-2', 'example_subdag_operator' retrieved from /Users/kalerbramastha/Library/Mobile Documents/com~apple~CloudDocs/bram/career_assessment/akasia_de/python-env/lib/python3.11/site-packages/airflow/example_dags/example_subdag_operator.py
[2024-04-02T21:30:43.574+0800] {logging_mixin.py:188} INFO - [2024-04-02T21:30:43.574+0800] {dag.py:3047} INFO - Sync 3 DAGs
[2024-04-02T21:30:43.579+0800] {logging_mixin.py:188} INFO - [2024-04-02T21:30:43.579+0800] {dag.py:3834} INFO - Setting next_dagrun for example_subdag_operator to 2022-01-01 00:00:00+00:00, run_after=2022-01-01 00:00:00+00:00
[2024-04-02T21:30:43.580+0800] {logging_mixin.py:188} INFO - [2024-04-02T21:30:43.580+0800] {dag.py:3834} INFO - Setting next_dagrun for example_subdag_operator.section-1 to None, run_after=None
[2024-04-02T21:30:43.580+0800] {logging_mixin.py:188} INFO - [2024-04-02T21:30:43.580+0800] {dag.py:3834} INFO - Setting next_dagrun for example_subdag_operator.section-2 to None, run_after=None
[2024-04-02T21:30:43.583+0800] {logging_mixin.py:188} INFO - [2024-04-02T21:30:43.583+0800] {dag.py:3047} INFO - Sync 2 DAGs
[2024-04-02T21:30:43.584+0800] {logging_mixin.py:188} INFO - [2024-04-02T21:30:43.584+0800] {dag.py:3834} INFO - Setting next_dagrun for example_subdag_operator.section-1 to None, run_after=None
[2024-04-02T21:30:43.584+0800] {logging_mixin.py:188} INFO - [2024-04-02T21:30:43.584+0800] {dag.py:3834} INFO - Setting next_dagrun for example_subdag_operator.section-2 to None, run_after=None
[2024-04-02T21:30:43.589+0800] {processor.py:183} INFO - Processing /Users/kalerbramastha/Library/Mobile Documents/com~apple~CloudDocs/bram/career_assessment/akasia_de/python-env/lib/python3.11/site-packages/airflow/example_dags/example_subdag_operator.py took 0.100 seconds
[2024-04-02T21:32:14.899+0800] {processor.py:161} INFO - Started process (PID=22284) to work on /Users/kalerbramastha/Library/Mobile Documents/com~apple~CloudDocs/bram/career_assessment/akasia_de/python-env/lib/python3.11/site-packages/airflow/example_dags/example_subdag_operator.py
[2024-04-02T21:32:14.900+0800] {processor.py:830} INFO - Processing file /Users/kalerbramastha/Library/Mobile Documents/com~apple~CloudDocs/bram/career_assessment/akasia_de/python-env/lib/python3.11/site-packages/airflow/example_dags/example_subdag_operator.py for tasks to queue
[2024-04-02T21:32:14.901+0800] {logging_mixin.py:188} INFO - [2024-04-02T21:32:14.901+0800] {dagbag.py:540} INFO - Filling up the DagBag from /Users/kalerbramastha/Library/Mobile Documents/com~apple~CloudDocs/bram/career_assessment/akasia_de/python-env/lib/python3.11/site-packages/airflow/example_dags/example_subdag_operator.py
[2024-04-02T21:32:14.937+0800] {processor.py:840} INFO - DAG(s) 'example_subdag_operator.section-1', 'example_subdag_operator.section-2', 'example_subdag_operator' retrieved from /Users/kalerbramastha/Library/Mobile Documents/com~apple~CloudDocs/bram/career_assessment/akasia_de/python-env/lib/python3.11/site-packages/airflow/example_dags/example_subdag_operator.py
[2024-04-02T21:32:14.952+0800] {logging_mixin.py:188} INFO - [2024-04-02T21:32:14.952+0800] {dag.py:3047} INFO - Sync 3 DAGs
[2024-04-02T21:32:14.959+0800] {logging_mixin.py:188} INFO - [2024-04-02T21:32:14.959+0800] {dag.py:3834} INFO - Setting next_dagrun for example_subdag_operator to 2022-01-01 00:00:00+00:00, run_after=2022-01-01 00:00:00+00:00
[2024-04-02T21:32:14.960+0800] {logging_mixin.py:188} INFO - [2024-04-02T21:32:14.960+0800] {dag.py:3834} INFO - Setting next_dagrun for example_subdag_operator.section-1 to None, run_after=None
[2024-04-02T21:32:14.961+0800] {logging_mixin.py:188} INFO - [2024-04-02T21:32:14.961+0800] {dag.py:3834} INFO - Setting next_dagrun for example_subdag_operator.section-2 to None, run_after=None
[2024-04-02T21:32:14.963+0800] {logging_mixin.py:188} INFO - [2024-04-02T21:32:14.963+0800] {dag.py:3047} INFO - Sync 2 DAGs
[2024-04-02T21:32:14.964+0800] {logging_mixin.py:188} INFO - [2024-04-02T21:32:14.964+0800] {dag.py:3834} INFO - Setting next_dagrun for example_subdag_operator.section-1 to None, run_after=None
[2024-04-02T21:32:14.965+0800] {logging_mixin.py:188} INFO - [2024-04-02T21:32:14.964+0800] {dag.py:3834} INFO - Setting next_dagrun for example_subdag_operator.section-2 to None, run_after=None
[2024-04-02T21:32:14.970+0800] {processor.py:183} INFO - Processing /Users/kalerbramastha/Library/Mobile Documents/com~apple~CloudDocs/bram/career_assessment/akasia_de/python-env/lib/python3.11/site-packages/airflow/example_dags/example_subdag_operator.py took 0.072 seconds
