[2024-04-02T21:14:11.813+0800] {processor.py:161} INFO - Started process (PID=19299) to work on /Users/kalerbramastha/Library/Mobile Documents/com~apple~CloudDocs/bram/career_assessment/akasia_de/python-env/lib/python3.11/site-packages/airflow/example_dags/example_latest_only_with_trigger.py
[2024-04-02T21:14:11.814+0800] {processor.py:830} INFO - Processing file /Users/kalerbramastha/Library/Mobile Documents/com~apple~CloudDocs/bram/career_assessment/akasia_de/python-env/lib/python3.11/site-packages/airflow/example_dags/example_latest_only_with_trigger.py for tasks to queue
[2024-04-02T21:14:11.814+0800] {logging_mixin.py:188} INFO - [2024-04-02T21:14:11.814+0800] {dagbag.py:540} INFO - Filling up the DagBag from /Users/kalerbramastha/Library/Mobile Documents/com~apple~CloudDocs/bram/career_assessment/akasia_de/python-env/lib/python3.11/site-packages/airflow/example_dags/example_latest_only_with_trigger.py
[2024-04-02T21:14:11.818+0800] {processor.py:840} INFO - DAG(s) 'latest_only_with_trigger' retrieved from /Users/kalerbramastha/Library/Mobile Documents/com~apple~CloudDocs/bram/career_assessment/akasia_de/python-env/lib/python3.11/site-packages/airflow/example_dags/example_latest_only_with_trigger.py
[2024-04-02T21:14:11.890+0800] {logging_mixin.py:188} INFO - [2024-04-02T21:14:11.890+0800] {override.py:1769} INFO - Created Permission View: can delete on DAG:latest_only_with_trigger
[2024-04-02T21:14:11.894+0800] {logging_mixin.py:188} INFO - [2024-04-02T21:14:11.893+0800] {override.py:1769} INFO - Created Permission View: can edit on DAG:latest_only_with_trigger
[2024-04-02T21:14:11.896+0800] {logging_mixin.py:188} INFO - [2024-04-02T21:14:11.896+0800] {override.py:1769} INFO - Created Permission View: can read on DAG:latest_only_with_trigger
[2024-04-02T21:14:11.896+0800] {logging_mixin.py:188} INFO - [2024-04-02T21:14:11.896+0800] {dag.py:3047} INFO - Sync 1 DAGs
[2024-04-02T21:14:11.900+0800] {logging_mixin.py:188} INFO - [2024-04-02T21:14:11.900+0800] {dag.py:3069} INFO - Creating ORM DAG for latest_only_with_trigger
[2024-04-02T21:14:11.903+0800] {logging_mixin.py:188} INFO - [2024-04-02T21:14:11.903+0800] {dag.py:3834} INFO - Setting next_dagrun for latest_only_with_trigger to 2024-04-02 08:00:00+00:00, run_after=2024-04-02 12:00:00+00:00
[2024-04-02T21:14:11.910+0800] {processor.py:183} INFO - Processing /Users/kalerbramastha/Library/Mobile Documents/com~apple~CloudDocs/bram/career_assessment/akasia_de/python-env/lib/python3.11/site-packages/airflow/example_dags/example_latest_only_with_trigger.py took 0.098 seconds
[2024-04-02T21:15:49.406+0800] {processor.py:161} INFO - Started process (PID=19754) to work on /Users/kalerbramastha/Library/Mobile Documents/com~apple~CloudDocs/bram/career_assessment/akasia_de/python-env/lib/python3.11/site-packages/airflow/example_dags/example_latest_only_with_trigger.py
[2024-04-02T21:15:49.407+0800] {processor.py:830} INFO - Processing file /Users/kalerbramastha/Library/Mobile Documents/com~apple~CloudDocs/bram/career_assessment/akasia_de/python-env/lib/python3.11/site-packages/airflow/example_dags/example_latest_only_with_trigger.py for tasks to queue
[2024-04-02T21:15:49.407+0800] {logging_mixin.py:188} INFO - [2024-04-02T21:15:49.407+0800] {dagbag.py:540} INFO - Filling up the DagBag from /Users/kalerbramastha/Library/Mobile Documents/com~apple~CloudDocs/bram/career_assessment/akasia_de/python-env/lib/python3.11/site-packages/airflow/example_dags/example_latest_only_with_trigger.py
[2024-04-02T21:15:49.411+0800] {processor.py:840} INFO - DAG(s) 'latest_only_with_trigger' retrieved from /Users/kalerbramastha/Library/Mobile Documents/com~apple~CloudDocs/bram/career_assessment/akasia_de/python-env/lib/python3.11/site-packages/airflow/example_dags/example_latest_only_with_trigger.py
[2024-04-02T21:15:49.447+0800] {logging_mixin.py:188} INFO - [2024-04-02T21:15:49.447+0800] {dag.py:3047} INFO - Sync 1 DAGs
[2024-04-02T21:15:49.454+0800] {logging_mixin.py:188} INFO - [2024-04-02T21:15:49.454+0800] {dag.py:3834} INFO - Setting next_dagrun for latest_only_with_trigger to 2024-04-02 08:00:00+00:00, run_after=2024-04-02 12:00:00+00:00
[2024-04-02T21:15:49.461+0800] {processor.py:183} INFO - Processing /Users/kalerbramastha/Library/Mobile Documents/com~apple~CloudDocs/bram/career_assessment/akasia_de/python-env/lib/python3.11/site-packages/airflow/example_dags/example_latest_only_with_trigger.py took 0.056 seconds
[2024-04-02T21:19:26.488+0800] {processor.py:161} INFO - Started process (PID=20377) to work on /Users/kalerbramastha/Library/Mobile Documents/com~apple~CloudDocs/bram/career_assessment/akasia_de/python-env/lib/python3.11/site-packages/airflow/example_dags/example_latest_only_with_trigger.py
[2024-04-02T21:19:26.489+0800] {processor.py:830} INFO - Processing file /Users/kalerbramastha/Library/Mobile Documents/com~apple~CloudDocs/bram/career_assessment/akasia_de/python-env/lib/python3.11/site-packages/airflow/example_dags/example_latest_only_with_trigger.py for tasks to queue
[2024-04-02T21:19:26.489+0800] {logging_mixin.py:188} INFO - [2024-04-02T21:19:26.489+0800] {dagbag.py:540} INFO - Filling up the DagBag from /Users/kalerbramastha/Library/Mobile Documents/com~apple~CloudDocs/bram/career_assessment/akasia_de/python-env/lib/python3.11/site-packages/airflow/example_dags/example_latest_only_with_trigger.py
[2024-04-02T21:19:26.492+0800] {processor.py:840} INFO - DAG(s) 'latest_only_with_trigger' retrieved from /Users/kalerbramastha/Library/Mobile Documents/com~apple~CloudDocs/bram/career_assessment/akasia_de/python-env/lib/python3.11/site-packages/airflow/example_dags/example_latest_only_with_trigger.py
[2024-04-02T21:19:26.554+0800] {logging_mixin.py:188} INFO - [2024-04-02T21:19:26.554+0800] {dag.py:3047} INFO - Sync 1 DAGs
[2024-04-02T21:19:26.560+0800] {logging_mixin.py:188} INFO - [2024-04-02T21:19:26.560+0800] {dag.py:3834} INFO - Setting next_dagrun for latest_only_with_trigger to 2024-04-02 08:00:00+00:00, run_after=2024-04-02 12:00:00+00:00
[2024-04-02T21:19:26.567+0800] {processor.py:183} INFO - Processing /Users/kalerbramastha/Library/Mobile Documents/com~apple~CloudDocs/bram/career_assessment/akasia_de/python-env/lib/python3.11/site-packages/airflow/example_dags/example_latest_only_with_trigger.py took 0.079 seconds
[2024-04-02T21:21:02.149+0800] {processor.py:161} INFO - Started process (PID=20486) to work on /Users/kalerbramastha/Library/Mobile Documents/com~apple~CloudDocs/bram/career_assessment/akasia_de/python-env/lib/python3.11/site-packages/airflow/example_dags/example_latest_only_with_trigger.py
[2024-04-02T21:21:02.150+0800] {processor.py:830} INFO - Processing file /Users/kalerbramastha/Library/Mobile Documents/com~apple~CloudDocs/bram/career_assessment/akasia_de/python-env/lib/python3.11/site-packages/airflow/example_dags/example_latest_only_with_trigger.py for tasks to queue
[2024-04-02T21:21:02.150+0800] {logging_mixin.py:188} INFO - [2024-04-02T21:21:02.150+0800] {dagbag.py:540} INFO - Filling up the DagBag from /Users/kalerbramastha/Library/Mobile Documents/com~apple~CloudDocs/bram/career_assessment/akasia_de/python-env/lib/python3.11/site-packages/airflow/example_dags/example_latest_only_with_trigger.py
[2024-04-02T21:21:02.154+0800] {processor.py:840} INFO - DAG(s) 'latest_only_with_trigger' retrieved from /Users/kalerbramastha/Library/Mobile Documents/com~apple~CloudDocs/bram/career_assessment/akasia_de/python-env/lib/python3.11/site-packages/airflow/example_dags/example_latest_only_with_trigger.py
[2024-04-02T21:21:02.186+0800] {logging_mixin.py:188} INFO - [2024-04-02T21:21:02.186+0800] {dag.py:3047} INFO - Sync 1 DAGs
[2024-04-02T21:21:02.192+0800] {logging_mixin.py:188} INFO - [2024-04-02T21:21:02.192+0800] {dag.py:3834} INFO - Setting next_dagrun for latest_only_with_trigger to 2024-04-02 08:00:00+00:00, run_after=2024-04-02 12:00:00+00:00
[2024-04-02T21:21:02.200+0800] {processor.py:183} INFO - Processing /Users/kalerbramastha/Library/Mobile Documents/com~apple~CloudDocs/bram/career_assessment/akasia_de/python-env/lib/python3.11/site-packages/airflow/example_dags/example_latest_only_with_trigger.py took 0.051 seconds
[2024-04-02T21:31:13.589+0800] {processor.py:161} INFO - Started process (PID=22231) to work on /Users/kalerbramastha/Library/Mobile Documents/com~apple~CloudDocs/bram/career_assessment/akasia_de/python-env/lib/python3.11/site-packages/airflow/example_dags/example_latest_only_with_trigger.py
[2024-04-02T21:31:13.589+0800] {processor.py:830} INFO - Processing file /Users/kalerbramastha/Library/Mobile Documents/com~apple~CloudDocs/bram/career_assessment/akasia_de/python-env/lib/python3.11/site-packages/airflow/example_dags/example_latest_only_with_trigger.py for tasks to queue
[2024-04-02T21:31:13.590+0800] {logging_mixin.py:188} INFO - [2024-04-02T21:31:13.590+0800] {dagbag.py:540} INFO - Filling up the DagBag from /Users/kalerbramastha/Library/Mobile Documents/com~apple~CloudDocs/bram/career_assessment/akasia_de/python-env/lib/python3.11/site-packages/airflow/example_dags/example_latest_only_with_trigger.py
[2024-04-02T21:31:13.593+0800] {processor.py:840} INFO - DAG(s) 'latest_only_with_trigger' retrieved from /Users/kalerbramastha/Library/Mobile Documents/com~apple~CloudDocs/bram/career_assessment/akasia_de/python-env/lib/python3.11/site-packages/airflow/example_dags/example_latest_only_with_trigger.py
[2024-04-02T21:31:13.660+0800] {logging_mixin.py:188} INFO - [2024-04-02T21:31:13.660+0800] {dag.py:3047} INFO - Sync 1 DAGs
[2024-04-02T21:31:13.666+0800] {logging_mixin.py:188} INFO - [2024-04-02T21:31:13.666+0800] {dag.py:3834} INFO - Setting next_dagrun for latest_only_with_trigger to 2024-04-02 08:00:00+00:00, run_after=2024-04-02 12:00:00+00:00
[2024-04-02T21:31:13.674+0800] {processor.py:183} INFO - Processing /Users/kalerbramastha/Library/Mobile Documents/com~apple~CloudDocs/bram/career_assessment/akasia_de/python-env/lib/python3.11/site-packages/airflow/example_dags/example_latest_only_with_trigger.py took 0.086 seconds
