[2024-04-02T21:14:30.396+0800] {processor.py:161} INFO - Started process (PID=19327) to work on /Users/kalerbramastha/Library/Mobile Documents/com~apple~CloudDocs/bram/career_assessment/akasia_de/python-env/lib/python3.11/site-packages/airflow/example_dags/example_branch_python_dop_operator_3.py
[2024-04-02T21:14:30.396+0800] {processor.py:830} INFO - Processing file /Users/kalerbramastha/Library/Mobile Documents/com~apple~CloudDocs/bram/career_assessment/akasia_de/python-env/lib/python3.11/site-packages/airflow/example_dags/example_branch_python_dop_operator_3.py for tasks to queue
[2024-04-02T21:14:30.396+0800] {logging_mixin.py:188} INFO - [2024-04-02T21:14:30.396+0800] {dagbag.py:540} INFO - Filling up the DagBag from /Users/kalerbramastha/Library/Mobile Documents/com~apple~CloudDocs/bram/career_assessment/akasia_de/python-env/lib/python3.11/site-packages/airflow/example_dags/example_branch_python_dop_operator_3.py
[2024-04-02T21:14:30.413+0800] {processor.py:840} INFO - DAG(s) 'example_branch_dop_operator_v3' retrieved from /Users/kalerbramastha/Library/Mobile Documents/com~apple~CloudDocs/bram/career_assessment/akasia_de/python-env/lib/python3.11/site-packages/airflow/example_dags/example_branch_python_dop_operator_3.py
[2024-04-02T21:14:30.484+0800] {logging_mixin.py:188} INFO - [2024-04-02T21:14:30.484+0800] {override.py:1769} INFO - Created Permission View: can delete on DAG:example_branch_dop_operator_v3
[2024-04-02T21:14:30.488+0800] {logging_mixin.py:188} INFO - [2024-04-02T21:14:30.488+0800] {override.py:1769} INFO - Created Permission View: can edit on DAG:example_branch_dop_operator_v3
[2024-04-02T21:14:30.490+0800] {logging_mixin.py:188} INFO - [2024-04-02T21:14:30.490+0800] {override.py:1769} INFO - Created Permission View: can read on DAG:example_branch_dop_operator_v3
[2024-04-02T21:14:30.491+0800] {logging_mixin.py:188} INFO - [2024-04-02T21:14:30.490+0800] {dag.py:3047} INFO - Sync 1 DAGs
[2024-04-02T21:14:30.495+0800] {logging_mixin.py:188} INFO - [2024-04-02T21:14:30.495+0800] {dag.py:3069} INFO - Creating ORM DAG for example_branch_dop_operator_v3
[2024-04-02T21:14:30.500+0800] {logging_mixin.py:188} INFO - [2024-04-02T21:14:30.500+0800] {dag.py:3834} INFO - Setting next_dagrun for example_branch_dop_operator_v3 to 2024-04-02 13:13:00+00:00, run_after=2024-04-02 13:14:00+00:00
[2024-04-02T21:14:30.509+0800] {processor.py:183} INFO - Processing /Users/kalerbramastha/Library/Mobile Documents/com~apple~CloudDocs/bram/career_assessment/akasia_de/python-env/lib/python3.11/site-packages/airflow/example_dags/example_branch_python_dop_operator_3.py took 0.114 seconds
[2024-04-02T21:16:46.019+0800] {processor.py:161} INFO - Started process (PID=19979) to work on /Users/kalerbramastha/Library/Mobile Documents/com~apple~CloudDocs/bram/career_assessment/akasia_de/python-env/lib/python3.11/site-packages/airflow/example_dags/example_branch_python_dop_operator_3.py
[2024-04-02T21:16:46.021+0800] {processor.py:830} INFO - Processing file /Users/kalerbramastha/Library/Mobile Documents/com~apple~CloudDocs/bram/career_assessment/akasia_de/python-env/lib/python3.11/site-packages/airflow/example_dags/example_branch_python_dop_operator_3.py for tasks to queue
[2024-04-02T21:16:46.021+0800] {logging_mixin.py:188} INFO - [2024-04-02T21:16:46.021+0800] {dagbag.py:540} INFO - Filling up the DagBag from /Users/kalerbramastha/Library/Mobile Documents/com~apple~CloudDocs/bram/career_assessment/akasia_de/python-env/lib/python3.11/site-packages/airflow/example_dags/example_branch_python_dop_operator_3.py
[2024-04-02T21:16:46.038+0800] {processor.py:840} INFO - DAG(s) 'example_branch_dop_operator_v3' retrieved from /Users/kalerbramastha/Library/Mobile Documents/com~apple~CloudDocs/bram/career_assessment/akasia_de/python-env/lib/python3.11/site-packages/airflow/example_dags/example_branch_python_dop_operator_3.py
[2024-04-02T21:16:46.077+0800] {logging_mixin.py:188} INFO - [2024-04-02T21:16:46.077+0800] {dag.py:3047} INFO - Sync 1 DAGs
[2024-04-02T21:16:46.085+0800] {logging_mixin.py:188} INFO - [2024-04-02T21:16:46.085+0800] {dag.py:3834} INFO - Setting next_dagrun for example_branch_dop_operator_v3 to 2024-04-02 13:15:00+00:00, run_after=2024-04-02 13:16:00+00:00
[2024-04-02T21:16:46.093+0800] {processor.py:183} INFO - Processing /Users/kalerbramastha/Library/Mobile Documents/com~apple~CloudDocs/bram/career_assessment/akasia_de/python-env/lib/python3.11/site-packages/airflow/example_dags/example_branch_python_dop_operator_3.py took 0.074 seconds
[2024-04-02T21:19:44.536+0800] {processor.py:161} INFO - Started process (PID=20393) to work on /Users/kalerbramastha/Library/Mobile Documents/com~apple~CloudDocs/bram/career_assessment/akasia_de/python-env/lib/python3.11/site-packages/airflow/example_dags/example_branch_python_dop_operator_3.py
[2024-04-02T21:19:44.537+0800] {processor.py:830} INFO - Processing file /Users/kalerbramastha/Library/Mobile Documents/com~apple~CloudDocs/bram/career_assessment/akasia_de/python-env/lib/python3.11/site-packages/airflow/example_dags/example_branch_python_dop_operator_3.py for tasks to queue
[2024-04-02T21:19:44.537+0800] {logging_mixin.py:188} INFO - [2024-04-02T21:19:44.537+0800] {dagbag.py:540} INFO - Filling up the DagBag from /Users/kalerbramastha/Library/Mobile Documents/com~apple~CloudDocs/bram/career_assessment/akasia_de/python-env/lib/python3.11/site-packages/airflow/example_dags/example_branch_python_dop_operator_3.py
[2024-04-02T21:19:44.551+0800] {processor.py:840} INFO - DAG(s) 'example_branch_dop_operator_v3' retrieved from /Users/kalerbramastha/Library/Mobile Documents/com~apple~CloudDocs/bram/career_assessment/akasia_de/python-env/lib/python3.11/site-packages/airflow/example_dags/example_branch_python_dop_operator_3.py
[2024-04-02T21:19:44.610+0800] {logging_mixin.py:188} INFO - [2024-04-02T21:19:44.610+0800] {dag.py:3047} INFO - Sync 1 DAGs
[2024-04-02T21:19:44.617+0800] {logging_mixin.py:188} INFO - [2024-04-02T21:19:44.617+0800] {dag.py:3834} INFO - Setting next_dagrun for example_branch_dop_operator_v3 to 2024-04-02 13:18:00+00:00, run_after=2024-04-02 13:19:00+00:00
[2024-04-02T21:19:44.624+0800] {processor.py:183} INFO - Processing /Users/kalerbramastha/Library/Mobile Documents/com~apple~CloudDocs/bram/career_assessment/akasia_de/python-env/lib/python3.11/site-packages/airflow/example_dags/example_branch_python_dop_operator_3.py took 0.089 seconds
[2024-04-02T21:31:31.555+0800] {processor.py:161} INFO - Started process (PID=22250) to work on /Users/kalerbramastha/Library/Mobile Documents/com~apple~CloudDocs/bram/career_assessment/akasia_de/python-env/lib/python3.11/site-packages/airflow/example_dags/example_branch_python_dop_operator_3.py
[2024-04-02T21:31:31.556+0800] {processor.py:830} INFO - Processing file /Users/kalerbramastha/Library/Mobile Documents/com~apple~CloudDocs/bram/career_assessment/akasia_de/python-env/lib/python3.11/site-packages/airflow/example_dags/example_branch_python_dop_operator_3.py for tasks to queue
[2024-04-02T21:31:31.556+0800] {logging_mixin.py:188} INFO - [2024-04-02T21:31:31.556+0800] {dagbag.py:540} INFO - Filling up the DagBag from /Users/kalerbramastha/Library/Mobile Documents/com~apple~CloudDocs/bram/career_assessment/akasia_de/python-env/lib/python3.11/site-packages/airflow/example_dags/example_branch_python_dop_operator_3.py
[2024-04-02T21:31:31.572+0800] {processor.py:840} INFO - DAG(s) 'example_branch_dop_operator_v3' retrieved from /Users/kalerbramastha/Library/Mobile Documents/com~apple~CloudDocs/bram/career_assessment/akasia_de/python-env/lib/python3.11/site-packages/airflow/example_dags/example_branch_python_dop_operator_3.py
[2024-04-02T21:31:31.640+0800] {logging_mixin.py:188} INFO - [2024-04-02T21:31:31.640+0800] {dag.py:3047} INFO - Sync 1 DAGs
[2024-04-02T21:31:31.649+0800] {logging_mixin.py:188} INFO - [2024-04-02T21:31:31.648+0800] {dag.py:3834} INFO - Setting next_dagrun for example_branch_dop_operator_v3 to 2024-04-02 13:30:00+00:00, run_after=2024-04-02 13:31:00+00:00
[2024-04-02T21:31:31.657+0800] {processor.py:183} INFO - Processing /Users/kalerbramastha/Library/Mobile Documents/com~apple~CloudDocs/bram/career_assessment/akasia_de/python-env/lib/python3.11/site-packages/airflow/example_dags/example_branch_python_dop_operator_3.py took 0.102 seconds
