[2024-04-02T21:14:00.695+0800] {processor.py:161} INFO - Started process (PID=19240) to work on /Users/kalerbramastha/Library/Mobile Documents/com~apple~CloudDocs/bram/career_assessment/akasia_de/python-env/lib/python3.11/site-packages/airflow/example_dags/example_python_decorator.py
[2024-04-02T21:14:00.695+0800] {processor.py:830} INFO - Processing file /Users/kalerbramastha/Library/Mobile Documents/com~apple~CloudDocs/bram/career_assessment/akasia_de/python-env/lib/python3.11/site-packages/airflow/example_dags/example_python_decorator.py for tasks to queue
[2024-04-02T21:14:00.696+0800] {logging_mixin.py:188} INFO - [2024-04-02T21:14:00.696+0800] {dagbag.py:540} INFO - Filling up the DagBag from /Users/kalerbramastha/Library/Mobile Documents/com~apple~CloudDocs/bram/career_assessment/akasia_de/python-env/lib/python3.11/site-packages/airflow/example_dags/example_python_decorator.py
[2024-04-02T21:14:00.713+0800] {processor.py:840} INFO - DAG(s) 'example_python_decorator' retrieved from /Users/kalerbramastha/Library/Mobile Documents/com~apple~CloudDocs/bram/career_assessment/akasia_de/python-env/lib/python3.11/site-packages/airflow/example_dags/example_python_decorator.py
[2024-04-02T21:14:00.788+0800] {logging_mixin.py:188} INFO - [2024-04-02T21:14:00.787+0800] {override.py:1769} INFO - Created Permission View: can edit on DAG:example_python_decorator
[2024-04-02T21:14:00.791+0800] {logging_mixin.py:188} INFO - [2024-04-02T21:14:00.791+0800] {override.py:1769} INFO - Created Permission View: can delete on DAG:example_python_decorator
[2024-04-02T21:14:00.794+0800] {logging_mixin.py:188} INFO - [2024-04-02T21:14:00.794+0800] {override.py:1769} INFO - Created Permission View: can read on DAG:example_python_decorator
[2024-04-02T21:14:00.794+0800] {logging_mixin.py:188} INFO - [2024-04-02T21:14:00.794+0800] {dag.py:3047} INFO - Sync 1 DAGs
[2024-04-02T21:14:00.798+0800] {logging_mixin.py:188} INFO - [2024-04-02T21:14:00.798+0800] {dag.py:3069} INFO - Creating ORM DAG for example_python_decorator
[2024-04-02T21:14:00.799+0800] {logging_mixin.py:188} INFO - [2024-04-02T21:14:00.799+0800] {dag.py:3834} INFO - Setting next_dagrun for example_python_decorator to None, run_after=None
[2024-04-02T21:14:00.806+0800] {processor.py:183} INFO - Processing /Users/kalerbramastha/Library/Mobile Documents/com~apple~CloudDocs/bram/career_assessment/akasia_de/python-env/lib/python3.11/site-packages/airflow/example_dags/example_python_decorator.py took 0.111 seconds
[2024-04-02T21:15:37.052+0800] {processor.py:161} INFO - Started process (PID=19658) to work on /Users/kalerbramastha/Library/Mobile Documents/com~apple~CloudDocs/bram/career_assessment/akasia_de/python-env/lib/python3.11/site-packages/airflow/example_dags/example_python_decorator.py
[2024-04-02T21:15:37.052+0800] {processor.py:830} INFO - Processing file /Users/kalerbramastha/Library/Mobile Documents/com~apple~CloudDocs/bram/career_assessment/akasia_de/python-env/lib/python3.11/site-packages/airflow/example_dags/example_python_decorator.py for tasks to queue
[2024-04-02T21:15:37.053+0800] {logging_mixin.py:188} INFO - [2024-04-02T21:15:37.053+0800] {dagbag.py:540} INFO - Filling up the DagBag from /Users/kalerbramastha/Library/Mobile Documents/com~apple~CloudDocs/bram/career_assessment/akasia_de/python-env/lib/python3.11/site-packages/airflow/example_dags/example_python_decorator.py
[2024-04-02T21:15:37.070+0800] {processor.py:840} INFO - DAG(s) 'example_python_decorator' retrieved from /Users/kalerbramastha/Library/Mobile Documents/com~apple~CloudDocs/bram/career_assessment/akasia_de/python-env/lib/python3.11/site-packages/airflow/example_dags/example_python_decorator.py
[2024-04-02T21:15:37.139+0800] {logging_mixin.py:188} INFO - [2024-04-02T21:15:37.138+0800] {dag.py:3047} INFO - Sync 1 DAGs
[2024-04-02T21:15:37.143+0800] {logging_mixin.py:188} INFO - [2024-04-02T21:15:37.142+0800] {dag.py:3834} INFO - Setting next_dagrun for example_python_decorator to None, run_after=None
[2024-04-02T21:15:37.151+0800] {processor.py:183} INFO - Processing /Users/kalerbramastha/Library/Mobile Documents/com~apple~CloudDocs/bram/career_assessment/akasia_de/python-env/lib/python3.11/site-packages/airflow/example_dags/example_python_decorator.py took 0.100 seconds
[2024-04-02T21:19:15.238+0800] {processor.py:161} INFO - Started process (PID=20363) to work on /Users/kalerbramastha/Library/Mobile Documents/com~apple~CloudDocs/bram/career_assessment/akasia_de/python-env/lib/python3.11/site-packages/airflow/example_dags/example_python_decorator.py
[2024-04-02T21:19:15.239+0800] {processor.py:830} INFO - Processing file /Users/kalerbramastha/Library/Mobile Documents/com~apple~CloudDocs/bram/career_assessment/akasia_de/python-env/lib/python3.11/site-packages/airflow/example_dags/example_python_decorator.py for tasks to queue
[2024-04-02T21:19:15.239+0800] {logging_mixin.py:188} INFO - [2024-04-02T21:19:15.239+0800] {dagbag.py:540} INFO - Filling up the DagBag from /Users/kalerbramastha/Library/Mobile Documents/com~apple~CloudDocs/bram/career_assessment/akasia_de/python-env/lib/python3.11/site-packages/airflow/example_dags/example_python_decorator.py
[2024-04-02T21:19:15.254+0800] {processor.py:840} INFO - DAG(s) 'example_python_decorator' retrieved from /Users/kalerbramastha/Library/Mobile Documents/com~apple~CloudDocs/bram/career_assessment/akasia_de/python-env/lib/python3.11/site-packages/airflow/example_dags/example_python_decorator.py
[2024-04-02T21:19:15.315+0800] {logging_mixin.py:188} INFO - [2024-04-02T21:19:15.314+0800] {dag.py:3047} INFO - Sync 1 DAGs
[2024-04-02T21:19:15.318+0800] {logging_mixin.py:188} INFO - [2024-04-02T21:19:15.318+0800] {dag.py:3834} INFO - Setting next_dagrun for example_python_decorator to None, run_after=None
[2024-04-02T21:19:15.326+0800] {processor.py:183} INFO - Processing /Users/kalerbramastha/Library/Mobile Documents/com~apple~CloudDocs/bram/career_assessment/akasia_de/python-env/lib/python3.11/site-packages/airflow/example_dags/example_python_decorator.py took 0.088 seconds
[2024-04-02T21:20:51.272+0800] {processor.py:161} INFO - Started process (PID=20478) to work on /Users/kalerbramastha/Library/Mobile Documents/com~apple~CloudDocs/bram/career_assessment/akasia_de/python-env/lib/python3.11/site-packages/airflow/example_dags/example_python_decorator.py
[2024-04-02T21:20:51.272+0800] {processor.py:830} INFO - Processing file /Users/kalerbramastha/Library/Mobile Documents/com~apple~CloudDocs/bram/career_assessment/akasia_de/python-env/lib/python3.11/site-packages/airflow/example_dags/example_python_decorator.py for tasks to queue
[2024-04-02T21:20:51.272+0800] {logging_mixin.py:188} INFO - [2024-04-02T21:20:51.272+0800] {dagbag.py:540} INFO - Filling up the DagBag from /Users/kalerbramastha/Library/Mobile Documents/com~apple~CloudDocs/bram/career_assessment/akasia_de/python-env/lib/python3.11/site-packages/airflow/example_dags/example_python_decorator.py
[2024-04-02T21:20:51.287+0800] {processor.py:840} INFO - DAG(s) 'example_python_decorator' retrieved from /Users/kalerbramastha/Library/Mobile Documents/com~apple~CloudDocs/bram/career_assessment/akasia_de/python-env/lib/python3.11/site-packages/airflow/example_dags/example_python_decorator.py
[2024-04-02T21:20:51.348+0800] {logging_mixin.py:188} INFO - [2024-04-02T21:20:51.348+0800] {dag.py:3047} INFO - Sync 1 DAGs
[2024-04-02T21:20:51.351+0800] {logging_mixin.py:188} INFO - [2024-04-02T21:20:51.351+0800] {dag.py:3834} INFO - Setting next_dagrun for example_python_decorator to None, run_after=None
[2024-04-02T21:20:51.358+0800] {processor.py:183} INFO - Processing /Users/kalerbramastha/Library/Mobile Documents/com~apple~CloudDocs/bram/career_assessment/akasia_de/python-env/lib/python3.11/site-packages/airflow/example_dags/example_python_decorator.py took 0.087 seconds
[2024-04-02T21:31:02.903+0800] {processor.py:161} INFO - Started process (PID=22221) to work on /Users/kalerbramastha/Library/Mobile Documents/com~apple~CloudDocs/bram/career_assessment/akasia_de/python-env/lib/python3.11/site-packages/airflow/example_dags/example_python_decorator.py
[2024-04-02T21:31:02.903+0800] {processor.py:830} INFO - Processing file /Users/kalerbramastha/Library/Mobile Documents/com~apple~CloudDocs/bram/career_assessment/akasia_de/python-env/lib/python3.11/site-packages/airflow/example_dags/example_python_decorator.py for tasks to queue
[2024-04-02T21:31:02.904+0800] {logging_mixin.py:188} INFO - [2024-04-02T21:31:02.904+0800] {dagbag.py:540} INFO - Filling up the DagBag from /Users/kalerbramastha/Library/Mobile Documents/com~apple~CloudDocs/bram/career_assessment/akasia_de/python-env/lib/python3.11/site-packages/airflow/example_dags/example_python_decorator.py
[2024-04-02T21:31:02.920+0800] {processor.py:840} INFO - DAG(s) 'example_python_decorator' retrieved from /Users/kalerbramastha/Library/Mobile Documents/com~apple~CloudDocs/bram/career_assessment/akasia_de/python-env/lib/python3.11/site-packages/airflow/example_dags/example_python_decorator.py
[2024-04-02T21:31:03.047+0800] {logging_mixin.py:188} INFO - [2024-04-02T21:31:03.047+0800] {dag.py:3047} INFO - Sync 1 DAGs
[2024-04-02T21:31:03.051+0800] {logging_mixin.py:188} INFO - [2024-04-02T21:31:03.051+0800] {dag.py:3834} INFO - Setting next_dagrun for example_python_decorator to None, run_after=None
[2024-04-02T21:31:03.058+0800] {processor.py:183} INFO - Processing /Users/kalerbramastha/Library/Mobile Documents/com~apple~CloudDocs/bram/career_assessment/akasia_de/python-env/lib/python3.11/site-packages/airflow/example_dags/example_python_decorator.py took 0.156 seconds
