[2024-04-02T21:13:19.494+0800] {processor.py:161} INFO - Started process (PID=18914) to work on /Users/kalerbramastha/Library/Mobile Documents/com~apple~CloudDocs/bram/career_assessment/akasia_de/python-env/lib/python3.11/site-packages/airflow/example_dags/tutorial_dag.py
[2024-04-02T21:13:19.495+0800] {processor.py:830} INFO - Processing file /Users/kalerbramastha/Library/Mobile Documents/com~apple~CloudDocs/bram/career_assessment/akasia_de/python-env/lib/python3.11/site-packages/airflow/example_dags/tutorial_dag.py for tasks to queue
[2024-04-02T21:13:19.495+0800] {logging_mixin.py:188} INFO - [2024-04-02T21:13:19.495+0800] {dagbag.py:540} INFO - Filling up the DagBag from /Users/kalerbramastha/Library/Mobile Documents/com~apple~CloudDocs/bram/career_assessment/akasia_de/python-env/lib/python3.11/site-packages/airflow/example_dags/tutorial_dag.py
[2024-04-02T21:13:19.506+0800] {processor.py:840} INFO - DAG(s) 'tutorial_dag' retrieved from /Users/kalerbramastha/Library/Mobile Documents/com~apple~CloudDocs/bram/career_assessment/akasia_de/python-env/lib/python3.11/site-packages/airflow/example_dags/tutorial_dag.py
[2024-04-02T21:13:19.572+0800] {logging_mixin.py:188} INFO - [2024-04-02T21:13:19.572+0800] {override.py:1769} INFO - Created Permission View: can read on DAG:tutorial_dag
[2024-04-02T21:13:19.576+0800] {logging_mixin.py:188} INFO - [2024-04-02T21:13:19.576+0800] {override.py:1769} INFO - Created Permission View: can delete on DAG:tutorial_dag
[2024-04-02T21:13:19.578+0800] {logging_mixin.py:188} INFO - [2024-04-02T21:13:19.578+0800] {override.py:1769} INFO - Created Permission View: can edit on DAG:tutorial_dag
[2024-04-02T21:13:19.578+0800] {logging_mixin.py:188} INFO - [2024-04-02T21:13:19.578+0800] {dag.py:3047} INFO - Sync 1 DAGs
[2024-04-02T21:13:19.582+0800] {logging_mixin.py:188} INFO - [2024-04-02T21:13:19.582+0800] {dag.py:3069} INFO - Creating ORM DAG for tutorial_dag
[2024-04-02T21:13:19.582+0800] {logging_mixin.py:188} INFO - [2024-04-02T21:13:19.582+0800] {dag.py:3834} INFO - Setting next_dagrun for tutorial_dag to None, run_after=None
[2024-04-02T21:13:19.590+0800] {processor.py:183} INFO - Processing /Users/kalerbramastha/Library/Mobile Documents/com~apple~CloudDocs/bram/career_assessment/akasia_de/python-env/lib/python3.11/site-packages/airflow/example_dags/tutorial_dag.py took 0.096 seconds
[2024-04-02T21:14:59.187+0800] {processor.py:161} INFO - Started process (PID=19369) to work on /Users/kalerbramastha/Library/Mobile Documents/com~apple~CloudDocs/bram/career_assessment/akasia_de/python-env/lib/python3.11/site-packages/airflow/example_dags/tutorial_dag.py
[2024-04-02T21:14:59.187+0800] {processor.py:830} INFO - Processing file /Users/kalerbramastha/Library/Mobile Documents/com~apple~CloudDocs/bram/career_assessment/akasia_de/python-env/lib/python3.11/site-packages/airflow/example_dags/tutorial_dag.py for tasks to queue
[2024-04-02T21:14:59.188+0800] {logging_mixin.py:188} INFO - [2024-04-02T21:14:59.188+0800] {dagbag.py:540} INFO - Filling up the DagBag from /Users/kalerbramastha/Library/Mobile Documents/com~apple~CloudDocs/bram/career_assessment/akasia_de/python-env/lib/python3.11/site-packages/airflow/example_dags/tutorial_dag.py
[2024-04-02T21:14:59.198+0800] {processor.py:840} INFO - DAG(s) 'tutorial_dag' retrieved from /Users/kalerbramastha/Library/Mobile Documents/com~apple~CloudDocs/bram/career_assessment/akasia_de/python-env/lib/python3.11/site-packages/airflow/example_dags/tutorial_dag.py
[2024-04-02T21:14:59.231+0800] {logging_mixin.py:188} INFO - [2024-04-02T21:14:59.231+0800] {dag.py:3047} INFO - Sync 1 DAGs
[2024-04-02T21:14:59.235+0800] {logging_mixin.py:188} INFO - [2024-04-02T21:14:59.235+0800] {dag.py:3834} INFO - Setting next_dagrun for tutorial_dag to None, run_after=None
[2024-04-02T21:14:59.242+0800] {processor.py:183} INFO - Processing /Users/kalerbramastha/Library/Mobile Documents/com~apple~CloudDocs/bram/career_assessment/akasia_de/python-env/lib/python3.11/site-packages/airflow/example_dags/tutorial_dag.py took 0.056 seconds
[2024-04-02T21:16:08.423+0800] {processor.py:161} INFO - Started process (PID=19781) to work on /Users/kalerbramastha/Library/Mobile Documents/com~apple~CloudDocs/bram/career_assessment/akasia_de/python-env/lib/python3.11/site-packages/airflow/example_dags/tutorial_dag.py
[2024-04-02T21:16:08.424+0800] {processor.py:830} INFO - Processing file /Users/kalerbramastha/Library/Mobile Documents/com~apple~CloudDocs/bram/career_assessment/akasia_de/python-env/lib/python3.11/site-packages/airflow/example_dags/tutorial_dag.py for tasks to queue
[2024-04-02T21:16:08.424+0800] {logging_mixin.py:188} INFO - [2024-04-02T21:16:08.424+0800] {dagbag.py:540} INFO - Filling up the DagBag from /Users/kalerbramastha/Library/Mobile Documents/com~apple~CloudDocs/bram/career_assessment/akasia_de/python-env/lib/python3.11/site-packages/airflow/example_dags/tutorial_dag.py
[2024-04-02T21:16:08.435+0800] {processor.py:840} INFO - DAG(s) 'tutorial_dag' retrieved from /Users/kalerbramastha/Library/Mobile Documents/com~apple~CloudDocs/bram/career_assessment/akasia_de/python-env/lib/python3.11/site-packages/airflow/example_dags/tutorial_dag.py
[2024-04-02T21:16:08.472+0800] {logging_mixin.py:188} INFO - [2024-04-02T21:16:08.472+0800] {dag.py:3047} INFO - Sync 1 DAGs
[2024-04-02T21:16:08.476+0800] {logging_mixin.py:188} INFO - [2024-04-02T21:16:08.475+0800] {dag.py:3834} INFO - Setting next_dagrun for tutorial_dag to None, run_after=None
[2024-04-02T21:16:08.483+0800] {processor.py:183} INFO - Processing /Users/kalerbramastha/Library/Mobile Documents/com~apple~CloudDocs/bram/career_assessment/akasia_de/python-env/lib/python3.11/site-packages/airflow/example_dags/tutorial_dag.py took 0.061 seconds
[2024-04-02T21:18:37.560+0800] {processor.py:161} INFO - Started process (PID=20280) to work on /Users/kalerbramastha/Library/Mobile Documents/com~apple~CloudDocs/bram/career_assessment/akasia_de/python-env/lib/python3.11/site-packages/airflow/example_dags/tutorial_dag.py
[2024-04-02T21:18:37.561+0800] {processor.py:830} INFO - Processing file /Users/kalerbramastha/Library/Mobile Documents/com~apple~CloudDocs/bram/career_assessment/akasia_de/python-env/lib/python3.11/site-packages/airflow/example_dags/tutorial_dag.py for tasks to queue
[2024-04-02T21:18:37.561+0800] {logging_mixin.py:188} INFO - [2024-04-02T21:18:37.561+0800] {dagbag.py:540} INFO - Filling up the DagBag from /Users/kalerbramastha/Library/Mobile Documents/com~apple~CloudDocs/bram/career_assessment/akasia_de/python-env/lib/python3.11/site-packages/airflow/example_dags/tutorial_dag.py
[2024-04-02T21:18:37.571+0800] {processor.py:840} INFO - DAG(s) 'tutorial_dag' retrieved from /Users/kalerbramastha/Library/Mobile Documents/com~apple~CloudDocs/bram/career_assessment/akasia_de/python-env/lib/python3.11/site-packages/airflow/example_dags/tutorial_dag.py
[2024-04-02T21:18:37.631+0800] {logging_mixin.py:188} INFO - [2024-04-02T21:18:37.631+0800] {dag.py:3047} INFO - Sync 1 DAGs
[2024-04-02T21:18:37.634+0800] {logging_mixin.py:188} INFO - [2024-04-02T21:18:37.634+0800] {dag.py:3834} INFO - Setting next_dagrun for tutorial_dag to None, run_after=None
[2024-04-02T21:18:37.642+0800] {processor.py:183} INFO - Processing /Users/kalerbramastha/Library/Mobile Documents/com~apple~CloudDocs/bram/career_assessment/akasia_de/python-env/lib/python3.11/site-packages/airflow/example_dags/tutorial_dag.py took 0.082 seconds
[2024-04-02T21:20:12.574+0800] {processor.py:161} INFO - Started process (PID=20431) to work on /Users/kalerbramastha/Library/Mobile Documents/com~apple~CloudDocs/bram/career_assessment/akasia_de/python-env/lib/python3.11/site-packages/airflow/example_dags/tutorial_dag.py
[2024-04-02T21:20:12.574+0800] {processor.py:830} INFO - Processing file /Users/kalerbramastha/Library/Mobile Documents/com~apple~CloudDocs/bram/career_assessment/akasia_de/python-env/lib/python3.11/site-packages/airflow/example_dags/tutorial_dag.py for tasks to queue
[2024-04-02T21:20:12.575+0800] {logging_mixin.py:188} INFO - [2024-04-02T21:20:12.575+0800] {dagbag.py:540} INFO - Filling up the DagBag from /Users/kalerbramastha/Library/Mobile Documents/com~apple~CloudDocs/bram/career_assessment/akasia_de/python-env/lib/python3.11/site-packages/airflow/example_dags/tutorial_dag.py
[2024-04-02T21:20:12.585+0800] {processor.py:840} INFO - DAG(s) 'tutorial_dag' retrieved from /Users/kalerbramastha/Library/Mobile Documents/com~apple~CloudDocs/bram/career_assessment/akasia_de/python-env/lib/python3.11/site-packages/airflow/example_dags/tutorial_dag.py
[2024-04-02T21:20:12.618+0800] {logging_mixin.py:188} INFO - [2024-04-02T21:20:12.618+0800] {dag.py:3047} INFO - Sync 1 DAGs
[2024-04-02T21:20:12.622+0800] {logging_mixin.py:188} INFO - [2024-04-02T21:20:12.622+0800] {dag.py:3834} INFO - Setting next_dagrun for tutorial_dag to None, run_after=None
[2024-04-02T21:20:12.629+0800] {processor.py:183} INFO - Processing /Users/kalerbramastha/Library/Mobile Documents/com~apple~CloudDocs/bram/career_assessment/akasia_de/python-env/lib/python3.11/site-packages/airflow/example_dags/tutorial_dag.py took 0.055 seconds
[2024-04-02T21:21:17.371+0800] {processor.py:161} INFO - Started process (PID=20499) to work on /Users/kalerbramastha/Library/Mobile Documents/com~apple~CloudDocs/bram/career_assessment/akasia_de/python-env/lib/python3.11/site-packages/airflow/example_dags/tutorial_dag.py
[2024-04-02T21:21:17.372+0800] {processor.py:830} INFO - Processing file /Users/kalerbramastha/Library/Mobile Documents/com~apple~CloudDocs/bram/career_assessment/akasia_de/python-env/lib/python3.11/site-packages/airflow/example_dags/tutorial_dag.py for tasks to queue
[2024-04-02T21:21:17.372+0800] {logging_mixin.py:188} INFO - [2024-04-02T21:21:17.372+0800] {dagbag.py:540} INFO - Filling up the DagBag from /Users/kalerbramastha/Library/Mobile Documents/com~apple~CloudDocs/bram/career_assessment/akasia_de/python-env/lib/python3.11/site-packages/airflow/example_dags/tutorial_dag.py
[2024-04-02T21:21:17.383+0800] {processor.py:840} INFO - DAG(s) 'tutorial_dag' retrieved from /Users/kalerbramastha/Library/Mobile Documents/com~apple~CloudDocs/bram/career_assessment/akasia_de/python-env/lib/python3.11/site-packages/airflow/example_dags/tutorial_dag.py
[2024-04-02T21:21:17.423+0800] {logging_mixin.py:188} INFO - [2024-04-02T21:21:17.423+0800] {dag.py:3047} INFO - Sync 1 DAGs
[2024-04-02T21:21:17.427+0800] {logging_mixin.py:188} INFO - [2024-04-02T21:21:17.427+0800] {dag.py:3834} INFO - Setting next_dagrun for tutorial_dag to None, run_after=None
[2024-04-02T21:21:17.436+0800] {processor.py:183} INFO - Processing /Users/kalerbramastha/Library/Mobile Documents/com~apple~CloudDocs/bram/career_assessment/akasia_de/python-env/lib/python3.11/site-packages/airflow/example_dags/tutorial_dag.py took 0.069 seconds
[2024-04-02T21:30:25.329+0800] {processor.py:161} INFO - Started process (PID=22182) to work on /Users/kalerbramastha/Library/Mobile Documents/com~apple~CloudDocs/bram/career_assessment/akasia_de/python-env/lib/python3.11/site-packages/airflow/example_dags/tutorial_dag.py
[2024-04-02T21:30:25.330+0800] {processor.py:830} INFO - Processing file /Users/kalerbramastha/Library/Mobile Documents/com~apple~CloudDocs/bram/career_assessment/akasia_de/python-env/lib/python3.11/site-packages/airflow/example_dags/tutorial_dag.py for tasks to queue
[2024-04-02T21:30:25.330+0800] {logging_mixin.py:188} INFO - [2024-04-02T21:30:25.330+0800] {dagbag.py:540} INFO - Filling up the DagBag from /Users/kalerbramastha/Library/Mobile Documents/com~apple~CloudDocs/bram/career_assessment/akasia_de/python-env/lib/python3.11/site-packages/airflow/example_dags/tutorial_dag.py
[2024-04-02T21:30:25.341+0800] {processor.py:840} INFO - DAG(s) 'tutorial_dag' retrieved from /Users/kalerbramastha/Library/Mobile Documents/com~apple~CloudDocs/bram/career_assessment/akasia_de/python-env/lib/python3.11/site-packages/airflow/example_dags/tutorial_dag.py
[2024-04-02T21:30:25.408+0800] {logging_mixin.py:188} INFO - [2024-04-02T21:30:25.407+0800] {dag.py:3047} INFO - Sync 1 DAGs
[2024-04-02T21:30:25.411+0800] {logging_mixin.py:188} INFO - [2024-04-02T21:30:25.411+0800] {dag.py:3834} INFO - Setting next_dagrun for tutorial_dag to None, run_after=None
[2024-04-02T21:30:25.419+0800] {processor.py:183} INFO - Processing /Users/kalerbramastha/Library/Mobile Documents/com~apple~CloudDocs/bram/career_assessment/akasia_de/python-env/lib/python3.11/site-packages/airflow/example_dags/tutorial_dag.py took 0.090 seconds
[2024-04-02T21:31:58.836+0800] {processor.py:161} INFO - Started process (PID=22271) to work on /Users/kalerbramastha/Library/Mobile Documents/com~apple~CloudDocs/bram/career_assessment/akasia_de/python-env/lib/python3.11/site-packages/airflow/example_dags/tutorial_dag.py
[2024-04-02T21:31:58.837+0800] {processor.py:830} INFO - Processing file /Users/kalerbramastha/Library/Mobile Documents/com~apple~CloudDocs/bram/career_assessment/akasia_de/python-env/lib/python3.11/site-packages/airflow/example_dags/tutorial_dag.py for tasks to queue
[2024-04-02T21:31:58.837+0800] {logging_mixin.py:188} INFO - [2024-04-02T21:31:58.837+0800] {dagbag.py:540} INFO - Filling up the DagBag from /Users/kalerbramastha/Library/Mobile Documents/com~apple~CloudDocs/bram/career_assessment/akasia_de/python-env/lib/python3.11/site-packages/airflow/example_dags/tutorial_dag.py
[2024-04-02T21:31:58.849+0800] {processor.py:840} INFO - DAG(s) 'tutorial_dag' retrieved from /Users/kalerbramastha/Library/Mobile Documents/com~apple~CloudDocs/bram/career_assessment/akasia_de/python-env/lib/python3.11/site-packages/airflow/example_dags/tutorial_dag.py
[2024-04-02T21:31:58.884+0800] {logging_mixin.py:188} INFO - [2024-04-02T21:31:58.883+0800] {dag.py:3047} INFO - Sync 1 DAGs
[2024-04-02T21:31:58.887+0800] {logging_mixin.py:188} INFO - [2024-04-02T21:31:58.887+0800] {dag.py:3834} INFO - Setting next_dagrun for tutorial_dag to None, run_after=None
[2024-04-02T21:31:58.895+0800] {processor.py:183} INFO - Processing /Users/kalerbramastha/Library/Mobile Documents/com~apple~CloudDocs/bram/career_assessment/akasia_de/python-env/lib/python3.11/site-packages/airflow/example_dags/tutorial_dag.py took 0.060 seconds
