[2024-04-02T21:13:21.630+0800] {processor.py:161} INFO - Started process (PID=18921) to work on /Users/kalerbramastha/Library/Mobile Documents/com~apple~CloudDocs/bram/career_assessment/akasia_de/python-env/lib/python3.11/site-packages/airflow/example_dags/tutorial.py
[2024-04-02T21:13:21.630+0800] {processor.py:830} INFO - Processing file /Users/kalerbramastha/Library/Mobile Documents/com~apple~CloudDocs/bram/career_assessment/akasia_de/python-env/lib/python3.11/site-packages/airflow/example_dags/tutorial.py for tasks to queue
[2024-04-02T21:13:21.631+0800] {logging_mixin.py:188} INFO - [2024-04-02T21:13:21.630+0800] {dagbag.py:540} INFO - Filling up the DagBag from /Users/kalerbramastha/Library/Mobile Documents/com~apple~CloudDocs/bram/career_assessment/akasia_de/python-env/lib/python3.11/site-packages/airflow/example_dags/tutorial.py
[2024-04-02T21:13:21.634+0800] {processor.py:840} INFO - DAG(s) 'tutorial' retrieved from /Users/kalerbramastha/Library/Mobile Documents/com~apple~CloudDocs/bram/career_assessment/akasia_de/python-env/lib/python3.11/site-packages/airflow/example_dags/tutorial.py
[2024-04-02T21:13:21.706+0800] {logging_mixin.py:188} INFO - [2024-04-02T21:13:21.706+0800] {override.py:1769} INFO - Created Permission View: can read on DAG:tutorial
[2024-04-02T21:13:21.710+0800] {logging_mixin.py:188} INFO - [2024-04-02T21:13:21.710+0800] {override.py:1769} INFO - Created Permission View: can edit on DAG:tutorial
[2024-04-02T21:13:21.713+0800] {logging_mixin.py:188} INFO - [2024-04-02T21:13:21.713+0800] {override.py:1769} INFO - Created Permission View: can delete on DAG:tutorial
[2024-04-02T21:13:21.713+0800] {logging_mixin.py:188} INFO - [2024-04-02T21:13:21.713+0800] {dag.py:3047} INFO - Sync 1 DAGs
[2024-04-02T21:13:21.717+0800] {logging_mixin.py:188} INFO - [2024-04-02T21:13:21.717+0800] {dag.py:3069} INFO - Creating ORM DAG for tutorial
[2024-04-02T21:13:21.720+0800] {logging_mixin.py:188} INFO - [2024-04-02T21:13:21.720+0800] {dag.py:3834} INFO - Setting next_dagrun for tutorial to 2024-04-01 00:00:00+00:00, run_after=2024-04-02 00:00:00+00:00
[2024-04-02T21:13:21.727+0800] {processor.py:183} INFO - Processing /Users/kalerbramastha/Library/Mobile Documents/com~apple~CloudDocs/bram/career_assessment/akasia_de/python-env/lib/python3.11/site-packages/airflow/example_dags/tutorial.py took 0.098 seconds
[2024-04-02T21:15:01.260+0800] {processor.py:161} INFO - Started process (PID=19378) to work on /Users/kalerbramastha/Library/Mobile Documents/com~apple~CloudDocs/bram/career_assessment/akasia_de/python-env/lib/python3.11/site-packages/airflow/example_dags/tutorial.py
[2024-04-02T21:15:01.261+0800] {processor.py:830} INFO - Processing file /Users/kalerbramastha/Library/Mobile Documents/com~apple~CloudDocs/bram/career_assessment/akasia_de/python-env/lib/python3.11/site-packages/airflow/example_dags/tutorial.py for tasks to queue
[2024-04-02T21:15:01.261+0800] {logging_mixin.py:188} INFO - [2024-04-02T21:15:01.261+0800] {dagbag.py:540} INFO - Filling up the DagBag from /Users/kalerbramastha/Library/Mobile Documents/com~apple~CloudDocs/bram/career_assessment/akasia_de/python-env/lib/python3.11/site-packages/airflow/example_dags/tutorial.py
[2024-04-02T21:15:01.265+0800] {processor.py:840} INFO - DAG(s) 'tutorial' retrieved from /Users/kalerbramastha/Library/Mobile Documents/com~apple~CloudDocs/bram/career_assessment/akasia_de/python-env/lib/python3.11/site-packages/airflow/example_dags/tutorial.py
[2024-04-02T21:15:01.298+0800] {logging_mixin.py:188} INFO - [2024-04-02T21:15:01.298+0800] {dag.py:3047} INFO - Sync 1 DAGs
[2024-04-02T21:15:01.305+0800] {logging_mixin.py:188} INFO - [2024-04-02T21:15:01.305+0800] {dag.py:3834} INFO - Setting next_dagrun for tutorial to 2024-04-01 00:00:00+00:00, run_after=2024-04-02 00:00:00+00:00
[2024-04-02T21:15:01.312+0800] {processor.py:183} INFO - Processing /Users/kalerbramastha/Library/Mobile Documents/com~apple~CloudDocs/bram/career_assessment/akasia_de/python-env/lib/python3.11/site-packages/airflow/example_dags/tutorial.py took 0.052 seconds
[2024-04-02T21:16:09.652+0800] {processor.py:161} INFO - Started process (PID=19792) to work on /Users/kalerbramastha/Library/Mobile Documents/com~apple~CloudDocs/bram/career_assessment/akasia_de/python-env/lib/python3.11/site-packages/airflow/example_dags/tutorial.py
[2024-04-02T21:16:09.653+0800] {processor.py:830} INFO - Processing file /Users/kalerbramastha/Library/Mobile Documents/com~apple~CloudDocs/bram/career_assessment/akasia_de/python-env/lib/python3.11/site-packages/airflow/example_dags/tutorial.py for tasks to queue
[2024-04-02T21:16:09.653+0800] {logging_mixin.py:188} INFO - [2024-04-02T21:16:09.653+0800] {dagbag.py:540} INFO - Filling up the DagBag from /Users/kalerbramastha/Library/Mobile Documents/com~apple~CloudDocs/bram/career_assessment/akasia_de/python-env/lib/python3.11/site-packages/airflow/example_dags/tutorial.py
[2024-04-02T21:16:09.658+0800] {processor.py:840} INFO - DAG(s) 'tutorial' retrieved from /Users/kalerbramastha/Library/Mobile Documents/com~apple~CloudDocs/bram/career_assessment/akasia_de/python-env/lib/python3.11/site-packages/airflow/example_dags/tutorial.py
[2024-04-02T21:16:09.700+0800] {logging_mixin.py:188} INFO - [2024-04-02T21:16:09.700+0800] {dag.py:3047} INFO - Sync 1 DAGs
[2024-04-02T21:16:09.708+0800] {logging_mixin.py:188} INFO - [2024-04-02T21:16:09.708+0800] {dag.py:3834} INFO - Setting next_dagrun for tutorial to 2024-04-01 00:00:00+00:00, run_after=2024-04-02 00:00:00+00:00
[2024-04-02T21:16:09.717+0800] {processor.py:183} INFO - Processing /Users/kalerbramastha/Library/Mobile Documents/com~apple~CloudDocs/bram/career_assessment/akasia_de/python-env/lib/python3.11/site-packages/airflow/example_dags/tutorial.py took 0.066 seconds
[2024-04-02T21:18:39.657+0800] {processor.py:161} INFO - Started process (PID=20286) to work on /Users/kalerbramastha/Library/Mobile Documents/com~apple~CloudDocs/bram/career_assessment/akasia_de/python-env/lib/python3.11/site-packages/airflow/example_dags/tutorial.py
[2024-04-02T21:18:39.658+0800] {processor.py:830} INFO - Processing file /Users/kalerbramastha/Library/Mobile Documents/com~apple~CloudDocs/bram/career_assessment/akasia_de/python-env/lib/python3.11/site-packages/airflow/example_dags/tutorial.py for tasks to queue
[2024-04-02T21:18:39.659+0800] {logging_mixin.py:188} INFO - [2024-04-02T21:18:39.659+0800] {dagbag.py:540} INFO - Filling up the DagBag from /Users/kalerbramastha/Library/Mobile Documents/com~apple~CloudDocs/bram/career_assessment/akasia_de/python-env/lib/python3.11/site-packages/airflow/example_dags/tutorial.py
[2024-04-02T21:18:39.662+0800] {processor.py:840} INFO - DAG(s) 'tutorial' retrieved from /Users/kalerbramastha/Library/Mobile Documents/com~apple~CloudDocs/bram/career_assessment/akasia_de/python-env/lib/python3.11/site-packages/airflow/example_dags/tutorial.py
[2024-04-02T21:18:39.726+0800] {logging_mixin.py:188} INFO - [2024-04-02T21:18:39.726+0800] {dag.py:3047} INFO - Sync 1 DAGs
[2024-04-02T21:18:39.733+0800] {logging_mixin.py:188} INFO - [2024-04-02T21:18:39.733+0800] {dag.py:3834} INFO - Setting next_dagrun for tutorial to 2024-04-01 00:00:00+00:00, run_after=2024-04-02 00:00:00+00:00
[2024-04-02T21:18:39.740+0800] {processor.py:183} INFO - Processing /Users/kalerbramastha/Library/Mobile Documents/com~apple~CloudDocs/bram/career_assessment/akasia_de/python-env/lib/python3.11/site-packages/airflow/example_dags/tutorial.py took 0.084 seconds
[2024-04-02T21:20:14.536+0800] {processor.py:161} INFO - Started process (PID=20432) to work on /Users/kalerbramastha/Library/Mobile Documents/com~apple~CloudDocs/bram/career_assessment/akasia_de/python-env/lib/python3.11/site-packages/airflow/example_dags/tutorial.py
[2024-04-02T21:20:14.536+0800] {processor.py:830} INFO - Processing file /Users/kalerbramastha/Library/Mobile Documents/com~apple~CloudDocs/bram/career_assessment/akasia_de/python-env/lib/python3.11/site-packages/airflow/example_dags/tutorial.py for tasks to queue
[2024-04-02T21:20:14.537+0800] {logging_mixin.py:188} INFO - [2024-04-02T21:20:14.536+0800] {dagbag.py:540} INFO - Filling up the DagBag from /Users/kalerbramastha/Library/Mobile Documents/com~apple~CloudDocs/bram/career_assessment/akasia_de/python-env/lib/python3.11/site-packages/airflow/example_dags/tutorial.py
[2024-04-02T21:20:14.540+0800] {processor.py:840} INFO - DAG(s) 'tutorial' retrieved from /Users/kalerbramastha/Library/Mobile Documents/com~apple~CloudDocs/bram/career_assessment/akasia_de/python-env/lib/python3.11/site-packages/airflow/example_dags/tutorial.py
[2024-04-02T21:20:14.573+0800] {logging_mixin.py:188} INFO - [2024-04-02T21:20:14.573+0800] {dag.py:3047} INFO - Sync 1 DAGs
[2024-04-02T21:20:14.579+0800] {logging_mixin.py:188} INFO - [2024-04-02T21:20:14.579+0800] {dag.py:3834} INFO - Setting next_dagrun for tutorial to 2024-04-01 00:00:00+00:00, run_after=2024-04-02 00:00:00+00:00
[2024-04-02T21:20:14.586+0800] {processor.py:183} INFO - Processing /Users/kalerbramastha/Library/Mobile Documents/com~apple~CloudDocs/bram/career_assessment/akasia_de/python-env/lib/python3.11/site-packages/airflow/example_dags/tutorial.py took 0.051 seconds
[2024-04-02T21:21:19.519+0800] {processor.py:161} INFO - Started process (PID=20508) to work on /Users/kalerbramastha/Library/Mobile Documents/com~apple~CloudDocs/bram/career_assessment/akasia_de/python-env/lib/python3.11/site-packages/airflow/example_dags/tutorial.py
[2024-04-02T21:21:19.520+0800] {processor.py:830} INFO - Processing file /Users/kalerbramastha/Library/Mobile Documents/com~apple~CloudDocs/bram/career_assessment/akasia_de/python-env/lib/python3.11/site-packages/airflow/example_dags/tutorial.py for tasks to queue
[2024-04-02T21:21:19.520+0800] {logging_mixin.py:188} INFO - [2024-04-02T21:21:19.520+0800] {dagbag.py:540} INFO - Filling up the DagBag from /Users/kalerbramastha/Library/Mobile Documents/com~apple~CloudDocs/bram/career_assessment/akasia_de/python-env/lib/python3.11/site-packages/airflow/example_dags/tutorial.py
[2024-04-02T21:21:19.523+0800] {processor.py:840} INFO - DAG(s) 'tutorial' retrieved from /Users/kalerbramastha/Library/Mobile Documents/com~apple~CloudDocs/bram/career_assessment/akasia_de/python-env/lib/python3.11/site-packages/airflow/example_dags/tutorial.py
[2024-04-02T21:21:19.556+0800] {logging_mixin.py:188} INFO - [2024-04-02T21:21:19.556+0800] {dag.py:3047} INFO - Sync 1 DAGs
[2024-04-02T21:21:19.562+0800] {logging_mixin.py:188} INFO - [2024-04-02T21:21:19.562+0800] {dag.py:3834} INFO - Setting next_dagrun for tutorial to 2024-04-01 00:00:00+00:00, run_after=2024-04-02 00:00:00+00:00
[2024-04-02T21:21:19.569+0800] {processor.py:183} INFO - Processing /Users/kalerbramastha/Library/Mobile Documents/com~apple~CloudDocs/bram/career_assessment/akasia_de/python-env/lib/python3.11/site-packages/airflow/example_dags/tutorial.py took 0.051 seconds
[2024-04-02T21:30:27.418+0800] {processor.py:161} INFO - Started process (PID=22185) to work on /Users/kalerbramastha/Library/Mobile Documents/com~apple~CloudDocs/bram/career_assessment/akasia_de/python-env/lib/python3.11/site-packages/airflow/example_dags/tutorial.py
[2024-04-02T21:30:27.418+0800] {processor.py:830} INFO - Processing file /Users/kalerbramastha/Library/Mobile Documents/com~apple~CloudDocs/bram/career_assessment/akasia_de/python-env/lib/python3.11/site-packages/airflow/example_dags/tutorial.py for tasks to queue
[2024-04-02T21:30:27.419+0800] {logging_mixin.py:188} INFO - [2024-04-02T21:30:27.418+0800] {dagbag.py:540} INFO - Filling up the DagBag from /Users/kalerbramastha/Library/Mobile Documents/com~apple~CloudDocs/bram/career_assessment/akasia_de/python-env/lib/python3.11/site-packages/airflow/example_dags/tutorial.py
[2024-04-02T21:30:27.422+0800] {processor.py:840} INFO - DAG(s) 'tutorial' retrieved from /Users/kalerbramastha/Library/Mobile Documents/com~apple~CloudDocs/bram/career_assessment/akasia_de/python-env/lib/python3.11/site-packages/airflow/example_dags/tutorial.py
[2024-04-02T21:30:27.488+0800] {logging_mixin.py:188} INFO - [2024-04-02T21:30:27.488+0800] {dag.py:3047} INFO - Sync 1 DAGs
[2024-04-02T21:30:27.494+0800] {logging_mixin.py:188} INFO - [2024-04-02T21:30:27.494+0800] {dag.py:3834} INFO - Setting next_dagrun for tutorial to 2024-04-01 00:00:00+00:00, run_after=2024-04-02 00:00:00+00:00
[2024-04-02T21:30:27.501+0800] {processor.py:183} INFO - Processing /Users/kalerbramastha/Library/Mobile Documents/com~apple~CloudDocs/bram/career_assessment/akasia_de/python-env/lib/python3.11/site-packages/airflow/example_dags/tutorial.py took 0.084 seconds
[2024-04-02T21:32:00.904+0800] {processor.py:161} INFO - Started process (PID=22272) to work on /Users/kalerbramastha/Library/Mobile Documents/com~apple~CloudDocs/bram/career_assessment/akasia_de/python-env/lib/python3.11/site-packages/airflow/example_dags/tutorial.py
[2024-04-02T21:32:00.904+0800] {processor.py:830} INFO - Processing file /Users/kalerbramastha/Library/Mobile Documents/com~apple~CloudDocs/bram/career_assessment/akasia_de/python-env/lib/python3.11/site-packages/airflow/example_dags/tutorial.py for tasks to queue
[2024-04-02T21:32:00.905+0800] {logging_mixin.py:188} INFO - [2024-04-02T21:32:00.904+0800] {dagbag.py:540} INFO - Filling up the DagBag from /Users/kalerbramastha/Library/Mobile Documents/com~apple~CloudDocs/bram/career_assessment/akasia_de/python-env/lib/python3.11/site-packages/airflow/example_dags/tutorial.py
[2024-04-02T21:32:00.908+0800] {processor.py:840} INFO - DAG(s) 'tutorial' retrieved from /Users/kalerbramastha/Library/Mobile Documents/com~apple~CloudDocs/bram/career_assessment/akasia_de/python-env/lib/python3.11/site-packages/airflow/example_dags/tutorial.py
[2024-04-02T21:32:00.943+0800] {logging_mixin.py:188} INFO - [2024-04-02T21:32:00.943+0800] {dag.py:3047} INFO - Sync 1 DAGs
[2024-04-02T21:32:00.950+0800] {logging_mixin.py:188} INFO - [2024-04-02T21:32:00.950+0800] {dag.py:3834} INFO - Setting next_dagrun for tutorial to 2024-04-01 00:00:00+00:00, run_after=2024-04-02 00:00:00+00:00
[2024-04-02T21:32:00.958+0800] {processor.py:183} INFO - Processing /Users/kalerbramastha/Library/Mobile Documents/com~apple~CloudDocs/bram/career_assessment/akasia_de/python-env/lib/python3.11/site-packages/airflow/example_dags/tutorial.py took 0.055 seconds
