[2024-04-02T21:13:15.529+0800] {processor.py:161} INFO - Started process (PID=18868) to work on /Users/kalerbramastha/Library/Mobile Documents/com~apple~CloudDocs/bram/career_assessment/akasia_de/python-env/lib/python3.11/site-packages/airflow/example_dags/tutorial_taskflow_api.py
[2024-04-02T21:13:15.529+0800] {processor.py:830} INFO - Processing file /Users/kalerbramastha/Library/Mobile Documents/com~apple~CloudDocs/bram/career_assessment/akasia_de/python-env/lib/python3.11/site-packages/airflow/example_dags/tutorial_taskflow_api.py for tasks to queue
[2024-04-02T21:13:15.529+0800] {logging_mixin.py:188} INFO - [2024-04-02T21:13:15.529+0800] {dagbag.py:540} INFO - Filling up the DagBag from /Users/kalerbramastha/Library/Mobile Documents/com~apple~CloudDocs/bram/career_assessment/akasia_de/python-env/lib/python3.11/site-packages/airflow/example_dags/tutorial_taskflow_api.py
[2024-04-02T21:13:15.544+0800] {processor.py:840} INFO - DAG(s) 'tutorial_taskflow_api' retrieved from /Users/kalerbramastha/Library/Mobile Documents/com~apple~CloudDocs/bram/career_assessment/akasia_de/python-env/lib/python3.11/site-packages/airflow/example_dags/tutorial_taskflow_api.py
[2024-04-02T21:13:15.611+0800] {logging_mixin.py:188} INFO - [2024-04-02T21:13:15.611+0800] {override.py:1769} INFO - Created Permission View: can edit on DAG:tutorial_taskflow_api
[2024-04-02T21:13:15.614+0800] {logging_mixin.py:188} INFO - [2024-04-02T21:13:15.614+0800] {override.py:1769} INFO - Created Permission View: can read on DAG:tutorial_taskflow_api
[2024-04-02T21:13:15.617+0800] {logging_mixin.py:188} INFO - [2024-04-02T21:13:15.617+0800] {override.py:1769} INFO - Created Permission View: can delete on DAG:tutorial_taskflow_api
[2024-04-02T21:13:15.617+0800] {logging_mixin.py:188} INFO - [2024-04-02T21:13:15.617+0800] {dag.py:3047} INFO - Sync 1 DAGs
[2024-04-02T21:13:15.621+0800] {logging_mixin.py:188} INFO - [2024-04-02T21:13:15.621+0800] {dag.py:3069} INFO - Creating ORM DAG for tutorial_taskflow_api
[2024-04-02T21:13:15.622+0800] {logging_mixin.py:188} INFO - [2024-04-02T21:13:15.622+0800] {dag.py:3834} INFO - Setting next_dagrun for tutorial_taskflow_api to None, run_after=None
[2024-04-02T21:13:15.630+0800] {processor.py:183} INFO - Processing /Users/kalerbramastha/Library/Mobile Documents/com~apple~CloudDocs/bram/career_assessment/akasia_de/python-env/lib/python3.11/site-packages/airflow/example_dags/tutorial_taskflow_api.py took 0.101 seconds
[2024-04-02T21:14:55.866+0800] {processor.py:161} INFO - Started process (PID=19355) to work on /Users/kalerbramastha/Library/Mobile Documents/com~apple~CloudDocs/bram/career_assessment/akasia_de/python-env/lib/python3.11/site-packages/airflow/example_dags/tutorial_taskflow_api.py
[2024-04-02T21:14:55.868+0800] {processor.py:830} INFO - Processing file /Users/kalerbramastha/Library/Mobile Documents/com~apple~CloudDocs/bram/career_assessment/akasia_de/python-env/lib/python3.11/site-packages/airflow/example_dags/tutorial_taskflow_api.py for tasks to queue
[2024-04-02T21:14:55.868+0800] {logging_mixin.py:188} INFO - [2024-04-02T21:14:55.868+0800] {dagbag.py:540} INFO - Filling up the DagBag from /Users/kalerbramastha/Library/Mobile Documents/com~apple~CloudDocs/bram/career_assessment/akasia_de/python-env/lib/python3.11/site-packages/airflow/example_dags/tutorial_taskflow_api.py
[2024-04-02T21:14:55.883+0800] {processor.py:840} INFO - DAG(s) 'tutorial_taskflow_api' retrieved from /Users/kalerbramastha/Library/Mobile Documents/com~apple~CloudDocs/bram/career_assessment/akasia_de/python-env/lib/python3.11/site-packages/airflow/example_dags/tutorial_taskflow_api.py
[2024-04-02T21:14:55.919+0800] {logging_mixin.py:188} INFO - [2024-04-02T21:14:55.918+0800] {dag.py:3047} INFO - Sync 1 DAGs
[2024-04-02T21:14:55.922+0800] {logging_mixin.py:188} INFO - [2024-04-02T21:14:55.922+0800] {dag.py:3834} INFO - Setting next_dagrun for tutorial_taskflow_api to None, run_after=None
[2024-04-02T21:14:55.930+0800] {processor.py:183} INFO - Processing /Users/kalerbramastha/Library/Mobile Documents/com~apple~CloudDocs/bram/career_assessment/akasia_de/python-env/lib/python3.11/site-packages/airflow/example_dags/tutorial_taskflow_api.py took 0.064 seconds
[2024-04-02T21:16:04.755+0800] {processor.py:161} INFO - Started process (PID=19772) to work on /Users/kalerbramastha/Library/Mobile Documents/com~apple~CloudDocs/bram/career_assessment/akasia_de/python-env/lib/python3.11/site-packages/airflow/example_dags/tutorial_taskflow_api.py
[2024-04-02T21:16:04.757+0800] {processor.py:830} INFO - Processing file /Users/kalerbramastha/Library/Mobile Documents/com~apple~CloudDocs/bram/career_assessment/akasia_de/python-env/lib/python3.11/site-packages/airflow/example_dags/tutorial_taskflow_api.py for tasks to queue
[2024-04-02T21:16:04.757+0800] {logging_mixin.py:188} INFO - [2024-04-02T21:16:04.757+0800] {dagbag.py:540} INFO - Filling up the DagBag from /Users/kalerbramastha/Library/Mobile Documents/com~apple~CloudDocs/bram/career_assessment/akasia_de/python-env/lib/python3.11/site-packages/airflow/example_dags/tutorial_taskflow_api.py
[2024-04-02T21:16:04.776+0800] {processor.py:840} INFO - DAG(s) 'tutorial_taskflow_api' retrieved from /Users/kalerbramastha/Library/Mobile Documents/com~apple~CloudDocs/bram/career_assessment/akasia_de/python-env/lib/python3.11/site-packages/airflow/example_dags/tutorial_taskflow_api.py
[2024-04-02T21:16:04.809+0800] {logging_mixin.py:188} INFO - [2024-04-02T21:16:04.808+0800] {dag.py:3047} INFO - Sync 1 DAGs
[2024-04-02T21:16:04.812+0800] {logging_mixin.py:188} INFO - [2024-04-02T21:16:04.812+0800] {dag.py:3834} INFO - Setting next_dagrun for tutorial_taskflow_api to None, run_after=None
[2024-04-02T21:16:04.819+0800] {processor.py:183} INFO - Processing /Users/kalerbramastha/Library/Mobile Documents/com~apple~CloudDocs/bram/career_assessment/akasia_de/python-env/lib/python3.11/site-packages/airflow/example_dags/tutorial_taskflow_api.py took 0.065 seconds
[2024-04-02T21:18:33.443+0800] {processor.py:161} INFO - Started process (PID=20268) to work on /Users/kalerbramastha/Library/Mobile Documents/com~apple~CloudDocs/bram/career_assessment/akasia_de/python-env/lib/python3.11/site-packages/airflow/example_dags/tutorial_taskflow_api.py
[2024-04-02T21:18:33.443+0800] {processor.py:830} INFO - Processing file /Users/kalerbramastha/Library/Mobile Documents/com~apple~CloudDocs/bram/career_assessment/akasia_de/python-env/lib/python3.11/site-packages/airflow/example_dags/tutorial_taskflow_api.py for tasks to queue
[2024-04-02T21:18:33.444+0800] {logging_mixin.py:188} INFO - [2024-04-02T21:18:33.444+0800] {dagbag.py:540} INFO - Filling up the DagBag from /Users/kalerbramastha/Library/Mobile Documents/com~apple~CloudDocs/bram/career_assessment/akasia_de/python-env/lib/python3.11/site-packages/airflow/example_dags/tutorial_taskflow_api.py
[2024-04-02T21:18:33.458+0800] {processor.py:840} INFO - DAG(s) 'tutorial_taskflow_api' retrieved from /Users/kalerbramastha/Library/Mobile Documents/com~apple~CloudDocs/bram/career_assessment/akasia_de/python-env/lib/python3.11/site-packages/airflow/example_dags/tutorial_taskflow_api.py
[2024-04-02T21:18:33.523+0800] {logging_mixin.py:188} INFO - [2024-04-02T21:18:33.522+0800] {dag.py:3047} INFO - Sync 1 DAGs
[2024-04-02T21:18:33.526+0800] {logging_mixin.py:188} INFO - [2024-04-02T21:18:33.526+0800] {dag.py:3834} INFO - Setting next_dagrun for tutorial_taskflow_api to None, run_after=None
[2024-04-02T21:18:33.533+0800] {processor.py:183} INFO - Processing /Users/kalerbramastha/Library/Mobile Documents/com~apple~CloudDocs/bram/career_assessment/akasia_de/python-env/lib/python3.11/site-packages/airflow/example_dags/tutorial_taskflow_api.py took 0.091 seconds
[2024-04-02T21:20:08.570+0800] {processor.py:161} INFO - Started process (PID=20427) to work on /Users/kalerbramastha/Library/Mobile Documents/com~apple~CloudDocs/bram/career_assessment/akasia_de/python-env/lib/python3.11/site-packages/airflow/example_dags/tutorial_taskflow_api.py
[2024-04-02T21:20:08.571+0800] {processor.py:830} INFO - Processing file /Users/kalerbramastha/Library/Mobile Documents/com~apple~CloudDocs/bram/career_assessment/akasia_de/python-env/lib/python3.11/site-packages/airflow/example_dags/tutorial_taskflow_api.py for tasks to queue
[2024-04-02T21:20:08.571+0800] {logging_mixin.py:188} INFO - [2024-04-02T21:20:08.571+0800] {dagbag.py:540} INFO - Filling up the DagBag from /Users/kalerbramastha/Library/Mobile Documents/com~apple~CloudDocs/bram/career_assessment/akasia_de/python-env/lib/python3.11/site-packages/airflow/example_dags/tutorial_taskflow_api.py
[2024-04-02T21:20:08.584+0800] {processor.py:840} INFO - DAG(s) 'tutorial_taskflow_api' retrieved from /Users/kalerbramastha/Library/Mobile Documents/com~apple~CloudDocs/bram/career_assessment/akasia_de/python-env/lib/python3.11/site-packages/airflow/example_dags/tutorial_taskflow_api.py
[2024-04-02T21:20:08.615+0800] {logging_mixin.py:188} INFO - [2024-04-02T21:20:08.615+0800] {dag.py:3047} INFO - Sync 1 DAGs
[2024-04-02T21:20:08.618+0800] {logging_mixin.py:188} INFO - [2024-04-02T21:20:08.618+0800] {dag.py:3834} INFO - Setting next_dagrun for tutorial_taskflow_api to None, run_after=None
[2024-04-02T21:20:08.625+0800] {processor.py:183} INFO - Processing /Users/kalerbramastha/Library/Mobile Documents/com~apple~CloudDocs/bram/career_assessment/akasia_de/python-env/lib/python3.11/site-packages/airflow/example_dags/tutorial_taskflow_api.py took 0.055 seconds
[2024-04-02T21:21:13.058+0800] {processor.py:161} INFO - Started process (PID=20494) to work on /Users/kalerbramastha/Library/Mobile Documents/com~apple~CloudDocs/bram/career_assessment/akasia_de/python-env/lib/python3.11/site-packages/airflow/example_dags/tutorial_taskflow_api.py
[2024-04-02T21:21:13.059+0800] {processor.py:830} INFO - Processing file /Users/kalerbramastha/Library/Mobile Documents/com~apple~CloudDocs/bram/career_assessment/akasia_de/python-env/lib/python3.11/site-packages/airflow/example_dags/tutorial_taskflow_api.py for tasks to queue
[2024-04-02T21:21:13.059+0800] {logging_mixin.py:188} INFO - [2024-04-02T21:21:13.059+0800] {dagbag.py:540} INFO - Filling up the DagBag from /Users/kalerbramastha/Library/Mobile Documents/com~apple~CloudDocs/bram/career_assessment/akasia_de/python-env/lib/python3.11/site-packages/airflow/example_dags/tutorial_taskflow_api.py
[2024-04-02T21:21:13.073+0800] {processor.py:840} INFO - DAG(s) 'tutorial_taskflow_api' retrieved from /Users/kalerbramastha/Library/Mobile Documents/com~apple~CloudDocs/bram/career_assessment/akasia_de/python-env/lib/python3.11/site-packages/airflow/example_dags/tutorial_taskflow_api.py
[2024-04-02T21:21:13.105+0800] {logging_mixin.py:188} INFO - [2024-04-02T21:21:13.104+0800] {dag.py:3047} INFO - Sync 1 DAGs
[2024-04-02T21:21:13.108+0800] {logging_mixin.py:188} INFO - [2024-04-02T21:21:13.108+0800] {dag.py:3834} INFO - Setting next_dagrun for tutorial_taskflow_api to None, run_after=None
[2024-04-02T21:21:13.114+0800] {processor.py:183} INFO - Processing /Users/kalerbramastha/Library/Mobile Documents/com~apple~CloudDocs/bram/career_assessment/akasia_de/python-env/lib/python3.11/site-packages/airflow/example_dags/tutorial_taskflow_api.py took 0.057 seconds
[2024-04-02T21:30:21.366+0800] {processor.py:161} INFO - Started process (PID=22170) to work on /Users/kalerbramastha/Library/Mobile Documents/com~apple~CloudDocs/bram/career_assessment/akasia_de/python-env/lib/python3.11/site-packages/airflow/example_dags/tutorial_taskflow_api.py
[2024-04-02T21:30:21.367+0800] {processor.py:830} INFO - Processing file /Users/kalerbramastha/Library/Mobile Documents/com~apple~CloudDocs/bram/career_assessment/akasia_de/python-env/lib/python3.11/site-packages/airflow/example_dags/tutorial_taskflow_api.py for tasks to queue
[2024-04-02T21:30:21.367+0800] {logging_mixin.py:188} INFO - [2024-04-02T21:30:21.367+0800] {dagbag.py:540} INFO - Filling up the DagBag from /Users/kalerbramastha/Library/Mobile Documents/com~apple~CloudDocs/bram/career_assessment/akasia_de/python-env/lib/python3.11/site-packages/airflow/example_dags/tutorial_taskflow_api.py
[2024-04-02T21:30:21.382+0800] {processor.py:840} INFO - DAG(s) 'tutorial_taskflow_api' retrieved from /Users/kalerbramastha/Library/Mobile Documents/com~apple~CloudDocs/bram/career_assessment/akasia_de/python-env/lib/python3.11/site-packages/airflow/example_dags/tutorial_taskflow_api.py
[2024-04-02T21:30:21.454+0800] {logging_mixin.py:188} INFO - [2024-04-02T21:30:21.454+0800] {dag.py:3047} INFO - Sync 1 DAGs
[2024-04-02T21:30:21.459+0800] {logging_mixin.py:188} INFO - [2024-04-02T21:30:21.458+0800] {dag.py:3834} INFO - Setting next_dagrun for tutorial_taskflow_api to None, run_after=None
[2024-04-02T21:30:21.468+0800] {processor.py:183} INFO - Processing /Users/kalerbramastha/Library/Mobile Documents/com~apple~CloudDocs/bram/career_assessment/akasia_de/python-env/lib/python3.11/site-packages/airflow/example_dags/tutorial_taskflow_api.py took 0.102 seconds
[2024-04-02T21:31:54.756+0800] {processor.py:161} INFO - Started process (PID=22267) to work on /Users/kalerbramastha/Library/Mobile Documents/com~apple~CloudDocs/bram/career_assessment/akasia_de/python-env/lib/python3.11/site-packages/airflow/example_dags/tutorial_taskflow_api.py
[2024-04-02T21:31:54.757+0800] {processor.py:830} INFO - Processing file /Users/kalerbramastha/Library/Mobile Documents/com~apple~CloudDocs/bram/career_assessment/akasia_de/python-env/lib/python3.11/site-packages/airflow/example_dags/tutorial_taskflow_api.py for tasks to queue
[2024-04-02T21:31:54.757+0800] {logging_mixin.py:188} INFO - [2024-04-02T21:31:54.757+0800] {dagbag.py:540} INFO - Filling up the DagBag from /Users/kalerbramastha/Library/Mobile Documents/com~apple~CloudDocs/bram/career_assessment/akasia_de/python-env/lib/python3.11/site-packages/airflow/example_dags/tutorial_taskflow_api.py
[2024-04-02T21:31:54.772+0800] {processor.py:840} INFO - DAG(s) 'tutorial_taskflow_api' retrieved from /Users/kalerbramastha/Library/Mobile Documents/com~apple~CloudDocs/bram/career_assessment/akasia_de/python-env/lib/python3.11/site-packages/airflow/example_dags/tutorial_taskflow_api.py
[2024-04-02T21:31:54.804+0800] {logging_mixin.py:188} INFO - [2024-04-02T21:31:54.804+0800] {dag.py:3047} INFO - Sync 1 DAGs
[2024-04-02T21:31:54.807+0800] {logging_mixin.py:188} INFO - [2024-04-02T21:31:54.807+0800] {dag.py:3834} INFO - Setting next_dagrun for tutorial_taskflow_api to None, run_after=None
[2024-04-02T21:31:54.815+0800] {processor.py:183} INFO - Processing /Users/kalerbramastha/Library/Mobile Documents/com~apple~CloudDocs/bram/career_assessment/akasia_de/python-env/lib/python3.11/site-packages/airflow/example_dags/tutorial_taskflow_api.py took 0.059 seconds
