[2024-04-02T21:13:17.645+0800] {processor.py:161} INFO - Started process (PID=18898) to work on /Users/kalerbramastha/Library/Mobile Documents/com~apple~CloudDocs/bram/career_assessment/akasia_de/python-env/lib/python3.11/site-packages/airflow/example_dags/tutorial_objectstorage.py
[2024-04-02T21:13:17.646+0800] {processor.py:830} INFO - Processing file /Users/kalerbramastha/Library/Mobile Documents/com~apple~CloudDocs/bram/career_assessment/akasia_de/python-env/lib/python3.11/site-packages/airflow/example_dags/tutorial_objectstorage.py for tasks to queue
[2024-04-02T21:13:17.646+0800] {logging_mixin.py:188} INFO - [2024-04-02T21:13:17.646+0800] {dagbag.py:540} INFO - Filling up the DagBag from /Users/kalerbramastha/Library/Mobile Documents/com~apple~CloudDocs/bram/career_assessment/akasia_de/python-env/lib/python3.11/site-packages/airflow/example_dags/tutorial_objectstorage.py
[2024-04-02T21:13:17.678+0800] {processor.py:840} INFO - DAG(s) 'tutorial_objectstorage' retrieved from /Users/kalerbramastha/Library/Mobile Documents/com~apple~CloudDocs/bram/career_assessment/akasia_de/python-env/lib/python3.11/site-packages/airflow/example_dags/tutorial_objectstorage.py
[2024-04-02T21:13:17.744+0800] {logging_mixin.py:188} INFO - [2024-04-02T21:13:17.744+0800] {override.py:1769} INFO - Created Permission View: can edit on DAG:tutorial_objectstorage
[2024-04-02T21:13:17.747+0800] {logging_mixin.py:188} INFO - [2024-04-02T21:13:17.747+0800] {override.py:1769} INFO - Created Permission View: can delete on DAG:tutorial_objectstorage
[2024-04-02T21:13:17.750+0800] {logging_mixin.py:188} INFO - [2024-04-02T21:13:17.749+0800] {override.py:1769} INFO - Created Permission View: can read on DAG:tutorial_objectstorage
[2024-04-02T21:13:17.750+0800] {logging_mixin.py:188} INFO - [2024-04-02T21:13:17.750+0800] {dag.py:3047} INFO - Sync 1 DAGs
[2024-04-02T21:13:17.753+0800] {logging_mixin.py:188} INFO - [2024-04-02T21:13:17.753+0800] {dag.py:3069} INFO - Creating ORM DAG for tutorial_objectstorage
[2024-04-02T21:13:17.753+0800] {logging_mixin.py:188} INFO - [2024-04-02T21:13:17.753+0800] {dag.py:3834} INFO - Setting next_dagrun for tutorial_objectstorage to None, run_after=None
[2024-04-02T21:13:17.760+0800] {processor.py:183} INFO - Processing /Users/kalerbramastha/Library/Mobile Documents/com~apple~CloudDocs/bram/career_assessment/akasia_de/python-env/lib/python3.11/site-packages/airflow/example_dags/tutorial_objectstorage.py took 0.115 seconds
[2024-04-02T21:14:57.897+0800] {processor.py:161} INFO - Started process (PID=19358) to work on /Users/kalerbramastha/Library/Mobile Documents/com~apple~CloudDocs/bram/career_assessment/akasia_de/python-env/lib/python3.11/site-packages/airflow/example_dags/tutorial_objectstorage.py
[2024-04-02T21:14:57.897+0800] {processor.py:830} INFO - Processing file /Users/kalerbramastha/Library/Mobile Documents/com~apple~CloudDocs/bram/career_assessment/akasia_de/python-env/lib/python3.11/site-packages/airflow/example_dags/tutorial_objectstorage.py for tasks to queue
[2024-04-02T21:14:57.897+0800] {logging_mixin.py:188} INFO - [2024-04-02T21:14:57.897+0800] {dagbag.py:540} INFO - Filling up the DagBag from /Users/kalerbramastha/Library/Mobile Documents/com~apple~CloudDocs/bram/career_assessment/akasia_de/python-env/lib/python3.11/site-packages/airflow/example_dags/tutorial_objectstorage.py
[2024-04-02T21:14:57.934+0800] {processor.py:840} INFO - DAG(s) 'tutorial_objectstorage' retrieved from /Users/kalerbramastha/Library/Mobile Documents/com~apple~CloudDocs/bram/career_assessment/akasia_de/python-env/lib/python3.11/site-packages/airflow/example_dags/tutorial_objectstorage.py
[2024-04-02T21:14:57.969+0800] {logging_mixin.py:188} INFO - [2024-04-02T21:14:57.969+0800] {dag.py:3047} INFO - Sync 1 DAGs
[2024-04-02T21:14:57.972+0800] {logging_mixin.py:188} INFO - [2024-04-02T21:14:57.972+0800] {dag.py:3834} INFO - Setting next_dagrun for tutorial_objectstorage to None, run_after=None
[2024-04-02T21:14:57.980+0800] {processor.py:183} INFO - Processing /Users/kalerbramastha/Library/Mobile Documents/com~apple~CloudDocs/bram/career_assessment/akasia_de/python-env/lib/python3.11/site-packages/airflow/example_dags/tutorial_objectstorage.py took 0.085 seconds
[2024-04-02T21:16:06.989+0800] {processor.py:161} INFO - Started process (PID=19775) to work on /Users/kalerbramastha/Library/Mobile Documents/com~apple~CloudDocs/bram/career_assessment/akasia_de/python-env/lib/python3.11/site-packages/airflow/example_dags/tutorial_objectstorage.py
[2024-04-02T21:16:06.989+0800] {processor.py:830} INFO - Processing file /Users/kalerbramastha/Library/Mobile Documents/com~apple~CloudDocs/bram/career_assessment/akasia_de/python-env/lib/python3.11/site-packages/airflow/example_dags/tutorial_objectstorage.py for tasks to queue
[2024-04-02T21:16:06.990+0800] {logging_mixin.py:188} INFO - [2024-04-02T21:16:06.990+0800] {dagbag.py:540} INFO - Filling up the DagBag from /Users/kalerbramastha/Library/Mobile Documents/com~apple~CloudDocs/bram/career_assessment/akasia_de/python-env/lib/python3.11/site-packages/airflow/example_dags/tutorial_objectstorage.py
[2024-04-02T21:16:07.026+0800] {processor.py:840} INFO - DAG(s) 'tutorial_objectstorage' retrieved from /Users/kalerbramastha/Library/Mobile Documents/com~apple~CloudDocs/bram/career_assessment/akasia_de/python-env/lib/python3.11/site-packages/airflow/example_dags/tutorial_objectstorage.py
[2024-04-02T21:16:07.060+0800] {logging_mixin.py:188} INFO - [2024-04-02T21:16:07.059+0800] {dag.py:3047} INFO - Sync 1 DAGs
[2024-04-02T21:16:07.063+0800] {logging_mixin.py:188} INFO - [2024-04-02T21:16:07.063+0800] {dag.py:3834} INFO - Setting next_dagrun for tutorial_objectstorage to None, run_after=None
[2024-04-02T21:16:07.071+0800] {processor.py:183} INFO - Processing /Users/kalerbramastha/Library/Mobile Documents/com~apple~CloudDocs/bram/career_assessment/akasia_de/python-env/lib/python3.11/site-packages/airflow/example_dags/tutorial_objectstorage.py took 0.084 seconds
[2024-04-02T21:18:35.531+0800] {processor.py:161} INFO - Started process (PID=20277) to work on /Users/kalerbramastha/Library/Mobile Documents/com~apple~CloudDocs/bram/career_assessment/akasia_de/python-env/lib/python3.11/site-packages/airflow/example_dags/tutorial_objectstorage.py
[2024-04-02T21:18:35.532+0800] {processor.py:830} INFO - Processing file /Users/kalerbramastha/Library/Mobile Documents/com~apple~CloudDocs/bram/career_assessment/akasia_de/python-env/lib/python3.11/site-packages/airflow/example_dags/tutorial_objectstorage.py for tasks to queue
[2024-04-02T21:18:35.532+0800] {logging_mixin.py:188} INFO - [2024-04-02T21:18:35.532+0800] {dagbag.py:540} INFO - Filling up the DagBag from /Users/kalerbramastha/Library/Mobile Documents/com~apple~CloudDocs/bram/career_assessment/akasia_de/python-env/lib/python3.11/site-packages/airflow/example_dags/tutorial_objectstorage.py
[2024-04-02T21:18:35.563+0800] {processor.py:840} INFO - DAG(s) 'tutorial_objectstorage' retrieved from /Users/kalerbramastha/Library/Mobile Documents/com~apple~CloudDocs/bram/career_assessment/akasia_de/python-env/lib/python3.11/site-packages/airflow/example_dags/tutorial_objectstorage.py
[2024-04-02T21:18:35.629+0800] {logging_mixin.py:188} INFO - [2024-04-02T21:18:35.629+0800] {dag.py:3047} INFO - Sync 1 DAGs
[2024-04-02T21:18:35.632+0800] {logging_mixin.py:188} INFO - [2024-04-02T21:18:35.632+0800] {dag.py:3834} INFO - Setting next_dagrun for tutorial_objectstorage to None, run_after=None
[2024-04-02T21:18:35.639+0800] {processor.py:183} INFO - Processing /Users/kalerbramastha/Library/Mobile Documents/com~apple~CloudDocs/bram/career_assessment/akasia_de/python-env/lib/python3.11/site-packages/airflow/example_dags/tutorial_objectstorage.py took 0.108 seconds
[2024-04-02T21:20:10.564+0800] {processor.py:161} INFO - Started process (PID=20429) to work on /Users/kalerbramastha/Library/Mobile Documents/com~apple~CloudDocs/bram/career_assessment/akasia_de/python-env/lib/python3.11/site-packages/airflow/example_dags/tutorial_objectstorage.py
[2024-04-02T21:20:10.564+0800] {processor.py:830} INFO - Processing file /Users/kalerbramastha/Library/Mobile Documents/com~apple~CloudDocs/bram/career_assessment/akasia_de/python-env/lib/python3.11/site-packages/airflow/example_dags/tutorial_objectstorage.py for tasks to queue
[2024-04-02T21:20:10.564+0800] {logging_mixin.py:188} INFO - [2024-04-02T21:20:10.564+0800] {dagbag.py:540} INFO - Filling up the DagBag from /Users/kalerbramastha/Library/Mobile Documents/com~apple~CloudDocs/bram/career_assessment/akasia_de/python-env/lib/python3.11/site-packages/airflow/example_dags/tutorial_objectstorage.py
[2024-04-02T21:20:10.597+0800] {processor.py:840} INFO - DAG(s) 'tutorial_objectstorage' retrieved from /Users/kalerbramastha/Library/Mobile Documents/com~apple~CloudDocs/bram/career_assessment/akasia_de/python-env/lib/python3.11/site-packages/airflow/example_dags/tutorial_objectstorage.py
[2024-04-02T21:20:10.629+0800] {logging_mixin.py:188} INFO - [2024-04-02T21:20:10.629+0800] {dag.py:3047} INFO - Sync 1 DAGs
[2024-04-02T21:20:10.632+0800] {logging_mixin.py:188} INFO - [2024-04-02T21:20:10.632+0800] {dag.py:3834} INFO - Setting next_dagrun for tutorial_objectstorage to None, run_after=None
[2024-04-02T21:20:10.639+0800] {processor.py:183} INFO - Processing /Users/kalerbramastha/Library/Mobile Documents/com~apple~CloudDocs/bram/career_assessment/akasia_de/python-env/lib/python3.11/site-packages/airflow/example_dags/tutorial_objectstorage.py took 0.076 seconds
[2024-04-02T21:21:15.020+0800] {processor.py:161} INFO - Started process (PID=20495) to work on /Users/kalerbramastha/Library/Mobile Documents/com~apple~CloudDocs/bram/career_assessment/akasia_de/python-env/lib/python3.11/site-packages/airflow/example_dags/tutorial_objectstorage.py
[2024-04-02T21:21:15.020+0800] {processor.py:830} INFO - Processing file /Users/kalerbramastha/Library/Mobile Documents/com~apple~CloudDocs/bram/career_assessment/akasia_de/python-env/lib/python3.11/site-packages/airflow/example_dags/tutorial_objectstorage.py for tasks to queue
[2024-04-02T21:21:15.020+0800] {logging_mixin.py:188} INFO - [2024-04-02T21:21:15.020+0800] {dagbag.py:540} INFO - Filling up the DagBag from /Users/kalerbramastha/Library/Mobile Documents/com~apple~CloudDocs/bram/career_assessment/akasia_de/python-env/lib/python3.11/site-packages/airflow/example_dags/tutorial_objectstorage.py
[2024-04-02T21:21:15.051+0800] {processor.py:840} INFO - DAG(s) 'tutorial_objectstorage' retrieved from /Users/kalerbramastha/Library/Mobile Documents/com~apple~CloudDocs/bram/career_assessment/akasia_de/python-env/lib/python3.11/site-packages/airflow/example_dags/tutorial_objectstorage.py
[2024-04-02T21:21:15.082+0800] {logging_mixin.py:188} INFO - [2024-04-02T21:21:15.082+0800] {dag.py:3047} INFO - Sync 1 DAGs
[2024-04-02T21:21:15.085+0800] {logging_mixin.py:188} INFO - [2024-04-02T21:21:15.085+0800] {dag.py:3834} INFO - Setting next_dagrun for tutorial_objectstorage to None, run_after=None
[2024-04-02T21:21:15.092+0800] {processor.py:183} INFO - Processing /Users/kalerbramastha/Library/Mobile Documents/com~apple~CloudDocs/bram/career_assessment/akasia_de/python-env/lib/python3.11/site-packages/airflow/example_dags/tutorial_objectstorage.py took 0.073 seconds
[2024-04-02T21:30:23.539+0800] {processor.py:161} INFO - Started process (PID=22181) to work on /Users/kalerbramastha/Library/Mobile Documents/com~apple~CloudDocs/bram/career_assessment/akasia_de/python-env/lib/python3.11/site-packages/airflow/example_dags/tutorial_objectstorage.py
[2024-04-02T21:30:23.540+0800] {processor.py:830} INFO - Processing file /Users/kalerbramastha/Library/Mobile Documents/com~apple~CloudDocs/bram/career_assessment/akasia_de/python-env/lib/python3.11/site-packages/airflow/example_dags/tutorial_objectstorage.py for tasks to queue
[2024-04-02T21:30:23.540+0800] {logging_mixin.py:188} INFO - [2024-04-02T21:30:23.540+0800] {dagbag.py:540} INFO - Filling up the DagBag from /Users/kalerbramastha/Library/Mobile Documents/com~apple~CloudDocs/bram/career_assessment/akasia_de/python-env/lib/python3.11/site-packages/airflow/example_dags/tutorial_objectstorage.py
[2024-04-02T21:30:23.577+0800] {processor.py:840} INFO - DAG(s) 'tutorial_objectstorage' retrieved from /Users/kalerbramastha/Library/Mobile Documents/com~apple~CloudDocs/bram/career_assessment/akasia_de/python-env/lib/python3.11/site-packages/airflow/example_dags/tutorial_objectstorage.py
[2024-04-02T21:30:23.644+0800] {logging_mixin.py:188} INFO - [2024-04-02T21:30:23.644+0800] {dag.py:3047} INFO - Sync 1 DAGs
[2024-04-02T21:30:23.647+0800] {logging_mixin.py:188} INFO - [2024-04-02T21:30:23.647+0800] {dag.py:3834} INFO - Setting next_dagrun for tutorial_objectstorage to None, run_after=None
[2024-04-02T21:30:23.655+0800] {processor.py:183} INFO - Processing /Users/kalerbramastha/Library/Mobile Documents/com~apple~CloudDocs/bram/career_assessment/akasia_de/python-env/lib/python3.11/site-packages/airflow/example_dags/tutorial_objectstorage.py took 0.117 seconds
[2024-04-02T21:31:56.782+0800] {processor.py:161} INFO - Started process (PID=22270) to work on /Users/kalerbramastha/Library/Mobile Documents/com~apple~CloudDocs/bram/career_assessment/akasia_de/python-env/lib/python3.11/site-packages/airflow/example_dags/tutorial_objectstorage.py
[2024-04-02T21:31:56.783+0800] {processor.py:830} INFO - Processing file /Users/kalerbramastha/Library/Mobile Documents/com~apple~CloudDocs/bram/career_assessment/akasia_de/python-env/lib/python3.11/site-packages/airflow/example_dags/tutorial_objectstorage.py for tasks to queue
[2024-04-02T21:31:56.783+0800] {logging_mixin.py:188} INFO - [2024-04-02T21:31:56.783+0800] {dagbag.py:540} INFO - Filling up the DagBag from /Users/kalerbramastha/Library/Mobile Documents/com~apple~CloudDocs/bram/career_assessment/akasia_de/python-env/lib/python3.11/site-packages/airflow/example_dags/tutorial_objectstorage.py
[2024-04-02T21:31:56.819+0800] {processor.py:840} INFO - DAG(s) 'tutorial_objectstorage' retrieved from /Users/kalerbramastha/Library/Mobile Documents/com~apple~CloudDocs/bram/career_assessment/akasia_de/python-env/lib/python3.11/site-packages/airflow/example_dags/tutorial_objectstorage.py
[2024-04-02T21:31:56.853+0800] {logging_mixin.py:188} INFO - [2024-04-02T21:31:56.853+0800] {dag.py:3047} INFO - Sync 1 DAGs
[2024-04-02T21:31:56.856+0800] {logging_mixin.py:188} INFO - [2024-04-02T21:31:56.856+0800] {dag.py:3834} INFO - Setting next_dagrun for tutorial_objectstorage to None, run_after=None
[2024-04-02T21:31:56.864+0800] {processor.py:183} INFO - Processing /Users/kalerbramastha/Library/Mobile Documents/com~apple~CloudDocs/bram/career_assessment/akasia_de/python-env/lib/python3.11/site-packages/airflow/example_dags/tutorial_objectstorage.py took 0.082 seconds
